Running in wrapper mode for '176'

Running python job.

[name: "CPU-QUOTA"
int_val: 48
int_val: 50
int_val: 81
int_val: 24
int_val: 82
int_val: 71
int_val: 28
, name: "DISK"
int_val: 6
int_val: 36
int_val: 20
int_val: 21
int_val: 30
int_val: 27
int_val: 28
, name: "MEMORY"
int_val: 28
int_val: 40
int_val: 30
int_val: 30
int_val: 39
int_val: 13
int_val: 16
, name: "NET"
int_val: 17
int_val: 33
int_val: 25
int_val: 22
int_val: 5
int_val: 13
int_val: 18
]
The paramters are {u'CPU-QUOTA': array([48, 50, 81, 24, 82, 71, 28]), u'NET': array([17, 33, 25, 22,  5, 13, 18]), u'DISK': array([ 6, 36, 20, 21, 30, 27, 28]), u'MEMORY': array([28, 40, 30, 30, 39, 13, 16])}
{'13.56.14.158': ['haproxy', 'node-app', 'mongo'], '18.144.43.31': ['node-app', 'mongo']}
Setting cpu quota to 125000 out of 250000
STRESSING VM_IP 13.56.14.158 AND CONTAINER d824175f3227, NET 168960.0
STRESSING VM_IP 13.56.14.158 AND CONTAINER d824175f3227, DISK 30198988.8
STRESSING VM_IP 13.56.14.158 AND CONTAINER d824175f3227, MEMORY 1500000000.0
Recovering the memory utilization
Setting cpu quota to 120000 out of 250000
STRESSING VM_IP 13.56.14.158 AND CONTAINER cd40be619604, NET 87040.0
STRESSING VM_IP 13.56.14.158 AND CONTAINER cd40be619604, DISK 5033164.8
STRESSING VM_IP 13.56.14.158 AND CONTAINER cd40be619604, MEMORY 1050000000.0
Recovering the memory utilization
Setting cpu quota to 202500 out of 250000
STRESSING VM_IP 13.56.14.158 AND CONTAINER c21ccad5695a, NET 128000.0
STRESSING VM_IP 13.56.14.158 AND CONTAINER c21ccad5695a, DISK 16777216.0
STRESSING VM_IP 13.56.14.158 AND CONTAINER c21ccad5695a, MEMORY 1125000000.0
Recovering the memory utilization
Setting cpu quota to 120000 out of 250000
STRESSING VM_IP 18.144.43.31 AND CONTAINER 01a0240fb06e, NET 87040.0
STRESSING VM_IP 18.144.43.31 AND CONTAINER 01a0240fb06e, DISK 5033164.8
STRESSING VM_IP 18.144.43.31 AND CONTAINER 01a0240fb06e, MEMORY 1050000000.0
Recovering the memory utilization
Setting cpu quota to 202500 out of 250000
STRESSING VM_IP 18.144.43.31 AND CONTAINER d4df0b3c1712, NET 128000.0
STRESSING VM_IP 18.144.43.31 AND CONTAINER d4df0b3c1712, DISK 16777216.0
STRESSING VM_IP 18.144.43.31 AND CONTAINER d4df0b3c1712, MEMORY 1125000000.0
Recovering the memory utilization
Using 5 trials
INVALID EXPERIMENT TYPE: todo-app

----------------------------------------
Problem running the job:
(<type 'exceptions.SystemExit'>, SystemExit(None,), <traceback object at 0x7f40384db9e0>)
Traceback (most recent call last):
  File "/home/ubuntu/throttlebot/src/spearmint/spearmint/runner.py", line 42, in job_runner
    elif job.language == PYTHON: run_python_job(job)
  File "/home/ubuntu/throttlebot/src/spearmint/spearmint/runner.py", line 142, in run_python_job
    result = module.main(job.id, params)
  File "/home/ubuntu/throttlebot/src/spearmint/bayOptSearch/bayOpt.py", line 104, in main
    return explore_spearmint(workload_config, params)
  File "/home/ubuntu/throttlebot/src/spearmint/bayOptSearch/bayOpt.py", line 204, in explore_spearmint
    experiment_results = run_experiment.measure_runtime(workload_config, experiment_trials)
  File "/home/ubuntu/throttlebot/src/run_experiment.py", line 37, in measure_runtime
    exit()
  File "/usr/lib/python2.7/site.py", line 375, in __call__
    raise SystemExit(code)
SystemExit: None
None
----------------------------------------
Job file reloaded.
Could not find value in output file.
Job failed in 15.35 seconds.
