Running in wrapper mode for '255'

Running python job.

[name: "CPU-QUOTA"
int_val: 31
int_val: 72
int_val: 67
int_val: 86
int_val: 90
int_val: 6
int_val: 91
, name: "DISK"
int_val: 19
int_val: 35
int_val: 10
int_val: 8
int_val: 25
int_val: 23
int_val: 11
, name: "MEMORY"
int_val: 34
int_val: 22
int_val: 33
int_val: 17
int_val: 23
int_val: 15
int_val: 34
, name: "NET"
int_val: 8
int_val: 35
int_val: 7
int_val: 21
int_val: 38
int_val: 18
int_val: 8
]
The paramters are {u'CPU-QUOTA': array([31, 72, 67, 86, 90,  6, 91]), u'NET': array([ 8, 35,  7, 21, 38, 18,  8]), u'DISK': array([19, 35, 10,  8, 25, 23, 11]), u'MEMORY': array([34, 22, 33, 17, 23, 15, 34])}
{'13.56.14.158': ['haproxy', 'node-app', 'mongo'], '18.144.43.31': ['node-app', 'mongo']}
Setting cpu quota to 180000 out of 250000
STRESSING VM_IP 13.56.14.158 AND CONTAINER d824175f3227, NET 179200.0
STRESSING VM_IP 13.56.14.158 AND CONTAINER d824175f3227, DISK 29360128.0
STRESSING VM_IP 13.56.14.158 AND CONTAINER d824175f3227, MEMORY 825000000.0
Recovering the memory utilization
Setting cpu quota to 77500 out of 250000
STRESSING VM_IP 13.56.14.158 AND CONTAINER cd40be619604, NET 40960.0
STRESSING VM_IP 13.56.14.158 AND CONTAINER cd40be619604, DISK 15938355.2
STRESSING VM_IP 13.56.14.158 AND CONTAINER cd40be619604, MEMORY 1275000000.0
Recovering the memory utilization
Setting cpu quota to 167500 out of 250000
STRESSING VM_IP 13.56.14.158 AND CONTAINER c21ccad5695a, NET 35840.0
STRESSING VM_IP 13.56.14.158 AND CONTAINER c21ccad5695a, DISK 8388608.0
STRESSING VM_IP 13.56.14.158 AND CONTAINER c21ccad5695a, MEMORY 1237500000.0
Recovering the memory utilization
Setting cpu quota to 77500 out of 250000
STRESSING VM_IP 18.144.43.31 AND CONTAINER 01a0240fb06e, NET 40960.0
STRESSING VM_IP 18.144.43.31 AND CONTAINER 01a0240fb06e, DISK 15938355.2
STRESSING VM_IP 18.144.43.31 AND CONTAINER 01a0240fb06e, MEMORY 1275000000.0
Recovering the memory utilization
Setting cpu quota to 167500 out of 250000
STRESSING VM_IP 18.144.43.31 AND CONTAINER d4df0b3c1712, NET 35840.0
STRESSING VM_IP 18.144.43.31 AND CONTAINER d4df0b3c1712, DISK 8388608.0
STRESSING VM_IP 18.144.43.31 AND CONTAINER d4df0b3c1712, MEMORY 1237500000.0
Recovering the memory utilization
Using 5 trials
INVALID EXPERIMENT TYPE: todo-app

----------------------------------------
Problem running the job:
(<type 'exceptions.SystemExit'>, SystemExit(None,), <traceback object at 0x7f4038489c68>)
Traceback (most recent call last):
  File "/home/ubuntu/throttlebot/src/spearmint/spearmint/runner.py", line 42, in job_runner
    elif job.language == PYTHON: run_python_job(job)
  File "/home/ubuntu/throttlebot/src/spearmint/spearmint/runner.py", line 142, in run_python_job
    result = module.main(job.id, params)
  File "/home/ubuntu/throttlebot/src/spearmint/bayOptSearch/bayOpt.py", line 104, in main
    return explore_spearmint(workload_config, params)
  File "/home/ubuntu/throttlebot/src/spearmint/bayOptSearch/bayOpt.py", line 204, in explore_spearmint
    experiment_results = run_experiment.measure_runtime(workload_config, experiment_trials)
  File "/home/ubuntu/throttlebot/src/run_experiment.py", line 37, in measure_runtime
    exit()
  File "/usr/lib/python2.7/site.py", line 375, in __call__
    raise SystemExit(code)
SystemExit: None
None
----------------------------------------
Job file reloaded.
Could not find value in output file.
Job failed in 15.46 seconds.
