Running in wrapper mode for '211'

Running python job.

[name: "CPU-QUOTA"
int_val: 27
int_val: 81
int_val: 70
int_val: 40
int_val: 50
int_val: 42
int_val: 20
, name: "DISK"
int_val: 28
int_val: 7
int_val: 38
int_val: 30
int_val: 22
int_val: 37
int_val: 11
, name: "MEMORY"
int_val: 13
int_val: 23
int_val: 32
int_val: 18
int_val: 8
int_val: 12
int_val: 35
, name: "NET"
int_val: 36
int_val: 6
int_val: 17
int_val: 19
int_val: 29
int_val: 13
int_val: 11
]
The paramters are {u'CPU-QUOTA': array([27, 81, 70, 40, 50, 42, 20]), u'NET': array([36,  6, 17, 19, 29, 13, 11]), u'DISK': array([28,  7, 38, 30, 22, 37, 11]), u'MEMORY': array([13, 23, 32, 18,  8, 12, 35])}
{'13.56.14.158': ['haproxy', 'node-app', 'mongo'], '18.144.43.31': ['node-app', 'mongo']}
Setting cpu quota to 202500 out of 250000
STRESSING VM_IP 13.56.14.158 AND CONTAINER d824175f3227, NET 30720.0
STRESSING VM_IP 13.56.14.158 AND CONTAINER d824175f3227, DISK 5872025.6
STRESSING VM_IP 13.56.14.158 AND CONTAINER d824175f3227, MEMORY 862500000.0
Recovering the memory utilization
Setting cpu quota to 67500 out of 250000
STRESSING VM_IP 13.56.14.158 AND CONTAINER cd40be619604, NET 184320.0
STRESSING VM_IP 13.56.14.158 AND CONTAINER cd40be619604, DISK 23488102.4
STRESSING VM_IP 13.56.14.158 AND CONTAINER cd40be619604, MEMORY 487500000.0
Recovering the memory utilization
Setting cpu quota to 175000 out of 250000
STRESSING VM_IP 13.56.14.158 AND CONTAINER c21ccad5695a, NET 87040.0
STRESSING VM_IP 13.56.14.158 AND CONTAINER c21ccad5695a, DISK 31876710.4
STRESSING VM_IP 13.56.14.158 AND CONTAINER c21ccad5695a, MEMORY 1200000000.0
Recovering the memory utilization
Setting cpu quota to 67500 out of 250000
STRESSING VM_IP 18.144.43.31 AND CONTAINER 01a0240fb06e, NET 184320.0
STRESSING VM_IP 18.144.43.31 AND CONTAINER 01a0240fb06e, DISK 23488102.4
STRESSING VM_IP 18.144.43.31 AND CONTAINER 01a0240fb06e, MEMORY 487500000.0
Recovering the memory utilization
Setting cpu quota to 175000 out of 250000
STRESSING VM_IP 18.144.43.31 AND CONTAINER d4df0b3c1712, NET 87040.0
STRESSING VM_IP 18.144.43.31 AND CONTAINER d4df0b3c1712, DISK 31876710.4
STRESSING VM_IP 18.144.43.31 AND CONTAINER d4df0b3c1712, MEMORY 1200000000.0
Recovering the memory utilization
Using 5 trials
INVALID EXPERIMENT TYPE: todo-app

----------------------------------------
Problem running the job:
(<type 'exceptions.SystemExit'>, SystemExit(None,), <traceback object at 0x7f40384e3bd8>)
Traceback (most recent call last):
  File "/home/ubuntu/throttlebot/src/spearmint/spearmint/runner.py", line 42, in job_runner
    elif job.language == PYTHON: run_python_job(job)
  File "/home/ubuntu/throttlebot/src/spearmint/spearmint/runner.py", line 142, in run_python_job
    result = module.main(job.id, params)
  File "/home/ubuntu/throttlebot/src/spearmint/bayOptSearch/bayOpt.py", line 104, in main
    return explore_spearmint(workload_config, params)
  File "/home/ubuntu/throttlebot/src/spearmint/bayOptSearch/bayOpt.py", line 204, in explore_spearmint
    experiment_results = run_experiment.measure_runtime(workload_config, experiment_trials)
  File "/home/ubuntu/throttlebot/src/run_experiment.py", line 37, in measure_runtime
    exit()
  File "/usr/lib/python2.7/site.py", line 375, in __call__
    raise SystemExit(code)
SystemExit: None
None
----------------------------------------
Job file reloaded.
Could not find value in output file.
Job failed in 15.41 seconds.
