Running in wrapper mode for '262'

Running python job.

[name: "CPU-QUOTA"
int_val: 97
int_val: 42
int_val: 49
int_val: 92
int_val: 96
int_val: 72
int_val: 49
, name: "DISK"
int_val: 7
int_val: 19
int_val: 30
int_val: 10
int_val: 32
int_val: 25
int_val: 9
, name: "MEMORY"
int_val: 18
int_val: 15
int_val: 22
int_val: 33
int_val: 7
int_val: 9
int_val: 31
, name: "NET"
int_val: 33
int_val: 15
int_val: 32
int_val: 24
int_val: 9
int_val: 20
int_val: 37
]
The paramters are {u'CPU-QUOTA': array([97, 42, 49, 92, 96, 72, 49]), u'NET': array([33, 15, 32, 24,  9, 20, 37]), u'DISK': array([ 7, 19, 30, 10, 32, 25,  9]), u'MEMORY': array([18, 15, 22, 33,  7,  9, 31])}
{'13.56.14.158': ['haproxy', 'node-app', 'mongo'], '18.144.43.31': ['node-app', 'mongo']}
Setting cpu quota to 105000 out of 250000
STRESSING VM_IP 13.56.14.158 AND CONTAINER d824175f3227, NET 76800.0
STRESSING VM_IP 13.56.14.158 AND CONTAINER d824175f3227, DISK 15938355.2
STRESSING VM_IP 13.56.14.158 AND CONTAINER d824175f3227, MEMORY 562500000.0
Recovering the memory utilization
Setting cpu quota to 242500 out of 250000
STRESSING VM_IP 13.56.14.158 AND CONTAINER cd40be619604, NET 168960.0
STRESSING VM_IP 13.56.14.158 AND CONTAINER cd40be619604, DISK 5872025.6
STRESSING VM_IP 13.56.14.158 AND CONTAINER cd40be619604, MEMORY 675000000.0
Recovering the memory utilization
Setting cpu quota to 122500 out of 250000
STRESSING VM_IP 13.56.14.158 AND CONTAINER c21ccad5695a, NET 163840.0
STRESSING VM_IP 13.56.14.158 AND CONTAINER c21ccad5695a, DISK 25165824.0
STRESSING VM_IP 13.56.14.158 AND CONTAINER c21ccad5695a, MEMORY 825000000.0
Recovering the memory utilization
Setting cpu quota to 242500 out of 250000
STRESSING VM_IP 18.144.43.31 AND CONTAINER 01a0240fb06e, NET 168960.0
STRESSING VM_IP 18.144.43.31 AND CONTAINER 01a0240fb06e, DISK 5872025.6
STRESSING VM_IP 18.144.43.31 AND CONTAINER 01a0240fb06e, MEMORY 675000000.0
Recovering the memory utilization
Setting cpu quota to 122500 out of 250000
STRESSING VM_IP 18.144.43.31 AND CONTAINER d4df0b3c1712, NET 163840.0
STRESSING VM_IP 18.144.43.31 AND CONTAINER d4df0b3c1712, DISK 25165824.0
STRESSING VM_IP 18.144.43.31 AND CONTAINER d4df0b3c1712, MEMORY 825000000.0
Recovering the memory utilization
Using 5 trials
INVALID EXPERIMENT TYPE: todo-app

----------------------------------------
Problem running the job:
(<type 'exceptions.SystemExit'>, SystemExit(None,), <traceback object at 0x7f403847acf8>)
Traceback (most recent call last):
  File "/home/ubuntu/throttlebot/src/spearmint/spearmint/runner.py", line 42, in job_runner
    elif job.language == PYTHON: run_python_job(job)
  File "/home/ubuntu/throttlebot/src/spearmint/spearmint/runner.py", line 142, in run_python_job
    result = module.main(job.id, params)
  File "/home/ubuntu/throttlebot/src/spearmint/bayOptSearch/bayOpt.py", line 104, in main
    return explore_spearmint(workload_config, params)
  File "/home/ubuntu/throttlebot/src/spearmint/bayOptSearch/bayOpt.py", line 204, in explore_spearmint
    experiment_results = run_experiment.measure_runtime(workload_config, experiment_trials)
  File "/home/ubuntu/throttlebot/src/run_experiment.py", line 37, in measure_runtime
    exit()
  File "/usr/lib/python2.7/site.py", line 375, in __call__
    raise SystemExit(code)
SystemExit: None
None
----------------------------------------
Job file reloaded.
Could not find value in output file.
Job failed in 15.40 seconds.
