Running in wrapper mode for '299'

Running python job.

[name: "CPU-QUOTA"
int_val: 14
int_val: 79
int_val: 81
int_val: 88
int_val: 17
int_val: 47
int_val: 60
, name: "DISK"
int_val: 27
int_val: 18
int_val: 35
int_val: 38
int_val: 32
int_val: 19
int_val: 34
, name: "MEMORY"
int_val: 17
int_val: 29
int_val: 23
int_val: 12
int_val: 5
int_val: 6
int_val: 13
, name: "NET"
int_val: 19
int_val: 31
int_val: 37
int_val: 29
int_val: 11
int_val: 38
int_val: 32
]
The paramters are {u'CPU-QUOTA': array([14, 79, 81, 88, 17, 47, 60]), u'NET': array([19, 31, 37, 29, 11, 38, 32]), u'DISK': array([27, 18, 35, 38, 32, 19, 34]), u'MEMORY': array([17, 29, 23, 12,  5,  6, 13])}
{'13.56.14.158': ['haproxy', 'node-app', 'mongo'], '18.144.43.31': ['node-app', 'mongo']}
Setting cpu quota to 197500 out of 250000
STRESSING VM_IP 13.56.14.158 AND CONTAINER d824175f3227, NET 158720.0
STRESSING VM_IP 13.56.14.158 AND CONTAINER d824175f3227, DISK 15099494.4
STRESSING VM_IP 13.56.14.158 AND CONTAINER d824175f3227, MEMORY 1087500000.0
Recovering the memory utilization
Setting cpu quota to 35000 out of 250000
STRESSING VM_IP 13.56.14.158 AND CONTAINER cd40be619604, NET 97280.0
STRESSING VM_IP 13.56.14.158 AND CONTAINER cd40be619604, DISK 22649241.6
STRESSING VM_IP 13.56.14.158 AND CONTAINER cd40be619604, MEMORY 637500000.0
Recovering the memory utilization
Setting cpu quota to 202500 out of 250000
STRESSING VM_IP 13.56.14.158 AND CONTAINER c21ccad5695a, NET 189440.0
STRESSING VM_IP 13.56.14.158 AND CONTAINER c21ccad5695a, DISK 29360128.0
STRESSING VM_IP 13.56.14.158 AND CONTAINER c21ccad5695a, MEMORY 862500000.0
Recovering the memory utilization
Setting cpu quota to 35000 out of 250000
STRESSING VM_IP 18.144.43.31 AND CONTAINER 01a0240fb06e, NET 97280.0
STRESSING VM_IP 18.144.43.31 AND CONTAINER 01a0240fb06e, DISK 22649241.6
STRESSING VM_IP 18.144.43.31 AND CONTAINER 01a0240fb06e, MEMORY 637500000.0
Recovering the memory utilization
Setting cpu quota to 202500 out of 250000
STRESSING VM_IP 18.144.43.31 AND CONTAINER d4df0b3c1712, NET 189440.0
STRESSING VM_IP 18.144.43.31 AND CONTAINER d4df0b3c1712, DISK 29360128.0
STRESSING VM_IP 18.144.43.31 AND CONTAINER d4df0b3c1712, MEMORY 862500000.0
Recovering the memory utilization
Using 5 trials
INVALID EXPERIMENT TYPE: todo-app

----------------------------------------
Problem running the job:
(<type 'exceptions.SystemExit'>, SystemExit(None,), <traceback object at 0x7f403849d878>)
Traceback (most recent call last):
  File "/home/ubuntu/throttlebot/src/spearmint/spearmint/runner.py", line 42, in job_runner
    elif job.language == PYTHON: run_python_job(job)
  File "/home/ubuntu/throttlebot/src/spearmint/spearmint/runner.py", line 142, in run_python_job
    result = module.main(job.id, params)
  File "/home/ubuntu/throttlebot/src/spearmint/bayOptSearch/bayOpt.py", line 104, in main
    return explore_spearmint(workload_config, params)
  File "/home/ubuntu/throttlebot/src/spearmint/bayOptSearch/bayOpt.py", line 204, in explore_spearmint
    experiment_results = run_experiment.measure_runtime(workload_config, experiment_trials)
  File "/home/ubuntu/throttlebot/src/run_experiment.py", line 37, in measure_runtime
    exit()
  File "/usr/lib/python2.7/site.py", line 375, in __call__
    raise SystemExit(code)
SystemExit: None
None
----------------------------------------
Job file reloaded.
Could not find value in output file.
Job failed in 15.34 seconds.
