Running in wrapper mode for '171'

Running python job.

[name: "CPU-QUOTA"
int_val: 15
int_val: 59
int_val: 6
int_val: 21
int_val: 37
int_val: 14
int_val: 91
, name: "DISK"
int_val: 36
int_val: 37
int_val: 15
int_val: 18
int_val: 40
int_val: 8
int_val: 20
, name: "MEMORY"
int_val: 27
int_val: 23
int_val: 36
int_val: 36
int_val: 40
int_val: 16
int_val: 31
, name: "NET"
int_val: 12
int_val: 23
int_val: 20
int_val: 28
int_val: 31
int_val: 21
int_val: 32
]
The paramters are {u'CPU-QUOTA': array([15, 59,  6, 21, 37, 14, 91]), u'NET': array([12, 23, 20, 28, 31, 21, 32]), u'DISK': array([36, 37, 15, 18, 40,  8, 20]), u'MEMORY': array([27, 23, 36, 36, 40, 16, 31])}
{'13.56.14.158': ['haproxy', 'node-app', 'mongo'], '18.144.43.31': ['node-app', 'mongo']}
Setting cpu quota to 147500 out of 250000
STRESSING VM_IP 13.56.14.158 AND CONTAINER d824175f3227, NET 117760.0
STRESSING VM_IP 13.56.14.158 AND CONTAINER d824175f3227, DISK 31037849.6
STRESSING VM_IP 13.56.14.158 AND CONTAINER d824175f3227, MEMORY 862500000.0
Recovering the memory utilization
Setting cpu quota to 37500 out of 250000
STRESSING VM_IP 13.56.14.158 AND CONTAINER cd40be619604, NET 61440.0
STRESSING VM_IP 13.56.14.158 AND CONTAINER cd40be619604, DISK 30198988.8
STRESSING VM_IP 13.56.14.158 AND CONTAINER cd40be619604, MEMORY 1012500000.0
Recovering the memory utilization
Setting cpu quota to 15000 out of 250000
STRESSING VM_IP 13.56.14.158 AND CONTAINER c21ccad5695a, NET 102400.0
STRESSING VM_IP 13.56.14.158 AND CONTAINER c21ccad5695a, DISK 12582912.0
STRESSING VM_IP 13.56.14.158 AND CONTAINER c21ccad5695a, MEMORY 1350000000.0
Recovering the memory utilization
Setting cpu quota to 37500 out of 250000
STRESSING VM_IP 18.144.43.31 AND CONTAINER 01a0240fb06e, NET 61440.0
STRESSING VM_IP 18.144.43.31 AND CONTAINER 01a0240fb06e, DISK 30198988.8
STRESSING VM_IP 18.144.43.31 AND CONTAINER 01a0240fb06e, MEMORY 1012500000.0
Recovering the memory utilization
Setting cpu quota to 15000 out of 250000
STRESSING VM_IP 18.144.43.31 AND CONTAINER d4df0b3c1712, NET 102400.0
STRESSING VM_IP 18.144.43.31 AND CONTAINER d4df0b3c1712, DISK 12582912.0
STRESSING VM_IP 18.144.43.31 AND CONTAINER d4df0b3c1712, MEMORY 1350000000.0
Recovering the memory utilization
Using 5 trials
INVALID EXPERIMENT TYPE: todo-app

----------------------------------------
Problem running the job:
(<type 'exceptions.SystemExit'>, SystemExit(None,), <traceback object at 0x7f40384ccab8>)
Traceback (most recent call last):
  File "/home/ubuntu/throttlebot/src/spearmint/spearmint/runner.py", line 42, in job_runner
    elif job.language == PYTHON: run_python_job(job)
  File "/home/ubuntu/throttlebot/src/spearmint/spearmint/runner.py", line 142, in run_python_job
    result = module.main(job.id, params)
  File "/home/ubuntu/throttlebot/src/spearmint/bayOptSearch/bayOpt.py", line 104, in main
    return explore_spearmint(workload_config, params)
  File "/home/ubuntu/throttlebot/src/spearmint/bayOptSearch/bayOpt.py", line 204, in explore_spearmint
    experiment_results = run_experiment.measure_runtime(workload_config, experiment_trials)
  File "/home/ubuntu/throttlebot/src/run_experiment.py", line 37, in measure_runtime
    exit()
  File "/usr/lib/python2.7/site.py", line 375, in __call__
    raise SystemExit(code)
SystemExit: None
None
----------------------------------------
Job file reloaded.
Could not find value in output file.
Job failed in 15.38 seconds.
