Running in wrapper mode for '243'

Running python job.

[name: "CPU-QUOTA"
int_val: 25
int_val: 56
int_val: 23
int_val: 81
int_val: 82
int_val: 79
int_val: 45
, name: "DISK"
int_val: 5
int_val: 26
int_val: 40
int_val: 24
int_val: 18
int_val: 31
int_val: 9
, name: "MEMORY"
int_val: 10
int_val: 32
int_val: 8
int_val: 15
int_val: 36
int_val: 14
int_val: 13
, name: "NET"
int_val: 20
int_val: 35
int_val: 9
int_val: 37
int_val: 37
int_val: 14
int_val: 31
]
The paramters are {u'CPU-QUOTA': array([25, 56, 23, 81, 82, 79, 45]), u'NET': array([20, 35,  9, 37, 37, 14, 31]), u'DISK': array([ 5, 26, 40, 24, 18, 31,  9]), u'MEMORY': array([10, 32,  8, 15, 36, 14, 13])}
{'13.56.14.158': ['haproxy', 'node-app', 'mongo'], '18.144.43.31': ['node-app', 'mongo']}
Setting cpu quota to 140000 out of 250000
STRESSING VM_IP 13.56.14.158 AND CONTAINER d824175f3227, NET 179200.0
STRESSING VM_IP 13.56.14.158 AND CONTAINER d824175f3227, DISK 21810380.8
STRESSING VM_IP 13.56.14.158 AND CONTAINER d824175f3227, MEMORY 1200000000.0
Recovering the memory utilization
Setting cpu quota to 62500 out of 250000
STRESSING VM_IP 13.56.14.158 AND CONTAINER cd40be619604, NET 102400.0
STRESSING VM_IP 13.56.14.158 AND CONTAINER cd40be619604, DISK 4194304.0
STRESSING VM_IP 13.56.14.158 AND CONTAINER cd40be619604, MEMORY 375000000.0
Recovering the memory utilization
Setting cpu quota to 57500 out of 250000
STRESSING VM_IP 13.56.14.158 AND CONTAINER c21ccad5695a, NET 46080.0
STRESSING VM_IP 13.56.14.158 AND CONTAINER c21ccad5695a, DISK 33554432.0
STRESSING VM_IP 13.56.14.158 AND CONTAINER c21ccad5695a, MEMORY 300000000.0
Recovering the memory utilization
Setting cpu quota to 62500 out of 250000
STRESSING VM_IP 18.144.43.31 AND CONTAINER 01a0240fb06e, NET 102400.0
STRESSING VM_IP 18.144.43.31 AND CONTAINER 01a0240fb06e, DISK 4194304.0
STRESSING VM_IP 18.144.43.31 AND CONTAINER 01a0240fb06e, MEMORY 375000000.0
Recovering the memory utilization
Setting cpu quota to 57500 out of 250000
STRESSING VM_IP 18.144.43.31 AND CONTAINER d4df0b3c1712, NET 46080.0
STRESSING VM_IP 18.144.43.31 AND CONTAINER d4df0b3c1712, DISK 33554432.0
STRESSING VM_IP 18.144.43.31 AND CONTAINER d4df0b3c1712, MEMORY 300000000.0
Recovering the memory utilization
Using 5 trials
INVALID EXPERIMENT TYPE: todo-app

----------------------------------------
Problem running the job:
(<type 'exceptions.SystemExit'>, SystemExit(None,), <traceback object at 0x7f403847e6c8>)
Traceback (most recent call last):
  File "/home/ubuntu/throttlebot/src/spearmint/spearmint/runner.py", line 42, in job_runner
    elif job.language == PYTHON: run_python_job(job)
  File "/home/ubuntu/throttlebot/src/spearmint/spearmint/runner.py", line 142, in run_python_job
    result = module.main(job.id, params)
  File "/home/ubuntu/throttlebot/src/spearmint/bayOptSearch/bayOpt.py", line 104, in main
    return explore_spearmint(workload_config, params)
  File "/home/ubuntu/throttlebot/src/spearmint/bayOptSearch/bayOpt.py", line 204, in explore_spearmint
    experiment_results = run_experiment.measure_runtime(workload_config, experiment_trials)
  File "/home/ubuntu/throttlebot/src/run_experiment.py", line 37, in measure_runtime
    exit()
  File "/usr/lib/python2.7/site.py", line 375, in __call__
    raise SystemExit(code)
SystemExit: None
None
----------------------------------------
Job file reloaded.
Could not find value in output file.
Job failed in 15.35 seconds.
