Running in wrapper mode for '312'

Running python job.

[name: "CPU-QUOTA"
int_val: 29
int_val: 52
int_val: 36
int_val: 49
int_val: 20
int_val: 92
int_val: 39
, name: "DISK"
int_val: 24
int_val: 16
int_val: 39
int_val: 17
int_val: 17
int_val: 20
int_val: 31
, name: "MEMORY"
int_val: 16
int_val: 19
int_val: 36
int_val: 22
int_val: 8
int_val: 29
int_val: 9
, name: "NET"
int_val: 17
int_val: 37
int_val: 15
int_val: 5
int_val: 36
int_val: 6
int_val: 11
]
The paramters are {u'CPU-QUOTA': array([29, 52, 36, 49, 20, 92, 39]), u'NET': array([17, 37, 15,  5, 36,  6, 11]), u'DISK': array([24, 16, 39, 17, 17, 20, 31]), u'MEMORY': array([16, 19, 36, 22,  8, 29,  9])}
{'13.56.14.158': ['haproxy', 'node-app', 'mongo'], '18.144.43.31': ['node-app', 'mongo']}
Setting cpu quota to 130000 out of 250000
STRESSING VM_IP 13.56.14.158 AND CONTAINER d824175f3227, NET 189440.0
STRESSING VM_IP 13.56.14.158 AND CONTAINER d824175f3227, DISK 13421772.8
STRESSING VM_IP 13.56.14.158 AND CONTAINER d824175f3227, MEMORY 712500000.0
Recovering the memory utilization
Setting cpu quota to 72500 out of 250000
STRESSING VM_IP 13.56.14.158 AND CONTAINER cd40be619604, NET 87040.0
STRESSING VM_IP 13.56.14.158 AND CONTAINER cd40be619604, DISK 20132659.2
STRESSING VM_IP 13.56.14.158 AND CONTAINER cd40be619604, MEMORY 600000000.0
Recovering the memory utilization
Setting cpu quota to 90000 out of 250000
STRESSING VM_IP 13.56.14.158 AND CONTAINER c21ccad5695a, NET 76800.0
STRESSING VM_IP 13.56.14.158 AND CONTAINER c21ccad5695a, DISK 32715571.2
STRESSING VM_IP 13.56.14.158 AND CONTAINER c21ccad5695a, MEMORY 1350000000.0
Recovering the memory utilization
Setting cpu quota to 72500 out of 250000
STRESSING VM_IP 18.144.43.31 AND CONTAINER 01a0240fb06e, NET 87040.0
STRESSING VM_IP 18.144.43.31 AND CONTAINER 01a0240fb06e, DISK 20132659.2
STRESSING VM_IP 18.144.43.31 AND CONTAINER 01a0240fb06e, MEMORY 600000000.0
Recovering the memory utilization
Setting cpu quota to 90000 out of 250000
STRESSING VM_IP 18.144.43.31 AND CONTAINER d4df0b3c1712, NET 76800.0
STRESSING VM_IP 18.144.43.31 AND CONTAINER d4df0b3c1712, DISK 32715571.2
STRESSING VM_IP 18.144.43.31 AND CONTAINER d4df0b3c1712, MEMORY 1350000000.0
Recovering the memory utilization
Using 5 trials
INVALID EXPERIMENT TYPE: todo-app

----------------------------------------
Problem running the job:
(<type 'exceptions.SystemExit'>, SystemExit(None,), <traceback object at 0x7effc46ea1b8>)
Traceback (most recent call last):
  File "/home/ubuntu/throttlebot/src/spearmint/spearmint/runner.py", line 42, in job_runner
    elif job.language == PYTHON: run_python_job(job)
  File "/home/ubuntu/throttlebot/src/spearmint/spearmint/runner.py", line 142, in run_python_job
    result = module.main(job.id, params)
  File "/home/ubuntu/throttlebot/src/spearmint/bayOptSearch/bayOpt.py", line 104, in main
    return explore_spearmint(workload_config, params)
  File "/home/ubuntu/throttlebot/src/spearmint/bayOptSearch/bayOpt.py", line 204, in explore_spearmint
    experiment_results = run_experiment.measure_runtime(workload_config, experiment_trials)
  File "/home/ubuntu/throttlebot/src/run_experiment.py", line 37, in measure_runtime
    exit()
  File "/usr/lib/python2.7/site.py", line 375, in __call__
    raise SystemExit(code)
SystemExit: None
None
----------------------------------------
Job file reloaded.
Could not find value in output file.
Job failed in 15.31 seconds.
