Running in wrapper mode for '65'

Running python job.

[name: "CPU-QUOTA"
int_val: 89
int_val: 65
int_val: 51
int_val: 55
int_val: 54
int_val: 11
int_val: 13
, name: "DISK"
int_val: 15
int_val: 13
int_val: 33
int_val: 6
int_val: 18
int_val: 5
int_val: 22
, name: "MEMORY"
int_val: 20
int_val: 37
int_val: 14
int_val: 14
int_val: 21
int_val: 16
int_val: 32
, name: "NET"
int_val: 6
int_val: 38
int_val: 40
int_val: 15
int_val: 20
int_val: 32
int_val: 17
]
The paramters are {u'CPU-QUOTA': array([89, 65, 51, 55, 54, 11, 13]), u'NET': array([ 6, 38, 40, 15, 20, 32, 17]), u'DISK': array([15, 13, 33,  6, 18,  5, 22]), u'MEMORY': array([20, 37, 14, 14, 21, 16, 32])}
{'13.56.14.158': ['haproxy', 'node-app', 'mongo'], '18.144.43.31': ['node-app', 'mongo']}
----------------------------------------
Problem running the job:
(<class 'paramiko.ssh_exception.BadAuthenticationType'>, BadAuthenticationType('Bad authentication type', [u'publickey']), <traceback object at 0x7fd41b7c1fc8>)
Traceback (most recent call last):
  File "/home/ubuntu/throttlebot/src/spearmint/spearmint/runner.py", line 42, in job_runner
    elif job.language == PYTHON: run_python_job(job)
  File "/home/ubuntu/throttlebot/src/spearmint/spearmint/runner.py", line 142, in run_python_job
    result = module.main(job.id, params)
  File "/home/ubuntu/throttlebot/src/spearmint/bayOptSearch/bayOpt.py", line 104, in main
    return explore_spearmint(workload_config, params)
  File "/home/ubuntu/throttlebot/src/spearmint/bayOptSearch/bayOpt.py", line 147, in explore_spearmint
    client = re.get_client(machine)
  File "/home/ubuntu/throttlebot/src/remote_execution.py", line 6, in get_client
    client.connect(ip, username="quilt", password="")
  File "/home/ubuntu/.local/lib/python2.7/site-packages/paramiko/client.py", line 424, in connect
    passphrase,
  File "/home/ubuntu/.local/lib/python2.7/site-packages/paramiko/client.py", line 714, in _auth
    raise saved_exception
BadAuthenticationType: ('Bad authentication type', [u'publickey']) (allowed_types=[u'publickey'])
None
----------------------------------------
Job file reloaded.
Could not find value in output file.
Job failed in 0.46 seconds.
