Running in wrapper mode for '289'

Running python job.

[name: "CPU-QUOTA"
int_val: 92
int_val: 85
int_val: 39
int_val: 22
int_val: 47
int_val: 5
int_val: 30
, name: "DISK"
int_val: 11
int_val: 11
int_val: 6
int_val: 5
int_val: 34
int_val: 30
int_val: 28
, name: "MEMORY"
int_val: 11
int_val: 36
int_val: 21
int_val: 19
int_val: 34
int_val: 26
int_val: 6
, name: "NET"
int_val: 21
int_val: 20
int_val: 39
int_val: 26
int_val: 26
int_val: 23
int_val: 21
]
The paramters are {u'CPU-QUOTA': array([92, 85, 39, 22, 47,  5, 30]), u'NET': array([21, 20, 39, 26, 26, 23, 21]), u'DISK': array([11, 11,  6,  5, 34, 30, 28]), u'MEMORY': array([11, 36, 21, 19, 34, 26,  6])}
{'13.56.14.158': ['haproxy', 'node-app', 'mongo'], '18.144.43.31': ['node-app', 'mongo']}
Sum for CPU-QUOTA is 216, which exceeds 200
----------------------------------------
Problem running the job:
(<type 'exceptions.ZeroDivisionError'>, ZeroDivisionError('integer division or modulo by zero',), <traceback object at 0x7f4039d134d0>)
Traceback (most recent call last):
  File "/home/ubuntu/throttlebot/src/spearmint/spearmint/runner.py", line 42, in job_runner
    elif job.language == PYTHON: run_python_job(job)
  File "/home/ubuntu/throttlebot/src/spearmint/spearmint/runner.py", line 142, in run_python_job
    result = module.main(job.id, params)
  File "/home/ubuntu/throttlebot/src/spearmint/bayOptSearch/bayOpt.py", line 104, in main
    return explore_spearmint(workload_config, params)
  File "/home/ubuntu/throttlebot/src/spearmint/bayOptSearch/bayOpt.py", line 159, in explore_spearmint
    return 1/0
ZeroDivisionError: integer division or modulo by zero
None
----------------------------------------
Job file reloaded.
Could not find value in output file.
Job failed in 1.02 seconds.
