Running in wrapper mode for '290'

Running python job.

[name: "CPU-QUOTA"
int_val: 68
int_val: 13
int_val: 15
int_val: 94
int_val: 23
int_val: 77
int_val: 6
, name: "DISK"
int_val: 38
int_val: 38
int_val: 15
int_val: 32
int_val: 25
int_val: 21
int_val: 37
, name: "MEMORY"
int_val: 38
int_val: 27
int_val: 12
int_val: 28
int_val: 25
int_val: 17
int_val: 15
, name: "NET"
int_val: 30
int_val: 11
int_val: 12
int_val: 17
int_val: 35
int_val: 32
int_val: 12
]
The paramters are {u'CPU-QUOTA': array([68, 13, 15, 94, 23, 77,  6]), u'NET': array([30, 11, 12, 17, 35, 32, 12]), u'DISK': array([38, 38, 15, 32, 25, 21, 37]), u'MEMORY': array([38, 27, 12, 28, 25, 17, 15])}
{'13.56.14.158': ['haproxy', 'node-app', 'mongo'], '18.144.43.31': ['node-app', 'mongo']}
Setting cpu quota to 32500 out of 250000
STRESSING VM_IP 13.56.14.158 AND CONTAINER d824175f3227, NET 56320.0
STRESSING VM_IP 13.56.14.158 AND CONTAINER d824175f3227, DISK 31876710.4
STRESSING VM_IP 13.56.14.158 AND CONTAINER d824175f3227, MEMORY 1012500000.0
Recovering the memory utilization
Setting cpu quota to 170000 out of 250000
STRESSING VM_IP 13.56.14.158 AND CONTAINER cd40be619604, NET 153600.0
STRESSING VM_IP 13.56.14.158 AND CONTAINER cd40be619604, DISK 31876710.4
STRESSING VM_IP 13.56.14.158 AND CONTAINER cd40be619604, MEMORY 1425000000.0
Recovering the memory utilization
Setting cpu quota to 37500 out of 250000
STRESSING VM_IP 13.56.14.158 AND CONTAINER c21ccad5695a, NET 61440.0
STRESSING VM_IP 13.56.14.158 AND CONTAINER c21ccad5695a, DISK 12582912.0
STRESSING VM_IP 13.56.14.158 AND CONTAINER c21ccad5695a, MEMORY 450000000.0
Recovering the memory utilization
Setting cpu quota to 170000 out of 250000
STRESSING VM_IP 18.144.43.31 AND CONTAINER 01a0240fb06e, NET 153600.0
STRESSING VM_IP 18.144.43.31 AND CONTAINER 01a0240fb06e, DISK 31876710.4
STRESSING VM_IP 18.144.43.31 AND CONTAINER 01a0240fb06e, MEMORY 1425000000.0
Recovering the memory utilization
Setting cpu quota to 37500 out of 250000
STRESSING VM_IP 18.144.43.31 AND CONTAINER d4df0b3c1712, NET 61440.0
STRESSING VM_IP 18.144.43.31 AND CONTAINER d4df0b3c1712, DISK 12582912.0
STRESSING VM_IP 18.144.43.31 AND CONTAINER d4df0b3c1712, MEMORY 450000000.0
Recovering the memory utilization
Using 5 trials
INVALID EXPERIMENT TYPE: todo-app

----------------------------------------
Problem running the job:
(<type 'exceptions.SystemExit'>, SystemExit(None,), <traceback object at 0x7f403849eab8>)
Traceback (most recent call last):
  File "/home/ubuntu/throttlebot/src/spearmint/spearmint/runner.py", line 42, in job_runner
    elif job.language == PYTHON: run_python_job(job)
  File "/home/ubuntu/throttlebot/src/spearmint/spearmint/runner.py", line 142, in run_python_job
    result = module.main(job.id, params)
  File "/home/ubuntu/throttlebot/src/spearmint/bayOptSearch/bayOpt.py", line 104, in main
    return explore_spearmint(workload_config, params)
  File "/home/ubuntu/throttlebot/src/spearmint/bayOptSearch/bayOpt.py", line 204, in explore_spearmint
    experiment_results = run_experiment.measure_runtime(workload_config, experiment_trials)
  File "/home/ubuntu/throttlebot/src/run_experiment.py", line 37, in measure_runtime
    exit()
  File "/usr/lib/python2.7/site.py", line 375, in __call__
    raise SystemExit(code)
SystemExit: None
None
----------------------------------------
Job file reloaded.
Could not find value in output file.
Job failed in 15.28 seconds.
