Running in wrapper mode for '223'

Running python job.

[name: "CPU-QUOTA"
int_val: 34
int_val: 59
int_val: 32
int_val: 54
int_val: 43
int_val: 52
int_val: 78
, name: "DISK"
int_val: 22
int_val: 21
int_val: 21
int_val: 25
int_val: 10
int_val: 14
int_val: 17
, name: "MEMORY"
int_val: 16
int_val: 19
int_val: 28
int_val: 27
int_val: 35
int_val: 36
int_val: 23
, name: "NET"
int_val: 12
int_val: 18
int_val: 26
int_val: 29
int_val: 24
int_val: 26
int_val: 12
]
The paramters are {u'CPU-QUOTA': array([34, 59, 32, 54, 43, 52, 78]), u'NET': array([12, 18, 26, 29, 24, 26, 12]), u'DISK': array([22, 21, 21, 25, 10, 14, 17]), u'MEMORY': array([16, 19, 28, 27, 35, 36, 23])}
{'13.56.14.158': ['haproxy', 'node-app', 'mongo'], '18.144.43.31': ['node-app', 'mongo']}
Setting cpu quota to 147500 out of 250000
STRESSING VM_IP 13.56.14.158 AND CONTAINER d824175f3227, NET 92160.0
STRESSING VM_IP 13.56.14.158 AND CONTAINER d824175f3227, DISK 17616076.8
STRESSING VM_IP 13.56.14.158 AND CONTAINER d824175f3227, MEMORY 712500000.0
Recovering the memory utilization
Setting cpu quota to 85000 out of 250000
STRESSING VM_IP 13.56.14.158 AND CONTAINER cd40be619604, NET 61440.0
STRESSING VM_IP 13.56.14.158 AND CONTAINER cd40be619604, DISK 18454937.6
STRESSING VM_IP 13.56.14.158 AND CONTAINER cd40be619604, MEMORY 600000000.0
Recovering the memory utilization
Setting cpu quota to 80000 out of 250000
STRESSING VM_IP 13.56.14.158 AND CONTAINER c21ccad5695a, NET 133120.0
STRESSING VM_IP 13.56.14.158 AND CONTAINER c21ccad5695a, DISK 17616076.8
STRESSING VM_IP 13.56.14.158 AND CONTAINER c21ccad5695a, MEMORY 1050000000.0
Recovering the memory utilization
Setting cpu quota to 85000 out of 250000
STRESSING VM_IP 18.144.43.31 AND CONTAINER 01a0240fb06e, NET 61440.0
STRESSING VM_IP 18.144.43.31 AND CONTAINER 01a0240fb06e, DISK 18454937.6
STRESSING VM_IP 18.144.43.31 AND CONTAINER 01a0240fb06e, MEMORY 600000000.0
Recovering the memory utilization
Setting cpu quota to 80000 out of 250000
STRESSING VM_IP 18.144.43.31 AND CONTAINER d4df0b3c1712, NET 133120.0
STRESSING VM_IP 18.144.43.31 AND CONTAINER d4df0b3c1712, DISK 17616076.8
STRESSING VM_IP 18.144.43.31 AND CONTAINER d4df0b3c1712, MEMORY 1050000000.0
Recovering the memory utilization
Using 5 trials
INVALID EXPERIMENT TYPE: todo-app

----------------------------------------
Problem running the job:
(<type 'exceptions.SystemExit'>, SystemExit(None,), <traceback object at 0x7f40384ed758>)
Traceback (most recent call last):
  File "/home/ubuntu/throttlebot/src/spearmint/spearmint/runner.py", line 42, in job_runner
    elif job.language == PYTHON: run_python_job(job)
  File "/home/ubuntu/throttlebot/src/spearmint/spearmint/runner.py", line 142, in run_python_job
    result = module.main(job.id, params)
  File "/home/ubuntu/throttlebot/src/spearmint/bayOptSearch/bayOpt.py", line 104, in main
    return explore_spearmint(workload_config, params)
  File "/home/ubuntu/throttlebot/src/spearmint/bayOptSearch/bayOpt.py", line 204, in explore_spearmint
    experiment_results = run_experiment.measure_runtime(workload_config, experiment_trials)
  File "/home/ubuntu/throttlebot/src/run_experiment.py", line 37, in measure_runtime
    exit()
  File "/usr/lib/python2.7/site.py", line 375, in __call__
    raise SystemExit(code)
SystemExit: None
None
----------------------------------------
Job file reloaded.
Could not find value in output file.
Job failed in 15.33 seconds.
