Running in wrapper mode for '167'

Running python job.

[name: "CPU-QUOTA"
int_val: 51
int_val: 95
int_val: 66
int_val: 9
int_val: 73
int_val: 98
int_val: 79
, name: "DISK"
int_val: 14
int_val: 33
int_val: 28
int_val: 5
int_val: 17
int_val: 12
int_val: 7
, name: "MEMORY"
int_val: 13
int_val: 27
int_val: 22
int_val: 23
int_val: 27
int_val: 30
int_val: 17
, name: "NET"
int_val: 25
int_val: 10
int_val: 24
int_val: 23
int_val: 17
int_val: 7
int_val: 37
]
The paramters are {u'CPU-QUOTA': array([51, 95, 66,  9, 73, 98, 79]), u'NET': array([25, 10, 24, 23, 17,  7, 37]), u'DISK': array([14, 33, 28,  5, 17, 12,  7]), u'MEMORY': array([13, 27, 22, 23, 27, 30, 17])}
{'13.56.14.158': ['haproxy', 'node-app', 'mongo'], '18.144.43.31': ['node-app', 'mongo']}
Sum for CPU-QUOTA is 212, which exceeds 200
----------------------------------------
Problem running the job:
(<type 'exceptions.ZeroDivisionError'>, ZeroDivisionError('integer division or modulo by zero',), <traceback object at 0x7f4039d449e0>)
Traceback (most recent call last):
  File "/home/ubuntu/throttlebot/src/spearmint/spearmint/runner.py", line 42, in job_runner
    elif job.language == PYTHON: run_python_job(job)
  File "/home/ubuntu/throttlebot/src/spearmint/spearmint/runner.py", line 142, in run_python_job
    result = module.main(job.id, params)
  File "/home/ubuntu/throttlebot/src/spearmint/bayOptSearch/bayOpt.py", line 104, in main
    return explore_spearmint(workload_config, params)
  File "/home/ubuntu/throttlebot/src/spearmint/bayOptSearch/bayOpt.py", line 159, in explore_spearmint
    return 1/0
ZeroDivisionError: integer division or modulo by zero
None
----------------------------------------
Job file reloaded.
Could not find value in output file.
Job failed in 1.03 seconds.
