Running in wrapper mode for '309'

Running python job.

[name: "CPU-QUOTA"
int_val: 65
int_val: 64
int_val: 48
int_val: 85
int_val: 32
int_val: 56
int_val: 99
, name: "DISK"
int_val: 28
int_val: 39
int_val: 25
int_val: 31
int_val: 22
int_val: 34
int_val: 17
, name: "MEMORY"
int_val: 21
int_val: 32
int_val: 40
int_val: 26
int_val: 39
int_val: 34
int_val: 14
, name: "NET"
int_val: 22
int_val: 32
int_val: 11
int_val: 28
int_val: 23
int_val: 37
int_val: 25
]
The paramters are {u'CPU-QUOTA': array([65, 64, 48, 85, 32, 56, 99]), u'NET': array([22, 32, 11, 28, 23, 37, 25]), u'DISK': array([28, 39, 25, 31, 22, 34, 17]), u'MEMORY': array([21, 32, 40, 26, 39, 34, 14])}
{'13.56.14.158': ['haproxy', 'node-app', 'mongo'], '18.144.43.31': ['node-app', 'mongo']}
Setting cpu quota to 160000 out of 250000
STRESSING VM_IP 13.56.14.158 AND CONTAINER d824175f3227, NET 163840.0
STRESSING VM_IP 13.56.14.158 AND CONTAINER d824175f3227, DISK 32715571.2
STRESSING VM_IP 13.56.14.158 AND CONTAINER d824175f3227, MEMORY 1200000000.0
Recovering the memory utilization
Setting cpu quota to 162500 out of 250000
STRESSING VM_IP 13.56.14.158 AND CONTAINER cd40be619604, NET 112640.0
STRESSING VM_IP 13.56.14.158 AND CONTAINER cd40be619604, DISK 23488102.4
STRESSING VM_IP 13.56.14.158 AND CONTAINER cd40be619604, MEMORY 787500000.0
Recovering the memory utilization
Setting cpu quota to 120000 out of 250000
STRESSING VM_IP 13.56.14.158 AND CONTAINER c21ccad5695a, NET 56320.0
STRESSING VM_IP 13.56.14.158 AND CONTAINER c21ccad5695a, DISK 20971520.0
STRESSING VM_IP 13.56.14.158 AND CONTAINER c21ccad5695a, MEMORY 1500000000.0
Recovering the memory utilization
Setting cpu quota to 162500 out of 250000
STRESSING VM_IP 18.144.43.31 AND CONTAINER 01a0240fb06e, NET 112640.0
STRESSING VM_IP 18.144.43.31 AND CONTAINER 01a0240fb06e, DISK 23488102.4
STRESSING VM_IP 18.144.43.31 AND CONTAINER 01a0240fb06e, MEMORY 787500000.0
Recovering the memory utilization
----------------------------------------
Problem running the job:
(<type 'exceptions.SystemExit'>, SystemExit(0,), <traceback object at 0x7f40384a6758>)
Traceback (most recent call last):
  File "/home/ubuntu/throttlebot/src/spearmint/spearmint/runner.py", line 42, in job_runner
    elif job.language == PYTHON: run_python_job(job)
  File "/home/ubuntu/throttlebot/src/spearmint/spearmint/runner.py", line 142, in run_python_job
    result = module.main(job.id, params)
  File "/home/ubuntu/throttlebot/src/spearmint/bayOptSearch/bayOpt.py", line 104, in main
    return explore_spearmint(workload_config, params)
  File "/home/ubuntu/throttlebot/src/spearmint/bayOptSearch/bayOpt.py", line 190, in explore_spearmint
    workload_config, redis_db)
  File "/home/ubuntu/throttlebot/src/modify_resources.py", line 79, in set_mr_provision
    set_memory_size(ssh_client, container_id, new_mr_allocation)
  File "/home/ubuntu/throttlebot/src/modify_resources.py", line 283, in set_memory_size
    ssh_exec(ssh_client, set_memory_command)
  File "/home/ubuntu/throttlebot/src/remote_execution.py", line 10, in ssh_exec
    _, _, stderr = ssh_client.exec_command(cmd)
  File "/home/ubuntu/.local/lib/python2.7/site-packages/paramiko/client.py", line 486, in exec_command
    chan.exec_command(command)
  File "/home/ubuntu/.local/lib/python2.7/site-packages/paramiko/channel.py", line 63, in _check
    return func(self, *args, **kwds)
  File "/home/ubuntu/.local/lib/python2.7/site-packages/paramiko/channel.py", line 241, in exec_command
    self._wait_for_event()
  File "/home/ubuntu/.local/lib/python2.7/site-packages/paramiko/channel.py", line 1191, in _wait_for_event
    self.event.wait()
  File "/usr/lib/python2.7/threading.py", line 614, in wait
    self.__cond.wait(timeout)
  File "/usr/lib/python2.7/threading.py", line 340, in wait
    waiter.acquire()
  File "./spearmint/spearmint/main.py", line 407, in sigint_handler
    sys.exit(0)
SystemExit: 0
None
----------------------------------------
Job file reloaded.
Could not find value in output file.
Job failed in 13.30 seconds.
