Running in wrapper mode for '6'

Running python job.

[name: "CPU-QUOTA"
int_val: 96
int_val: 39
int_val: 57
int_val: 55
int_val: 78
int_val: 27
int_val: 25
, name: "DISK"
int_val: 10
int_val: 24
int_val: 12
int_val: 20
int_val: 28
int_val: 13
int_val: 16
, name: "MEMORY"
int_val: 16
int_val: 24
int_val: 10
int_val: 15
int_val: 27
int_val: 24
int_val: 18
, name: "NET"
int_val: 18
int_val: 25
int_val: 32
int_val: 40
int_val: 21
int_val: 39
int_val: 9
]
The paramters are {u'CPU-QUOTA': array([96, 39, 57, 55, 78, 27, 25]), u'NET': array([18, 25, 32, 40, 21, 39,  9]), u'DISK': array([10, 24, 12, 20, 28, 13, 16]), u'MEMORY': array([16, 24, 10, 15, 27, 24, 18])}
{'13.56.14.158': ['haproxy', 'node-app', 'mongo'], '18.144.43.31': ['node-app', 'mongo']}
----------------------------------------
Problem running the job:
(<class 'paramiko.ssh_exception.BadAuthenticationType'>, BadAuthenticationType('Bad authentication type', [u'publickey']), <traceback object at 0x7fd41b79cbd8>)
Traceback (most recent call last):
  File "/home/ubuntu/throttlebot/src/spearmint/spearmint/runner.py", line 42, in job_runner
    elif job.language == PYTHON: run_python_job(job)
  File "/home/ubuntu/throttlebot/src/spearmint/spearmint/runner.py", line 142, in run_python_job
    result = module.main(job.id, params)
  File "/home/ubuntu/throttlebot/src/spearmint/bayOptSearch/bayOpt.py", line 104, in main
    return explore_spearmint(workload_config, params)
  File "/home/ubuntu/throttlebot/src/spearmint/bayOptSearch/bayOpt.py", line 147, in explore_spearmint
    client = re.get_client(machine)
  File "/home/ubuntu/throttlebot/src/remote_execution.py", line 6, in get_client
    client.connect(ip, username="quilt", password="")
  File "/home/ubuntu/.local/lib/python2.7/site-packages/paramiko/client.py", line 424, in connect
    passphrase,
  File "/home/ubuntu/.local/lib/python2.7/site-packages/paramiko/client.py", line 714, in _auth
    raise saved_exception
BadAuthenticationType: ('Bad authentication type', [u'publickey']) (allowed_types=[u'publickey'])
None
----------------------------------------
Job file reloaded.
Could not find value in output file.
Job failed in 0.46 seconds.
