Running in wrapper mode for '282'

Running python job.

[name: "CPU-QUOTA"
int_val: 58
int_val: 51
int_val: 10
int_val: 65
int_val: 39
int_val: 9
int_val: 88
, name: "DISK"
int_val: 20
int_val: 23
int_val: 13
int_val: 11
int_val: 30
int_val: 20
int_val: 17
, name: "MEMORY"
int_val: 6
int_val: 36
int_val: 32
int_val: 11
int_val: 11
int_val: 23
int_val: 5
, name: "NET"
int_val: 25
int_val: 39
int_val: 15
int_val: 34
int_val: 21
int_val: 30
int_val: 18
]
The paramters are {u'CPU-QUOTA': array([58, 51, 10, 65, 39,  9, 88]), u'NET': array([25, 39, 15, 34, 21, 30, 18]), u'DISK': array([20, 23, 13, 11, 30, 20, 17]), u'MEMORY': array([ 6, 36, 32, 11, 11, 23,  5])}
{'13.56.14.158': ['haproxy', 'node-app', 'mongo'], '18.144.43.31': ['node-app', 'mongo']}
Setting cpu quota to 127500 out of 250000
STRESSING VM_IP 13.56.14.158 AND CONTAINER d824175f3227, NET 199680.0
STRESSING VM_IP 13.56.14.158 AND CONTAINER d824175f3227, DISK 19293798.4
STRESSING VM_IP 13.56.14.158 AND CONTAINER d824175f3227, MEMORY 1350000000.0
Recovering the memory utilization
Setting cpu quota to 145000 out of 250000
STRESSING VM_IP 13.56.14.158 AND CONTAINER cd40be619604, NET 128000.0
STRESSING VM_IP 13.56.14.158 AND CONTAINER cd40be619604, DISK 16777216.0
STRESSING VM_IP 13.56.14.158 AND CONTAINER cd40be619604, MEMORY 225000000.0
Recovering the memory utilization
Setting cpu quota to 25000 out of 250000
STRESSING VM_IP 13.56.14.158 AND CONTAINER c21ccad5695a, NET 76800.0
STRESSING VM_IP 13.56.14.158 AND CONTAINER c21ccad5695a, DISK 10905190.4
STRESSING VM_IP 13.56.14.158 AND CONTAINER c21ccad5695a, MEMORY 1200000000.0
Recovering the memory utilization
Setting cpu quota to 145000 out of 250000
STRESSING VM_IP 18.144.43.31 AND CONTAINER 01a0240fb06e, NET 128000.0
STRESSING VM_IP 18.144.43.31 AND CONTAINER 01a0240fb06e, DISK 16777216.0
STRESSING VM_IP 18.144.43.31 AND CONTAINER 01a0240fb06e, MEMORY 225000000.0
Recovering the memory utilization
Setting cpu quota to 25000 out of 250000
STRESSING VM_IP 18.144.43.31 AND CONTAINER d4df0b3c1712, NET 76800.0
STRESSING VM_IP 18.144.43.31 AND CONTAINER d4df0b3c1712, DISK 10905190.4
STRESSING VM_IP 18.144.43.31 AND CONTAINER d4df0b3c1712, MEMORY 1200000000.0
Recovering the memory utilization
Using 5 trials
INVALID EXPERIMENT TYPE: todo-app

----------------------------------------
Problem running the job:
(<type 'exceptions.SystemExit'>, SystemExit(None,), <traceback object at 0x7f40384925a8>)
Traceback (most recent call last):
  File "/home/ubuntu/throttlebot/src/spearmint/spearmint/runner.py", line 42, in job_runner
    elif job.language == PYTHON: run_python_job(job)
  File "/home/ubuntu/throttlebot/src/spearmint/spearmint/runner.py", line 142, in run_python_job
    result = module.main(job.id, params)
  File "/home/ubuntu/throttlebot/src/spearmint/bayOptSearch/bayOpt.py", line 104, in main
    return explore_spearmint(workload_config, params)
  File "/home/ubuntu/throttlebot/src/spearmint/bayOptSearch/bayOpt.py", line 204, in explore_spearmint
    experiment_results = run_experiment.measure_runtime(workload_config, experiment_trials)
  File "/home/ubuntu/throttlebot/src/run_experiment.py", line 37, in measure_runtime
    exit()
  File "/usr/lib/python2.7/site.py", line 375, in __call__
    raise SystemExit(code)
SystemExit: None
None
----------------------------------------
Job file reloaded.
Could not find value in output file.
Job failed in 15.45 seconds.
