Running in wrapper mode for '207'

Running python job.

[name: "CPU-QUOTA"
int_val: 39
int_val: 69
int_val: 10
int_val: 52
int_val: 62
int_val: 54
int_val: 8
, name: "DISK"
int_val: 6
int_val: 11
int_val: 7
int_val: 34
int_val: 35
int_val: 32
int_val: 16
, name: "MEMORY"
int_val: 26
int_val: 28
int_val: 18
int_val: 13
int_val: 21
int_val: 34
int_val: 12
, name: "NET"
int_val: 14
int_val: 29
int_val: 31
int_val: 15
int_val: 16
int_val: 18
int_val: 7
]
The paramters are {u'CPU-QUOTA': array([39, 69, 10, 52, 62, 54,  8]), u'NET': array([14, 29, 31, 15, 16, 18,  7]), u'DISK': array([ 6, 11,  7, 34, 35, 32, 16]), u'MEMORY': array([26, 28, 18, 13, 21, 34, 12])}
{'13.56.14.158': ['haproxy', 'node-app', 'mongo'], '18.144.43.31': ['node-app', 'mongo']}
Setting cpu quota to 172500 out of 250000
STRESSING VM_IP 13.56.14.158 AND CONTAINER d824175f3227, NET 148480.0
STRESSING VM_IP 13.56.14.158 AND CONTAINER d824175f3227, DISK 9227468.8
STRESSING VM_IP 13.56.14.158 AND CONTAINER d824175f3227, MEMORY 1050000000.0
Recovering the memory utilization
Setting cpu quota to 97500 out of 250000
STRESSING VM_IP 13.56.14.158 AND CONTAINER cd40be619604, NET 71680.0
STRESSING VM_IP 13.56.14.158 AND CONTAINER cd40be619604, DISK 5033164.8
STRESSING VM_IP 13.56.14.158 AND CONTAINER cd40be619604, MEMORY 975000000.0
Recovering the memory utilization
Setting cpu quota to 25000 out of 250000
STRESSING VM_IP 13.56.14.158 AND CONTAINER c21ccad5695a, NET 158720.0
STRESSING VM_IP 13.56.14.158 AND CONTAINER c21ccad5695a, DISK 5872025.6
STRESSING VM_IP 13.56.14.158 AND CONTAINER c21ccad5695a, MEMORY 675000000.0
Recovering the memory utilization
Setting cpu quota to 97500 out of 250000
STRESSING VM_IP 18.144.43.31 AND CONTAINER 01a0240fb06e, NET 71680.0
STRESSING VM_IP 18.144.43.31 AND CONTAINER 01a0240fb06e, DISK 5033164.8
STRESSING VM_IP 18.144.43.31 AND CONTAINER 01a0240fb06e, MEMORY 975000000.0
Recovering the memory utilization
Setting cpu quota to 25000 out of 250000
STRESSING VM_IP 18.144.43.31 AND CONTAINER d4df0b3c1712, NET 158720.0
STRESSING VM_IP 18.144.43.31 AND CONTAINER d4df0b3c1712, DISK 5872025.6
STRESSING VM_IP 18.144.43.31 AND CONTAINER d4df0b3c1712, MEMORY 675000000.0
Recovering the memory utilization
Using 5 trials
INVALID EXPERIMENT TYPE: todo-app

----------------------------------------
Problem running the job:
(<type 'exceptions.SystemExit'>, SystemExit(None,), <traceback object at 0x7f40384e8cb0>)
Traceback (most recent call last):
  File "/home/ubuntu/throttlebot/src/spearmint/spearmint/runner.py", line 42, in job_runner
    elif job.language == PYTHON: run_python_job(job)
  File "/home/ubuntu/throttlebot/src/spearmint/spearmint/runner.py", line 142, in run_python_job
    result = module.main(job.id, params)
  File "/home/ubuntu/throttlebot/src/spearmint/bayOptSearch/bayOpt.py", line 104, in main
    return explore_spearmint(workload_config, params)
  File "/home/ubuntu/throttlebot/src/spearmint/bayOptSearch/bayOpt.py", line 204, in explore_spearmint
    experiment_results = run_experiment.measure_runtime(workload_config, experiment_trials)
  File "/home/ubuntu/throttlebot/src/run_experiment.py", line 37, in measure_runtime
    exit()
  File "/usr/lib/python2.7/site.py", line 375, in __call__
    raise SystemExit(code)
SystemExit: None
None
----------------------------------------
Job file reloaded.
Could not find value in output file.
Job failed in 15.39 seconds.
