Running in wrapper mode for '213'

Running python job.

[name: "CPU-QUOTA"
int_val: 69
int_val: 75
int_val: 64
int_val: 58
int_val: 80
int_val: 96
int_val: 86
, name: "DISK"
int_val: 31
int_val: 18
int_val: 32
int_val: 10
int_val: 33
int_val: 8
int_val: 9
, name: "MEMORY"
int_val: 37
int_val: 34
int_val: 25
int_val: 20
int_val: 28
int_val: 14
int_val: 6
, name: "NET"
int_val: 16
int_val: 22
int_val: 29
int_val: 22
int_val: 36
int_val: 11
int_val: 27
]
The paramters are {u'CPU-QUOTA': array([69, 75, 64, 58, 80, 96, 86]), u'NET': array([16, 22, 29, 22, 36, 11, 27]), u'DISK': array([31, 18, 32, 10, 33,  8,  9]), u'MEMORY': array([37, 34, 25, 20, 28, 14,  6])}
{'13.56.14.158': ['haproxy', 'node-app', 'mongo'], '18.144.43.31': ['node-app', 'mongo']}
Sum for CPU-QUOTA is 208, which exceeds 200
----------------------------------------
Problem running the job:
(<type 'exceptions.ZeroDivisionError'>, ZeroDivisionError('integer division or modulo by zero',), <traceback object at 0x7f4039d5ed88>)
Traceback (most recent call last):
  File "/home/ubuntu/throttlebot/src/spearmint/spearmint/runner.py", line 42, in job_runner
    elif job.language == PYTHON: run_python_job(job)
  File "/home/ubuntu/throttlebot/src/spearmint/spearmint/runner.py", line 142, in run_python_job
    result = module.main(job.id, params)
  File "/home/ubuntu/throttlebot/src/spearmint/bayOptSearch/bayOpt.py", line 104, in main
    return explore_spearmint(workload_config, params)
  File "/home/ubuntu/throttlebot/src/spearmint/bayOptSearch/bayOpt.py", line 159, in explore_spearmint
    return 1/0
ZeroDivisionError: integer division or modulo by zero
None
----------------------------------------
Job file reloaded.
Could not find value in output file.
Job failed in 1.03 seconds.
