Running in wrapper mode for '134'

Running python job.

[name: "CPU-QUOTA"
int_val: 97
int_val: 25
int_val: 76
int_val: 14
int_val: 54
int_val: 88
int_val: 5
, name: "DISK"
int_val: 20
int_val: 34
int_val: 10
int_val: 30
int_val: 40
int_val: 37
int_val: 31
, name: "MEMORY"
int_val: 27
int_val: 19
int_val: 9
int_val: 7
int_val: 37
int_val: 15
int_val: 13
, name: "NET"
int_val: 27
int_val: 20
int_val: 16
int_val: 24
int_val: 24
int_val: 38
int_val: 37
]
The paramters are {u'CPU-QUOTA': array([97, 25, 76, 14, 54, 88,  5]), u'NET': array([27, 20, 16, 24, 24, 38, 37]), u'DISK': array([20, 34, 10, 30, 40, 37, 31]), u'MEMORY': array([27, 19,  9,  7, 37, 15, 13])}
{'13.56.14.158': ['haproxy', 'node-app', 'mongo'], '18.144.43.31': ['node-app', 'mongo']}
----------------------------------------
Problem running the job:
(<class 'paramiko.ssh_exception.BadAuthenticationType'>, BadAuthenticationType('Bad authentication type', [u'publickey']), <traceback object at 0x7f244e232b90>)
Traceback (most recent call last):
  File "/home/ubuntu/throttlebot/src/spearmint/spearmint/runner.py", line 42, in job_runner
    elif job.language == PYTHON: run_python_job(job)
  File "/home/ubuntu/throttlebot/src/spearmint/spearmint/runner.py", line 142, in run_python_job
    result = module.main(job.id, params)
  File "/home/ubuntu/throttlebot/src/spearmint/bayOptSearch/bayOpt.py", line 104, in main
    return explore_spearmint(workload_config, params)
  File "/home/ubuntu/throttlebot/src/spearmint/bayOptSearch/bayOpt.py", line 147, in explore_spearmint
    client = re.get_client(machine)
  File "/home/ubuntu/throttlebot/src/remote_execution.py", line 6, in get_client
    client.connect(ip, username="quilt", password="")
  File "/home/ubuntu/.local/lib/python2.7/site-packages/paramiko/client.py", line 424, in connect
    passphrase,
  File "/home/ubuntu/.local/lib/python2.7/site-packages/paramiko/client.py", line 714, in _auth
    raise saved_exception
BadAuthenticationType: ('Bad authentication type', [u'publickey']) (allowed_types=[u'publickey'])
None
----------------------------------------
Job file reloaded.
Could not find value in output file.
Job failed in 0.45 seconds.
