Running in wrapper mode for '9'

Running python job.

[name: "CPU-QUOTA"
int_val: 84
int_val: 99
int_val: 45
int_val: 43
int_val: 42
int_val: 15
int_val: 37
, name: "DISK"
int_val: 14
int_val: 19
int_val: 26
int_val: 34
int_val: 15
int_val: 35
int_val: 21
, name: "MEMORY"
int_val: 11
int_val: 38
int_val: 32
int_val: 38
int_val: 23
int_val: 29
int_val: 40
, name: "NET"
int_val: 13
int_val: 20
int_val: 37
int_val: 9
int_val: 35
int_val: 35
int_val: 14
]
The paramters are {u'CPU-QUOTA': array([84, 99, 45, 43, 42, 15, 37]), u'NET': array([13, 20, 37,  9, 35, 35, 14]), u'DISK': array([14, 19, 26, 34, 15, 35, 21]), u'MEMORY': array([11, 38, 32, 38, 23, 29, 40])}
{'13.56.14.158': ['haproxy', 'node-app', 'mongo'], '18.144.43.31': ['node-app', 'mongo']}
----------------------------------------
Problem running the job:
(<class 'paramiko.ssh_exception.BadAuthenticationType'>, BadAuthenticationType('Bad authentication type', [u'publickey']), <traceback object at 0x7fd41b7b7248>)
Traceback (most recent call last):
  File "/home/ubuntu/throttlebot/src/spearmint/spearmint/runner.py", line 42, in job_runner
    elif job.language == PYTHON: run_python_job(job)
  File "/home/ubuntu/throttlebot/src/spearmint/spearmint/runner.py", line 142, in run_python_job
    result = module.main(job.id, params)
  File "/home/ubuntu/throttlebot/src/spearmint/bayOptSearch/bayOpt.py", line 104, in main
    return explore_spearmint(workload_config, params)
  File "/home/ubuntu/throttlebot/src/spearmint/bayOptSearch/bayOpt.py", line 147, in explore_spearmint
    client = re.get_client(machine)
  File "/home/ubuntu/throttlebot/src/remote_execution.py", line 6, in get_client
    client.connect(ip, username="quilt", password="")
  File "/home/ubuntu/.local/lib/python2.7/site-packages/paramiko/client.py", line 424, in connect
    passphrase,
  File "/home/ubuntu/.local/lib/python2.7/site-packages/paramiko/client.py", line 714, in _auth
    raise saved_exception
BadAuthenticationType: ('Bad authentication type', [u'publickey']) (allowed_types=[u'publickey'])
None
----------------------------------------
Job file reloaded.
Could not find value in output file.
Job failed in 0.46 seconds.
