Running in wrapper mode for '231'

Running python job.

[name: "CPU-QUOTA"
int_val: 52
int_val: 77
int_val: 14
int_val: 24
int_val: 97
int_val: 34
int_val: 84
, name: "DISK"
int_val: 24
int_val: 14
int_val: 19
int_val: 13
int_val: 39
int_val: 34
int_val: 37
, name: "MEMORY"
int_val: 22
int_val: 35
int_val: 25
int_val: 29
int_val: 33
int_val: 7
int_val: 21
, name: "NET"
int_val: 19
int_val: 20
int_val: 32
int_val: 36
int_val: 40
int_val: 11
int_val: 14
]
The paramters are {u'CPU-QUOTA': array([52, 77, 14, 24, 97, 34, 84]), u'NET': array([19, 20, 32, 36, 40, 11, 14]), u'DISK': array([24, 14, 19, 13, 39, 34, 37]), u'MEMORY': array([22, 35, 25, 29, 33,  7, 21])}
{'13.56.14.158': ['haproxy', 'node-app', 'mongo'], '18.144.43.31': ['node-app', 'mongo']}
Setting cpu quota to 192500 out of 250000
STRESSING VM_IP 13.56.14.158 AND CONTAINER d824175f3227, NET 102400.0
STRESSING VM_IP 13.56.14.158 AND CONTAINER d824175f3227, DISK 11744051.2
STRESSING VM_IP 13.56.14.158 AND CONTAINER d824175f3227, MEMORY 1312500000.0
Recovering the memory utilization
Setting cpu quota to 130000 out of 250000
STRESSING VM_IP 13.56.14.158 AND CONTAINER cd40be619604, NET 97280.0
STRESSING VM_IP 13.56.14.158 AND CONTAINER cd40be619604, DISK 20132659.2
STRESSING VM_IP 13.56.14.158 AND CONTAINER cd40be619604, MEMORY 825000000.0
Recovering the memory utilization
Setting cpu quota to 35000 out of 250000
STRESSING VM_IP 13.56.14.158 AND CONTAINER c21ccad5695a, NET 163840.0
STRESSING VM_IP 13.56.14.158 AND CONTAINER c21ccad5695a, DISK 15938355.2
STRESSING VM_IP 13.56.14.158 AND CONTAINER c21ccad5695a, MEMORY 937500000.0
Recovering the memory utilization
Setting cpu quota to 130000 out of 250000
STRESSING VM_IP 18.144.43.31 AND CONTAINER 01a0240fb06e, NET 97280.0
STRESSING VM_IP 18.144.43.31 AND CONTAINER 01a0240fb06e, DISK 20132659.2
STRESSING VM_IP 18.144.43.31 AND CONTAINER 01a0240fb06e, MEMORY 825000000.0
Recovering the memory utilization
Setting cpu quota to 35000 out of 250000
STRESSING VM_IP 18.144.43.31 AND CONTAINER d4df0b3c1712, NET 163840.0
STRESSING VM_IP 18.144.43.31 AND CONTAINER d4df0b3c1712, DISK 15938355.2
STRESSING VM_IP 18.144.43.31 AND CONTAINER d4df0b3c1712, MEMORY 937500000.0
Recovering the memory utilization
Using 5 trials
INVALID EXPERIMENT TYPE: todo-app

----------------------------------------
Problem running the job:
(<type 'exceptions.SystemExit'>, SystemExit(None,), <traceback object at 0x7f40384785a8>)
Traceback (most recent call last):
  File "/home/ubuntu/throttlebot/src/spearmint/spearmint/runner.py", line 42, in job_runner
    elif job.language == PYTHON: run_python_job(job)
  File "/home/ubuntu/throttlebot/src/spearmint/spearmint/runner.py", line 142, in run_python_job
    result = module.main(job.id, params)
  File "/home/ubuntu/throttlebot/src/spearmint/bayOptSearch/bayOpt.py", line 104, in main
    return explore_spearmint(workload_config, params)
  File "/home/ubuntu/throttlebot/src/spearmint/bayOptSearch/bayOpt.py", line 204, in explore_spearmint
    experiment_results = run_experiment.measure_runtime(workload_config, experiment_trials)
  File "/home/ubuntu/throttlebot/src/run_experiment.py", line 37, in measure_runtime
    exit()
  File "/usr/lib/python2.7/site.py", line 375, in __call__
    raise SystemExit(code)
SystemExit: None
None
----------------------------------------
Job file reloaded.
Could not find value in output file.
Job failed in 15.25 seconds.
