Running in wrapper mode for '15'

Running python job.

[name: "CPU-QUOTA"
int_val: 39
int_val: 96
int_val: 54
int_val: 88
int_val: 63
int_val: 84
int_val: 22
, name: "DISK"
int_val: 24
int_val: 38
int_val: 34
int_val: 10
int_val: 9
int_val: 38
int_val: 15
, name: "MEMORY"
int_val: 10
int_val: 12
int_val: 24
int_val: 16
int_val: 19
int_val: 28
int_val: 21
, name: "NET"
int_val: 21
int_val: 8
int_val: 22
int_val: 19
int_val: 5
int_val: 22
int_val: 22
]
The paramters are {u'CPU-QUOTA': array([39, 96, 54, 88, 63, 84, 22]), u'NET': array([21,  8, 22, 19,  5, 22, 22]), u'DISK': array([24, 38, 34, 10,  9, 38, 15]), u'MEMORY': array([10, 12, 24, 16, 19, 28, 21])}
{'13.56.14.158': ['haproxy', 'node-app', 'mongo'], '18.144.43.31': ['node-app', 'mongo']}
----------------------------------------
Problem running the job:
(<class 'paramiko.ssh_exception.BadAuthenticationType'>, BadAuthenticationType('Bad authentication type', [u'publickey']), <traceback object at 0x7fd41b7a7758>)
Traceback (most recent call last):
  File "/home/ubuntu/throttlebot/src/spearmint/spearmint/runner.py", line 42, in job_runner
    elif job.language == PYTHON: run_python_job(job)
  File "/home/ubuntu/throttlebot/src/spearmint/spearmint/runner.py", line 142, in run_python_job
    result = module.main(job.id, params)
  File "/home/ubuntu/throttlebot/src/spearmint/bayOptSearch/bayOpt.py", line 104, in main
    return explore_spearmint(workload_config, params)
  File "/home/ubuntu/throttlebot/src/spearmint/bayOptSearch/bayOpt.py", line 147, in explore_spearmint
    client = re.get_client(machine)
  File "/home/ubuntu/throttlebot/src/remote_execution.py", line 6, in get_client
    client.connect(ip, username="quilt", password="")
  File "/home/ubuntu/.local/lib/python2.7/site-packages/paramiko/client.py", line 424, in connect
    passphrase,
  File "/home/ubuntu/.local/lib/python2.7/site-packages/paramiko/client.py", line 714, in _auth
    raise saved_exception
BadAuthenticationType: ('Bad authentication type', [u'publickey']) (allowed_types=[u'publickey'])
None
----------------------------------------
Job file reloaded.
Could not find value in output file.
Job failed in 0.44 seconds.
