Running in wrapper mode for '287'

Running python job.

[name: "CPU-QUOTA"
int_val: 32
int_val: 97
int_val: 27
int_val: 34
int_val: 35
int_val: 65
int_val: 66
, name: "DISK"
int_val: 34
int_val: 15
int_val: 11
int_val: 9
int_val: 30
int_val: 35
int_val: 5
, name: "MEMORY"
int_val: 33
int_val: 13
int_val: 8
int_val: 14
int_val: 20
int_val: 12
int_val: 10
, name: "NET"
int_val: 25
int_val: 7
int_val: 16
int_val: 40
int_val: 31
int_val: 9
int_val: 26
]
The paramters are {u'CPU-QUOTA': array([32, 97, 27, 34, 35, 65, 66]), u'NET': array([25,  7, 16, 40, 31,  9, 26]), u'DISK': array([34, 15, 11,  9, 30, 35,  5]), u'MEMORY': array([33, 13,  8, 14, 20, 12, 10])}
{'13.56.14.158': ['haproxy', 'node-app', 'mongo'], '18.144.43.31': ['node-app', 'mongo']}
Setting cpu quota to 242500 out of 250000
STRESSING VM_IP 13.56.14.158 AND CONTAINER d824175f3227, NET 35840.0
STRESSING VM_IP 13.56.14.158 AND CONTAINER d824175f3227, DISK 12582912.0
STRESSING VM_IP 13.56.14.158 AND CONTAINER d824175f3227, MEMORY 487500000.0
Recovering the memory utilization
Setting cpu quota to 80000 out of 250000
STRESSING VM_IP 13.56.14.158 AND CONTAINER cd40be619604, NET 128000.0
STRESSING VM_IP 13.56.14.158 AND CONTAINER cd40be619604, DISK 28521267.2
STRESSING VM_IP 13.56.14.158 AND CONTAINER cd40be619604, MEMORY 1237500000.0
Recovering the memory utilization
Setting cpu quota to 67500 out of 250000
STRESSING VM_IP 13.56.14.158 AND CONTAINER c21ccad5695a, NET 81920.0
STRESSING VM_IP 13.56.14.158 AND CONTAINER c21ccad5695a, DISK 9227468.8
STRESSING VM_IP 13.56.14.158 AND CONTAINER c21ccad5695a, MEMORY 300000000.0
Recovering the memory utilization
Setting cpu quota to 80000 out of 250000
STRESSING VM_IP 18.144.43.31 AND CONTAINER 01a0240fb06e, NET 128000.0
STRESSING VM_IP 18.144.43.31 AND CONTAINER 01a0240fb06e, DISK 28521267.2
STRESSING VM_IP 18.144.43.31 AND CONTAINER 01a0240fb06e, MEMORY 1237500000.0
Recovering the memory utilization
Setting cpu quota to 67500 out of 250000
STRESSING VM_IP 18.144.43.31 AND CONTAINER d4df0b3c1712, NET 81920.0
STRESSING VM_IP 18.144.43.31 AND CONTAINER d4df0b3c1712, DISK 9227468.8
STRESSING VM_IP 18.144.43.31 AND CONTAINER d4df0b3c1712, MEMORY 300000000.0
Recovering the memory utilization
Using 5 trials
INVALID EXPERIMENT TYPE: todo-app

----------------------------------------
Problem running the job:
(<type 'exceptions.SystemExit'>, SystemExit(None,), <traceback object at 0x7f40384a9ea8>)
Traceback (most recent call last):
  File "/home/ubuntu/throttlebot/src/spearmint/spearmint/runner.py", line 42, in job_runner
    elif job.language == PYTHON: run_python_job(job)
  File "/home/ubuntu/throttlebot/src/spearmint/spearmint/runner.py", line 142, in run_python_job
    result = module.main(job.id, params)
  File "/home/ubuntu/throttlebot/src/spearmint/bayOptSearch/bayOpt.py", line 104, in main
    return explore_spearmint(workload_config, params)
  File "/home/ubuntu/throttlebot/src/spearmint/bayOptSearch/bayOpt.py", line 204, in explore_spearmint
    experiment_results = run_experiment.measure_runtime(workload_config, experiment_trials)
  File "/home/ubuntu/throttlebot/src/run_experiment.py", line 37, in measure_runtime
    exit()
  File "/usr/lib/python2.7/site.py", line 375, in __call__
    raise SystemExit(code)
SystemExit: None
None
----------------------------------------
Job file reloaded.
Could not find value in output file.
Job failed in 15.51 seconds.
