Running in wrapper mode for '163'

Running python job.

[name: "CPU-QUOTA"
int_val: 21
int_val: 77
int_val: 36
int_val: 63
int_val: 79
int_val: 20
int_val: 97
, name: "DISK"
int_val: 7
int_val: 35
int_val: 17
int_val: 34
int_val: 11
int_val: 23
int_val: 32
, name: "MEMORY"
int_val: 29
int_val: 11
int_val: 38
int_val: 38
int_val: 38
int_val: 23
int_val: 15
, name: "NET"
int_val: 18
int_val: 25
int_val: 13
int_val: 35
int_val: 33
int_val: 32
int_val: 30
]
The paramters are {u'CPU-QUOTA': array([21, 77, 36, 63, 79, 20, 97]), u'NET': array([18, 25, 13, 35, 33, 32, 30]), u'DISK': array([ 7, 35, 17, 34, 11, 23, 32]), u'MEMORY': array([29, 11, 38, 38, 38, 23, 15])}
{'13.56.14.158': ['haproxy', 'node-app', 'mongo'], '18.144.43.31': ['node-app', 'mongo']}
Setting cpu quota to 192500 out of 250000
STRESSING VM_IP 13.56.14.158 AND CONTAINER d824175f3227, NET 128000.0
STRESSING VM_IP 13.56.14.158 AND CONTAINER d824175f3227, DISK 29360128.0
STRESSING VM_IP 13.56.14.158 AND CONTAINER d824175f3227, MEMORY 412500000.0
Recovering the memory utilization
Setting cpu quota to 52500 out of 250000
STRESSING VM_IP 13.56.14.158 AND CONTAINER cd40be619604, NET 92160.0
STRESSING VM_IP 13.56.14.158 AND CONTAINER cd40be619604, DISK 5872025.6
STRESSING VM_IP 13.56.14.158 AND CONTAINER cd40be619604, MEMORY 1087500000.0
Recovering the memory utilization
Setting cpu quota to 90000 out of 250000
STRESSING VM_IP 13.56.14.158 AND CONTAINER c21ccad5695a, NET 66560.0
STRESSING VM_IP 13.56.14.158 AND CONTAINER c21ccad5695a, DISK 14260633.6
STRESSING VM_IP 13.56.14.158 AND CONTAINER c21ccad5695a, MEMORY 1425000000.0
Recovering the memory utilization
Setting cpu quota to 52500 out of 250000
STRESSING VM_IP 18.144.43.31 AND CONTAINER 01a0240fb06e, NET 92160.0
STRESSING VM_IP 18.144.43.31 AND CONTAINER 01a0240fb06e, DISK 5872025.6
STRESSING VM_IP 18.144.43.31 AND CONTAINER 01a0240fb06e, MEMORY 1087500000.0
Recovering the memory utilization
Setting cpu quota to 90000 out of 250000
STRESSING VM_IP 18.144.43.31 AND CONTAINER d4df0b3c1712, NET 66560.0
STRESSING VM_IP 18.144.43.31 AND CONTAINER d4df0b3c1712, DISK 14260633.6
STRESSING VM_IP 18.144.43.31 AND CONTAINER d4df0b3c1712, MEMORY 1425000000.0
Recovering the memory utilization
Using 5 trials
INVALID EXPERIMENT TYPE: todo-app

----------------------------------------
Problem running the job:
(<type 'exceptions.SystemExit'>, SystemExit(None,), <traceback object at 0x7f40384b4560>)
Traceback (most recent call last):
  File "/home/ubuntu/throttlebot/src/spearmint/spearmint/runner.py", line 42, in job_runner
    elif job.language == PYTHON: run_python_job(job)
  File "/home/ubuntu/throttlebot/src/spearmint/spearmint/runner.py", line 142, in run_python_job
    result = module.main(job.id, params)
  File "/home/ubuntu/throttlebot/src/spearmint/bayOptSearch/bayOpt.py", line 104, in main
    return explore_spearmint(workload_config, params)
  File "/home/ubuntu/throttlebot/src/spearmint/bayOptSearch/bayOpt.py", line 204, in explore_spearmint
    experiment_results = run_experiment.measure_runtime(workload_config, experiment_trials)
  File "/home/ubuntu/throttlebot/src/run_experiment.py", line 37, in measure_runtime
    exit()
  File "/usr/lib/python2.7/site.py", line 375, in __call__
    raise SystemExit(code)
SystemExit: None
None
----------------------------------------
Job file reloaded.
Could not find value in output file.
Job failed in 15.37 seconds.
