Running in wrapper mode for '240'

Running python job.

[name: "CPU-QUOTA"
int_val: 49
int_val: 32
int_val: 47
int_val: 9
int_val: 58
int_val: 7
int_val: 21
, name: "DISK"
int_val: 32
int_val: 17
int_val: 31
int_val: 15
int_val: 9
int_val: 22
int_val: 18
, name: "MEMORY"
int_val: 37
int_val: 23
int_val: 17
int_val: 24
int_val: 27
int_val: 23
int_val: 22
, name: "NET"
int_val: 29
int_val: 26
int_val: 36
int_val: 10
int_val: 28
int_val: 5
int_val: 40
]
The paramters are {u'CPU-QUOTA': array([49, 32, 47,  9, 58,  7, 21]), u'NET': array([29, 26, 36, 10, 28,  5, 40]), u'DISK': array([32, 17, 31, 15,  9, 22, 18]), u'MEMORY': array([37, 23, 17, 24, 27, 23, 22])}
{'13.56.14.158': ['haproxy', 'node-app', 'mongo'], '18.144.43.31': ['node-app', 'mongo']}
Setting cpu quota to 80000 out of 250000
STRESSING VM_IP 13.56.14.158 AND CONTAINER d824175f3227, NET 133120.0
STRESSING VM_IP 13.56.14.158 AND CONTAINER d824175f3227, DISK 14260633.6
STRESSING VM_IP 13.56.14.158 AND CONTAINER d824175f3227, MEMORY 862500000.0
Recovering the memory utilization
Setting cpu quota to 122500 out of 250000
STRESSING VM_IP 13.56.14.158 AND CONTAINER cd40be619604, NET 148480.0
STRESSING VM_IP 13.56.14.158 AND CONTAINER cd40be619604, DISK 26843545.6
STRESSING VM_IP 13.56.14.158 AND CONTAINER cd40be619604, MEMORY 1387500000.0
Recovering the memory utilization
Setting cpu quota to 117500 out of 250000
STRESSING VM_IP 13.56.14.158 AND CONTAINER c21ccad5695a, NET 184320.0
STRESSING VM_IP 13.56.14.158 AND CONTAINER c21ccad5695a, DISK 26004684.8
STRESSING VM_IP 13.56.14.158 AND CONTAINER c21ccad5695a, MEMORY 637500000.0
Recovering the memory utilization
Setting cpu quota to 122500 out of 250000
STRESSING VM_IP 18.144.43.31 AND CONTAINER 01a0240fb06e, NET 148480.0
STRESSING VM_IP 18.144.43.31 AND CONTAINER 01a0240fb06e, DISK 26843545.6
STRESSING VM_IP 18.144.43.31 AND CONTAINER 01a0240fb06e, MEMORY 1387500000.0
Recovering the memory utilization
Setting cpu quota to 117500 out of 250000
STRESSING VM_IP 18.144.43.31 AND CONTAINER d4df0b3c1712, NET 184320.0
STRESSING VM_IP 18.144.43.31 AND CONTAINER d4df0b3c1712, DISK 26004684.8
STRESSING VM_IP 18.144.43.31 AND CONTAINER d4df0b3c1712, MEMORY 637500000.0
Recovering the memory utilization
Using 5 trials
INVALID EXPERIMENT TYPE: todo-app

----------------------------------------
Problem running the job:
(<type 'exceptions.SystemExit'>, SystemExit(None,), <traceback object at 0x7f40384805f0>)
Traceback (most recent call last):
  File "/home/ubuntu/throttlebot/src/spearmint/spearmint/runner.py", line 42, in job_runner
    elif job.language == PYTHON: run_python_job(job)
  File "/home/ubuntu/throttlebot/src/spearmint/spearmint/runner.py", line 142, in run_python_job
    result = module.main(job.id, params)
  File "/home/ubuntu/throttlebot/src/spearmint/bayOptSearch/bayOpt.py", line 104, in main
    return explore_spearmint(workload_config, params)
  File "/home/ubuntu/throttlebot/src/spearmint/bayOptSearch/bayOpt.py", line 204, in explore_spearmint
    experiment_results = run_experiment.measure_runtime(workload_config, experiment_trials)
  File "/home/ubuntu/throttlebot/src/run_experiment.py", line 37, in measure_runtime
    exit()
  File "/usr/lib/python2.7/site.py", line 375, in __call__
    raise SystemExit(code)
SystemExit: None
None
----------------------------------------
Job file reloaded.
Could not find value in output file.
Job failed in 15.30 seconds.
