Running in wrapper mode for '301'

Running python job.

[name: "CPU-QUOTA"
int_val: 59
int_val: 82
int_val: 18
int_val: 43
int_val: 86
int_val: 74
int_val: 93
, name: "DISK"
int_val: 17
int_val: 32
int_val: 23
int_val: 6
int_val: 29
int_val: 14
int_val: 38
, name: "MEMORY"
int_val: 14
int_val: 21
int_val: 34
int_val: 24
int_val: 37
int_val: 5
int_val: 30
, name: "NET"
int_val: 11
int_val: 35
int_val: 22
int_val: 34
int_val: 39
int_val: 17
int_val: 40
]
The paramters are {u'CPU-QUOTA': array([59, 82, 18, 43, 86, 74, 93]), u'NET': array([11, 35, 22, 34, 39, 17, 40]), u'DISK': array([17, 32, 23,  6, 29, 14, 38]), u'MEMORY': array([14, 21, 34, 24, 37,  5, 30])}
{'13.56.14.158': ['haproxy', 'node-app', 'mongo'], '18.144.43.31': ['node-app', 'mongo']}
Setting cpu quota to 205000 out of 250000
STRESSING VM_IP 13.56.14.158 AND CONTAINER d824175f3227, NET 179200.0
STRESSING VM_IP 13.56.14.158 AND CONTAINER d824175f3227, DISK 26843545.6
STRESSING VM_IP 13.56.14.158 AND CONTAINER d824175f3227, MEMORY 787500000.0
Recovering the memory utilization
Setting cpu quota to 147500 out of 250000
STRESSING VM_IP 13.56.14.158 AND CONTAINER cd40be619604, NET 56320.0
STRESSING VM_IP 13.56.14.158 AND CONTAINER cd40be619604, DISK 14260633.6
STRESSING VM_IP 13.56.14.158 AND CONTAINER cd40be619604, MEMORY 525000000.0
Recovering the memory utilization
Setting cpu quota to 45000 out of 250000
STRESSING VM_IP 13.56.14.158 AND CONTAINER c21ccad5695a, NET 112640.0
STRESSING VM_IP 13.56.14.158 AND CONTAINER c21ccad5695a, DISK 19293798.4
STRESSING VM_IP 13.56.14.158 AND CONTAINER c21ccad5695a, MEMORY 1275000000.0
Recovering the memory utilization
Setting cpu quota to 147500 out of 250000
STRESSING VM_IP 18.144.43.31 AND CONTAINER 01a0240fb06e, NET 56320.0
STRESSING VM_IP 18.144.43.31 AND CONTAINER 01a0240fb06e, DISK 14260633.6
STRESSING VM_IP 18.144.43.31 AND CONTAINER 01a0240fb06e, MEMORY 525000000.0
Recovering the memory utilization
Setting cpu quota to 45000 out of 250000
STRESSING VM_IP 18.144.43.31 AND CONTAINER d4df0b3c1712, NET 112640.0
STRESSING VM_IP 18.144.43.31 AND CONTAINER d4df0b3c1712, DISK 19293798.4
STRESSING VM_IP 18.144.43.31 AND CONTAINER d4df0b3c1712, MEMORY 1275000000.0
Recovering the memory utilization
Using 5 trials
INVALID EXPERIMENT TYPE: todo-app

----------------------------------------
Problem running the job:
(<type 'exceptions.SystemExit'>, SystemExit(None,), <traceback object at 0x7f40384acd88>)
Traceback (most recent call last):
  File "/home/ubuntu/throttlebot/src/spearmint/spearmint/runner.py", line 42, in job_runner
    elif job.language == PYTHON: run_python_job(job)
  File "/home/ubuntu/throttlebot/src/spearmint/spearmint/runner.py", line 142, in run_python_job
    result = module.main(job.id, params)
  File "/home/ubuntu/throttlebot/src/spearmint/bayOptSearch/bayOpt.py", line 104, in main
    return explore_spearmint(workload_config, params)
  File "/home/ubuntu/throttlebot/src/spearmint/bayOptSearch/bayOpt.py", line 204, in explore_spearmint
    experiment_results = run_experiment.measure_runtime(workload_config, experiment_trials)
  File "/home/ubuntu/throttlebot/src/run_experiment.py", line 37, in measure_runtime
    exit()
  File "/usr/lib/python2.7/site.py", line 375, in __call__
    raise SystemExit(code)
SystemExit: None
None
----------------------------------------
Job file reloaded.
Could not find value in output file.
Job failed in 15.33 seconds.
