Running in wrapper mode for '152'

Running python job.

[name: "CPU-QUOTA"
int_val: 34
int_val: 46
int_val: 7
int_val: 11
int_val: 93
int_val: 19
int_val: 44
, name: "DISK"
int_val: 17
int_val: 22
int_val: 20
int_val: 40
int_val: 15
int_val: 16
int_val: 12
, name: "MEMORY"
int_val: 24
int_val: 6
int_val: 17
int_val: 31
int_val: 7
int_val: 27
int_val: 15
, name: "NET"
int_val: 24
int_val: 6
int_val: 24
int_val: 23
int_val: 10
int_val: 39
int_val: 27
]
The paramters are {u'CPU-QUOTA': array([34, 46,  7, 11, 93, 19, 44]), u'NET': array([24,  6, 24, 23, 10, 39, 27]), u'DISK': array([17, 22, 20, 40, 15, 16, 12]), u'MEMORY': array([24,  6, 17, 31,  7, 27, 15])}
{'13.56.14.158': ['haproxy', 'node-app', 'mongo'], '18.144.43.31': ['node-app', 'mongo']}
Setting cpu quota to 115000 out of 250000
STRESSING VM_IP 13.56.14.158 AND CONTAINER d824175f3227, NET 30720.0
STRESSING VM_IP 13.56.14.158 AND CONTAINER d824175f3227, DISK 18454937.6
STRESSING VM_IP 13.56.14.158 AND CONTAINER d824175f3227, MEMORY 225000000.0
Recovering the memory utilization
Setting cpu quota to 85000 out of 250000
STRESSING VM_IP 13.56.14.158 AND CONTAINER cd40be619604, NET 122880.0
STRESSING VM_IP 13.56.14.158 AND CONTAINER cd40be619604, DISK 14260633.6
STRESSING VM_IP 13.56.14.158 AND CONTAINER cd40be619604, MEMORY 900000000.0
Recovering the memory utilization
Setting cpu quota to 17500 out of 250000
STRESSING VM_IP 13.56.14.158 AND CONTAINER c21ccad5695a, NET 122880.0
STRESSING VM_IP 13.56.14.158 AND CONTAINER c21ccad5695a, DISK 16777216.0
STRESSING VM_IP 13.56.14.158 AND CONTAINER c21ccad5695a, MEMORY 637500000.0
Recovering the memory utilization
Setting cpu quota to 85000 out of 250000
STRESSING VM_IP 18.144.43.31 AND CONTAINER 01a0240fb06e, NET 122880.0
STRESSING VM_IP 18.144.43.31 AND CONTAINER 01a0240fb06e, DISK 14260633.6
STRESSING VM_IP 18.144.43.31 AND CONTAINER 01a0240fb06e, MEMORY 900000000.0
Recovering the memory utilization
Setting cpu quota to 17500 out of 250000
STRESSING VM_IP 18.144.43.31 AND CONTAINER d4df0b3c1712, NET 122880.0
STRESSING VM_IP 18.144.43.31 AND CONTAINER d4df0b3c1712, DISK 16777216.0
STRESSING VM_IP 18.144.43.31 AND CONTAINER d4df0b3c1712, MEMORY 637500000.0
Recovering the memory utilization
Using 5 trials
INVALID EXPERIMENT TYPE: todo-app

----------------------------------------
Problem running the job:
(<type 'exceptions.SystemExit'>, SystemExit(None,), <traceback object at 0x7f848c1ffab8>)
Traceback (most recent call last):
  File "/home/ubuntu/throttlebot/src/spearmint/spearmint/runner.py", line 42, in job_runner
    elif job.language == PYTHON: run_python_job(job)
  File "/home/ubuntu/throttlebot/src/spearmint/spearmint/runner.py", line 142, in run_python_job
    result = module.main(job.id, params)
  File "/home/ubuntu/throttlebot/src/spearmint/bayOptSearch/bayOpt.py", line 104, in main
    return explore_spearmint(workload_config, params)
  File "/home/ubuntu/throttlebot/src/spearmint/bayOptSearch/bayOpt.py", line 204, in explore_spearmint
    experiment_results = run_experiment.measure_runtime(workload_config, experiment_trials)
  File "/home/ubuntu/throttlebot/src/run_experiment.py", line 37, in measure_runtime
    exit()
  File "/usr/lib/python2.7/site.py", line 375, in __call__
    raise SystemExit(code)
SystemExit: None
None
----------------------------------------
Job file reloaded.
Could not find value in output file.
Job failed in 17.37 seconds.
