Running in wrapper mode for '220'

Running python job.

[name: "CPU-QUOTA"
int_val: 10
int_val: 35
int_val: 8
int_val: 30
int_val: 19
int_val: 76
int_val: 54
, name: "DISK"
int_val: 31
int_val: 30
int_val: 12
int_val: 16
int_val: 19
int_val: 23
int_val: 8
, name: "MEMORY"
int_val: 25
int_val: 10
int_val: 37
int_val: 18
int_val: 26
int_val: 9
int_val: 32
, name: "NET"
int_val: 39
int_val: 9
int_val: 17
int_val: 20
int_val: 33
int_val: 35
int_val: 21
]
The paramters are {u'CPU-QUOTA': array([10, 35,  8, 30, 19, 76, 54]), u'NET': array([39,  9, 17, 20, 33, 35, 21]), u'DISK': array([31, 30, 12, 16, 19, 23,  8]), u'MEMORY': array([25, 10, 37, 18, 26,  9, 32])}
{'13.56.14.158': ['haproxy', 'node-app', 'mongo'], '18.144.43.31': ['node-app', 'mongo']}
Setting cpu quota to 87500 out of 250000
STRESSING VM_IP 13.56.14.158 AND CONTAINER d824175f3227, NET 46080.0
STRESSING VM_IP 13.56.14.158 AND CONTAINER d824175f3227, DISK 25165824.0
STRESSING VM_IP 13.56.14.158 AND CONTAINER d824175f3227, MEMORY 375000000.0
Recovering the memory utilization
Setting cpu quota to 25000 out of 250000
STRESSING VM_IP 13.56.14.158 AND CONTAINER cd40be619604, NET 199680.0
STRESSING VM_IP 13.56.14.158 AND CONTAINER cd40be619604, DISK 26004684.8
STRESSING VM_IP 13.56.14.158 AND CONTAINER cd40be619604, MEMORY 937500000.0
Recovering the memory utilization
Setting cpu quota to 20000 out of 250000
STRESSING VM_IP 13.56.14.158 AND CONTAINER c21ccad5695a, NET 87040.0
STRESSING VM_IP 13.56.14.158 AND CONTAINER c21ccad5695a, DISK 10066329.6
STRESSING VM_IP 13.56.14.158 AND CONTAINER c21ccad5695a, MEMORY 1387500000.0
Recovering the memory utilization
Setting cpu quota to 25000 out of 250000
STRESSING VM_IP 18.144.43.31 AND CONTAINER 01a0240fb06e, NET 199680.0
STRESSING VM_IP 18.144.43.31 AND CONTAINER 01a0240fb06e, DISK 26004684.8
STRESSING VM_IP 18.144.43.31 AND CONTAINER 01a0240fb06e, MEMORY 937500000.0
Recovering the memory utilization
Setting cpu quota to 20000 out of 250000
STRESSING VM_IP 18.144.43.31 AND CONTAINER d4df0b3c1712, NET 87040.0
STRESSING VM_IP 18.144.43.31 AND CONTAINER d4df0b3c1712, DISK 10066329.6
STRESSING VM_IP 18.144.43.31 AND CONTAINER d4df0b3c1712, MEMORY 1387500000.0
Recovering the memory utilization
Using 5 trials
INVALID EXPERIMENT TYPE: todo-app

----------------------------------------
Problem running the job:
(<type 'exceptions.SystemExit'>, SystemExit(None,), <traceback object at 0x7f4038482b00>)
Traceback (most recent call last):
  File "/home/ubuntu/throttlebot/src/spearmint/spearmint/runner.py", line 42, in job_runner
    elif job.language == PYTHON: run_python_job(job)
  File "/home/ubuntu/throttlebot/src/spearmint/spearmint/runner.py", line 142, in run_python_job
    result = module.main(job.id, params)
  File "/home/ubuntu/throttlebot/src/spearmint/bayOptSearch/bayOpt.py", line 104, in main
    return explore_spearmint(workload_config, params)
  File "/home/ubuntu/throttlebot/src/spearmint/bayOptSearch/bayOpt.py", line 204, in explore_spearmint
    experiment_results = run_experiment.measure_runtime(workload_config, experiment_trials)
  File "/home/ubuntu/throttlebot/src/run_experiment.py", line 37, in measure_runtime
    exit()
  File "/usr/lib/python2.7/site.py", line 375, in __call__
    raise SystemExit(code)
SystemExit: None
None
----------------------------------------
Job file reloaded.
Could not find value in output file.
Job failed in 15.49 seconds.
