Running in wrapper mode for '35'

Running python job.

[name: "CPU-QUOTA"
int_val: 20
int_val: 68
int_val: 41
int_val: 6
int_val: 53
int_val: 80
int_val: 77
, name: "DISK"
int_val: 17
int_val: 24
int_val: 15
int_val: 8
int_val: 22
int_val: 17
int_val: 10
, name: "MEMORY"
int_val: 18
int_val: 36
int_val: 37
int_val: 29
int_val: 28
int_val: 15
int_val: 11
, name: "NET"
int_val: 27
int_val: 21
int_val: 29
int_val: 27
int_val: 13
int_val: 35
int_val: 22
]
The paramters are {u'CPU-QUOTA': array([20, 68, 41,  6, 53, 80, 77]), u'NET': array([27, 21, 29, 27, 13, 35, 22]), u'DISK': array([17, 24, 15,  8, 22, 17, 10]), u'MEMORY': array([18, 36, 37, 29, 28, 15, 11])}
{'13.56.14.158': ['haproxy', 'node-app', 'mongo'], '18.144.43.31': ['node-app', 'mongo']}
----------------------------------------
Problem running the job:
(<class 'paramiko.ssh_exception.BadAuthenticationType'>, BadAuthenticationType('Bad authentication type', [u'publickey']), <traceback object at 0x7fd41b7aefc8>)
Traceback (most recent call last):
  File "/home/ubuntu/throttlebot/src/spearmint/spearmint/runner.py", line 42, in job_runner
    elif job.language == PYTHON: run_python_job(job)
  File "/home/ubuntu/throttlebot/src/spearmint/spearmint/runner.py", line 142, in run_python_job
    result = module.main(job.id, params)
  File "/home/ubuntu/throttlebot/src/spearmint/bayOptSearch/bayOpt.py", line 104, in main
    return explore_spearmint(workload_config, params)
  File "/home/ubuntu/throttlebot/src/spearmint/bayOptSearch/bayOpt.py", line 147, in explore_spearmint
    client = re.get_client(machine)
  File "/home/ubuntu/throttlebot/src/remote_execution.py", line 6, in get_client
    client.connect(ip, username="quilt", password="")
  File "/home/ubuntu/.local/lib/python2.7/site-packages/paramiko/client.py", line 424, in connect
    passphrase,
  File "/home/ubuntu/.local/lib/python2.7/site-packages/paramiko/client.py", line 714, in _auth
    raise saved_exception
BadAuthenticationType: ('Bad authentication type', [u'publickey']) (allowed_types=[u'publickey'])
None
----------------------------------------
Job file reloaded.
Could not find value in output file.
Job failed in 0.44 seconds.
