Running in wrapper mode for '105'

Running python job.

[name: "CPU-QUOTA"
int_val: 87
int_val: 72
int_val: 71
int_val: 66
int_val: 65
int_val: 54
int_val: 30
, name: "DISK"
int_val: 7
int_val: 26
int_val: 35
int_val: 25
int_val: 28
int_val: 34
int_val: 37
, name: "MEMORY"
int_val: 18
int_val: 8
int_val: 29
int_val: 14
int_val: 26
int_val: 39
int_val: 34
, name: "NET"
int_val: 34
int_val: 11
int_val: 37
int_val: 29
int_val: 16
int_val: 6
int_val: 28
]
The paramters are {u'CPU-QUOTA': array([87, 72, 71, 66, 65, 54, 30]), u'NET': array([34, 11, 37, 29, 16,  6, 28]), u'DISK': array([ 7, 26, 35, 25, 28, 34, 37]), u'MEMORY': array([18,  8, 29, 14, 26, 39, 34])}
{'13.56.14.158': ['haproxy', 'node-app', 'mongo'], '18.144.43.31': ['node-app', 'mongo']}
----------------------------------------
Problem running the job:
(<class 'paramiko.ssh_exception.BadAuthenticationType'>, BadAuthenticationType('Bad authentication type', [u'publickey']), <traceback object at 0x7fd41b75cb48>)
Traceback (most recent call last):
  File "/home/ubuntu/throttlebot/src/spearmint/spearmint/runner.py", line 42, in job_runner
    elif job.language == PYTHON: run_python_job(job)
  File "/home/ubuntu/throttlebot/src/spearmint/spearmint/runner.py", line 142, in run_python_job
    result = module.main(job.id, params)
  File "/home/ubuntu/throttlebot/src/spearmint/bayOptSearch/bayOpt.py", line 104, in main
    return explore_spearmint(workload_config, params)
  File "/home/ubuntu/throttlebot/src/spearmint/bayOptSearch/bayOpt.py", line 147, in explore_spearmint
    client = re.get_client(machine)
  File "/home/ubuntu/throttlebot/src/remote_execution.py", line 6, in get_client
    client.connect(ip, username="quilt", password="")
  File "/home/ubuntu/.local/lib/python2.7/site-packages/paramiko/client.py", line 424, in connect
    passphrase,
  File "/home/ubuntu/.local/lib/python2.7/site-packages/paramiko/client.py", line 714, in _auth
    raise saved_exception
BadAuthenticationType: ('Bad authentication type', [u'publickey']) (allowed_types=[u'publickey'])
None
----------------------------------------
Job file reloaded.
Could not find value in output file.
Job failed in 0.45 seconds.
