Running in wrapper mode for '191'

Running python job.

[name: "CPU-QUOTA"
int_val: 30
int_val: 84
int_val: 85
int_val: 13
int_val: 83
int_val: 87
int_val: 53
, name: "DISK"
int_val: 34
int_val: 37
int_val: 22
int_val: 31
int_val: 5
int_val: 9
int_val: 22
, name: "MEMORY"
int_val: 16
int_val: 11
int_val: 21
int_val: 30
int_val: 11
int_val: 29
int_val: 18
, name: "NET"
int_val: 31
int_val: 30
int_val: 34
int_val: 9
int_val: 35
int_val: 37
int_val: 30
]
The paramters are {u'CPU-QUOTA': array([30, 84, 85, 13, 83, 87, 53]), u'NET': array([31, 30, 34,  9, 35, 37, 30]), u'DISK': array([34, 37, 22, 31,  5,  9, 22]), u'MEMORY': array([16, 11, 21, 30, 11, 29, 18])}
{'13.56.14.158': ['haproxy', 'node-app', 'mongo'], '18.144.43.31': ['node-app', 'mongo']}
Setting cpu quota to 210000 out of 250000
STRESSING VM_IP 13.56.14.158 AND CONTAINER d824175f3227, NET 153600.0
STRESSING VM_IP 13.56.14.158 AND CONTAINER d824175f3227, DISK 31037849.6
STRESSING VM_IP 13.56.14.158 AND CONTAINER d824175f3227, MEMORY 412500000.0
Recovering the memory utilization
Setting cpu quota to 75000 out of 250000
STRESSING VM_IP 13.56.14.158 AND CONTAINER cd40be619604, NET 158720.0
STRESSING VM_IP 13.56.14.158 AND CONTAINER cd40be619604, DISK 28521267.2
STRESSING VM_IP 13.56.14.158 AND CONTAINER cd40be619604, MEMORY 600000000.0
Recovering the memory utilization
Setting cpu quota to 212500 out of 250000
STRESSING VM_IP 13.56.14.158 AND CONTAINER c21ccad5695a, NET 174080.0
STRESSING VM_IP 13.56.14.158 AND CONTAINER c21ccad5695a, DISK 18454937.6
STRESSING VM_IP 13.56.14.158 AND CONTAINER c21ccad5695a, MEMORY 787500000.0
Recovering the memory utilization
Setting cpu quota to 75000 out of 250000
STRESSING VM_IP 18.144.43.31 AND CONTAINER 01a0240fb06e, NET 158720.0
STRESSING VM_IP 18.144.43.31 AND CONTAINER 01a0240fb06e, DISK 28521267.2
STRESSING VM_IP 18.144.43.31 AND CONTAINER 01a0240fb06e, MEMORY 600000000.0
Recovering the memory utilization
Setting cpu quota to 212500 out of 250000
STRESSING VM_IP 18.144.43.31 AND CONTAINER d4df0b3c1712, NET 174080.0
STRESSING VM_IP 18.144.43.31 AND CONTAINER d4df0b3c1712, DISK 18454937.6
STRESSING VM_IP 18.144.43.31 AND CONTAINER d4df0b3c1712, MEMORY 787500000.0
Recovering the memory utilization
Using 5 trials
INVALID EXPERIMENT TYPE: todo-app

----------------------------------------
Problem running the job:
(<type 'exceptions.SystemExit'>, SystemExit(None,), <traceback object at 0x7f40384f2cf8>)
Traceback (most recent call last):
  File "/home/ubuntu/throttlebot/src/spearmint/spearmint/runner.py", line 42, in job_runner
    elif job.language == PYTHON: run_python_job(job)
  File "/home/ubuntu/throttlebot/src/spearmint/spearmint/runner.py", line 142, in run_python_job
    result = module.main(job.id, params)
  File "/home/ubuntu/throttlebot/src/spearmint/bayOptSearch/bayOpt.py", line 104, in main
    return explore_spearmint(workload_config, params)
  File "/home/ubuntu/throttlebot/src/spearmint/bayOptSearch/bayOpt.py", line 204, in explore_spearmint
    experiment_results = run_experiment.measure_runtime(workload_config, experiment_trials)
  File "/home/ubuntu/throttlebot/src/run_experiment.py", line 37, in measure_runtime
    exit()
  File "/usr/lib/python2.7/site.py", line 375, in __call__
    raise SystemExit(code)
SystemExit: None
None
----------------------------------------
Job file reloaded.
Could not find value in output file.
Job failed in 15.41 seconds.
