Running in wrapper mode for '238'

Running python job.

[name: "CPU-QUOTA"
int_val: 85
int_val: 44
int_val: 11
int_val: 45
int_val: 70
int_val: 67
int_val: 81
, name: "DISK"
int_val: 10
int_val: 13
int_val: 27
int_val: 19
int_val: 22
int_val: 8
int_val: 40
, name: "MEMORY"
int_val: 5
int_val: 18
int_val: 13
int_val: 28
int_val: 5
int_val: 10
int_val: 17
, name: "NET"
int_val: 16
int_val: 39
int_val: 22
int_val: 14
int_val: 23
int_val: 27
int_val: 8
]
The paramters are {u'CPU-QUOTA': array([85, 44, 11, 45, 70, 67, 81]), u'NET': array([16, 39, 22, 14, 23, 27,  8]), u'DISK': array([10, 13, 27, 19, 22,  8, 40]), u'MEMORY': array([ 5, 18, 13, 28,  5, 10, 17])}
{'13.56.14.158': ['haproxy', 'node-app', 'mongo'], '18.144.43.31': ['node-app', 'mongo']}
Setting cpu quota to 110000 out of 250000
STRESSING VM_IP 13.56.14.158 AND CONTAINER d824175f3227, NET 199680.0
STRESSING VM_IP 13.56.14.158 AND CONTAINER d824175f3227, DISK 10905190.4
STRESSING VM_IP 13.56.14.158 AND CONTAINER d824175f3227, MEMORY 675000000.0
Recovering the memory utilization
Setting cpu quota to 212500 out of 250000
STRESSING VM_IP 13.56.14.158 AND CONTAINER cd40be619604, NET 81920.0
STRESSING VM_IP 13.56.14.158 AND CONTAINER cd40be619604, DISK 8388608.0
STRESSING VM_IP 13.56.14.158 AND CONTAINER cd40be619604, MEMORY 187500000.0
Recovering the memory utilization
Setting cpu quota to 27500 out of 250000
STRESSING VM_IP 13.56.14.158 AND CONTAINER c21ccad5695a, NET 112640.0
STRESSING VM_IP 13.56.14.158 AND CONTAINER c21ccad5695a, DISK 22649241.6
STRESSING VM_IP 13.56.14.158 AND CONTAINER c21ccad5695a, MEMORY 487500000.0
Recovering the memory utilization
Setting cpu quota to 212500 out of 250000
STRESSING VM_IP 18.144.43.31 AND CONTAINER 01a0240fb06e, NET 81920.0
STRESSING VM_IP 18.144.43.31 AND CONTAINER 01a0240fb06e, DISK 8388608.0
STRESSING VM_IP 18.144.43.31 AND CONTAINER 01a0240fb06e, MEMORY 187500000.0
Recovering the memory utilization
Setting cpu quota to 27500 out of 250000
STRESSING VM_IP 18.144.43.31 AND CONTAINER d4df0b3c1712, NET 112640.0
STRESSING VM_IP 18.144.43.31 AND CONTAINER d4df0b3c1712, DISK 22649241.6
STRESSING VM_IP 18.144.43.31 AND CONTAINER d4df0b3c1712, MEMORY 487500000.0
Recovering the memory utilization
Using 5 trials
INVALID EXPERIMENT TYPE: todo-app

----------------------------------------
Problem running the job:
(<type 'exceptions.SystemExit'>, SystemExit(None,), <traceback object at 0x7f403847ea28>)
Traceback (most recent call last):
  File "/home/ubuntu/throttlebot/src/spearmint/spearmint/runner.py", line 42, in job_runner
    elif job.language == PYTHON: run_python_job(job)
  File "/home/ubuntu/throttlebot/src/spearmint/spearmint/runner.py", line 142, in run_python_job
    result = module.main(job.id, params)
  File "/home/ubuntu/throttlebot/src/spearmint/bayOptSearch/bayOpt.py", line 104, in main
    return explore_spearmint(workload_config, params)
  File "/home/ubuntu/throttlebot/src/spearmint/bayOptSearch/bayOpt.py", line 204, in explore_spearmint
    experiment_results = run_experiment.measure_runtime(workload_config, experiment_trials)
  File "/home/ubuntu/throttlebot/src/run_experiment.py", line 37, in measure_runtime
    exit()
  File "/usr/lib/python2.7/site.py", line 375, in __call__
    raise SystemExit(code)
SystemExit: None
None
----------------------------------------
Job file reloaded.
Could not find value in output file.
Job failed in 15.52 seconds.
