Running in wrapper mode for '267'

Running python job.

[name: "CPU-QUOTA"
int_val: 13
int_val: 54
int_val: 37
int_val: 32
int_val: 60
int_val: 84
int_val: 85
, name: "DISK"
int_val: 12
int_val: 33
int_val: 35
int_val: 32
int_val: 36
int_val: 12
int_val: 40
, name: "MEMORY"
int_val: 14
int_val: 38
int_val: 17
int_val: 10
int_val: 39
int_val: 22
int_val: 36
, name: "NET"
int_val: 37
int_val: 19
int_val: 27
int_val: 10
int_val: 22
int_val: 24
int_val: 15
]
The paramters are {u'CPU-QUOTA': array([13, 54, 37, 32, 60, 84, 85]), u'NET': array([37, 19, 27, 10, 22, 24, 15]), u'DISK': array([12, 33, 35, 32, 36, 12, 40]), u'MEMORY': array([14, 38, 17, 10, 39, 22, 36])}
{'13.56.14.158': ['haproxy', 'node-app', 'mongo'], '18.144.43.31': ['node-app', 'mongo']}
Setting cpu quota to 135000 out of 250000
STRESSING VM_IP 13.56.14.158 AND CONTAINER d824175f3227, NET 97280.0
STRESSING VM_IP 13.56.14.158 AND CONTAINER d824175f3227, DISK 27682406.4
STRESSING VM_IP 13.56.14.158 AND CONTAINER d824175f3227, MEMORY 1425000000.0
Recovering the memory utilization
Setting cpu quota to 32500 out of 250000
STRESSING VM_IP 13.56.14.158 AND CONTAINER cd40be619604, NET 189440.0
STRESSING VM_IP 13.56.14.158 AND CONTAINER cd40be619604, DISK 10066329.6
STRESSING VM_IP 13.56.14.158 AND CONTAINER cd40be619604, MEMORY 525000000.0
Recovering the memory utilization
Setting cpu quota to 92500 out of 250000
STRESSING VM_IP 13.56.14.158 AND CONTAINER c21ccad5695a, NET 138240.0
STRESSING VM_IP 13.56.14.158 AND CONTAINER c21ccad5695a, DISK 29360128.0
STRESSING VM_IP 13.56.14.158 AND CONTAINER c21ccad5695a, MEMORY 637500000.0
Recovering the memory utilization
Setting cpu quota to 32500 out of 250000
STRESSING VM_IP 18.144.43.31 AND CONTAINER 01a0240fb06e, NET 189440.0
STRESSING VM_IP 18.144.43.31 AND CONTAINER 01a0240fb06e, DISK 10066329.6
STRESSING VM_IP 18.144.43.31 AND CONTAINER 01a0240fb06e, MEMORY 525000000.0
Recovering the memory utilization
Setting cpu quota to 92500 out of 250000
STRESSING VM_IP 18.144.43.31 AND CONTAINER d4df0b3c1712, NET 138240.0
STRESSING VM_IP 18.144.43.31 AND CONTAINER d4df0b3c1712, DISK 29360128.0
STRESSING VM_IP 18.144.43.31 AND CONTAINER d4df0b3c1712, MEMORY 637500000.0
Recovering the memory utilization
Using 5 trials
INVALID EXPERIMENT TYPE: todo-app

----------------------------------------
Problem running the job:
(<type 'exceptions.SystemExit'>, SystemExit(None,), <traceback object at 0x7f40384e1560>)
Traceback (most recent call last):
  File "/home/ubuntu/throttlebot/src/spearmint/spearmint/runner.py", line 42, in job_runner
    elif job.language == PYTHON: run_python_job(job)
  File "/home/ubuntu/throttlebot/src/spearmint/spearmint/runner.py", line 142, in run_python_job
    result = module.main(job.id, params)
  File "/home/ubuntu/throttlebot/src/spearmint/bayOptSearch/bayOpt.py", line 104, in main
    return explore_spearmint(workload_config, params)
  File "/home/ubuntu/throttlebot/src/spearmint/bayOptSearch/bayOpt.py", line 204, in explore_spearmint
    experiment_results = run_experiment.measure_runtime(workload_config, experiment_trials)
  File "/home/ubuntu/throttlebot/src/run_experiment.py", line 37, in measure_runtime
    exit()
  File "/usr/lib/python2.7/site.py", line 375, in __call__
    raise SystemExit(code)
SystemExit: None
None
----------------------------------------
Job file reloaded.
Could not find value in output file.
Job failed in 15.41 seconds.
