Running in wrapper mode for '300'

Running python job.

[name: "CPU-QUOTA"
int_val: 11
int_val: 34
int_val: 66
int_val: 91
int_val: 38
int_val: 26
int_val: 45
, name: "DISK"
int_val: 35
int_val: 14
int_val: 5
int_val: 24
int_val: 11
int_val: 32
int_val: 20
, name: "MEMORY"
int_val: 32
int_val: 39
int_val: 16
int_val: 6
int_val: 19
int_val: 23
int_val: 12
, name: "NET"
int_val: 29
int_val: 17
int_val: 40
int_val: 16
int_val: 21
int_val: 35
int_val: 22
]
The paramters are {u'CPU-QUOTA': array([11, 34, 66, 91, 38, 26, 45]), u'NET': array([29, 17, 40, 16, 21, 35, 22]), u'DISK': array([35, 14,  5, 24, 11, 32, 20]), u'MEMORY': array([32, 39, 16,  6, 19, 23, 12])}
{'13.56.14.158': ['haproxy', 'node-app', 'mongo'], '18.144.43.31': ['node-app', 'mongo']}
Setting cpu quota to 85000 out of 250000
STRESSING VM_IP 13.56.14.158 AND CONTAINER d824175f3227, NET 87040.0
STRESSING VM_IP 13.56.14.158 AND CONTAINER d824175f3227, DISK 11744051.2
STRESSING VM_IP 13.56.14.158 AND CONTAINER d824175f3227, MEMORY 1462500000.0
Recovering the memory utilization
Setting cpu quota to 27500 out of 250000
STRESSING VM_IP 13.56.14.158 AND CONTAINER cd40be619604, NET 148480.0
STRESSING VM_IP 13.56.14.158 AND CONTAINER cd40be619604, DISK 29360128.0
STRESSING VM_IP 13.56.14.158 AND CONTAINER cd40be619604, MEMORY 1200000000.0
Recovering the memory utilization
Setting cpu quota to 165000 out of 250000
STRESSING VM_IP 13.56.14.158 AND CONTAINER c21ccad5695a, NET 204800.0
STRESSING VM_IP 13.56.14.158 AND CONTAINER c21ccad5695a, DISK 4194304.0
STRESSING VM_IP 13.56.14.158 AND CONTAINER c21ccad5695a, MEMORY 600000000.0
Recovering the memory utilization
Setting cpu quota to 27500 out of 250000
STRESSING VM_IP 18.144.43.31 AND CONTAINER 01a0240fb06e, NET 148480.0
STRESSING VM_IP 18.144.43.31 AND CONTAINER 01a0240fb06e, DISK 29360128.0
STRESSING VM_IP 18.144.43.31 AND CONTAINER 01a0240fb06e, MEMORY 1200000000.0
Recovering the memory utilization
Setting cpu quota to 165000 out of 250000
STRESSING VM_IP 18.144.43.31 AND CONTAINER d4df0b3c1712, NET 204800.0
STRESSING VM_IP 18.144.43.31 AND CONTAINER d4df0b3c1712, DISK 4194304.0
STRESSING VM_IP 18.144.43.31 AND CONTAINER d4df0b3c1712, MEMORY 600000000.0
Recovering the memory utilization
Using 5 trials
INVALID EXPERIMENT TYPE: todo-app

----------------------------------------
Problem running the job:
(<type 'exceptions.SystemExit'>, SystemExit(None,), <traceback object at 0x7f403849cd40>)
Traceback (most recent call last):
  File "/home/ubuntu/throttlebot/src/spearmint/spearmint/runner.py", line 42, in job_runner
    elif job.language == PYTHON: run_python_job(job)
  File "/home/ubuntu/throttlebot/src/spearmint/spearmint/runner.py", line 142, in run_python_job
    result = module.main(job.id, params)
  File "/home/ubuntu/throttlebot/src/spearmint/bayOptSearch/bayOpt.py", line 104, in main
    return explore_spearmint(workload_config, params)
  File "/home/ubuntu/throttlebot/src/spearmint/bayOptSearch/bayOpt.py", line 204, in explore_spearmint
    experiment_results = run_experiment.measure_runtime(workload_config, experiment_trials)
  File "/home/ubuntu/throttlebot/src/run_experiment.py", line 37, in measure_runtime
    exit()
  File "/usr/lib/python2.7/site.py", line 375, in __call__
    raise SystemExit(code)
SystemExit: None
None
----------------------------------------
Job file reloaded.
Could not find value in output file.
Job failed in 15.43 seconds.
