Running in wrapper mode for '198'

Running python job.

[name: "CPU-QUOTA"
int_val: 96
int_val: 6
int_val: 7
int_val: 19
int_val: 77
int_val: 45
int_val: 11
, name: "DISK"
int_val: 27
int_val: 17
int_val: 37
int_val: 24
int_val: 16
int_val: 7
int_val: 15
, name: "MEMORY"
int_val: 36
int_val: 9
int_val: 33
int_val: 10
int_val: 31
int_val: 40
int_val: 7
, name: "NET"
int_val: 19
int_val: 10
int_val: 5
int_val: 34
int_val: 10
int_val: 35
int_val: 15
]
The paramters are {u'CPU-QUOTA': array([96,  6,  7, 19, 77, 45, 11]), u'NET': array([19, 10,  5, 34, 10, 35, 15]), u'DISK': array([27, 17, 37, 24, 16,  7, 15]), u'MEMORY': array([36,  9, 33, 10, 31, 40,  7])}
{'13.56.14.158': ['haproxy', 'node-app', 'mongo'], '18.144.43.31': ['node-app', 'mongo']}
Setting cpu quota to 15000 out of 250000
STRESSING VM_IP 13.56.14.158 AND CONTAINER d824175f3227, NET 51200.0
STRESSING VM_IP 13.56.14.158 AND CONTAINER d824175f3227, DISK 14260633.6
STRESSING VM_IP 13.56.14.158 AND CONTAINER d824175f3227, MEMORY 337500000.0
Recovering the memory utilization
Setting cpu quota to 240000 out of 250000
STRESSING VM_IP 13.56.14.158 AND CONTAINER cd40be619604, NET 97280.0
STRESSING VM_IP 13.56.14.158 AND CONTAINER cd40be619604, DISK 22649241.6
STRESSING VM_IP 13.56.14.158 AND CONTAINER cd40be619604, MEMORY 1350000000.0
Recovering the memory utilization
Setting cpu quota to 17500 out of 250000
STRESSING VM_IP 13.56.14.158 AND CONTAINER c21ccad5695a, NET 25600.0
STRESSING VM_IP 13.56.14.158 AND CONTAINER c21ccad5695a, DISK 31037849.6
STRESSING VM_IP 13.56.14.158 AND CONTAINER c21ccad5695a, MEMORY 1237500000.0
Recovering the memory utilization
Setting cpu quota to 240000 out of 250000
STRESSING VM_IP 18.144.43.31 AND CONTAINER 01a0240fb06e, NET 97280.0
STRESSING VM_IP 18.144.43.31 AND CONTAINER 01a0240fb06e, DISK 22649241.6
STRESSING VM_IP 18.144.43.31 AND CONTAINER 01a0240fb06e, MEMORY 1350000000.0
Recovering the memory utilization
Setting cpu quota to 17500 out of 250000
STRESSING VM_IP 18.144.43.31 AND CONTAINER d4df0b3c1712, NET 25600.0
STRESSING VM_IP 18.144.43.31 AND CONTAINER d4df0b3c1712, DISK 31037849.6
STRESSING VM_IP 18.144.43.31 AND CONTAINER d4df0b3c1712, MEMORY 1237500000.0
Recovering the memory utilization
Using 5 trials
INVALID EXPERIMENT TYPE: todo-app

----------------------------------------
Problem running the job:
(<type 'exceptions.SystemExit'>, SystemExit(None,), <traceback object at 0x7f40384dd710>)
Traceback (most recent call last):
  File "/home/ubuntu/throttlebot/src/spearmint/spearmint/runner.py", line 42, in job_runner
    elif job.language == PYTHON: run_python_job(job)
  File "/home/ubuntu/throttlebot/src/spearmint/spearmint/runner.py", line 142, in run_python_job
    result = module.main(job.id, params)
  File "/home/ubuntu/throttlebot/src/spearmint/bayOptSearch/bayOpt.py", line 104, in main
    return explore_spearmint(workload_config, params)
  File "/home/ubuntu/throttlebot/src/spearmint/bayOptSearch/bayOpt.py", line 204, in explore_spearmint
    experiment_results = run_experiment.measure_runtime(workload_config, experiment_trials)
  File "/home/ubuntu/throttlebot/src/run_experiment.py", line 37, in measure_runtime
    exit()
  File "/usr/lib/python2.7/site.py", line 375, in __call__
    raise SystemExit(code)
SystemExit: None
None
----------------------------------------
Job file reloaded.
Could not find value in output file.
Job failed in 15.23 seconds.
