Running in wrapper mode for '292'

Running python job.

[name: "CPU-QUOTA"
int_val: 26
int_val: 43
int_val: 21
int_val: 28
int_val: 53
int_val: 35
int_val: 96
, name: "DISK"
int_val: 40
int_val: 31
int_val: 22
int_val: 16
int_val: 10
int_val: 24
int_val: 39
, name: "MEMORY"
int_val: 13
int_val: 34
int_val: 19
int_val: 25
int_val: 9
int_val: 10
int_val: 26
, name: "NET"
int_val: 5
int_val: 18
int_val: 32
int_val: 15
int_val: 24
int_val: 34
int_val: 28
]
The paramters are {u'CPU-QUOTA': array([26, 43, 21, 28, 53, 35, 96]), u'NET': array([ 5, 18, 32, 15, 24, 34, 28]), u'DISK': array([40, 31, 22, 16, 10, 24, 39]), u'MEMORY': array([13, 34, 19, 25,  9, 10, 26])}
{'13.56.14.158': ['haproxy', 'node-app', 'mongo'], '18.144.43.31': ['node-app', 'mongo']}
Setting cpu quota to 107500 out of 250000
STRESSING VM_IP 13.56.14.158 AND CONTAINER d824175f3227, NET 92160.0
STRESSING VM_IP 13.56.14.158 AND CONTAINER d824175f3227, DISK 26004684.8
STRESSING VM_IP 13.56.14.158 AND CONTAINER d824175f3227, MEMORY 1275000000.0
Recovering the memory utilization
Setting cpu quota to 65000 out of 250000
STRESSING VM_IP 13.56.14.158 AND CONTAINER cd40be619604, NET 25600.0
STRESSING VM_IP 13.56.14.158 AND CONTAINER cd40be619604, DISK 33554432.0
STRESSING VM_IP 13.56.14.158 AND CONTAINER cd40be619604, MEMORY 487500000.0
Recovering the memory utilization
Setting cpu quota to 52500 out of 250000
STRESSING VM_IP 13.56.14.158 AND CONTAINER c21ccad5695a, NET 163840.0
STRESSING VM_IP 13.56.14.158 AND CONTAINER c21ccad5695a, DISK 18454937.6
STRESSING VM_IP 13.56.14.158 AND CONTAINER c21ccad5695a, MEMORY 712500000.0
Recovering the memory utilization
Setting cpu quota to 65000 out of 250000
STRESSING VM_IP 18.144.43.31 AND CONTAINER 01a0240fb06e, NET 25600.0
STRESSING VM_IP 18.144.43.31 AND CONTAINER 01a0240fb06e, DISK 33554432.0
STRESSING VM_IP 18.144.43.31 AND CONTAINER 01a0240fb06e, MEMORY 487500000.0
Recovering the memory utilization
Setting cpu quota to 52500 out of 250000
STRESSING VM_IP 18.144.43.31 AND CONTAINER d4df0b3c1712, NET 163840.0
STRESSING VM_IP 18.144.43.31 AND CONTAINER d4df0b3c1712, DISK 18454937.6
STRESSING VM_IP 18.144.43.31 AND CONTAINER d4df0b3c1712, MEMORY 712500000.0
Recovering the memory utilization
Using 5 trials
INVALID EXPERIMENT TYPE: todo-app

----------------------------------------
Problem running the job:
(<type 'exceptions.SystemExit'>, SystemExit(None,), <traceback object at 0x7f40384afc20>)
Traceback (most recent call last):
  File "/home/ubuntu/throttlebot/src/spearmint/spearmint/runner.py", line 42, in job_runner
    elif job.language == PYTHON: run_python_job(job)
  File "/home/ubuntu/throttlebot/src/spearmint/spearmint/runner.py", line 142, in run_python_job
    result = module.main(job.id, params)
  File "/home/ubuntu/throttlebot/src/spearmint/bayOptSearch/bayOpt.py", line 104, in main
    return explore_spearmint(workload_config, params)
  File "/home/ubuntu/throttlebot/src/spearmint/bayOptSearch/bayOpt.py", line 204, in explore_spearmint
    experiment_results = run_experiment.measure_runtime(workload_config, experiment_trials)
  File "/home/ubuntu/throttlebot/src/run_experiment.py", line 37, in measure_runtime
    exit()
  File "/usr/lib/python2.7/site.py", line 375, in __call__
    raise SystemExit(code)
SystemExit: None
None
----------------------------------------
Job file reloaded.
Could not find value in output file.
Job failed in 15.41 seconds.
