Running in wrapper mode for '280'

Running python job.

[name: "CPU-QUOTA"
int_val: 34
int_val: 27
int_val: 82
int_val: 89
int_val: 63
int_val: 33
int_val: 16
, name: "DISK"
int_val: 11
int_val: 32
int_val: 40
int_val: 20
int_val: 21
int_val: 11
int_val: 26
, name: "MEMORY"
int_val: 15
int_val: 9
int_val: 5
int_val: 20
int_val: 38
int_val: 32
int_val: 32
, name: "NET"
int_val: 34
int_val: 12
int_val: 6
int_val: 25
int_val: 30
int_val: 21
int_val: 27
]
The paramters are {u'CPU-QUOTA': array([34, 27, 82, 89, 63, 33, 16]), u'NET': array([34, 12,  6, 25, 30, 21, 27]), u'DISK': array([11, 32, 40, 20, 21, 11, 26]), u'MEMORY': array([15,  9,  5, 20, 38, 32, 32])}
{'13.56.14.158': ['haproxy', 'node-app', 'mongo'], '18.144.43.31': ['node-app', 'mongo']}
Setting cpu quota to 67500 out of 250000
STRESSING VM_IP 13.56.14.158 AND CONTAINER d824175f3227, NET 61440.0
STRESSING VM_IP 13.56.14.158 AND CONTAINER d824175f3227, DISK 26843545.6
STRESSING VM_IP 13.56.14.158 AND CONTAINER d824175f3227, MEMORY 337500000.0
Recovering the memory utilization
Setting cpu quota to 85000 out of 250000
STRESSING VM_IP 13.56.14.158 AND CONTAINER cd40be619604, NET 174080.0
STRESSING VM_IP 13.56.14.158 AND CONTAINER cd40be619604, DISK 9227468.8
STRESSING VM_IP 13.56.14.158 AND CONTAINER cd40be619604, MEMORY 562500000.0
Recovering the memory utilization
Setting cpu quota to 205000 out of 250000
STRESSING VM_IP 13.56.14.158 AND CONTAINER c21ccad5695a, NET 30720.0
STRESSING VM_IP 13.56.14.158 AND CONTAINER c21ccad5695a, DISK 33554432.0
STRESSING VM_IP 13.56.14.158 AND CONTAINER c21ccad5695a, MEMORY 187500000.0
Recovering the memory utilization
Setting cpu quota to 85000 out of 250000
STRESSING VM_IP 18.144.43.31 AND CONTAINER 01a0240fb06e, NET 174080.0
STRESSING VM_IP 18.144.43.31 AND CONTAINER 01a0240fb06e, DISK 9227468.8
STRESSING VM_IP 18.144.43.31 AND CONTAINER 01a0240fb06e, MEMORY 562500000.0
Recovering the memory utilization
Setting cpu quota to 205000 out of 250000
STRESSING VM_IP 18.144.43.31 AND CONTAINER d4df0b3c1712, NET 30720.0
STRESSING VM_IP 18.144.43.31 AND CONTAINER d4df0b3c1712, DISK 33554432.0
STRESSING VM_IP 18.144.43.31 AND CONTAINER d4df0b3c1712, MEMORY 187500000.0
Recovering the memory utilization
Using 5 trials
INVALID EXPERIMENT TYPE: todo-app

----------------------------------------
Problem running the job:
(<type 'exceptions.SystemExit'>, SystemExit(None,), <traceback object at 0x7f40384a2ab8>)
Traceback (most recent call last):
  File "/home/ubuntu/throttlebot/src/spearmint/spearmint/runner.py", line 42, in job_runner
    elif job.language == PYTHON: run_python_job(job)
  File "/home/ubuntu/throttlebot/src/spearmint/spearmint/runner.py", line 142, in run_python_job
    result = module.main(job.id, params)
  File "/home/ubuntu/throttlebot/src/spearmint/bayOptSearch/bayOpt.py", line 104, in main
    return explore_spearmint(workload_config, params)
  File "/home/ubuntu/throttlebot/src/spearmint/bayOptSearch/bayOpt.py", line 204, in explore_spearmint
    experiment_results = run_experiment.measure_runtime(workload_config, experiment_trials)
  File "/home/ubuntu/throttlebot/src/run_experiment.py", line 37, in measure_runtime
    exit()
  File "/usr/lib/python2.7/site.py", line 375, in __call__
    raise SystemExit(code)
SystemExit: None
None
----------------------------------------
Job file reloaded.
Could not find value in output file.
Job failed in 15.32 seconds.
