Running in wrapper mode for '302'

Running python job.

[name: "CPU-QUOTA"
int_val: 83
int_val: 10
int_val: 42
int_val: 67
int_val: 62
int_val: 50
int_val: 69
, name: "DISK"
int_val: 26
int_val: 5
int_val: 32
int_val: 33
int_val: 38
int_val: 23
int_val: 29
, name: "MEMORY"
int_val: 23
int_val: 12
int_val: 25
int_val: 15
int_val: 28
int_val: 32
int_val: 39
, name: "NET"
int_val: 38
int_val: 26
int_val: 31
int_val: 7
int_val: 30
int_val: 8
int_val: 31
]
The paramters are {u'CPU-QUOTA': array([83, 10, 42, 67, 62, 50, 69]), u'NET': array([38, 26, 31,  7, 30,  8, 31]), u'DISK': array([26,  5, 32, 33, 38, 23, 29]), u'MEMORY': array([23, 12, 25, 15, 28, 32, 39])}
{'13.56.14.158': ['haproxy', 'node-app', 'mongo'], '18.144.43.31': ['node-app', 'mongo']}
Setting cpu quota to 25000 out of 250000
STRESSING VM_IP 13.56.14.158 AND CONTAINER d824175f3227, NET 133120.0
STRESSING VM_IP 13.56.14.158 AND CONTAINER d824175f3227, DISK 4194304.0
STRESSING VM_IP 13.56.14.158 AND CONTAINER d824175f3227, MEMORY 450000000.0
Recovering the memory utilization
Setting cpu quota to 207500 out of 250000
STRESSING VM_IP 13.56.14.158 AND CONTAINER cd40be619604, NET 194560.0
STRESSING VM_IP 13.56.14.158 AND CONTAINER cd40be619604, DISK 21810380.8
STRESSING VM_IP 13.56.14.158 AND CONTAINER cd40be619604, MEMORY 862500000.0
Recovering the memory utilization
Setting cpu quota to 105000 out of 250000
STRESSING VM_IP 13.56.14.158 AND CONTAINER c21ccad5695a, NET 158720.0
STRESSING VM_IP 13.56.14.158 AND CONTAINER c21ccad5695a, DISK 26843545.6
STRESSING VM_IP 13.56.14.158 AND CONTAINER c21ccad5695a, MEMORY 937500000.0
Recovering the memory utilization
Setting cpu quota to 207500 out of 250000
STRESSING VM_IP 18.144.43.31 AND CONTAINER 01a0240fb06e, NET 194560.0
STRESSING VM_IP 18.144.43.31 AND CONTAINER 01a0240fb06e, DISK 21810380.8
STRESSING VM_IP 18.144.43.31 AND CONTAINER 01a0240fb06e, MEMORY 862500000.0
Recovering the memory utilization
Setting cpu quota to 105000 out of 250000
STRESSING VM_IP 18.144.43.31 AND CONTAINER d4df0b3c1712, NET 158720.0
STRESSING VM_IP 18.144.43.31 AND CONTAINER d4df0b3c1712, DISK 26843545.6
STRESSING VM_IP 18.144.43.31 AND CONTAINER d4df0b3c1712, MEMORY 937500000.0
Recovering the memory utilization
Using 5 trials
INVALID EXPERIMENT TYPE: todo-app

----------------------------------------
Problem running the job:
(<type 'exceptions.SystemExit'>, SystemExit(None,), <traceback object at 0x7f4038490b00>)
Traceback (most recent call last):
  File "/home/ubuntu/throttlebot/src/spearmint/spearmint/runner.py", line 42, in job_runner
    elif job.language == PYTHON: run_python_job(job)
  File "/home/ubuntu/throttlebot/src/spearmint/spearmint/runner.py", line 142, in run_python_job
    result = module.main(job.id, params)
  File "/home/ubuntu/throttlebot/src/spearmint/bayOptSearch/bayOpt.py", line 104, in main
    return explore_spearmint(workload_config, params)
  File "/home/ubuntu/throttlebot/src/spearmint/bayOptSearch/bayOpt.py", line 204, in explore_spearmint
    experiment_results = run_experiment.measure_runtime(workload_config, experiment_trials)
  File "/home/ubuntu/throttlebot/src/run_experiment.py", line 37, in measure_runtime
    exit()
  File "/usr/lib/python2.7/site.py", line 375, in __call__
    raise SystemExit(code)
SystemExit: None
None
----------------------------------------
Job file reloaded.
Could not find value in output file.
Job failed in 15.39 seconds.
