Running in wrapper mode for '323'

Running python job.

[name: "CPU-QUOTA"
int_val: 17
int_val: 64
int_val: 15
int_val: 58
int_val: 59
int_val: 68
int_val: 17
, name: "DISK"
int_val: 17
int_val: 5
int_val: 9
int_val: 39
int_val: 24
int_val: 15
int_val: 20
, name: "MEMORY"
int_val: 16
int_val: 27
int_val: 31
int_val: 11
int_val: 25
int_val: 29
int_val: 14
, name: "NET"
int_val: 39
int_val: 13
int_val: 10
int_val: 26
int_val: 32
int_val: 31
int_val: 28
]
The paramters are {u'CPU-QUOTA': array([17, 64, 15, 58, 59, 68, 17]), u'NET': array([39, 13, 10, 26, 32, 31, 28]), u'DISK': array([17,  5,  9, 39, 24, 15, 20]), u'MEMORY': array([16, 27, 31, 11, 25, 29, 14])}
----------------------------------------
Problem running the job:
(<type 'exceptions.NameError'>, NameError("global name 'worklaod_config' is not defined",), <traceback object at 0x7f89ac653560>)
Traceback (most recent call last):
  File "/home/ubuntu/throttlebot/src/spearmint/spearmint/runner.py", line 42, in job_runner
    elif job.language == PYTHON: run_python_job(job)
  File "/home/ubuntu/throttlebot/src/spearmint/spearmint/runner.py", line 142, in run_python_job
    result = module.main(job.id, params)
  File "/home/ubuntu/throttlebot/src/spearmint/bayOptSearch/bayOpt.py", line 104, in main
    return explore_spearmint(workload_config, params)
  File "/home/ubuntu/throttlebot/src/spearmint/bayOptSearch/bayOpt.py", line 121, in explore_spearmint
    worklaod_config["type"] = 'todo-app'
NameError: global name 'worklaod_config' is not defined
None
----------------------------------------
Job file reloaded.
Could not find value in output file.
Job failed in 0.23 seconds.
