Running in wrapper mode for '98'

Running python job.

[name: "CPU-QUOTA"
int_val: 69
int_val: 18
int_val: 65
int_val: 84
int_val: 47
int_val: 48
int_val: 12
, name: "DISK"
int_val: 9
int_val: 19
int_val: 23
int_val: 40
int_val: 13
int_val: 27
int_val: 8
, name: "MEMORY"
int_val: 29
int_val: 37
int_val: 36
int_val: 25
int_val: 33
int_val: 37
int_val: 19
, name: "NET"
int_val: 14
int_val: 22
int_val: 22
int_val: 5
int_val: 22
int_val: 40
int_val: 26
]
The paramters are {u'CPU-QUOTA': array([69, 18, 65, 84, 47, 48, 12]), u'NET': array([14, 22, 22,  5, 22, 40, 26]), u'DISK': array([ 9, 19, 23, 40, 13, 27,  8]), u'MEMORY': array([29, 37, 36, 25, 33, 37, 19])}
{'13.56.14.158': ['haproxy', 'node-app', 'mongo'], '18.144.43.31': ['node-app', 'mongo']}
----------------------------------------
Problem running the job:
(<class 'paramiko.ssh_exception.BadAuthenticationType'>, BadAuthenticationType('Bad authentication type', [u'publickey']), <traceback object at 0x7fd41b75e560>)
Traceback (most recent call last):
  File "/home/ubuntu/throttlebot/src/spearmint/spearmint/runner.py", line 42, in job_runner
    elif job.language == PYTHON: run_python_job(job)
  File "/home/ubuntu/throttlebot/src/spearmint/spearmint/runner.py", line 142, in run_python_job
    result = module.main(job.id, params)
  File "/home/ubuntu/throttlebot/src/spearmint/bayOptSearch/bayOpt.py", line 104, in main
    return explore_spearmint(workload_config, params)
  File "/home/ubuntu/throttlebot/src/spearmint/bayOptSearch/bayOpt.py", line 147, in explore_spearmint
    client = re.get_client(machine)
  File "/home/ubuntu/throttlebot/src/remote_execution.py", line 6, in get_client
    client.connect(ip, username="quilt", password="")
  File "/home/ubuntu/.local/lib/python2.7/site-packages/paramiko/client.py", line 424, in connect
    passphrase,
  File "/home/ubuntu/.local/lib/python2.7/site-packages/paramiko/client.py", line 714, in _auth
    raise saved_exception
BadAuthenticationType: ('Bad authentication type', [u'publickey']) (allowed_types=[u'publickey'])
None
----------------------------------------
Job file reloaded.
Could not find value in output file.
Job failed in 0.46 seconds.
