Running in wrapper mode for '308'

Running python job.

[name: "CPU-QUOTA"
int_val: 17
int_val: 16
int_val: 96
int_val: 37
int_val: 80
int_val: 8
int_val: 51
, name: "DISK"
int_val: 10
int_val: 21
int_val: 7
int_val: 13
int_val: 40
int_val: 16
int_val: 35
, name: "MEMORY"
int_val: 39
int_val: 14
int_val: 22
int_val: 8
int_val: 21
int_val: 16
int_val: 32
, name: "NET"
int_val: 40
int_val: 14
int_val: 29
int_val: 10
int_val: 5
int_val: 19
int_val: 7
]
The paramters are {u'CPU-QUOTA': array([17, 16, 96, 37, 80,  8, 51]), u'NET': array([40, 14, 29, 10,  5, 19,  7]), u'DISK': array([10, 21,  7, 13, 40, 16, 35]), u'MEMORY': array([39, 14, 22,  8, 21, 16, 32])}
{'13.56.14.158': ['haproxy', 'node-app', 'mongo'], '18.144.43.31': ['node-app', 'mongo']}
Setting cpu quota to 40000 out of 250000
STRESSING VM_IP 13.56.14.158 AND CONTAINER d824175f3227, NET 71680.0
STRESSING VM_IP 13.56.14.158 AND CONTAINER d824175f3227, DISK 17616076.8
STRESSING VM_IP 13.56.14.158 AND CONTAINER d824175f3227, MEMORY 525000000.0
Recovering the memory utilization
Setting cpu quota to 42500 out of 250000
STRESSING VM_IP 13.56.14.158 AND CONTAINER cd40be619604, NET 204800.0
STRESSING VM_IP 13.56.14.158 AND CONTAINER cd40be619604, DISK 8388608.0
STRESSING VM_IP 13.56.14.158 AND CONTAINER cd40be619604, MEMORY 1462500000.0
Recovering the memory utilization
Setting cpu quota to 240000 out of 250000
STRESSING VM_IP 13.56.14.158 AND CONTAINER c21ccad5695a, NET 148480.0
STRESSING VM_IP 13.56.14.158 AND CONTAINER c21ccad5695a, DISK 5872025.6
STRESSING VM_IP 13.56.14.158 AND CONTAINER c21ccad5695a, MEMORY 825000000.0
Recovering the memory utilization
Setting cpu quota to 42500 out of 250000
STRESSING VM_IP 18.144.43.31 AND CONTAINER 01a0240fb06e, NET 204800.0
STRESSING VM_IP 18.144.43.31 AND CONTAINER 01a0240fb06e, DISK 8388608.0
STRESSING VM_IP 18.144.43.31 AND CONTAINER 01a0240fb06e, MEMORY 1462500000.0
Recovering the memory utilization
Setting cpu quota to 240000 out of 250000
STRESSING VM_IP 18.144.43.31 AND CONTAINER d4df0b3c1712, NET 148480.0
STRESSING VM_IP 18.144.43.31 AND CONTAINER d4df0b3c1712, DISK 5872025.6
STRESSING VM_IP 18.144.43.31 AND CONTAINER d4df0b3c1712, MEMORY 825000000.0
Recovering the memory utilization
Using 5 trials
INVALID EXPERIMENT TYPE: todo-app

----------------------------------------
Problem running the job:
(<type 'exceptions.SystemExit'>, SystemExit(None,), <traceback object at 0x7f40384ab710>)
Traceback (most recent call last):
  File "/home/ubuntu/throttlebot/src/spearmint/spearmint/runner.py", line 42, in job_runner
    elif job.language == PYTHON: run_python_job(job)
  File "/home/ubuntu/throttlebot/src/spearmint/spearmint/runner.py", line 142, in run_python_job
    result = module.main(job.id, params)
  File "/home/ubuntu/throttlebot/src/spearmint/bayOptSearch/bayOpt.py", line 104, in main
    return explore_spearmint(workload_config, params)
  File "/home/ubuntu/throttlebot/src/spearmint/bayOptSearch/bayOpt.py", line 204, in explore_spearmint
    experiment_results = run_experiment.measure_runtime(workload_config, experiment_trials)
  File "/home/ubuntu/throttlebot/src/run_experiment.py", line 37, in measure_runtime
    exit()
  File "/usr/lib/python2.7/site.py", line 375, in __call__
    raise SystemExit(code)
SystemExit: None
None
----------------------------------------
Job file reloaded.
Could not find value in output file.
Job failed in 15.41 seconds.
