Running in wrapper mode for '215'

Running python job.

[name: "CPU-QUOTA"
int_val: 45
int_val: 99
int_val: 40
int_val: 82
int_val: 8
int_val: 72
int_val: 14
, name: "DISK"
int_val: 40
int_val: 9
int_val: 5
int_val: 19
int_val: 6
int_val: 17
int_val: 36
, name: "MEMORY"
int_val: 28
int_val: 7
int_val: 16
int_val: 11
int_val: 19
int_val: 5
int_val: 33
, name: "NET"
int_val: 7
int_val: 31
int_val: 38
int_val: 13
int_val: 9
int_val: 38
int_val: 18
]
The paramters are {u'CPU-QUOTA': array([45, 99, 40, 82,  8, 72, 14]), u'NET': array([ 7, 31, 38, 13,  9, 38, 18]), u'DISK': array([40,  9,  5, 19,  6, 17, 36]), u'MEMORY': array([28,  7, 16, 11, 19,  5, 33])}
{'13.56.14.158': ['haproxy', 'node-app', 'mongo'], '18.144.43.31': ['node-app', 'mongo']}
Setting cpu quota to 247500 out of 250000
STRESSING VM_IP 13.56.14.158 AND CONTAINER d824175f3227, NET 158720.0
STRESSING VM_IP 13.56.14.158 AND CONTAINER d824175f3227, DISK 7549747.2
STRESSING VM_IP 13.56.14.158 AND CONTAINER d824175f3227, MEMORY 262500000.0
Recovering the memory utilization
Setting cpu quota to 112500 out of 250000
STRESSING VM_IP 13.56.14.158 AND CONTAINER cd40be619604, NET 35840.0
STRESSING VM_IP 13.56.14.158 AND CONTAINER cd40be619604, DISK 33554432.0
STRESSING VM_IP 13.56.14.158 AND CONTAINER cd40be619604, MEMORY 1050000000.0
Recovering the memory utilization
Setting cpu quota to 100000 out of 250000
STRESSING VM_IP 13.56.14.158 AND CONTAINER c21ccad5695a, NET 194560.0
STRESSING VM_IP 13.56.14.158 AND CONTAINER c21ccad5695a, DISK 4194304.0
STRESSING VM_IP 13.56.14.158 AND CONTAINER c21ccad5695a, MEMORY 600000000.0
Recovering the memory utilization
Setting cpu quota to 112500 out of 250000
STRESSING VM_IP 18.144.43.31 AND CONTAINER 01a0240fb06e, NET 35840.0
STRESSING VM_IP 18.144.43.31 AND CONTAINER 01a0240fb06e, DISK 33554432.0
STRESSING VM_IP 18.144.43.31 AND CONTAINER 01a0240fb06e, MEMORY 1050000000.0
Recovering the memory utilization
Setting cpu quota to 100000 out of 250000
STRESSING VM_IP 18.144.43.31 AND CONTAINER d4df0b3c1712, NET 194560.0
STRESSING VM_IP 18.144.43.31 AND CONTAINER d4df0b3c1712, DISK 4194304.0
STRESSING VM_IP 18.144.43.31 AND CONTAINER d4df0b3c1712, MEMORY 600000000.0
Recovering the memory utilization
Using 5 trials
INVALID EXPERIMENT TYPE: todo-app

----------------------------------------
Problem running the job:
(<type 'exceptions.SystemExit'>, SystemExit(None,), <traceback object at 0x7f403847e830>)
Traceback (most recent call last):
  File "/home/ubuntu/throttlebot/src/spearmint/spearmint/runner.py", line 42, in job_runner
    elif job.language == PYTHON: run_python_job(job)
  File "/home/ubuntu/throttlebot/src/spearmint/spearmint/runner.py", line 142, in run_python_job
    result = module.main(job.id, params)
  File "/home/ubuntu/throttlebot/src/spearmint/bayOptSearch/bayOpt.py", line 104, in main
    return explore_spearmint(workload_config, params)
  File "/home/ubuntu/throttlebot/src/spearmint/bayOptSearch/bayOpt.py", line 204, in explore_spearmint
    experiment_results = run_experiment.measure_runtime(workload_config, experiment_trials)
  File "/home/ubuntu/throttlebot/src/run_experiment.py", line 37, in measure_runtime
    exit()
  File "/usr/lib/python2.7/site.py", line 375, in __call__
    raise SystemExit(code)
SystemExit: None
None
----------------------------------------
Job file reloaded.
Could not find value in output file.
Job failed in 15.41 seconds.
