Running in wrapper mode for '266'

Running python job.

[name: "CPU-QUOTA"
int_val: 61
int_val: 6
int_val: 85
int_val: 80
int_val: 12
int_val: 36
int_val: 37
, name: "DISK"
int_val: 30
int_val: 15
int_val: 17
int_val: 14
int_val: 18
int_val: 30
int_val: 22
, name: "MEMORY"
int_val: 32
int_val: 20
int_val: 35
int_val: 28
int_val: 21
int_val: 40
int_val: 18
, name: "NET"
int_val: 19
int_val: 37
int_val: 9
int_val: 28
int_val: 40
int_val: 6
int_val: 33
]
The paramters are {u'CPU-QUOTA': array([61,  6, 85, 80, 12, 36, 37]), u'NET': array([19, 37,  9, 28, 40,  6, 33]), u'DISK': array([30, 15, 17, 14, 18, 30, 22]), u'MEMORY': array([32, 20, 35, 28, 21, 40, 18])}
{'13.56.14.158': ['haproxy', 'node-app', 'mongo'], '18.144.43.31': ['node-app', 'mongo']}
Setting cpu quota to 15000 out of 250000
STRESSING VM_IP 13.56.14.158 AND CONTAINER d824175f3227, NET 189440.0
STRESSING VM_IP 13.56.14.158 AND CONTAINER d824175f3227, DISK 12582912.0
STRESSING VM_IP 13.56.14.158 AND CONTAINER d824175f3227, MEMORY 750000000.0
Recovering the memory utilization
Setting cpu quota to 152500 out of 250000
STRESSING VM_IP 13.56.14.158 AND CONTAINER cd40be619604, NET 97280.0
STRESSING VM_IP 13.56.14.158 AND CONTAINER cd40be619604, DISK 25165824.0
STRESSING VM_IP 13.56.14.158 AND CONTAINER cd40be619604, MEMORY 1200000000.0
Recovering the memory utilization
Setting cpu quota to 212500 out of 250000
STRESSING VM_IP 13.56.14.158 AND CONTAINER c21ccad5695a, NET 46080.0
STRESSING VM_IP 13.56.14.158 AND CONTAINER c21ccad5695a, DISK 14260633.6
STRESSING VM_IP 13.56.14.158 AND CONTAINER c21ccad5695a, MEMORY 1312500000.0
Recovering the memory utilization
Setting cpu quota to 152500 out of 250000
STRESSING VM_IP 18.144.43.31 AND CONTAINER 01a0240fb06e, NET 97280.0
STRESSING VM_IP 18.144.43.31 AND CONTAINER 01a0240fb06e, DISK 25165824.0
STRESSING VM_IP 18.144.43.31 AND CONTAINER 01a0240fb06e, MEMORY 1200000000.0
Recovering the memory utilization
Setting cpu quota to 212500 out of 250000
STRESSING VM_IP 18.144.43.31 AND CONTAINER d4df0b3c1712, NET 46080.0
STRESSING VM_IP 18.144.43.31 AND CONTAINER d4df0b3c1712, DISK 14260633.6
STRESSING VM_IP 18.144.43.31 AND CONTAINER d4df0b3c1712, MEMORY 1312500000.0
Recovering the memory utilization
Using 5 trials
INVALID EXPERIMENT TYPE: todo-app

----------------------------------------
Problem running the job:
(<type 'exceptions.SystemExit'>, SystemExit(None,), <traceback object at 0x7f403849dcf8>)
Traceback (most recent call last):
  File "/home/ubuntu/throttlebot/src/spearmint/spearmint/runner.py", line 42, in job_runner
    elif job.language == PYTHON: run_python_job(job)
  File "/home/ubuntu/throttlebot/src/spearmint/spearmint/runner.py", line 142, in run_python_job
    result = module.main(job.id, params)
  File "/home/ubuntu/throttlebot/src/spearmint/bayOptSearch/bayOpt.py", line 104, in main
    return explore_spearmint(workload_config, params)
  File "/home/ubuntu/throttlebot/src/spearmint/bayOptSearch/bayOpt.py", line 204, in explore_spearmint
    experiment_results = run_experiment.measure_runtime(workload_config, experiment_trials)
  File "/home/ubuntu/throttlebot/src/run_experiment.py", line 37, in measure_runtime
    exit()
  File "/usr/lib/python2.7/site.py", line 375, in __call__
    raise SystemExit(code)
SystemExit: None
None
----------------------------------------
Job file reloaded.
Could not find value in output file.
Job failed in 15.33 seconds.
