Running in wrapper mode for '117'

Running python job.

[name: "CPU-QUOTA"
int_val: 66
int_val: 69
int_val: 80
int_val: 93
int_val: 8
int_val: 27
int_val: 93
, name: "DISK"
int_val: 19
int_val: 20
int_val: 18
int_val: 23
int_val: 34
int_val: 12
int_val: 29
, name: "MEMORY"
int_val: 12
int_val: 31
int_val: 7
int_val: 29
int_val: 29
int_val: 20
int_val: 20
, name: "NET"
int_val: 24
int_val: 25
int_val: 18
int_val: 39
int_val: 10
int_val: 34
int_val: 11
]
The paramters are {u'CPU-QUOTA': array([66, 69, 80, 93,  8, 27, 93]), u'NET': array([24, 25, 18, 39, 10, 34, 11]), u'DISK': array([19, 20, 18, 23, 34, 12, 29]), u'MEMORY': array([12, 31,  7, 29, 29, 20, 20])}
{'13.56.14.158': ['haproxy', 'node-app', 'mongo'], '18.144.43.31': ['node-app', 'mongo']}
----------------------------------------
Problem running the job:
(<class 'paramiko.ssh_exception.BadAuthenticationType'>, BadAuthenticationType('Bad authentication type', [u'publickey']), <traceback object at 0x7fd41b765908>)
Traceback (most recent call last):
  File "/home/ubuntu/throttlebot/src/spearmint/spearmint/runner.py", line 42, in job_runner
    elif job.language == PYTHON: run_python_job(job)
  File "/home/ubuntu/throttlebot/src/spearmint/spearmint/runner.py", line 142, in run_python_job
    result = module.main(job.id, params)
  File "/home/ubuntu/throttlebot/src/spearmint/bayOptSearch/bayOpt.py", line 104, in main
    return explore_spearmint(workload_config, params)
  File "/home/ubuntu/throttlebot/src/spearmint/bayOptSearch/bayOpt.py", line 147, in explore_spearmint
    client = re.get_client(machine)
  File "/home/ubuntu/throttlebot/src/remote_execution.py", line 6, in get_client
    client.connect(ip, username="quilt", password="")
  File "/home/ubuntu/.local/lib/python2.7/site-packages/paramiko/client.py", line 424, in connect
    passphrase,
  File "/home/ubuntu/.local/lib/python2.7/site-packages/paramiko/client.py", line 714, in _auth
    raise saved_exception
BadAuthenticationType: ('Bad authentication type', [u'publickey']) (allowed_types=[u'publickey'])
None
----------------------------------------
Job file reloaded.
Could not find value in output file.
Job failed in 0.46 seconds.
