Running in wrapper mode for '242'

Running python job.

[name: "CPU-QUOTA"
int_val: 73
int_val: 8
int_val: 71
int_val: 33
int_val: 34
int_val: 31
int_val: 93
, name: "DISK"
int_val: 23
int_val: 8
int_val: 22
int_val: 6
int_val: 36
int_val: 13
int_val: 27
, name: "MEMORY"
int_val: 28
int_val: 14
int_val: 26
int_val: 33
int_val: 18
int_val: 32
int_val: 31
, name: "NET"
int_val: 38
int_val: 17
int_val: 27
int_val: 19
int_val: 19
int_val: 32
int_val: 13
]
The paramters are {u'CPU-QUOTA': array([73,  8, 71, 33, 34, 31, 93]), u'NET': array([38, 17, 27, 19, 19, 32, 13]), u'DISK': array([23,  8, 22,  6, 36, 13, 27]), u'MEMORY': array([28, 14, 26, 33, 18, 32, 31])}
{'13.56.14.158': ['haproxy', 'node-app', 'mongo'], '18.144.43.31': ['node-app', 'mongo']}
Setting cpu quota to 20000 out of 250000
STRESSING VM_IP 13.56.14.158 AND CONTAINER d824175f3227, NET 87040.0
STRESSING VM_IP 13.56.14.158 AND CONTAINER d824175f3227, DISK 6710886.4
STRESSING VM_IP 13.56.14.158 AND CONTAINER d824175f3227, MEMORY 525000000.0
Recovering the memory utilization
Setting cpu quota to 182500 out of 250000
STRESSING VM_IP 13.56.14.158 AND CONTAINER cd40be619604, NET 194560.0
STRESSING VM_IP 13.56.14.158 AND CONTAINER cd40be619604, DISK 19293798.4
STRESSING VM_IP 13.56.14.158 AND CONTAINER cd40be619604, MEMORY 1050000000.0
Recovering the memory utilization
Setting cpu quota to 177500 out of 250000
STRESSING VM_IP 13.56.14.158 AND CONTAINER c21ccad5695a, NET 138240.0
STRESSING VM_IP 13.56.14.158 AND CONTAINER c21ccad5695a, DISK 18454937.6
STRESSING VM_IP 13.56.14.158 AND CONTAINER c21ccad5695a, MEMORY 975000000.0
Recovering the memory utilization
Setting cpu quota to 182500 out of 250000
STRESSING VM_IP 18.144.43.31 AND CONTAINER 01a0240fb06e, NET 194560.0
STRESSING VM_IP 18.144.43.31 AND CONTAINER 01a0240fb06e, DISK 19293798.4
STRESSING VM_IP 18.144.43.31 AND CONTAINER 01a0240fb06e, MEMORY 1050000000.0
Recovering the memory utilization
Setting cpu quota to 177500 out of 250000
STRESSING VM_IP 18.144.43.31 AND CONTAINER d4df0b3c1712, NET 138240.0
STRESSING VM_IP 18.144.43.31 AND CONTAINER d4df0b3c1712, DISK 18454937.6
STRESSING VM_IP 18.144.43.31 AND CONTAINER d4df0b3c1712, MEMORY 975000000.0
Recovering the memory utilization
Using 5 trials
INVALID EXPERIMENT TYPE: todo-app

----------------------------------------
Problem running the job:
(<type 'exceptions.SystemExit'>, SystemExit(None,), <traceback object at 0x7f4038486a70>)
Traceback (most recent call last):
  File "/home/ubuntu/throttlebot/src/spearmint/spearmint/runner.py", line 42, in job_runner
    elif job.language == PYTHON: run_python_job(job)
  File "/home/ubuntu/throttlebot/src/spearmint/spearmint/runner.py", line 142, in run_python_job
    result = module.main(job.id, params)
  File "/home/ubuntu/throttlebot/src/spearmint/bayOptSearch/bayOpt.py", line 104, in main
    return explore_spearmint(workload_config, params)
  File "/home/ubuntu/throttlebot/src/spearmint/bayOptSearch/bayOpt.py", line 204, in explore_spearmint
    experiment_results = run_experiment.measure_runtime(workload_config, experiment_trials)
  File "/home/ubuntu/throttlebot/src/run_experiment.py", line 37, in measure_runtime
    exit()
  File "/usr/lib/python2.7/site.py", line 375, in __call__
    raise SystemExit(code)
SystemExit: None
None
----------------------------------------
Job file reloaded.
Could not find value in output file.
Job failed in 15.25 seconds.
