Running in wrapper mode for '85'

Running python job.

[name: "CPU-QUOTA"
int_val: 68
int_val: 92
int_val: 36
int_val: 52
int_val: 75
int_val: 62
int_val: 70
, name: "DISK"
int_val: 32
int_val: 37
int_val: 16
int_val: 30
int_val: 39
int_val: 20
int_val: 23
, name: "MEMORY"
int_val: 10
int_val: 40
int_val: 33
int_val: 31
int_val: 17
int_val: 8
int_val: 24
, name: "NET"
int_val: 5
int_val: 15
int_val: 10
int_val: 21
int_val: 21
int_val: 29
int_val: 27
]
The paramters are {u'CPU-QUOTA': array([68, 92, 36, 52, 75, 62, 70]), u'NET': array([ 5, 15, 10, 21, 21, 29, 27]), u'DISK': array([32, 37, 16, 30, 39, 20, 23]), u'MEMORY': array([10, 40, 33, 31, 17,  8, 24])}
{'13.56.14.158': ['haproxy', 'node-app', 'mongo'], '18.144.43.31': ['node-app', 'mongo']}
----------------------------------------
Problem running the job:
(<class 'paramiko.ssh_exception.BadAuthenticationType'>, BadAuthenticationType('Bad authentication type', [u'publickey']), <traceback object at 0x7fd41b756638>)
Traceback (most recent call last):
  File "/home/ubuntu/throttlebot/src/spearmint/spearmint/runner.py", line 42, in job_runner
    elif job.language == PYTHON: run_python_job(job)
  File "/home/ubuntu/throttlebot/src/spearmint/spearmint/runner.py", line 142, in run_python_job
    result = module.main(job.id, params)
  File "/home/ubuntu/throttlebot/src/spearmint/bayOptSearch/bayOpt.py", line 104, in main
    return explore_spearmint(workload_config, params)
  File "/home/ubuntu/throttlebot/src/spearmint/bayOptSearch/bayOpt.py", line 147, in explore_spearmint
    client = re.get_client(machine)
  File "/home/ubuntu/throttlebot/src/remote_execution.py", line 6, in get_client
    client.connect(ip, username="quilt", password="")
  File "/home/ubuntu/.local/lib/python2.7/site-packages/paramiko/client.py", line 424, in connect
    passphrase,
  File "/home/ubuntu/.local/lib/python2.7/site-packages/paramiko/client.py", line 714, in _auth
    raise saved_exception
BadAuthenticationType: ('Bad authentication type', [u'publickey']) (allowed_types=[u'publickey'])
None
----------------------------------------
Job file reloaded.
Could not find value in output file.
Job failed in 0.44 seconds.
