Running in wrapper mode for '148'

Running python job.

[name: "CPU-QUOTA"
int_val: 22
int_val: 10
int_val: 67
int_val: 23
int_val: 9
int_val: 79
int_val: 32
, name: "DISK"
int_val: 39
int_val: 17
int_val: 24
int_val: 27
int_val: 37
int_val: 20
int_val: 16
, name: "MEMORY"
int_val: 11
int_val: 11
int_val: 40
int_val: 36
int_val: 20
int_val: 22
int_val: 28
, name: "NET"
int_val: 10
int_val: 28
int_val: 19
int_val: 27
int_val: 32
int_val: 26
int_val: 23
]
The paramters are {u'CPU-QUOTA': array([22, 10, 67, 23,  9, 79, 32]), u'NET': array([10, 28, 19, 27, 32, 26, 23]), u'DISK': array([39, 17, 24, 27, 37, 20, 16]), u'MEMORY': array([11, 11, 40, 36, 20, 22, 28])}
{'13.56.14.158': ['haproxy', 'node-app', 'mongo'], '18.144.43.31': ['node-app', 'mongo']}
----------------------------------------
Problem running the job:
(<class 'paramiko.ssh_exception.BadAuthenticationType'>, BadAuthenticationType('Bad authentication type', [u'publickey']), <traceback object at 0x7f244e23bab8>)
Traceback (most recent call last):
  File "/home/ubuntu/throttlebot/src/spearmint/spearmint/runner.py", line 42, in job_runner
    elif job.language == PYTHON: run_python_job(job)
  File "/home/ubuntu/throttlebot/src/spearmint/spearmint/runner.py", line 142, in run_python_job
    result = module.main(job.id, params)
  File "/home/ubuntu/throttlebot/src/spearmint/bayOptSearch/bayOpt.py", line 104, in main
    return explore_spearmint(workload_config, params)
  File "/home/ubuntu/throttlebot/src/spearmint/bayOptSearch/bayOpt.py", line 147, in explore_spearmint
    client = re.get_client(machine)
  File "/home/ubuntu/throttlebot/src/remote_execution.py", line 6, in get_client
    client.connect(ip, username="quilt", password="")
  File "/home/ubuntu/.local/lib/python2.7/site-packages/paramiko/client.py", line 424, in connect
    passphrase,
  File "/home/ubuntu/.local/lib/python2.7/site-packages/paramiko/client.py", line 714, in _auth
    raise saved_exception
BadAuthenticationType: ('Bad authentication type', [u'publickey']) (allowed_types=[u'publickey'])
None
----------------------------------------
Job file reloaded.
Could not find value in output file.
Job failed in 0.45 seconds.
