Running in wrapper mode for '14'

Running python job.

[name: "CPU-QUOTA"
int_val: 87
int_val: 48
int_val: 6
int_val: 40
int_val: 15
int_val: 36
int_val: 70
, name: "DISK"
int_val: 6
int_val: 20
int_val: 16
int_val: 28
int_val: 27
int_val: 20
int_val: 33
, name: "MEMORY"
int_val: 28
int_val: 30
int_val: 6
int_val: 34
int_val: 37
int_val: 10
int_val: 39
, name: "NET"
int_val: 39
int_val: 26
int_val: 40
int_val: 37
int_val: 23
int_val: 40
int_val: 40
]
The paramters are {u'CPU-QUOTA': array([87, 48,  6, 40, 15, 36, 70]), u'NET': array([39, 26, 40, 37, 23, 40, 40]), u'DISK': array([ 6, 20, 16, 28, 27, 20, 33]), u'MEMORY': array([28, 30,  6, 34, 37, 10, 39])}
{'13.56.14.158': ['haproxy', 'node-app', 'mongo'], '18.144.43.31': ['node-app', 'mongo']}
----------------------------------------
Problem running the job:
(<class 'paramiko.ssh_exception.BadAuthenticationType'>, BadAuthenticationType('Bad authentication type', [u'publickey']), <traceback object at 0x7fd41b7a7638>)
Traceback (most recent call last):
  File "/home/ubuntu/throttlebot/src/spearmint/spearmint/runner.py", line 42, in job_runner
    elif job.language == PYTHON: run_python_job(job)
  File "/home/ubuntu/throttlebot/src/spearmint/spearmint/runner.py", line 142, in run_python_job
    result = module.main(job.id, params)
  File "/home/ubuntu/throttlebot/src/spearmint/bayOptSearch/bayOpt.py", line 104, in main
    return explore_spearmint(workload_config, params)
  File "/home/ubuntu/throttlebot/src/spearmint/bayOptSearch/bayOpt.py", line 147, in explore_spearmint
    client = re.get_client(machine)
  File "/home/ubuntu/throttlebot/src/remote_execution.py", line 6, in get_client
    client.connect(ip, username="quilt", password="")
  File "/home/ubuntu/.local/lib/python2.7/site-packages/paramiko/client.py", line 424, in connect
    passphrase,
  File "/home/ubuntu/.local/lib/python2.7/site-packages/paramiko/client.py", line 714, in _auth
    raise saved_exception
BadAuthenticationType: ('Bad authentication type', [u'publickey']) (allowed_types=[u'publickey'])
None
----------------------------------------
Job file reloaded.
Could not find value in output file.
Job failed in 0.45 seconds.
