Running in wrapper mode for '228'

Running python job.

[name: "CPU-QUOTA"
int_val: 28
int_val: 5
int_val: 38
int_val: 96
int_val: 73
int_val: 58
int_val: 60
, name: "DISK"
int_val: 15
int_val: 23
int_val: 10
int_val: 40
int_val: 30
int_val: 7
int_val: 28
, name: "MEMORY"
int_val: 31
int_val: 26
int_val: 34
int_val: 20
int_val: 24
int_val: 34
int_val: 12
, name: "NET"
int_val: 28
int_val: 11
int_val: 5
int_val: 9
int_val: 31
int_val: 20
int_val: 5
]
The paramters are {u'CPU-QUOTA': array([28,  5, 38, 96, 73, 58, 60]), u'NET': array([28, 11,  5,  9, 31, 20,  5]), u'DISK': array([15, 23, 10, 40, 30,  7, 28]), u'MEMORY': array([31, 26, 34, 20, 24, 34, 12])}
{'13.56.14.158': ['haproxy', 'node-app', 'mongo'], '18.144.43.31': ['node-app', 'mongo']}
Setting cpu quota to 12500 out of 250000
STRESSING VM_IP 13.56.14.158 AND CONTAINER d824175f3227, NET 56320.0
STRESSING VM_IP 13.56.14.158 AND CONTAINER d824175f3227, DISK 19293798.4
STRESSING VM_IP 13.56.14.158 AND CONTAINER d824175f3227, MEMORY 975000000.0
Recovering the memory utilization
Setting cpu quota to 70000 out of 250000
STRESSING VM_IP 13.56.14.158 AND CONTAINER cd40be619604, NET 143360.0
STRESSING VM_IP 13.56.14.158 AND CONTAINER cd40be619604, DISK 12582912.0
STRESSING VM_IP 13.56.14.158 AND CONTAINER cd40be619604, MEMORY 1162500000.0
Recovering the memory utilization
Setting cpu quota to 95000 out of 250000
STRESSING VM_IP 13.56.14.158 AND CONTAINER c21ccad5695a, NET 25600.0
STRESSING VM_IP 13.56.14.158 AND CONTAINER c21ccad5695a, DISK 8388608.0
STRESSING VM_IP 13.56.14.158 AND CONTAINER c21ccad5695a, MEMORY 1275000000.0
Recovering the memory utilization
Setting cpu quota to 70000 out of 250000
STRESSING VM_IP 18.144.43.31 AND CONTAINER 01a0240fb06e, NET 143360.0
STRESSING VM_IP 18.144.43.31 AND CONTAINER 01a0240fb06e, DISK 12582912.0
STRESSING VM_IP 18.144.43.31 AND CONTAINER 01a0240fb06e, MEMORY 1162500000.0
Recovering the memory utilization
Setting cpu quota to 95000 out of 250000
STRESSING VM_IP 18.144.43.31 AND CONTAINER d4df0b3c1712, NET 25600.0
STRESSING VM_IP 18.144.43.31 AND CONTAINER d4df0b3c1712, DISK 8388608.0
STRESSING VM_IP 18.144.43.31 AND CONTAINER d4df0b3c1712, MEMORY 1275000000.0
Recovering the memory utilization
Using 5 trials
INVALID EXPERIMENT TYPE: todo-app

----------------------------------------
Problem running the job:
(<type 'exceptions.SystemExit'>, SystemExit(None,), <traceback object at 0x7f40384d10e0>)
Traceback (most recent call last):
  File "/home/ubuntu/throttlebot/src/spearmint/spearmint/runner.py", line 42, in job_runner
    elif job.language == PYTHON: run_python_job(job)
  File "/home/ubuntu/throttlebot/src/spearmint/spearmint/runner.py", line 142, in run_python_job
    result = module.main(job.id, params)
  File "/home/ubuntu/throttlebot/src/spearmint/bayOptSearch/bayOpt.py", line 104, in main
    return explore_spearmint(workload_config, params)
  File "/home/ubuntu/throttlebot/src/spearmint/bayOptSearch/bayOpt.py", line 204, in explore_spearmint
    experiment_results = run_experiment.measure_runtime(workload_config, experiment_trials)
  File "/home/ubuntu/throttlebot/src/run_experiment.py", line 37, in measure_runtime
    exit()
  File "/usr/lib/python2.7/site.py", line 375, in __call__
    raise SystemExit(code)
SystemExit: None
None
----------------------------------------
Job file reloaded.
Could not find value in output file.
Job failed in 15.26 seconds.
