Running in wrapper mode for '229'

Running python job.

[name: "CPU-QUOTA"
int_val: 76
int_val: 53
int_val: 86
int_val: 48
int_val: 25
int_val: 10
int_val: 12
, name: "DISK"
int_val: 33
int_val: 5
int_val: 28
int_val: 22
int_val: 12
int_val: 25
int_val: 10
, name: "MEMORY"
int_val: 13
int_val: 8
int_val: 16
int_val: 38
int_val: 6
int_val: 16
int_val: 30
, name: "NET"
int_val: 10
int_val: 29
int_val: 23
int_val: 27
int_val: 13
int_val: 38
int_val: 23
]
The paramters are {u'CPU-QUOTA': array([76, 53, 86, 48, 25, 10, 12]), u'NET': array([10, 29, 23, 27, 13, 38, 23]), u'DISK': array([33,  5, 28, 22, 12, 25, 10]), u'MEMORY': array([13,  8, 16, 38,  6, 16, 30])}
{'13.56.14.158': ['haproxy', 'node-app', 'mongo'], '18.144.43.31': ['node-app', 'mongo']}
Sum for CPU-QUOTA is 215, which exceeds 200
----------------------------------------
Problem running the job:
(<type 'exceptions.ZeroDivisionError'>, ZeroDivisionError('integer division or modulo by zero',), <traceback object at 0x7f4039d68fc8>)
Traceback (most recent call last):
  File "/home/ubuntu/throttlebot/src/spearmint/spearmint/runner.py", line 42, in job_runner
    elif job.language == PYTHON: run_python_job(job)
  File "/home/ubuntu/throttlebot/src/spearmint/spearmint/runner.py", line 142, in run_python_job
    result = module.main(job.id, params)
  File "/home/ubuntu/throttlebot/src/spearmint/bayOptSearch/bayOpt.py", line 104, in main
    return explore_spearmint(workload_config, params)
  File "/home/ubuntu/throttlebot/src/spearmint/bayOptSearch/bayOpt.py", line 159, in explore_spearmint
    return 1/0
ZeroDivisionError: integer division or modulo by zero
None
----------------------------------------
Job file reloaded.
Could not find value in output file.
Job failed in 1.02 seconds.
