Running in wrapper mode for '251'

Running python job.

[name: "CPU-QUOTA"
int_val: 7
int_val: 86
int_val: 41
int_val: 51
int_val: 40
int_val: 97
int_val: 51
, name: "DISK"
int_val: 39
int_val: 29
int_val: 38
int_val: 12
int_val: 25
int_val: 11
int_val: 29
, name: "MEMORY"
int_val: 8
int_val: 20
int_val: 11
int_val: 17
int_val: 39
int_val: 26
int_val: 33
, name: "NET"
int_val: 13
int_val: 33
int_val: 16
int_val: 26
int_val: 25
int_val: 39
int_val: 33
]
The paramters are {u'CPU-QUOTA': array([ 7, 86, 41, 51, 40, 97, 51]), u'NET': array([13, 33, 16, 26, 25, 39, 33]), u'DISK': array([39, 29, 38, 12, 25, 11, 29]), u'MEMORY': array([ 8, 20, 11, 17, 39, 26, 33])}
{'13.56.14.158': ['haproxy', 'node-app', 'mongo'], '18.144.43.31': ['node-app', 'mongo']}
Setting cpu quota to 215000 out of 250000
STRESSING VM_IP 13.56.14.158 AND CONTAINER d824175f3227, NET 168960.0
STRESSING VM_IP 13.56.14.158 AND CONTAINER d824175f3227, DISK 24326963.2
STRESSING VM_IP 13.56.14.158 AND CONTAINER d824175f3227, MEMORY 750000000.0
Recovering the memory utilization
Setting cpu quota to 17500 out of 250000
STRESSING VM_IP 13.56.14.158 AND CONTAINER cd40be619604, NET 66560.0
STRESSING VM_IP 13.56.14.158 AND CONTAINER cd40be619604, DISK 32715571.2
STRESSING VM_IP 13.56.14.158 AND CONTAINER cd40be619604, MEMORY 300000000.0
Recovering the memory utilization
Setting cpu quota to 102500 out of 250000
STRESSING VM_IP 13.56.14.158 AND CONTAINER c21ccad5695a, NET 81920.0
STRESSING VM_IP 13.56.14.158 AND CONTAINER c21ccad5695a, DISK 31876710.4
STRESSING VM_IP 13.56.14.158 AND CONTAINER c21ccad5695a, MEMORY 412500000.0
Recovering the memory utilization
Setting cpu quota to 17500 out of 250000
STRESSING VM_IP 18.144.43.31 AND CONTAINER 01a0240fb06e, NET 66560.0
STRESSING VM_IP 18.144.43.31 AND CONTAINER 01a0240fb06e, DISK 32715571.2
STRESSING VM_IP 18.144.43.31 AND CONTAINER 01a0240fb06e, MEMORY 300000000.0
Recovering the memory utilization
Setting cpu quota to 102500 out of 250000
STRESSING VM_IP 18.144.43.31 AND CONTAINER d4df0b3c1712, NET 81920.0
STRESSING VM_IP 18.144.43.31 AND CONTAINER d4df0b3c1712, DISK 31876710.4
STRESSING VM_IP 18.144.43.31 AND CONTAINER d4df0b3c1712, MEMORY 412500000.0
Recovering the memory utilization
Using 5 trials
INVALID EXPERIMENT TYPE: todo-app

----------------------------------------
Problem running the job:
(<type 'exceptions.SystemExit'>, SystemExit(None,), <traceback object at 0x7f4038488d40>)
Traceback (most recent call last):
  File "/home/ubuntu/throttlebot/src/spearmint/spearmint/runner.py", line 42, in job_runner
    elif job.language == PYTHON: run_python_job(job)
  File "/home/ubuntu/throttlebot/src/spearmint/spearmint/runner.py", line 142, in run_python_job
    result = module.main(job.id, params)
  File "/home/ubuntu/throttlebot/src/spearmint/bayOptSearch/bayOpt.py", line 104, in main
    return explore_spearmint(workload_config, params)
  File "/home/ubuntu/throttlebot/src/spearmint/bayOptSearch/bayOpt.py", line 204, in explore_spearmint
    experiment_results = run_experiment.measure_runtime(workload_config, experiment_trials)
  File "/home/ubuntu/throttlebot/src/run_experiment.py", line 37, in measure_runtime
    exit()
  File "/usr/lib/python2.7/site.py", line 375, in __call__
    raise SystemExit(code)
SystemExit: None
None
----------------------------------------
Job file reloaded.
Could not find value in output file.
Job failed in 15.51 seconds.
