Running in wrapper mode for '271'

Running python job.

[name: "CPU-QUOTA"
int_val: 40
int_val: 81
int_val: 52
int_val: 71
int_val: 69
int_val: 39
int_val: 46
, name: "DISK"
int_val: 31
int_val: 7
int_val: 16
int_val: 22
int_val: 15
int_val: 18
int_val: 6
, name: "MEMORY"
int_val: 8
int_val: 39
int_val: 34
int_val: 36
int_val: 36
int_val: 12
int_val: 26
, name: "NET"
int_val: 36
int_val: 32
int_val: 21
int_val: 9
int_val: 19
int_val: 37
int_val: 30
]
The paramters are {u'CPU-QUOTA': array([40, 81, 52, 71, 69, 39, 46]), u'NET': array([36, 32, 21,  9, 19, 37, 30]), u'DISK': array([31,  7, 16, 22, 15, 18,  6]), u'MEMORY': array([ 8, 39, 34, 36, 36, 12, 26])}
{'13.56.14.158': ['haproxy', 'node-app', 'mongo'], '18.144.43.31': ['node-app', 'mongo']}
Setting cpu quota to 202500 out of 250000
STRESSING VM_IP 13.56.14.158 AND CONTAINER d824175f3227, NET 163840.0
STRESSING VM_IP 13.56.14.158 AND CONTAINER d824175f3227, DISK 5872025.6
STRESSING VM_IP 13.56.14.158 AND CONTAINER d824175f3227, MEMORY 1462500000.0
Recovering the memory utilization
Setting cpu quota to 100000 out of 250000
STRESSING VM_IP 13.56.14.158 AND CONTAINER cd40be619604, NET 184320.0
STRESSING VM_IP 13.56.14.158 AND CONTAINER cd40be619604, DISK 26004684.8
STRESSING VM_IP 13.56.14.158 AND CONTAINER cd40be619604, MEMORY 300000000.0
Recovering the memory utilization
Setting cpu quota to 130000 out of 250000
STRESSING VM_IP 13.56.14.158 AND CONTAINER c21ccad5695a, NET 107520.0
STRESSING VM_IP 13.56.14.158 AND CONTAINER c21ccad5695a, DISK 13421772.8
STRESSING VM_IP 13.56.14.158 AND CONTAINER c21ccad5695a, MEMORY 1275000000.0
Recovering the memory utilization
Setting cpu quota to 100000 out of 250000
STRESSING VM_IP 18.144.43.31 AND CONTAINER 01a0240fb06e, NET 184320.0
STRESSING VM_IP 18.144.43.31 AND CONTAINER 01a0240fb06e, DISK 26004684.8
STRESSING VM_IP 18.144.43.31 AND CONTAINER 01a0240fb06e, MEMORY 300000000.0
Recovering the memory utilization
Setting cpu quota to 130000 out of 250000
STRESSING VM_IP 18.144.43.31 AND CONTAINER d4df0b3c1712, NET 107520.0
STRESSING VM_IP 18.144.43.31 AND CONTAINER d4df0b3c1712, DISK 13421772.8
STRESSING VM_IP 18.144.43.31 AND CONTAINER d4df0b3c1712, MEMORY 1275000000.0
Recovering the memory utilization
Using 5 trials
INVALID EXPERIMENT TYPE: todo-app

----------------------------------------
Problem running the job:
(<type 'exceptions.SystemExit'>, SystemExit(None,), <traceback object at 0x7f40384a7c20>)
Traceback (most recent call last):
  File "/home/ubuntu/throttlebot/src/spearmint/spearmint/runner.py", line 42, in job_runner
    elif job.language == PYTHON: run_python_job(job)
  File "/home/ubuntu/throttlebot/src/spearmint/spearmint/runner.py", line 142, in run_python_job
    result = module.main(job.id, params)
  File "/home/ubuntu/throttlebot/src/spearmint/bayOptSearch/bayOpt.py", line 104, in main
    return explore_spearmint(workload_config, params)
  File "/home/ubuntu/throttlebot/src/spearmint/bayOptSearch/bayOpt.py", line 204, in explore_spearmint
    experiment_results = run_experiment.measure_runtime(workload_config, experiment_trials)
  File "/home/ubuntu/throttlebot/src/run_experiment.py", line 37, in measure_runtime
    exit()
  File "/usr/lib/python2.7/site.py", line 375, in __call__
    raise SystemExit(code)
SystemExit: None
None
----------------------------------------
Job file reloaded.
Could not find value in output file.
Job failed in 15.41 seconds.
