Running in wrapper mode for '193'

Running python job.

[name: "CPU-QUOTA"
int_val: 90
int_val: 96
int_val: 73
int_val: 49
int_val: 95
int_val: 51
int_val: 41
, name: "DISK"
int_val: 11
int_val: 23
int_val: 17
int_val: 26
int_val: 18
int_val: 22
int_val: 35
, name: "MEMORY"
int_val: 30
int_val: 33
int_val: 8
int_val: 26
int_val: 25
int_val: 6
int_val: 14
, name: "NET"
int_val: 17
int_val: 34
int_val: 21
int_val: 14
int_val: 39
int_val: 14
int_val: 17
]
The paramters are {u'CPU-QUOTA': array([90, 96, 73, 49, 95, 51, 41]), u'NET': array([17, 34, 21, 14, 39, 14, 17]), u'DISK': array([11, 23, 17, 26, 18, 22, 35]), u'MEMORY': array([30, 33,  8, 26, 25,  6, 14])}
{'13.56.14.158': ['haproxy', 'node-app', 'mongo'], '18.144.43.31': ['node-app', 'mongo']}
Sum for CPU-QUOTA is 259, which exceeds 200
----------------------------------------
Problem running the job:
(<type 'exceptions.ZeroDivisionError'>, ZeroDivisionError('integer division or modulo by zero',), <traceback object at 0x7f4039d47710>)
Traceback (most recent call last):
  File "/home/ubuntu/throttlebot/src/spearmint/spearmint/runner.py", line 42, in job_runner
    elif job.language == PYTHON: run_python_job(job)
  File "/home/ubuntu/throttlebot/src/spearmint/spearmint/runner.py", line 142, in run_python_job
    result = module.main(job.id, params)
  File "/home/ubuntu/throttlebot/src/spearmint/bayOptSearch/bayOpt.py", line 104, in main
    return explore_spearmint(workload_config, params)
  File "/home/ubuntu/throttlebot/src/spearmint/bayOptSearch/bayOpt.py", line 159, in explore_spearmint
    return 1/0
ZeroDivisionError: integer division or modulo by zero
None
----------------------------------------
Job file reloaded.
Could not find value in output file.
Job failed in 1.03 seconds.
