Running in wrapper mode for '307'

Running python job.

[name: "CPU-QUOTA"
int_val: 23
int_val: 94
int_val: 30
int_val: 7
int_val: 98
int_val: 14
int_val: 9
, name: "DISK"
int_val: 30
int_val: 28
int_val: 27
int_val: 10
int_val: 33
int_val: 9
int_val: 15
, name: "MEMORY"
int_val: 28
int_val: 26
int_val: 29
int_val: 29
int_val: 15
int_val: 27
int_val: 25
, name: "NET"
int_val: 33
int_val: 30
int_val: 36
int_val: 30
int_val: 34
int_val: 39
int_val: 9
]
The paramters are {u'CPU-QUOTA': array([23, 94, 30,  7, 98, 14,  9]), u'NET': array([33, 30, 36, 30, 34, 39,  9]), u'DISK': array([30, 28, 27, 10, 33,  9, 15]), u'MEMORY': array([28, 26, 29, 29, 15, 27, 25])}
{'13.56.14.158': ['haproxy', 'node-app', 'mongo'], '18.144.43.31': ['node-app', 'mongo']}
Setting cpu quota to 235000 out of 250000
STRESSING VM_IP 13.56.14.158 AND CONTAINER d824175f3227, NET 153600.0
STRESSING VM_IP 13.56.14.158 AND CONTAINER d824175f3227, DISK 23488102.4
STRESSING VM_IP 13.56.14.158 AND CONTAINER d824175f3227, MEMORY 975000000.0
Recovering the memory utilization
Setting cpu quota to 57500 out of 250000
STRESSING VM_IP 13.56.14.158 AND CONTAINER cd40be619604, NET 168960.0
STRESSING VM_IP 13.56.14.158 AND CONTAINER cd40be619604, DISK 25165824.0
STRESSING VM_IP 13.56.14.158 AND CONTAINER cd40be619604, MEMORY 1050000000.0
Recovering the memory utilization
Setting cpu quota to 75000 out of 250000
STRESSING VM_IP 13.56.14.158 AND CONTAINER c21ccad5695a, NET 184320.0
STRESSING VM_IP 13.56.14.158 AND CONTAINER c21ccad5695a, DISK 22649241.6
STRESSING VM_IP 13.56.14.158 AND CONTAINER c21ccad5695a, MEMORY 1087500000.0
Recovering the memory utilization
Setting cpu quota to 57500 out of 250000
STRESSING VM_IP 18.144.43.31 AND CONTAINER 01a0240fb06e, NET 168960.0
STRESSING VM_IP 18.144.43.31 AND CONTAINER 01a0240fb06e, DISK 25165824.0
STRESSING VM_IP 18.144.43.31 AND CONTAINER 01a0240fb06e, MEMORY 1050000000.0
Recovering the memory utilization
Setting cpu quota to 75000 out of 250000
STRESSING VM_IP 18.144.43.31 AND CONTAINER d4df0b3c1712, NET 184320.0
STRESSING VM_IP 18.144.43.31 AND CONTAINER d4df0b3c1712, DISK 22649241.6
STRESSING VM_IP 18.144.43.31 AND CONTAINER d4df0b3c1712, MEMORY 1087500000.0
Recovering the memory utilization
Using 5 trials
INVALID EXPERIMENT TYPE: todo-app

----------------------------------------
Problem running the job:
(<type 'exceptions.SystemExit'>, SystemExit(None,), <traceback object at 0x7f40384a32d8>)
Traceback (most recent call last):
  File "/home/ubuntu/throttlebot/src/spearmint/spearmint/runner.py", line 42, in job_runner
    elif job.language == PYTHON: run_python_job(job)
  File "/home/ubuntu/throttlebot/src/spearmint/spearmint/runner.py", line 142, in run_python_job
    result = module.main(job.id, params)
  File "/home/ubuntu/throttlebot/src/spearmint/bayOptSearch/bayOpt.py", line 104, in main
    return explore_spearmint(workload_config, params)
  File "/home/ubuntu/throttlebot/src/spearmint/bayOptSearch/bayOpt.py", line 204, in explore_spearmint
    experiment_results = run_experiment.measure_runtime(workload_config, experiment_trials)
  File "/home/ubuntu/throttlebot/src/run_experiment.py", line 37, in measure_runtime
    exit()
  File "/usr/lib/python2.7/site.py", line 375, in __call__
    raise SystemExit(code)
SystemExit: None
None
----------------------------------------
Job file reloaded.
Could not find value in output file.
Job failed in 15.29 seconds.
