Running in wrapper mode for '241'

Running python job.

[name: "CPU-QUOTA"
int_val: 97
int_val: 80
int_val: 95
int_val: 57
int_val: 10
int_val: 55
int_val: 69
, name: "DISK"
int_val: 14
int_val: 35
int_val: 13
int_val: 33
int_val: 27
int_val: 40
int_val: 36
, name: "MEMORY"
int_val: 19
int_val: 5
int_val: 35
int_val: 6
int_val: 9
int_val: 5
int_val: 40
, name: "NET"
int_val: 11
int_val: 8
int_val: 18
int_val: 28
int_val: 10
int_val: 23
int_val: 22
]
The paramters are {u'CPU-QUOTA': array([97, 80, 95, 57, 10, 55, 69]), u'NET': array([11,  8, 18, 28, 10, 23, 22]), u'DISK': array([14, 35, 13, 33, 27, 40, 36]), u'MEMORY': array([19,  5, 35,  6,  9,  5, 40])}
{'13.56.14.158': ['haproxy', 'node-app', 'mongo'], '18.144.43.31': ['node-app', 'mongo']}
Sum for CPU-QUOTA is 272, which exceeds 200
----------------------------------------
Problem running the job:
(<type 'exceptions.ZeroDivisionError'>, ZeroDivisionError('integer division or modulo by zero',), <traceback object at 0x7f4039d75d40>)
Traceback (most recent call last):
  File "/home/ubuntu/throttlebot/src/spearmint/spearmint/runner.py", line 42, in job_runner
    elif job.language == PYTHON: run_python_job(job)
  File "/home/ubuntu/throttlebot/src/spearmint/spearmint/runner.py", line 142, in run_python_job
    result = module.main(job.id, params)
  File "/home/ubuntu/throttlebot/src/spearmint/bayOptSearch/bayOpt.py", line 104, in main
    return explore_spearmint(workload_config, params)
  File "/home/ubuntu/throttlebot/src/spearmint/bayOptSearch/bayOpt.py", line 159, in explore_spearmint
    return 1/0
ZeroDivisionError: integer division or modulo by zero
None
----------------------------------------
Job file reloaded.
Could not find value in output file.
Job failed in 1.02 seconds.
