Running in wrapper mode for '281'

Running python job.

[name: "CPU-QUOTA"
int_val: 82
int_val: 75
int_val: 34
int_val: 41
int_val: 15
int_val: 81
int_val: 64
, name: "DISK"
int_val: 29
int_val: 14
int_val: 22
int_val: 38
int_val: 39
int_val: 29
int_val: 8
, name: "MEMORY"
int_val: 33
int_val: 27
int_val: 23
int_val: 38
int_val: 20
int_val: 14
int_val: 14
, name: "NET"
int_val: 16
int_val: 30
int_val: 24
int_val: 7
int_val: 12
int_val: 39
int_val: 9
]
The paramters are {u'CPU-QUOTA': array([82, 75, 34, 41, 15, 81, 64]), u'NET': array([16, 30, 24,  7, 12, 39,  9]), u'DISK': array([29, 14, 22, 38, 39, 29,  8]), u'MEMORY': array([33, 27, 23, 38, 20, 14, 14])}
{'13.56.14.158': ['haproxy', 'node-app', 'mongo'], '18.144.43.31': ['node-app', 'mongo']}
Setting cpu quota to 187500 out of 250000
STRESSING VM_IP 13.56.14.158 AND CONTAINER d824175f3227, NET 153600.0
STRESSING VM_IP 13.56.14.158 AND CONTAINER d824175f3227, DISK 11744051.2
STRESSING VM_IP 13.56.14.158 AND CONTAINER d824175f3227, MEMORY 1012500000.0
Recovering the memory utilization
Setting cpu quota to 205000 out of 250000
STRESSING VM_IP 13.56.14.158 AND CONTAINER cd40be619604, NET 81920.0
STRESSING VM_IP 13.56.14.158 AND CONTAINER cd40be619604, DISK 24326963.2
STRESSING VM_IP 13.56.14.158 AND CONTAINER cd40be619604, MEMORY 1237500000.0
Recovering the memory utilization
Setting cpu quota to 85000 out of 250000
STRESSING VM_IP 13.56.14.158 AND CONTAINER c21ccad5695a, NET 122880.0
STRESSING VM_IP 13.56.14.158 AND CONTAINER c21ccad5695a, DISK 18454937.6
STRESSING VM_IP 13.56.14.158 AND CONTAINER c21ccad5695a, MEMORY 862500000.0
Recovering the memory utilization
Setting cpu quota to 205000 out of 250000
STRESSING VM_IP 18.144.43.31 AND CONTAINER 01a0240fb06e, NET 81920.0
STRESSING VM_IP 18.144.43.31 AND CONTAINER 01a0240fb06e, DISK 24326963.2
STRESSING VM_IP 18.144.43.31 AND CONTAINER 01a0240fb06e, MEMORY 1237500000.0
Recovering the memory utilization
Setting cpu quota to 85000 out of 250000
STRESSING VM_IP 18.144.43.31 AND CONTAINER d4df0b3c1712, NET 122880.0
STRESSING VM_IP 18.144.43.31 AND CONTAINER d4df0b3c1712, DISK 18454937.6
STRESSING VM_IP 18.144.43.31 AND CONTAINER d4df0b3c1712, MEMORY 862500000.0
Recovering the memory utilization
Using 5 trials
INVALID EXPERIMENT TYPE: todo-app

----------------------------------------
Problem running the job:
(<type 'exceptions.SystemExit'>, SystemExit(None,), <traceback object at 0x7f403849e518>)
Traceback (most recent call last):
  File "/home/ubuntu/throttlebot/src/spearmint/spearmint/runner.py", line 42, in job_runner
    elif job.language == PYTHON: run_python_job(job)
  File "/home/ubuntu/throttlebot/src/spearmint/spearmint/runner.py", line 142, in run_python_job
    result = module.main(job.id, params)
  File "/home/ubuntu/throttlebot/src/spearmint/bayOptSearch/bayOpt.py", line 104, in main
    return explore_spearmint(workload_config, params)
  File "/home/ubuntu/throttlebot/src/spearmint/bayOptSearch/bayOpt.py", line 204, in explore_spearmint
    experiment_results = run_experiment.measure_runtime(workload_config, experiment_trials)
  File "/home/ubuntu/throttlebot/src/run_experiment.py", line 37, in measure_runtime
    exit()
  File "/usr/lib/python2.7/site.py", line 375, in __call__
    raise SystemExit(code)
SystemExit: None
None
----------------------------------------
Job file reloaded.
Could not find value in output file.
Job failed in 15.22 seconds.
