Running in wrapper mode for '297'

Running python job.

[name: "CPU-QUOTA"
int_val: 86
int_val: 55
int_val: 9
int_val: 64
int_val: 89
int_val: 23
int_val: 36
, name: "DISK"
int_val: 36
int_val: 9
int_val: 8
int_val: 29
int_val: 5
int_val: 10
int_val: 7
, name: "MEMORY"
int_val: 8
int_val: 20
int_val: 14
int_val: 21
int_val: 32
int_val: 15
int_val: 40
, name: "NET"
int_val: 10
int_val: 22
int_val: 28
int_val: 38
int_val: 38
int_val: 11
int_val: 5
]
The paramters are {u'CPU-QUOTA': array([86, 55,  9, 64, 89, 23, 36]), u'NET': array([10, 22, 28, 38, 38, 11,  5]), u'DISK': array([36,  9,  8, 29,  5, 10,  7]), u'MEMORY': array([ 8, 20, 14, 21, 32, 15, 40])}
{'13.56.14.158': ['haproxy', 'node-app', 'mongo'], '18.144.43.31': ['node-app', 'mongo']}
Setting cpu quota to 137500 out of 250000
STRESSING VM_IP 13.56.14.158 AND CONTAINER d824175f3227, NET 112640.0
STRESSING VM_IP 13.56.14.158 AND CONTAINER d824175f3227, DISK 7549747.2
STRESSING VM_IP 13.56.14.158 AND CONTAINER d824175f3227, MEMORY 750000000.0
Recovering the memory utilization
Setting cpu quota to 215000 out of 250000
STRESSING VM_IP 13.56.14.158 AND CONTAINER cd40be619604, NET 51200.0
STRESSING VM_IP 13.56.14.158 AND CONTAINER cd40be619604, DISK 30198988.8
STRESSING VM_IP 13.56.14.158 AND CONTAINER cd40be619604, MEMORY 300000000.0
Recovering the memory utilization
Setting cpu quota to 22500 out of 250000
STRESSING VM_IP 13.56.14.158 AND CONTAINER c21ccad5695a, NET 143360.0
STRESSING VM_IP 13.56.14.158 AND CONTAINER c21ccad5695a, DISK 6710886.4
STRESSING VM_IP 13.56.14.158 AND CONTAINER c21ccad5695a, MEMORY 525000000.0
Recovering the memory utilization
Setting cpu quota to 215000 out of 250000
STRESSING VM_IP 18.144.43.31 AND CONTAINER 01a0240fb06e, NET 51200.0
STRESSING VM_IP 18.144.43.31 AND CONTAINER 01a0240fb06e, DISK 30198988.8
STRESSING VM_IP 18.144.43.31 AND CONTAINER 01a0240fb06e, MEMORY 300000000.0
Recovering the memory utilization
Setting cpu quota to 22500 out of 250000
STRESSING VM_IP 18.144.43.31 AND CONTAINER d4df0b3c1712, NET 143360.0
STRESSING VM_IP 18.144.43.31 AND CONTAINER d4df0b3c1712, DISK 6710886.4
STRESSING VM_IP 18.144.43.31 AND CONTAINER d4df0b3c1712, MEMORY 525000000.0
Recovering the memory utilization
Using 5 trials
INVALID EXPERIMENT TYPE: todo-app

----------------------------------------
Problem running the job:
(<type 'exceptions.SystemExit'>, SystemExit(None,), <traceback object at 0x7f403849b128>)
Traceback (most recent call last):
  File "/home/ubuntu/throttlebot/src/spearmint/spearmint/runner.py", line 42, in job_runner
    elif job.language == PYTHON: run_python_job(job)
  File "/home/ubuntu/throttlebot/src/spearmint/spearmint/runner.py", line 142, in run_python_job
    result = module.main(job.id, params)
  File "/home/ubuntu/throttlebot/src/spearmint/bayOptSearch/bayOpt.py", line 104, in main
    return explore_spearmint(workload_config, params)
  File "/home/ubuntu/throttlebot/src/spearmint/bayOptSearch/bayOpt.py", line 204, in explore_spearmint
    experiment_results = run_experiment.measure_runtime(workload_config, experiment_trials)
  File "/home/ubuntu/throttlebot/src/run_experiment.py", line 37, in measure_runtime
    exit()
  File "/usr/lib/python2.7/site.py", line 375, in __call__
    raise SystemExit(code)
SystemExit: None
None
----------------------------------------
Job file reloaded.
Could not find value in output file.
Job failed in 15.27 seconds.
