Running in wrapper mode for '253'

Running python job.

[name: "CPU-QUOTA"
int_val: 55
int_val: 96
int_val: 43
int_val: 62
int_val: 18
int_val: 30
int_val: 19
, name: "DISK"
int_val: 10
int_val: 26
int_val: 37
int_val: 17
int_val: 16
int_val: 32
int_val: 38
, name: "MEMORY"
int_val: 25
int_val: 31
int_val: 6
int_val: 8
int_val: 14
int_val: 6
int_val: 7
, name: "NET"
int_val: 17
int_val: 8
int_val: 16
int_val: 12
int_val: 11
int_val: 27
int_val: 35
]
The paramters are {u'CPU-QUOTA': array([55, 96, 43, 62, 18, 30, 19]), u'NET': array([17,  8, 16, 12, 11, 27, 35]), u'DISK': array([10, 26, 37, 17, 16, 32, 38]), u'MEMORY': array([25, 31,  6,  8, 14,  6,  7])}
{'13.56.14.158': ['haproxy', 'node-app', 'mongo'], '18.144.43.31': ['node-app', 'mongo']}
Setting cpu quota to 240000 out of 250000
STRESSING VM_IP 13.56.14.158 AND CONTAINER d824175f3227, NET 40960.0
STRESSING VM_IP 13.56.14.158 AND CONTAINER d824175f3227, DISK 21810380.8
STRESSING VM_IP 13.56.14.158 AND CONTAINER d824175f3227, MEMORY 1162500000.0
Recovering the memory utilization
Setting cpu quota to 137500 out of 250000
STRESSING VM_IP 13.56.14.158 AND CONTAINER cd40be619604, NET 87040.0
STRESSING VM_IP 13.56.14.158 AND CONTAINER cd40be619604, DISK 8388608.0
STRESSING VM_IP 13.56.14.158 AND CONTAINER cd40be619604, MEMORY 937500000.0
Recovering the memory utilization
Setting cpu quota to 107500 out of 250000
STRESSING VM_IP 13.56.14.158 AND CONTAINER c21ccad5695a, NET 81920.0
STRESSING VM_IP 13.56.14.158 AND CONTAINER c21ccad5695a, DISK 31037849.6
STRESSING VM_IP 13.56.14.158 AND CONTAINER c21ccad5695a, MEMORY 225000000.0
Recovering the memory utilization
Setting cpu quota to 137500 out of 250000
STRESSING VM_IP 18.144.43.31 AND CONTAINER 01a0240fb06e, NET 87040.0
STRESSING VM_IP 18.144.43.31 AND CONTAINER 01a0240fb06e, DISK 8388608.0
STRESSING VM_IP 18.144.43.31 AND CONTAINER 01a0240fb06e, MEMORY 937500000.0
Recovering the memory utilization
Setting cpu quota to 107500 out of 250000
STRESSING VM_IP 18.144.43.31 AND CONTAINER d4df0b3c1712, NET 81920.0
STRESSING VM_IP 18.144.43.31 AND CONTAINER d4df0b3c1712, DISK 31037849.6
STRESSING VM_IP 18.144.43.31 AND CONTAINER d4df0b3c1712, MEMORY 225000000.0
Recovering the memory utilization
Using 5 trials
INVALID EXPERIMENT TYPE: todo-app

----------------------------------------
Problem running the job:
(<type 'exceptions.SystemExit'>, SystemExit(None,), <traceback object at 0x7f4038486368>)
Traceback (most recent call last):
  File "/home/ubuntu/throttlebot/src/spearmint/spearmint/runner.py", line 42, in job_runner
    elif job.language == PYTHON: run_python_job(job)
  File "/home/ubuntu/throttlebot/src/spearmint/spearmint/runner.py", line 142, in run_python_job
    result = module.main(job.id, params)
  File "/home/ubuntu/throttlebot/src/spearmint/bayOptSearch/bayOpt.py", line 104, in main
    return explore_spearmint(workload_config, params)
  File "/home/ubuntu/throttlebot/src/spearmint/bayOptSearch/bayOpt.py", line 204, in explore_spearmint
    experiment_results = run_experiment.measure_runtime(workload_config, experiment_trials)
  File "/home/ubuntu/throttlebot/src/run_experiment.py", line 37, in measure_runtime
    exit()
  File "/usr/lib/python2.7/site.py", line 375, in __call__
    raise SystemExit(code)
SystemExit: None
None
----------------------------------------
Job file reloaded.
Could not find value in output file.
Job failed in 15.40 seconds.
