Running in wrapper mode for '149'

Running python job.

[name: "CPU-QUOTA"
int_val: 70
int_val: 58
int_val: 19
int_val: 71
int_val: 57
int_val: 31
int_val: 80
, name: "DISK"
int_val: 21
int_val: 35
int_val: 6
int_val: 9
int_val: 19
int_val: 38
int_val: 34
, name: "MEMORY"
int_val: 29
int_val: 29
int_val: 22
int_val: 18
int_val: 38
int_val: 40
int_val: 10
, name: "NET"
int_val: 28
int_val: 10
int_val: 37
int_val: 9
int_val: 14
int_val: 8
int_val: 5
]
The paramters are {u'CPU-QUOTA': array([70, 58, 19, 71, 57, 31, 80]), u'NET': array([28, 10, 37,  9, 14,  8,  5]), u'DISK': array([21, 35,  6,  9, 19, 38, 34]), u'MEMORY': array([29, 29, 22, 18, 38, 40, 10])}
{'13.56.14.158': ['haproxy', 'node-app', 'mongo'], '18.144.43.31': ['node-app', 'mongo']}
----------------------------------------
Problem running the job:
(<class 'paramiko.ssh_exception.BadAuthenticationType'>, BadAuthenticationType('Bad authentication type', [u'publickey']), <traceback object at 0x7f244e23dbd8>)
Traceback (most recent call last):
  File "/home/ubuntu/throttlebot/src/spearmint/spearmint/runner.py", line 42, in job_runner
    elif job.language == PYTHON: run_python_job(job)
  File "/home/ubuntu/throttlebot/src/spearmint/spearmint/runner.py", line 142, in run_python_job
    result = module.main(job.id, params)
  File "/home/ubuntu/throttlebot/src/spearmint/bayOptSearch/bayOpt.py", line 104, in main
    return explore_spearmint(workload_config, params)
  File "/home/ubuntu/throttlebot/src/spearmint/bayOptSearch/bayOpt.py", line 147, in explore_spearmint
    client = re.get_client(machine)
  File "/home/ubuntu/throttlebot/src/remote_execution.py", line 6, in get_client
    client.connect(ip, username="quilt", password="")
  File "/home/ubuntu/.local/lib/python2.7/site-packages/paramiko/client.py", line 424, in connect
    passphrase,
  File "/home/ubuntu/.local/lib/python2.7/site-packages/paramiko/client.py", line 714, in _auth
    raise saved_exception
BadAuthenticationType: ('Bad authentication type', [u'publickey']) (allowed_types=[u'publickey'])
None
----------------------------------------
Job file reloaded.
Could not find value in output file.
Job failed in 0.46 seconds.
