Running in wrapper mode for '358'

Running python job.

[name: "CPU-QUOTA"
int_val: 99
int_val: 45
int_val: 97
int_val: 8
int_val: 84
int_val: 40
int_val: 84
, name: "DISK"
int_val: 11
int_val: 5
int_val: 18
int_val: 25
int_val: 18
int_val: 9
int_val: 8
, name: "MEMORY"
int_val: 18
int_val: 39
int_val: 21
int_val: 33
int_val: 25
int_val: 21
int_val: 12
, name: "NET"
int_val: 6
int_val: 36
int_val: 16
int_val: 33
int_val: 23
int_val: 26
int_val: 39
]
The paramters are {u'CPU-QUOTA': array([99, 45, 97,  8, 84, 40, 84]), u'NET': array([ 6, 36, 16, 33, 23, 26, 39]), u'DISK': array([11,  5, 18, 25, 18,  9,  8]), u'MEMORY': array([18, 39, 21, 33, 25, 21, 12])}
{'13.56.14.158': ['haproxy', 'node-app', 'mongo'], '18.144.43.31': ['node-app', 'mongo']}
Sum for CPU-QUOTA is 241, which exceeds 200
----------------------------------------
Problem running the job:
(<type 'exceptions.ZeroDivisionError'>, ZeroDivisionError('integer division or modulo by zero',), <traceback object at 0x7f5a0cf14ef0>)
Traceback (most recent call last):
  File "/home/ubuntu/throttlebot/src/spearmint/spearmint/runner.py", line 42, in job_runner
    elif job.language == PYTHON: run_python_job(job)
  File "/home/ubuntu/throttlebot/src/spearmint/spearmint/runner.py", line 142, in run_python_job
    result = module.main(job.id, params)
  File "/home/ubuntu/throttlebot/src/spearmint/bayOptSearch/bayOpt.py", line 104, in main
    return explore_spearmint(workload_config, params)
  File "/home/ubuntu/throttlebot/src/spearmint/bayOptSearch/bayOpt.py", line 160, in explore_spearmint
    return 1/0
ZeroDivisionError: integer division or modulo by zero
None
----------------------------------------
Job file reloaded.
Could not find value in output file.
Job failed in 1.06 seconds.
