Running in wrapper mode for '50'

Running python job.

[name: "CPU-QUOTA"
int_val: 71
int_val: 35
int_val: 26
int_val: 93
int_val: 32
int_val: 11
int_val: 80
, name: "DISK"
int_val: 5
int_val: 32
int_val: 27
int_val: 40
int_val: 10
int_val: 6
int_val: 23
, name: "MEMORY"
int_val: 7
int_val: 35
int_val: 20
int_val: 28
int_val: 22
int_val: 29
int_val: 39
, name: "NET"
int_val: 35
int_val: 38
int_val: 17
int_val: 15
int_val: 12
int_val: 36
int_val: 17
]
The paramters are {u'CPU-QUOTA': array([71, 35, 26, 93, 32, 11, 80]), u'NET': array([35, 38, 17, 15, 12, 36, 17]), u'DISK': array([ 5, 32, 27, 40, 10,  6, 23]), u'MEMORY': array([ 7, 35, 20, 28, 22, 29, 39])}
{'13.56.14.158': ['haproxy', 'node-app', 'mongo'], '18.144.43.31': ['node-app', 'mongo']}
----------------------------------------
Problem running the job:
(<class 'paramiko.ssh_exception.BadAuthenticationType'>, BadAuthenticationType('Bad authentication type', [u'publickey']), <traceback object at 0x7fd41b7b8f80>)
Traceback (most recent call last):
  File "/home/ubuntu/throttlebot/src/spearmint/spearmint/runner.py", line 42, in job_runner
    elif job.language == PYTHON: run_python_job(job)
  File "/home/ubuntu/throttlebot/src/spearmint/spearmint/runner.py", line 142, in run_python_job
    result = module.main(job.id, params)
  File "/home/ubuntu/throttlebot/src/spearmint/bayOptSearch/bayOpt.py", line 104, in main
    return explore_spearmint(workload_config, params)
  File "/home/ubuntu/throttlebot/src/spearmint/bayOptSearch/bayOpt.py", line 147, in explore_spearmint
    client = re.get_client(machine)
  File "/home/ubuntu/throttlebot/src/remote_execution.py", line 6, in get_client
    client.connect(ip, username="quilt", password="")
  File "/home/ubuntu/.local/lib/python2.7/site-packages/paramiko/client.py", line 424, in connect
    passphrase,
  File "/home/ubuntu/.local/lib/python2.7/site-packages/paramiko/client.py", line 714, in _auth
    raise saved_exception
BadAuthenticationType: ('Bad authentication type', [u'publickey']) (allowed_types=[u'publickey'])
None
----------------------------------------
Job file reloaded.
Could not find value in output file.
Job failed in 0.47 seconds.
