Running in wrapper mode for '80'

Running python job.

[name: "CPU-QUOTA"
int_val: 50
int_val: 38
int_val: 18
int_val: 46
int_val: 33
int_val: 80
int_val: 16
, name: "DISK"
int_val: 7
int_val: 21
int_val: 9
int_val: 36
int_val: 5
int_val: 17
int_val: 34
, name: "MEMORY"
int_val: 13
int_val: 38
int_val: 35
int_val: 16
int_val: 29
int_val: 28
int_val: 8
, name: "NET"
int_val: 21
int_val: 21
int_val: 8
int_val: 28
int_val: 19
int_val: 40
int_val: 21
]
The paramters are {u'CPU-QUOTA': array([50, 38, 18, 46, 33, 80, 16]), u'NET': array([21, 21,  8, 28, 19, 40, 21]), u'DISK': array([ 7, 21,  9, 36,  5, 17, 34]), u'MEMORY': array([13, 38, 35, 16, 29, 28,  8])}
{'13.56.14.158': ['haproxy', 'node-app', 'mongo'], '18.144.43.31': ['node-app', 'mongo']}
----------------------------------------
Problem running the job:
(<class 'paramiko.ssh_exception.BadAuthenticationType'>, BadAuthenticationType('Bad authentication type', [u'publickey']), <traceback object at 0x7fd41b766098>)
Traceback (most recent call last):
  File "/home/ubuntu/throttlebot/src/spearmint/spearmint/runner.py", line 42, in job_runner
    elif job.language == PYTHON: run_python_job(job)
  File "/home/ubuntu/throttlebot/src/spearmint/spearmint/runner.py", line 142, in run_python_job
    result = module.main(job.id, params)
  File "/home/ubuntu/throttlebot/src/spearmint/bayOptSearch/bayOpt.py", line 104, in main
    return explore_spearmint(workload_config, params)
  File "/home/ubuntu/throttlebot/src/spearmint/bayOptSearch/bayOpt.py", line 147, in explore_spearmint
    client = re.get_client(machine)
  File "/home/ubuntu/throttlebot/src/remote_execution.py", line 6, in get_client
    client.connect(ip, username="quilt", password="")
  File "/home/ubuntu/.local/lib/python2.7/site-packages/paramiko/client.py", line 424, in connect
    passphrase,
  File "/home/ubuntu/.local/lib/python2.7/site-packages/paramiko/client.py", line 714, in _auth
    raise saved_exception
BadAuthenticationType: ('Bad authentication type', [u'publickey']) (allowed_types=[u'publickey'])
None
----------------------------------------
Job file reloaded.
Could not find value in output file.
Job failed in 0.44 seconds.
