Running in wrapper mode for '156'

Running python job.

[name: "CPU-QUOTA"
int_val: 9
int_val: 41
int_val: 72
int_val: 51
int_val: 43
int_val: 8
int_val: 61
, name: "DISK"
int_val: 21
int_val: 12
int_val: 39
int_val: 20
int_val: 33
int_val: 19
int_val: 36
, name: "MEMORY"
int_val: 34
int_val: 16
int_val: 7
int_val: 16
int_val: 33
int_val: 28
int_val: 38
, name: "NET"
int_val: 5
int_val: 21
int_val: 8
int_val: 12
int_val: 19
int_val: 37
int_val: 34
]
The paramters are {u'CPU-QUOTA': array([ 9, 41, 72, 51, 43,  8, 61]), u'NET': array([ 5, 21,  8, 12, 19, 37, 34]), u'DISK': array([21, 12, 39, 20, 33, 19, 36]), u'MEMORY': array([34, 16,  7, 16, 33, 28, 38])}
{'13.56.14.158': ['haproxy', 'node-app', 'mongo'], '18.144.43.31': ['node-app', 'mongo']}
Setting cpu quota to 102500 out of 250000
STRESSING VM_IP 13.56.14.158 AND CONTAINER d824175f3227, NET 107520.0
STRESSING VM_IP 13.56.14.158 AND CONTAINER d824175f3227, DISK 10066329.6
STRESSING VM_IP 13.56.14.158 AND CONTAINER d824175f3227, MEMORY 600000000.0
Recovering the memory utilization
Setting cpu quota to 22500 out of 250000
STRESSING VM_IP 13.56.14.158 AND CONTAINER cd40be619604, NET 25600.0
STRESSING VM_IP 13.56.14.158 AND CONTAINER cd40be619604, DISK 17616076.8
STRESSING VM_IP 13.56.14.158 AND CONTAINER cd40be619604, MEMORY 1275000000.0
Recovering the memory utilization
Setting cpu quota to 180000 out of 250000
STRESSING VM_IP 13.56.14.158 AND CONTAINER c21ccad5695a, NET 40960.0
STRESSING VM_IP 13.56.14.158 AND CONTAINER c21ccad5695a, DISK 32715571.2
STRESSING VM_IP 13.56.14.158 AND CONTAINER c21ccad5695a, MEMORY 262500000.0
Recovering the memory utilization
Setting cpu quota to 22500 out of 250000
STRESSING VM_IP 18.144.43.31 AND CONTAINER 01a0240fb06e, NET 25600.0
STRESSING VM_IP 18.144.43.31 AND CONTAINER 01a0240fb06e, DISK 17616076.8
STRESSING VM_IP 18.144.43.31 AND CONTAINER 01a0240fb06e, MEMORY 1275000000.0
Recovering the memory utilization
Setting cpu quota to 180000 out of 250000
STRESSING VM_IP 18.144.43.31 AND CONTAINER d4df0b3c1712, NET 40960.0
STRESSING VM_IP 18.144.43.31 AND CONTAINER d4df0b3c1712, DISK 32715571.2
STRESSING VM_IP 18.144.43.31 AND CONTAINER d4df0b3c1712, MEMORY 262500000.0
Recovering the memory utilization
Using 5 trials
INVALID EXPERIMENT TYPE: todo-app

----------------------------------------
Problem running the job:
(<type 'exceptions.SystemExit'>, SystemExit(None,), <traceback object at 0x7f40384c8560>)
Traceback (most recent call last):
  File "/home/ubuntu/throttlebot/src/spearmint/spearmint/runner.py", line 42, in job_runner
    elif job.language == PYTHON: run_python_job(job)
  File "/home/ubuntu/throttlebot/src/spearmint/spearmint/runner.py", line 142, in run_python_job
    result = module.main(job.id, params)
  File "/home/ubuntu/throttlebot/src/spearmint/bayOptSearch/bayOpt.py", line 104, in main
    return explore_spearmint(workload_config, params)
  File "/home/ubuntu/throttlebot/src/spearmint/bayOptSearch/bayOpt.py", line 204, in explore_spearmint
    experiment_results = run_experiment.measure_runtime(workload_config, experiment_trials)
  File "/home/ubuntu/throttlebot/src/run_experiment.py", line 37, in measure_runtime
    exit()
  File "/usr/lib/python2.7/site.py", line 375, in __call__
    raise SystemExit(code)
SystemExit: None
None
----------------------------------------
Job file reloaded.
Could not find value in output file.
Job failed in 15.52 seconds.
