Running in wrapper mode for '245'

Running python job.

[name: "CPU-QUOTA"
int_val: 67
int_val: 98
int_val: 5
int_val: 15
int_val: 52
int_val: 37
int_val: 63
, name: "DISK"
int_val: 8
int_val: 33
int_val: 33
int_val: 8
int_val: 38
int_val: 15
int_val: 6
, name: "MEMORY"
int_val: 39
int_val: 25
int_val: 15
int_val: 22
int_val: 16
int_val: 12
int_val: 38
, name: "NET"
int_val: 36
int_val: 28
int_val: 38
int_val: 39
int_val: 30
int_val: 16
int_val: 11
]
The paramters are {u'CPU-QUOTA': array([67, 98,  5, 15, 52, 37, 63]), u'NET': array([36, 28, 38, 39, 30, 16, 11]), u'DISK': array([ 8, 33, 33,  8, 38, 15,  6]), u'MEMORY': array([39, 25, 15, 22, 16, 12, 38])}
{'13.56.14.158': ['haproxy', 'node-app', 'mongo'], '18.144.43.31': ['node-app', 'mongo']}
Setting cpu quota to 245000 out of 250000
STRESSING VM_IP 13.56.14.158 AND CONTAINER d824175f3227, NET 143360.0
STRESSING VM_IP 13.56.14.158 AND CONTAINER d824175f3227, DISK 27682406.4
STRESSING VM_IP 13.56.14.158 AND CONTAINER d824175f3227, MEMORY 937500000.0
Recovering the memory utilization
Setting cpu quota to 167500 out of 250000
STRESSING VM_IP 13.56.14.158 AND CONTAINER cd40be619604, NET 184320.0
STRESSING VM_IP 13.56.14.158 AND CONTAINER cd40be619604, DISK 6710886.4
STRESSING VM_IP 13.56.14.158 AND CONTAINER cd40be619604, MEMORY 1462500000.0
Recovering the memory utilization
Setting cpu quota to 12500 out of 250000
STRESSING VM_IP 13.56.14.158 AND CONTAINER c21ccad5695a, NET 194560.0
STRESSING VM_IP 13.56.14.158 AND CONTAINER c21ccad5695a, DISK 27682406.4
STRESSING VM_IP 13.56.14.158 AND CONTAINER c21ccad5695a, MEMORY 562500000.0
Recovering the memory utilization
Setting cpu quota to 167500 out of 250000
STRESSING VM_IP 18.144.43.31 AND CONTAINER 01a0240fb06e, NET 184320.0
STRESSING VM_IP 18.144.43.31 AND CONTAINER 01a0240fb06e, DISK 6710886.4
STRESSING VM_IP 18.144.43.31 AND CONTAINER 01a0240fb06e, MEMORY 1462500000.0
Recovering the memory utilization
Setting cpu quota to 12500 out of 250000
STRESSING VM_IP 18.144.43.31 AND CONTAINER d4df0b3c1712, NET 194560.0
STRESSING VM_IP 18.144.43.31 AND CONTAINER d4df0b3c1712, DISK 27682406.4
STRESSING VM_IP 18.144.43.31 AND CONTAINER d4df0b3c1712, MEMORY 562500000.0
Recovering the memory utilization
Using 5 trials
INVALID EXPERIMENT TYPE: todo-app

----------------------------------------
Problem running the job:
(<type 'exceptions.SystemExit'>, SystemExit(None,), <traceback object at 0x7f4038481cb0>)
Traceback (most recent call last):
  File "/home/ubuntu/throttlebot/src/spearmint/spearmint/runner.py", line 42, in job_runner
    elif job.language == PYTHON: run_python_job(job)
  File "/home/ubuntu/throttlebot/src/spearmint/spearmint/runner.py", line 142, in run_python_job
    result = module.main(job.id, params)
  File "/home/ubuntu/throttlebot/src/spearmint/bayOptSearch/bayOpt.py", line 104, in main
    return explore_spearmint(workload_config, params)
  File "/home/ubuntu/throttlebot/src/spearmint/bayOptSearch/bayOpt.py", line 204, in explore_spearmint
    experiment_results = run_experiment.measure_runtime(workload_config, experiment_trials)
  File "/home/ubuntu/throttlebot/src/run_experiment.py", line 37, in measure_runtime
    exit()
  File "/usr/lib/python2.7/site.py", line 375, in __call__
    raise SystemExit(code)
SystemExit: None
None
----------------------------------------
Job file reloaded.
Could not find value in output file.
Job failed in 15.45 seconds.
