Running in wrapper mode for '188'

Running python job.

[name: "CPU-QUOTA"
int_val: 6
int_val: 12
int_val: 61
int_val: 85
int_val: 59
int_val: 15
int_val: 77
, name: "DISK"
int_val: 7
int_val: 10
int_val: 13
int_val: 22
int_val: 14
int_val: 36
int_val: 13
, name: "MEMORY"
int_val: 25
int_val: 20
int_val: 12
int_val: 21
int_val: 20
int_val: 20
int_val: 9
, name: "NET"
int_val: 22
int_val: 39
int_val: 7
int_val: 36
int_val: 26
int_val: 28
int_val: 39
]
The paramters are {u'CPU-QUOTA': array([ 6, 12, 61, 85, 59, 15, 77]), u'NET': array([22, 39,  7, 36, 26, 28, 39]), u'DISK': array([ 7, 10, 13, 22, 14, 36, 13]), u'MEMORY': array([25, 20, 12, 21, 20, 20,  9])}
{'13.56.14.158': ['haproxy', 'node-app', 'mongo'], '18.144.43.31': ['node-app', 'mongo']}
Setting cpu quota to 30000 out of 250000
STRESSING VM_IP 13.56.14.158 AND CONTAINER d824175f3227, NET 199680.0
STRESSING VM_IP 13.56.14.158 AND CONTAINER d824175f3227, DISK 8388608.0
STRESSING VM_IP 13.56.14.158 AND CONTAINER d824175f3227, MEMORY 750000000.0
Recovering the memory utilization
Setting cpu quota to 15000 out of 250000
STRESSING VM_IP 13.56.14.158 AND CONTAINER cd40be619604, NET 112640.0
STRESSING VM_IP 13.56.14.158 AND CONTAINER cd40be619604, DISK 5872025.6
STRESSING VM_IP 13.56.14.158 AND CONTAINER cd40be619604, MEMORY 937500000.0
Recovering the memory utilization
Setting cpu quota to 152500 out of 250000
STRESSING VM_IP 13.56.14.158 AND CONTAINER c21ccad5695a, NET 35840.0
STRESSING VM_IP 13.56.14.158 AND CONTAINER c21ccad5695a, DISK 10905190.4
STRESSING VM_IP 13.56.14.158 AND CONTAINER c21ccad5695a, MEMORY 450000000.0
Recovering the memory utilization
Setting cpu quota to 15000 out of 250000
STRESSING VM_IP 18.144.43.31 AND CONTAINER 01a0240fb06e, NET 112640.0
STRESSING VM_IP 18.144.43.31 AND CONTAINER 01a0240fb06e, DISK 5872025.6
STRESSING VM_IP 18.144.43.31 AND CONTAINER 01a0240fb06e, MEMORY 937500000.0
Recovering the memory utilization
Setting cpu quota to 152500 out of 250000
STRESSING VM_IP 18.144.43.31 AND CONTAINER d4df0b3c1712, NET 35840.0
STRESSING VM_IP 18.144.43.31 AND CONTAINER d4df0b3c1712, DISK 10905190.4
STRESSING VM_IP 18.144.43.31 AND CONTAINER d4df0b3c1712, MEMORY 450000000.0
Recovering the memory utilization
Using 5 trials
INVALID EXPERIMENT TYPE: todo-app

----------------------------------------
Problem running the job:
(<type 'exceptions.SystemExit'>, SystemExit(None,), <traceback object at 0x7f40384ea950>)
Traceback (most recent call last):
  File "/home/ubuntu/throttlebot/src/spearmint/spearmint/runner.py", line 42, in job_runner
    elif job.language == PYTHON: run_python_job(job)
  File "/home/ubuntu/throttlebot/src/spearmint/spearmint/runner.py", line 142, in run_python_job
    result = module.main(job.id, params)
  File "/home/ubuntu/throttlebot/src/spearmint/bayOptSearch/bayOpt.py", line 104, in main
    return explore_spearmint(workload_config, params)
  File "/home/ubuntu/throttlebot/src/spearmint/bayOptSearch/bayOpt.py", line 204, in explore_spearmint
    experiment_results = run_experiment.measure_runtime(workload_config, experiment_trials)
  File "/home/ubuntu/throttlebot/src/run_experiment.py", line 37, in measure_runtime
    exit()
  File "/usr/lib/python2.7/site.py", line 375, in __call__
    raise SystemExit(code)
SystemExit: None
None
----------------------------------------
Job file reloaded.
Could not find value in output file.
Job failed in 15.43 seconds.
