Running in wrapper mode for '214'

Running python job.

[name: "CPU-QUOTA"
int_val: 93
int_val: 51
int_val: 88
int_val: 34
int_val: 56
int_val: 24
int_val: 62
, name: "DISK"
int_val: 22
int_val: 27
int_val: 23
int_val: 37
int_val: 24
int_val: 35
int_val: 18
, name: "MEMORY"
int_val: 10
int_val: 25
int_val: 34
int_val: 29
int_val: 37
int_val: 23
int_val: 15
, name: "NET"
int_val: 25
int_val: 13
int_val: 20
int_val: 31
int_val: 27
int_val: 20
int_val: 36
]
The paramters are {u'CPU-QUOTA': array([93, 51, 88, 34, 56, 24, 62]), u'NET': array([25, 13, 20, 31, 27, 20, 36]), u'DISK': array([22, 27, 23, 37, 24, 35, 18]), u'MEMORY': array([10, 25, 34, 29, 37, 23, 15])}
{'13.56.14.158': ['haproxy', 'node-app', 'mongo'], '18.144.43.31': ['node-app', 'mongo']}
Sum for CPU-QUOTA is 232, which exceeds 200
----------------------------------------
Problem running the job:
(<type 'exceptions.ZeroDivisionError'>, ZeroDivisionError('integer division or modulo by zero',), <traceback object at 0x7f4039d5dea8>)
Traceback (most recent call last):
  File "/home/ubuntu/throttlebot/src/spearmint/spearmint/runner.py", line 42, in job_runner
    elif job.language == PYTHON: run_python_job(job)
  File "/home/ubuntu/throttlebot/src/spearmint/spearmint/runner.py", line 142, in run_python_job
    result = module.main(job.id, params)
  File "/home/ubuntu/throttlebot/src/spearmint/bayOptSearch/bayOpt.py", line 104, in main
    return explore_spearmint(workload_config, params)
  File "/home/ubuntu/throttlebot/src/spearmint/bayOptSearch/bayOpt.py", line 159, in explore_spearmint
    return 1/0
ZeroDivisionError: integer division or modulo by zero
None
----------------------------------------
Job file reloaded.
Could not find value in output file.
Job failed in 1.04 seconds.
