Running in wrapper mode for '144'

Running python job.

[name: "CPU-QUOTA"
int_val: 52
int_val: 28
int_val: 37
int_val: 65
int_val: 51
int_val: 13
int_val: 50
, name: "DISK"
int_val: 28
int_val: 15
int_val: 22
int_val: 15
int_val: 26
int_val: 32
int_val: 23
, name: "MEMORY"
int_val: 31
int_val: 31
int_val: 20
int_val: 29
int_val: 5
int_val: 16
int_val: 30
, name: "NET"
int_val: 35
int_val: 8
int_val: 35
int_val: 39
int_val: 17
int_val: 15
int_val: 34
]
The paramters are {u'CPU-QUOTA': array([52, 28, 37, 65, 51, 13, 50]), u'NET': array([35,  8, 35, 39, 17, 15, 34]), u'DISK': array([28, 15, 22, 15, 26, 32, 23]), u'MEMORY': array([31, 31, 20, 29,  5, 16, 30])}
{'13.56.14.158': ['haproxy', 'node-app', 'mongo'], '18.144.43.31': ['node-app', 'mongo']}
----------------------------------------
Problem running the job:
(<class 'paramiko.ssh_exception.BadAuthenticationType'>, BadAuthenticationType('Bad authentication type', [u'publickey']), <traceback object at 0x7f244e23e758>)
Traceback (most recent call last):
  File "/home/ubuntu/throttlebot/src/spearmint/spearmint/runner.py", line 42, in job_runner
    elif job.language == PYTHON: run_python_job(job)
  File "/home/ubuntu/throttlebot/src/spearmint/spearmint/runner.py", line 142, in run_python_job
    result = module.main(job.id, params)
  File "/home/ubuntu/throttlebot/src/spearmint/bayOptSearch/bayOpt.py", line 104, in main
    return explore_spearmint(workload_config, params)
  File "/home/ubuntu/throttlebot/src/spearmint/bayOptSearch/bayOpt.py", line 147, in explore_spearmint
    client = re.get_client(machine)
  File "/home/ubuntu/throttlebot/src/remote_execution.py", line 6, in get_client
    client.connect(ip, username="quilt", password="")
  File "/home/ubuntu/.local/lib/python2.7/site-packages/paramiko/client.py", line 424, in connect
    passphrase,
  File "/home/ubuntu/.local/lib/python2.7/site-packages/paramiko/client.py", line 714, in _auth
    raise saved_exception
BadAuthenticationType: ('Bad authentication type', [u'publickey']) (allowed_types=[u'publickey'])
None
----------------------------------------
Job file reloaded.
Could not find value in output file.
Job failed in 0.45 seconds.
