Running in wrapper mode for '295'

Running python job.

[name: "CPU-QUOTA"
int_val: 50
int_val: 67
int_val: 45
int_val: 100
int_val: 77
int_val: 59
int_val: 72
, name: "DISK"
int_val: 13
int_val: 22
int_val: 13
int_val: 25
int_val: 19
int_val: 15
int_val: 30
, name: "MEMORY"
int_val: 40
int_val: 25
int_val: 10
int_val: 16
int_val: 18
int_val: 37
int_val: 35
, name: "NET"
int_val: 32
int_val: 9
int_val: 5
int_val: 24
int_val: 33
int_val: 25
int_val: 37
]
The paramters are {u'CPU-QUOTA': array([ 50,  67,  45, 100,  77,  59,  72]), u'NET': array([32,  9,  5, 24, 33, 25, 37]), u'DISK': array([13, 22, 13, 25, 19, 15, 30]), u'MEMORY': array([40, 25, 10, 16, 18, 37, 35])}
{'13.56.14.158': ['haproxy', 'node-app', 'mongo'], '18.144.43.31': ['node-app', 'mongo']}
Setting cpu quota to 167500 out of 250000
STRESSING VM_IP 13.56.14.158 AND CONTAINER d824175f3227, NET 46080.0
STRESSING VM_IP 13.56.14.158 AND CONTAINER d824175f3227, DISK 18454937.6
STRESSING VM_IP 13.56.14.158 AND CONTAINER d824175f3227, MEMORY 937500000.0
Recovering the memory utilization
Setting cpu quota to 125000 out of 250000
STRESSING VM_IP 13.56.14.158 AND CONTAINER cd40be619604, NET 163840.0
STRESSING VM_IP 13.56.14.158 AND CONTAINER cd40be619604, DISK 10905190.4
STRESSING VM_IP 13.56.14.158 AND CONTAINER cd40be619604, MEMORY 1500000000.0
Recovering the memory utilization
Setting cpu quota to 112500 out of 250000
STRESSING VM_IP 13.56.14.158 AND CONTAINER c21ccad5695a, NET 25600.0
STRESSING VM_IP 13.56.14.158 AND CONTAINER c21ccad5695a, DISK 10905190.4
STRESSING VM_IP 13.56.14.158 AND CONTAINER c21ccad5695a, MEMORY 375000000.0
Recovering the memory utilization
Setting cpu quota to 125000 out of 250000
STRESSING VM_IP 18.144.43.31 AND CONTAINER 01a0240fb06e, NET 163840.0
STRESSING VM_IP 18.144.43.31 AND CONTAINER 01a0240fb06e, DISK 10905190.4
STRESSING VM_IP 18.144.43.31 AND CONTAINER 01a0240fb06e, MEMORY 1500000000.0
Recovering the memory utilization
Setting cpu quota to 112500 out of 250000
STRESSING VM_IP 18.144.43.31 AND CONTAINER d4df0b3c1712, NET 25600.0
STRESSING VM_IP 18.144.43.31 AND CONTAINER d4df0b3c1712, DISK 10905190.4
STRESSING VM_IP 18.144.43.31 AND CONTAINER d4df0b3c1712, MEMORY 375000000.0
Recovering the memory utilization
Using 5 trials
INVALID EXPERIMENT TYPE: todo-app

----------------------------------------
Problem running the job:
(<type 'exceptions.SystemExit'>, SystemExit(None,), <traceback object at 0x7f403849bea8>)
Traceback (most recent call last):
  File "/home/ubuntu/throttlebot/src/spearmint/spearmint/runner.py", line 42, in job_runner
    elif job.language == PYTHON: run_python_job(job)
  File "/home/ubuntu/throttlebot/src/spearmint/spearmint/runner.py", line 142, in run_python_job
    result = module.main(job.id, params)
  File "/home/ubuntu/throttlebot/src/spearmint/bayOptSearch/bayOpt.py", line 104, in main
    return explore_spearmint(workload_config, params)
  File "/home/ubuntu/throttlebot/src/spearmint/bayOptSearch/bayOpt.py", line 204, in explore_spearmint
    experiment_results = run_experiment.measure_runtime(workload_config, experiment_trials)
  File "/home/ubuntu/throttlebot/src/run_experiment.py", line 37, in measure_runtime
    exit()
  File "/usr/lib/python2.7/site.py", line 375, in __call__
    raise SystemExit(code)
SystemExit: None
None
----------------------------------------
Job file reloaded.
Could not find value in output file.
Job failed in 15.38 seconds.
