Running in wrapper mode for '263'

Running python job.

[name: "CPU-QUOTA"
int_val: 49
int_val: 90
int_val: 97
int_val: 44
int_val: 48
int_val: 24
int_val: 97
, name: "DISK"
int_val: 25
int_val: 37
int_val: 12
int_val: 28
int_val: 14
int_val: 7
int_val: 27
, name: "MEMORY"
int_val: 36
int_val: 33
int_val: 40
int_val: 15
int_val: 25
int_val: 27
int_val: 13
, name: "NET"
int_val: 15
int_val: 33
int_val: 14
int_val: 6
int_val: 27
int_val: 38
int_val: 19
]
The paramters are {u'CPU-QUOTA': array([49, 90, 97, 44, 48, 24, 97]), u'NET': array([15, 33, 14,  6, 27, 38, 19]), u'DISK': array([25, 37, 12, 28, 14,  7, 27]), u'MEMORY': array([36, 33, 40, 15, 25, 27, 13])}
{'13.56.14.158': ['haproxy', 'node-app', 'mongo'], '18.144.43.31': ['node-app', 'mongo']}
Sum for CPU-QUOTA is 236, which exceeds 200
----------------------------------------
Problem running the job:
(<type 'exceptions.ZeroDivisionError'>, ZeroDivisionError('integer division or modulo by zero',), <traceback object at 0x7f4039d74680>)
Traceback (most recent call last):
  File "/home/ubuntu/throttlebot/src/spearmint/spearmint/runner.py", line 42, in job_runner
    elif job.language == PYTHON: run_python_job(job)
  File "/home/ubuntu/throttlebot/src/spearmint/spearmint/runner.py", line 142, in run_python_job
    result = module.main(job.id, params)
  File "/home/ubuntu/throttlebot/src/spearmint/bayOptSearch/bayOpt.py", line 104, in main
    return explore_spearmint(workload_config, params)
  File "/home/ubuntu/throttlebot/src/spearmint/bayOptSearch/bayOpt.py", line 159, in explore_spearmint
    return 1/0
ZeroDivisionError: integer division or modulo by zero
None
----------------------------------------
Job file reloaded.
Could not find value in output file.
Job failed in 1.08 seconds.
