Running in wrapper mode for '165'

Running python job.

[name: "CPU-QUOTA"
int_val: 75
int_val: 71
int_val: 42
int_val: 33
int_val: 49
int_val: 74
int_val: 7
, name: "DISK"
int_val: 5
int_val: 24
int_val: 19
int_val: 14
int_val: 26
int_val: 21
int_val: 34
, name: "MEMORY"
int_val: 22
int_val: 18
int_val: 31
int_val: 32
int_val: 18
int_val: 39
int_val: 26
, name: "NET"
int_val: 34
int_val: 37
int_val: 33
int_val: 32
int_val: 26
int_val: 34
int_val: 10
]
The paramters are {u'CPU-QUOTA': array([75, 71, 42, 33, 49, 74,  7]), u'NET': array([34, 37, 33, 32, 26, 34, 10]), u'DISK': array([ 5, 24, 19, 14, 26, 21, 34]), u'MEMORY': array([22, 18, 31, 32, 18, 39, 26])}
{'13.56.14.158': ['haproxy', 'node-app', 'mongo'], '18.144.43.31': ['node-app', 'mongo']}
Setting cpu quota to 177500 out of 250000
STRESSING VM_IP 13.56.14.158 AND CONTAINER d824175f3227, NET 189440.0
STRESSING VM_IP 13.56.14.158 AND CONTAINER d824175f3227, DISK 20132659.2
STRESSING VM_IP 13.56.14.158 AND CONTAINER d824175f3227, MEMORY 675000000.0
Recovering the memory utilization
Setting cpu quota to 187500 out of 250000
STRESSING VM_IP 13.56.14.158 AND CONTAINER cd40be619604, NET 174080.0
STRESSING VM_IP 13.56.14.158 AND CONTAINER cd40be619604, DISK 4194304.0
STRESSING VM_IP 13.56.14.158 AND CONTAINER cd40be619604, MEMORY 825000000.0
Recovering the memory utilization
Setting cpu quota to 105000 out of 250000
STRESSING VM_IP 13.56.14.158 AND CONTAINER c21ccad5695a, NET 168960.0
STRESSING VM_IP 13.56.14.158 AND CONTAINER c21ccad5695a, DISK 15938355.2
STRESSING VM_IP 13.56.14.158 AND CONTAINER c21ccad5695a, MEMORY 1162500000.0
Recovering the memory utilization
Setting cpu quota to 187500 out of 250000
STRESSING VM_IP 18.144.43.31 AND CONTAINER 01a0240fb06e, NET 174080.0
STRESSING VM_IP 18.144.43.31 AND CONTAINER 01a0240fb06e, DISK 4194304.0
STRESSING VM_IP 18.144.43.31 AND CONTAINER 01a0240fb06e, MEMORY 825000000.0
Recovering the memory utilization
Setting cpu quota to 105000 out of 250000
STRESSING VM_IP 18.144.43.31 AND CONTAINER d4df0b3c1712, NET 168960.0
STRESSING VM_IP 18.144.43.31 AND CONTAINER d4df0b3c1712, DISK 15938355.2
STRESSING VM_IP 18.144.43.31 AND CONTAINER d4df0b3c1712, MEMORY 1162500000.0
Recovering the memory utilization
Using 5 trials
INVALID EXPERIMENT TYPE: todo-app

----------------------------------------
Problem running the job:
(<type 'exceptions.SystemExit'>, SystemExit(None,), <traceback object at 0x7f40384c80e0>)
Traceback (most recent call last):
  File "/home/ubuntu/throttlebot/src/spearmint/spearmint/runner.py", line 42, in job_runner
    elif job.language == PYTHON: run_python_job(job)
  File "/home/ubuntu/throttlebot/src/spearmint/spearmint/runner.py", line 142, in run_python_job
    result = module.main(job.id, params)
  File "/home/ubuntu/throttlebot/src/spearmint/bayOptSearch/bayOpt.py", line 104, in main
    return explore_spearmint(workload_config, params)
  File "/home/ubuntu/throttlebot/src/spearmint/bayOptSearch/bayOpt.py", line 204, in explore_spearmint
    experiment_results = run_experiment.measure_runtime(workload_config, experiment_trials)
  File "/home/ubuntu/throttlebot/src/run_experiment.py", line 37, in measure_runtime
    exit()
  File "/usr/lib/python2.7/site.py", line 375, in __call__
    raise SystemExit(code)
SystemExit: None
None
----------------------------------------
Job file reloaded.
Could not find value in output file.
Job failed in 15.26 seconds.
