Running in wrapper mode for '325'

Running python job.

[name: "CPU-QUOTA"
int_val: 71
int_val: 94
int_val: 21
int_val: 40
int_val: 17
int_val: 26
int_val: 83
, name: "DISK"
int_val: 15
int_val: 16
int_val: 7
int_val: 19
int_val: 12
int_val: 31
int_val: 22
, name: "MEMORY"
int_val: 23
int_val: 38
int_val: 38
int_val: 8
int_val: 10
int_val: 32
int_val: 25
, name: "NET"
int_val: 14
int_val: 15
int_val: 34
int_val: 24
int_val: 26
int_val: 28
int_val: 12
]
The paramters are {u'CPU-QUOTA': array([71, 94, 21, 40, 17, 26, 83]), u'NET': array([14, 15, 34, 24, 26, 28, 12]), u'DISK': array([15, 16,  7, 19, 12, 31, 22]), u'MEMORY': array([23, 38, 38,  8, 10, 32, 25])}
----------------------------------------
Problem running the job:
(<type 'exceptions.NameError'>, NameError("global name 'worklaod_config' is not defined",), <traceback object at 0x7f89acad7758>)
Traceback (most recent call last):
  File "/home/ubuntu/throttlebot/src/spearmint/spearmint/runner.py", line 42, in job_runner
    elif job.language == PYTHON: run_python_job(job)
  File "/home/ubuntu/throttlebot/src/spearmint/spearmint/runner.py", line 142, in run_python_job
    result = module.main(job.id, params)
  File "/home/ubuntu/throttlebot/src/spearmint/bayOptSearch/bayOpt.py", line 104, in main
    return explore_spearmint(workload_config, params)
  File "/home/ubuntu/throttlebot/src/spearmint/bayOptSearch/bayOpt.py", line 121, in explore_spearmint
    worklaod_config["type"] = 'todo-app'
NameError: global name 'worklaod_config' is not defined
None
----------------------------------------
Job file reloaded.
Could not find value in output file.
Job failed in 0.23 seconds.
