Running in wrapper mode for '260'

Running python job.

[name: "CPU-QUOTA"
int_val: 25
int_val: 18
int_val: 73
int_val: 68
int_val: 24
int_val: 96
int_val: 73
, name: "DISK"
int_val: 16
int_val: 10
int_val: 21
int_val: 19
int_val: 5
int_val: 34
int_val: 36
, name: "MEMORY"
int_val: 9
int_val: 24
int_val: 31
int_val: 24
int_val: 34
int_val: 18
int_val: 22
, name: "NET"
int_val: 24
int_val: 24
int_val: 23
int_val: 33
int_val: 36
int_val: 29
int_val: 10
]
The paramters are {u'CPU-QUOTA': array([25, 18, 73, 68, 24, 96, 73]), u'NET': array([24, 24, 23, 33, 36, 29, 10]), u'DISK': array([16, 10, 21, 19,  5, 34, 36]), u'MEMORY': array([ 9, 24, 31, 24, 34, 18, 22])}
{'13.56.14.158': ['haproxy', 'node-app', 'mongo'], '18.144.43.31': ['node-app', 'mongo']}
Setting cpu quota to 45000 out of 250000
STRESSING VM_IP 13.56.14.158 AND CONTAINER d824175f3227, NET 122880.0
STRESSING VM_IP 13.56.14.158 AND CONTAINER d824175f3227, DISK 8388608.0
STRESSING VM_IP 13.56.14.158 AND CONTAINER d824175f3227, MEMORY 900000000.0
Recovering the memory utilization
Setting cpu quota to 62500 out of 250000
STRESSING VM_IP 13.56.14.158 AND CONTAINER cd40be619604, NET 122880.0
STRESSING VM_IP 13.56.14.158 AND CONTAINER cd40be619604, DISK 13421772.8
STRESSING VM_IP 13.56.14.158 AND CONTAINER cd40be619604, MEMORY 337500000.0
Recovering the memory utilization
Setting cpu quota to 182500 out of 250000
STRESSING VM_IP 13.56.14.158 AND CONTAINER c21ccad5695a, NET 117760.0
STRESSING VM_IP 13.56.14.158 AND CONTAINER c21ccad5695a, DISK 17616076.8
STRESSING VM_IP 13.56.14.158 AND CONTAINER c21ccad5695a, MEMORY 1162500000.0
Recovering the memory utilization
Setting cpu quota to 62500 out of 250000
STRESSING VM_IP 18.144.43.31 AND CONTAINER 01a0240fb06e, NET 122880.0
STRESSING VM_IP 18.144.43.31 AND CONTAINER 01a0240fb06e, DISK 13421772.8
STRESSING VM_IP 18.144.43.31 AND CONTAINER 01a0240fb06e, MEMORY 337500000.0
Recovering the memory utilization
Setting cpu quota to 182500 out of 250000
STRESSING VM_IP 18.144.43.31 AND CONTAINER d4df0b3c1712, NET 117760.0
STRESSING VM_IP 18.144.43.31 AND CONTAINER d4df0b3c1712, DISK 17616076.8
STRESSING VM_IP 18.144.43.31 AND CONTAINER d4df0b3c1712, MEMORY 1162500000.0
Recovering the memory utilization
Using 5 trials
INVALID EXPERIMENT TYPE: todo-app

----------------------------------------
Problem running the job:
(<type 'exceptions.SystemExit'>, SystemExit(None,), <traceback object at 0x7f40384f18c0>)
Traceback (most recent call last):
  File "/home/ubuntu/throttlebot/src/spearmint/spearmint/runner.py", line 42, in job_runner
    elif job.language == PYTHON: run_python_job(job)
  File "/home/ubuntu/throttlebot/src/spearmint/spearmint/runner.py", line 142, in run_python_job
    result = module.main(job.id, params)
  File "/home/ubuntu/throttlebot/src/spearmint/bayOptSearch/bayOpt.py", line 104, in main
    return explore_spearmint(workload_config, params)
  File "/home/ubuntu/throttlebot/src/spearmint/bayOptSearch/bayOpt.py", line 204, in explore_spearmint
    experiment_results = run_experiment.measure_runtime(workload_config, experiment_trials)
  File "/home/ubuntu/throttlebot/src/run_experiment.py", line 37, in measure_runtime
    exit()
  File "/usr/lib/python2.7/site.py", line 375, in __call__
    raise SystemExit(code)
SystemExit: None
None
----------------------------------------
Job file reloaded.
Could not find value in output file.
Job failed in 15.21 seconds.
