Running in wrapper mode for '304'

Running python job.

[name: "CPU-QUOTA"
int_val: 47
int_val: 22
int_val: 6
int_val: 79
int_val: 74
int_val: 86
int_val: 33
, name: "DISK"
int_val: 21
int_val: 19
int_val: 36
int_val: 37
int_val: 24
int_val: 36
int_val: 6
, name: "MEMORY"
int_val: 19
int_val: 35
int_val: 38
int_val: 20
int_val: 6
int_val: 18
int_val: 34
, name: "NET"
int_val: 6
int_val: 39
int_val: 9
int_val: 21
int_val: 25
int_val: 30
int_val: 18
]
The paramters are {u'CPU-QUOTA': array([47, 22,  6, 79, 74, 86, 33]), u'NET': array([ 6, 39,  9, 21, 25, 30, 18]), u'DISK': array([21, 19, 36, 37, 24, 36,  6]), u'MEMORY': array([19, 35, 38, 20,  6, 18, 34])}
{'13.56.14.158': ['haproxy', 'node-app', 'mongo'], '18.144.43.31': ['node-app', 'mongo']}
Setting cpu quota to 55000 out of 250000
STRESSING VM_IP 13.56.14.158 AND CONTAINER d824175f3227, NET 199680.0
STRESSING VM_IP 13.56.14.158 AND CONTAINER d824175f3227, DISK 15938355.2
STRESSING VM_IP 13.56.14.158 AND CONTAINER d824175f3227, MEMORY 1312500000.0
Recovering the memory utilization
Setting cpu quota to 117500 out of 250000
STRESSING VM_IP 13.56.14.158 AND CONTAINER cd40be619604, NET 30720.0
STRESSING VM_IP 13.56.14.158 AND CONTAINER cd40be619604, DISK 17616076.8
STRESSING VM_IP 13.56.14.158 AND CONTAINER cd40be619604, MEMORY 712500000.0
Recovering the memory utilization
Setting cpu quota to 15000 out of 250000
STRESSING VM_IP 13.56.14.158 AND CONTAINER c21ccad5695a, NET 46080.0
STRESSING VM_IP 13.56.14.158 AND CONTAINER c21ccad5695a, DISK 30198988.8
STRESSING VM_IP 13.56.14.158 AND CONTAINER c21ccad5695a, MEMORY 1425000000.0
Recovering the memory utilization
Setting cpu quota to 117500 out of 250000
STRESSING VM_IP 18.144.43.31 AND CONTAINER 01a0240fb06e, NET 30720.0
STRESSING VM_IP 18.144.43.31 AND CONTAINER 01a0240fb06e, DISK 17616076.8
STRESSING VM_IP 18.144.43.31 AND CONTAINER 01a0240fb06e, MEMORY 712500000.0
Recovering the memory utilization
Setting cpu quota to 15000 out of 250000
STRESSING VM_IP 18.144.43.31 AND CONTAINER d4df0b3c1712, NET 46080.0
STRESSING VM_IP 18.144.43.31 AND CONTAINER d4df0b3c1712, DISK 30198988.8
STRESSING VM_IP 18.144.43.31 AND CONTAINER d4df0b3c1712, MEMORY 1425000000.0
Recovering the memory utilization
Using 5 trials
INVALID EXPERIMENT TYPE: todo-app

----------------------------------------
Problem running the job:
(<type 'exceptions.SystemExit'>, SystemExit(None,), <traceback object at 0x7f40384a4e60>)
Traceback (most recent call last):
  File "/home/ubuntu/throttlebot/src/spearmint/spearmint/runner.py", line 42, in job_runner
    elif job.language == PYTHON: run_python_job(job)
  File "/home/ubuntu/throttlebot/src/spearmint/spearmint/runner.py", line 142, in run_python_job
    result = module.main(job.id, params)
  File "/home/ubuntu/throttlebot/src/spearmint/bayOptSearch/bayOpt.py", line 104, in main
    return explore_spearmint(workload_config, params)
  File "/home/ubuntu/throttlebot/src/spearmint/bayOptSearch/bayOpt.py", line 204, in explore_spearmint
    experiment_results = run_experiment.measure_runtime(workload_config, experiment_trials)
  File "/home/ubuntu/throttlebot/src/run_experiment.py", line 37, in measure_runtime
    exit()
  File "/usr/lib/python2.7/site.py", line 375, in __call__
    raise SystemExit(code)
SystemExit: None
None
----------------------------------------
Job file reloaded.
Could not find value in output file.
Job failed in 15.48 seconds.
