Running in wrapper mode for '169'

Running python job.

[name: "CPU-QUOTA"
int_val: 87
int_val: 83
int_val: 78
int_val: 45
int_val: 61
int_val: 38
int_val: 19
, name: "DISK"
int_val: 27
int_val: 28
int_val: 24
int_val: 9
int_val: 13
int_val: 17
int_val: 29
, name: "MEMORY"
int_val: 36
int_val: 14
int_val: 9
int_val: 27
int_val: 13
int_val: 7
int_val: 22
, name: "NET"
int_val: 21
int_val: 14
int_val: 11
int_val: 37
int_val: 22
int_val: 30
int_val: 5
]
The paramters are {u'CPU-QUOTA': array([87, 83, 78, 45, 61, 38, 19]), u'NET': array([21, 14, 11, 37, 22, 30,  5]), u'DISK': array([27, 28, 24,  9, 13, 17, 29]), u'MEMORY': array([36, 14,  9, 27, 13,  7, 22])}
{'13.56.14.158': ['haproxy', 'node-app', 'mongo'], '18.144.43.31': ['node-app', 'mongo']}
Sum for CPU-QUOTA is 248, which exceeds 200
----------------------------------------
Problem running the job:
(<type 'exceptions.ZeroDivisionError'>, ZeroDivisionError('integer division or modulo by zero',), <traceback object at 0x7f4039d46bd8>)
Traceback (most recent call last):
  File "/home/ubuntu/throttlebot/src/spearmint/spearmint/runner.py", line 42, in job_runner
    elif job.language == PYTHON: run_python_job(job)
  File "/home/ubuntu/throttlebot/src/spearmint/spearmint/runner.py", line 142, in run_python_job
    result = module.main(job.id, params)
  File "/home/ubuntu/throttlebot/src/spearmint/bayOptSearch/bayOpt.py", line 104, in main
    return explore_spearmint(workload_config, params)
  File "/home/ubuntu/throttlebot/src/spearmint/bayOptSearch/bayOpt.py", line 159, in explore_spearmint
    return 1/0
ZeroDivisionError: integer division or modulo by zero
None
----------------------------------------
Job file reloaded.
Could not find value in output file.
Job failed in 1.05 seconds.
