Running in wrapper mode for '187'

Running python job.

[name: "CPU-QUOTA"
int_val: 6
int_val: 92
int_val: 87
int_val: 30
int_val: 16
int_val: 29
int_val: 46
, name: "DISK"
int_val: 13
int_val: 11
int_val: 9
int_val: 6
int_val: 9
int_val: 33
int_val: 17
, name: "MEMORY"
int_val: 17
int_val: 6
int_val: 33
int_val: 19
int_val: 28
int_val: 11
int_val: 36
, name: "NET"
int_val: 33
int_val: 27
int_val: 5
int_val: 34
int_val: 11
int_val: 33
int_val: 20
]
The paramters are {u'CPU-QUOTA': array([ 6, 92, 87, 30, 16, 29, 46]), u'NET': array([33, 27,  5, 34, 11, 33, 20]), u'DISK': array([13, 11,  9,  6,  9, 33, 17]), u'MEMORY': array([17,  6, 33, 19, 28, 11, 36])}
{'13.56.14.158': ['haproxy', 'node-app', 'mongo'], '18.144.43.31': ['node-app', 'mongo']}
Setting cpu quota to 230000 out of 250000
STRESSING VM_IP 13.56.14.158 AND CONTAINER d824175f3227, NET 138240.0
STRESSING VM_IP 13.56.14.158 AND CONTAINER d824175f3227, DISK 9227468.8
STRESSING VM_IP 13.56.14.158 AND CONTAINER d824175f3227, MEMORY 225000000.0
Recovering the memory utilization
Setting cpu quota to 15000 out of 250000
STRESSING VM_IP 13.56.14.158 AND CONTAINER cd40be619604, NET 168960.0
STRESSING VM_IP 13.56.14.158 AND CONTAINER cd40be619604, DISK 10905190.4
STRESSING VM_IP 13.56.14.158 AND CONTAINER cd40be619604, MEMORY 637500000.0
Recovering the memory utilization
Setting cpu quota to 217500 out of 250000
STRESSING VM_IP 13.56.14.158 AND CONTAINER c21ccad5695a, NET 25600.0
STRESSING VM_IP 13.56.14.158 AND CONTAINER c21ccad5695a, DISK 7549747.2
STRESSING VM_IP 13.56.14.158 AND CONTAINER c21ccad5695a, MEMORY 1237500000.0
Recovering the memory utilization
Setting cpu quota to 15000 out of 250000
STRESSING VM_IP 18.144.43.31 AND CONTAINER 01a0240fb06e, NET 168960.0
STRESSING VM_IP 18.144.43.31 AND CONTAINER 01a0240fb06e, DISK 10905190.4
STRESSING VM_IP 18.144.43.31 AND CONTAINER 01a0240fb06e, MEMORY 637500000.0
Recovering the memory utilization
Setting cpu quota to 217500 out of 250000
STRESSING VM_IP 18.144.43.31 AND CONTAINER d4df0b3c1712, NET 25600.0
STRESSING VM_IP 18.144.43.31 AND CONTAINER d4df0b3c1712, DISK 7549747.2
STRESSING VM_IP 18.144.43.31 AND CONTAINER d4df0b3c1712, MEMORY 1237500000.0
Recovering the memory utilization
Using 5 trials
INVALID EXPERIMENT TYPE: todo-app

----------------------------------------
Problem running the job:
(<type 'exceptions.SystemExit'>, SystemExit(None,), <traceback object at 0x7f403850a0e0>)
Traceback (most recent call last):
  File "/home/ubuntu/throttlebot/src/spearmint/spearmint/runner.py", line 42, in job_runner
    elif job.language == PYTHON: run_python_job(job)
  File "/home/ubuntu/throttlebot/src/spearmint/spearmint/runner.py", line 142, in run_python_job
    result = module.main(job.id, params)
  File "/home/ubuntu/throttlebot/src/spearmint/bayOptSearch/bayOpt.py", line 104, in main
    return explore_spearmint(workload_config, params)
  File "/home/ubuntu/throttlebot/src/spearmint/bayOptSearch/bayOpt.py", line 204, in explore_spearmint
    experiment_results = run_experiment.measure_runtime(workload_config, experiment_trials)
  File "/home/ubuntu/throttlebot/src/run_experiment.py", line 37, in measure_runtime
    exit()
  File "/usr/lib/python2.7/site.py", line 375, in __call__
    raise SystemExit(code)
SystemExit: None
None
----------------------------------------
Job file reloaded.
Could not find value in output file.
Job failed in 15.49 seconds.
