Running in wrapper mode for '283'

Running python job.

[name: "CPU-QUOTA"
int_val: 10
int_val: 99
int_val: 58
int_val: 17
int_val: 87
int_val: 57
int_val: 40
, name: "DISK"
int_val: 38
int_val: 5
int_val: 31
int_val: 29
int_val: 12
int_val: 38
int_val: 35
, name: "MEMORY"
int_val: 24
int_val: 18
int_val: 14
int_val: 29
int_val: 29
int_val: 5
int_val: 23
, name: "NET"
int_val: 7
int_val: 21
int_val: 33
int_val: 16
int_val: 39
int_val: 12
int_val: 36
]
The paramters are {u'CPU-QUOTA': array([10, 99, 58, 17, 87, 57, 40]), u'NET': array([ 7, 21, 33, 16, 39, 12, 36]), u'DISK': array([38,  5, 31, 29, 12, 38, 35]), u'MEMORY': array([24, 18, 14, 29, 29,  5, 23])}
{'13.56.14.158': ['haproxy', 'node-app', 'mongo'], '18.144.43.31': ['node-app', 'mongo']}
Setting cpu quota to 247500 out of 250000
STRESSING VM_IP 13.56.14.158 AND CONTAINER d824175f3227, NET 107520.0
STRESSING VM_IP 13.56.14.158 AND CONTAINER d824175f3227, DISK 4194304.0
STRESSING VM_IP 13.56.14.158 AND CONTAINER d824175f3227, MEMORY 675000000.0
Recovering the memory utilization
Setting cpu quota to 25000 out of 250000
STRESSING VM_IP 13.56.14.158 AND CONTAINER cd40be619604, NET 35840.0
STRESSING VM_IP 13.56.14.158 AND CONTAINER cd40be619604, DISK 31876710.4
STRESSING VM_IP 13.56.14.158 AND CONTAINER cd40be619604, MEMORY 900000000.0
Recovering the memory utilization
Setting cpu quota to 145000 out of 250000
STRESSING VM_IP 13.56.14.158 AND CONTAINER c21ccad5695a, NET 168960.0
STRESSING VM_IP 13.56.14.158 AND CONTAINER c21ccad5695a, DISK 26004684.8
STRESSING VM_IP 13.56.14.158 AND CONTAINER c21ccad5695a, MEMORY 525000000.0
Recovering the memory utilization
Setting cpu quota to 25000 out of 250000
STRESSING VM_IP 18.144.43.31 AND CONTAINER 01a0240fb06e, NET 35840.0
STRESSING VM_IP 18.144.43.31 AND CONTAINER 01a0240fb06e, DISK 31876710.4
STRESSING VM_IP 18.144.43.31 AND CONTAINER 01a0240fb06e, MEMORY 900000000.0
Recovering the memory utilization
Setting cpu quota to 145000 out of 250000
STRESSING VM_IP 18.144.43.31 AND CONTAINER d4df0b3c1712, NET 168960.0
STRESSING VM_IP 18.144.43.31 AND CONTAINER d4df0b3c1712, DISK 26004684.8
STRESSING VM_IP 18.144.43.31 AND CONTAINER d4df0b3c1712, MEMORY 525000000.0
Recovering the memory utilization
Using 5 trials
INVALID EXPERIMENT TYPE: todo-app

----------------------------------------
Problem running the job:
(<type 'exceptions.SystemExit'>, SystemExit(None,), <traceback object at 0x7f40384d0d40>)
Traceback (most recent call last):
  File "/home/ubuntu/throttlebot/src/spearmint/spearmint/runner.py", line 42, in job_runner
    elif job.language == PYTHON: run_python_job(job)
  File "/home/ubuntu/throttlebot/src/spearmint/spearmint/runner.py", line 142, in run_python_job
    result = module.main(job.id, params)
  File "/home/ubuntu/throttlebot/src/spearmint/bayOptSearch/bayOpt.py", line 104, in main
    return explore_spearmint(workload_config, params)
  File "/home/ubuntu/throttlebot/src/spearmint/bayOptSearch/bayOpt.py", line 204, in explore_spearmint
    experiment_results = run_experiment.measure_runtime(workload_config, experiment_trials)
  File "/home/ubuntu/throttlebot/src/run_experiment.py", line 37, in measure_runtime
    exit()
  File "/usr/lib/python2.7/site.py", line 375, in __call__
    raise SystemExit(code)
SystemExit: None
None
----------------------------------------
Job file reloaded.
Could not find value in output file.
Job failed in 15.30 seconds.
