Running in wrapper mode for '197'

Running python job.

[name: "CPU-QUOTA"
int_val: 72
int_val: 78
int_val: 31
int_val: 91
int_val: 53
int_val: 69
int_val: 35
, name: "DISK"
int_val: 18
int_val: 26
int_val: 28
int_val: 15
int_val: 7
int_val: 34
int_val: 6
, name: "MEMORY"
int_val: 9
int_val: 18
int_val: 24
int_val: 37
int_val: 40
int_val: 13
int_val: 16
, name: "NET"
int_val: 28
int_val: 19
int_val: 32
int_val: 7
int_val: 19
int_val: 26
int_val: 6
]
The paramters are {u'CPU-QUOTA': array([72, 78, 31, 91, 53, 69, 35]), u'NET': array([28, 19, 32,  7, 19, 26,  6]), u'DISK': array([18, 26, 28, 15,  7, 34,  6]), u'MEMORY': array([ 9, 18, 24, 37, 40, 13, 16])}
{'13.56.14.158': ['haproxy', 'node-app', 'mongo'], '18.144.43.31': ['node-app', 'mongo']}
Setting cpu quota to 195000 out of 250000
STRESSING VM_IP 13.56.14.158 AND CONTAINER d824175f3227, NET 97280.0
STRESSING VM_IP 13.56.14.158 AND CONTAINER d824175f3227, DISK 21810380.8
STRESSING VM_IP 13.56.14.158 AND CONTAINER d824175f3227, MEMORY 675000000.0
Recovering the memory utilization
Setting cpu quota to 180000 out of 250000
STRESSING VM_IP 13.56.14.158 AND CONTAINER cd40be619604, NET 143360.0
STRESSING VM_IP 13.56.14.158 AND CONTAINER cd40be619604, DISK 15099494.4
STRESSING VM_IP 13.56.14.158 AND CONTAINER cd40be619604, MEMORY 337500000.0
Recovering the memory utilization
Setting cpu quota to 77500 out of 250000
STRESSING VM_IP 13.56.14.158 AND CONTAINER c21ccad5695a, NET 163840.0
STRESSING VM_IP 13.56.14.158 AND CONTAINER c21ccad5695a, DISK 23488102.4
STRESSING VM_IP 13.56.14.158 AND CONTAINER c21ccad5695a, MEMORY 900000000.0
Recovering the memory utilization
Setting cpu quota to 180000 out of 250000
STRESSING VM_IP 18.144.43.31 AND CONTAINER 01a0240fb06e, NET 143360.0
STRESSING VM_IP 18.144.43.31 AND CONTAINER 01a0240fb06e, DISK 15099494.4
STRESSING VM_IP 18.144.43.31 AND CONTAINER 01a0240fb06e, MEMORY 337500000.0
Recovering the memory utilization
Setting cpu quota to 77500 out of 250000
STRESSING VM_IP 18.144.43.31 AND CONTAINER d4df0b3c1712, NET 163840.0
STRESSING VM_IP 18.144.43.31 AND CONTAINER d4df0b3c1712, DISK 23488102.4
STRESSING VM_IP 18.144.43.31 AND CONTAINER d4df0b3c1712, MEMORY 900000000.0
Recovering the memory utilization
Using 5 trials
INVALID EXPERIMENT TYPE: todo-app

----------------------------------------
Problem running the job:
(<type 'exceptions.SystemExit'>, SystemExit(None,), <traceback object at 0x7f40384c7bd8>)
Traceback (most recent call last):
  File "/home/ubuntu/throttlebot/src/spearmint/spearmint/runner.py", line 42, in job_runner
    elif job.language == PYTHON: run_python_job(job)
  File "/home/ubuntu/throttlebot/src/spearmint/spearmint/runner.py", line 142, in run_python_job
    result = module.main(job.id, params)
  File "/home/ubuntu/throttlebot/src/spearmint/bayOptSearch/bayOpt.py", line 104, in main
    return explore_spearmint(workload_config, params)
  File "/home/ubuntu/throttlebot/src/spearmint/bayOptSearch/bayOpt.py", line 204, in explore_spearmint
    experiment_results = run_experiment.measure_runtime(workload_config, experiment_trials)
  File "/home/ubuntu/throttlebot/src/run_experiment.py", line 37, in measure_runtime
    exit()
  File "/usr/lib/python2.7/site.py", line 375, in __call__
    raise SystemExit(code)
SystemExit: None
None
----------------------------------------
Job file reloaded.
Could not find value in output file.
Job failed in 15.30 seconds.
