Running in wrapper mode for '247'

Running python job.

[name: "CPU-QUOTA"
int_val: 43
int_val: 74
int_val: 77
int_val: 39
int_val: 76
int_val: 13
int_val: 39
, name: "DISK"
int_val: 17
int_val: 24
int_val: 6
int_val: 17
int_val: 11
int_val: 6
int_val: 33
, name: "MEMORY"
int_val: 30
int_val: 16
int_val: 24
int_val: 13
int_val: 25
int_val: 21
int_val: 11
, name: "NET"
int_val: 27
int_val: 19
int_val: 29
int_val: 30
int_val: 21
int_val: 25
int_val: 38
]
The paramters are {u'CPU-QUOTA': array([43, 74, 77, 39, 76, 13, 39]), u'NET': array([27, 19, 29, 30, 21, 25, 38]), u'DISK': array([17, 24,  6, 17, 11,  6, 33]), u'MEMORY': array([30, 16, 24, 13, 25, 21, 11])}
{'13.56.14.158': ['haproxy', 'node-app', 'mongo'], '18.144.43.31': ['node-app', 'mongo']}
Setting cpu quota to 185000 out of 250000
STRESSING VM_IP 13.56.14.158 AND CONTAINER d824175f3227, NET 97280.0
STRESSING VM_IP 13.56.14.158 AND CONTAINER d824175f3227, DISK 20132659.2
STRESSING VM_IP 13.56.14.158 AND CONTAINER d824175f3227, MEMORY 600000000.0
Recovering the memory utilization
Setting cpu quota to 107500 out of 250000
STRESSING VM_IP 13.56.14.158 AND CONTAINER cd40be619604, NET 138240.0
STRESSING VM_IP 13.56.14.158 AND CONTAINER cd40be619604, DISK 14260633.6
STRESSING VM_IP 13.56.14.158 AND CONTAINER cd40be619604, MEMORY 1125000000.0
Recovering the memory utilization
Setting cpu quota to 192500 out of 250000
STRESSING VM_IP 13.56.14.158 AND CONTAINER c21ccad5695a, NET 148480.0
STRESSING VM_IP 13.56.14.158 AND CONTAINER c21ccad5695a, DISK 5033164.8
STRESSING VM_IP 13.56.14.158 AND CONTAINER c21ccad5695a, MEMORY 900000000.0
Recovering the memory utilization
Setting cpu quota to 107500 out of 250000
STRESSING VM_IP 18.144.43.31 AND CONTAINER 01a0240fb06e, NET 138240.0
STRESSING VM_IP 18.144.43.31 AND CONTAINER 01a0240fb06e, DISK 14260633.6
STRESSING VM_IP 18.144.43.31 AND CONTAINER 01a0240fb06e, MEMORY 1125000000.0
Recovering the memory utilization
Setting cpu quota to 192500 out of 250000
STRESSING VM_IP 18.144.43.31 AND CONTAINER d4df0b3c1712, NET 148480.0
STRESSING VM_IP 18.144.43.31 AND CONTAINER d4df0b3c1712, DISK 5033164.8
STRESSING VM_IP 18.144.43.31 AND CONTAINER d4df0b3c1712, MEMORY 900000000.0
Recovering the memory utilization
Using 5 trials
INVALID EXPERIMENT TYPE: todo-app

----------------------------------------
Problem running the job:
(<type 'exceptions.SystemExit'>, SystemExit(None,), <traceback object at 0x7f403848a950>)
Traceback (most recent call last):
  File "/home/ubuntu/throttlebot/src/spearmint/spearmint/runner.py", line 42, in job_runner
    elif job.language == PYTHON: run_python_job(job)
  File "/home/ubuntu/throttlebot/src/spearmint/spearmint/runner.py", line 142, in run_python_job
    result = module.main(job.id, params)
  File "/home/ubuntu/throttlebot/src/spearmint/bayOptSearch/bayOpt.py", line 104, in main
    return explore_spearmint(workload_config, params)
  File "/home/ubuntu/throttlebot/src/spearmint/bayOptSearch/bayOpt.py", line 204, in explore_spearmint
    experiment_results = run_experiment.measure_runtime(workload_config, experiment_trials)
  File "/home/ubuntu/throttlebot/src/run_experiment.py", line 37, in measure_runtime
    exit()
  File "/usr/lib/python2.7/site.py", line 375, in __call__
    raise SystemExit(code)
SystemExit: None
None
----------------------------------------
Job file reloaded.
Could not find value in output file.
Job failed in 15.28 seconds.
