Running in wrapper mode for '232'

Running python job.

[name: "CPU-QUOTA"
int_val: 40
int_val: 41
int_val: 98
int_val: 84
int_val: 37
int_val: 46
int_val: 72
, name: "DISK"
int_val: 38
int_val: 27
int_val: 32
int_val: 27
int_val: 8
int_val: 12
int_val: 32
, name: "MEMORY"
int_val: 9
int_val: 30
int_val: 21
int_val: 7
int_val: 38
int_val: 11
int_val: 34
, name: "NET"
int_val: 5
int_val: 25
int_val: 37
int_val: 13
int_val: 18
int_val: 6
int_val: 10
]
The paramters are {u'CPU-QUOTA': array([40, 41, 98, 84, 37, 46, 72]), u'NET': array([ 5, 25, 37, 13, 18,  6, 10]), u'DISK': array([38, 27, 32, 27,  8, 12, 32]), u'MEMORY': array([ 9, 30, 21,  7, 38, 11, 34])}
{'13.56.14.158': ['haproxy', 'node-app', 'mongo'], '18.144.43.31': ['node-app', 'mongo']}
Setting cpu quota to 102500 out of 250000
STRESSING VM_IP 13.56.14.158 AND CONTAINER d824175f3227, NET 128000.0
STRESSING VM_IP 13.56.14.158 AND CONTAINER d824175f3227, DISK 22649241.6
STRESSING VM_IP 13.56.14.158 AND CONTAINER d824175f3227, MEMORY 1125000000.0
Recovering the memory utilization
Setting cpu quota to 100000 out of 250000
STRESSING VM_IP 13.56.14.158 AND CONTAINER cd40be619604, NET 25600.0
STRESSING VM_IP 13.56.14.158 AND CONTAINER cd40be619604, DISK 31876710.4
STRESSING VM_IP 13.56.14.158 AND CONTAINER cd40be619604, MEMORY 337500000.0
Recovering the memory utilization
Setting cpu quota to 245000 out of 250000
STRESSING VM_IP 13.56.14.158 AND CONTAINER c21ccad5695a, NET 189440.0
STRESSING VM_IP 13.56.14.158 AND CONTAINER c21ccad5695a, DISK 26843545.6
STRESSING VM_IP 13.56.14.158 AND CONTAINER c21ccad5695a, MEMORY 787500000.0
Recovering the memory utilization
Setting cpu quota to 100000 out of 250000
STRESSING VM_IP 18.144.43.31 AND CONTAINER 01a0240fb06e, NET 25600.0
STRESSING VM_IP 18.144.43.31 AND CONTAINER 01a0240fb06e, DISK 31876710.4
STRESSING VM_IP 18.144.43.31 AND CONTAINER 01a0240fb06e, MEMORY 337500000.0
Recovering the memory utilization
Setting cpu quota to 245000 out of 250000
STRESSING VM_IP 18.144.43.31 AND CONTAINER d4df0b3c1712, NET 189440.0
STRESSING VM_IP 18.144.43.31 AND CONTAINER d4df0b3c1712, DISK 26843545.6
STRESSING VM_IP 18.144.43.31 AND CONTAINER d4df0b3c1712, MEMORY 787500000.0
Recovering the memory utilization
Using 5 trials
INVALID EXPERIMENT TYPE: todo-app

----------------------------------------
Problem running the job:
(<type 'exceptions.SystemExit'>, SystemExit(None,), <traceback object at 0x7f4038477b00>)
Traceback (most recent call last):
  File "/home/ubuntu/throttlebot/src/spearmint/spearmint/runner.py", line 42, in job_runner
    elif job.language == PYTHON: run_python_job(job)
  File "/home/ubuntu/throttlebot/src/spearmint/spearmint/runner.py", line 142, in run_python_job
    result = module.main(job.id, params)
  File "/home/ubuntu/throttlebot/src/spearmint/bayOptSearch/bayOpt.py", line 104, in main
    return explore_spearmint(workload_config, params)
  File "/home/ubuntu/throttlebot/src/spearmint/bayOptSearch/bayOpt.py", line 204, in explore_spearmint
    experiment_results = run_experiment.measure_runtime(workload_config, experiment_trials)
  File "/home/ubuntu/throttlebot/src/run_experiment.py", line 37, in measure_runtime
    exit()
  File "/usr/lib/python2.7/site.py", line 375, in __call__
    raise SystemExit(code)
SystemExit: None
None
----------------------------------------
Job file reloaded.
Could not find value in output file.
Job failed in 15.46 seconds.
