Running in wrapper mode for '179'

Running python job.

[name: "CPU-QUOTA"
int_val: 24
int_val: 74
int_val: 57
int_val: 96
int_val: 58
int_val: 47
int_val: 52
, name: "DISK"
int_val: 33
int_val: 9
int_val: 11
int_val: 30
int_val: 39
int_val: 18
int_val: 37
, name: "MEMORY"
int_val: 19
int_val: 31
int_val: 39
int_val: 21
int_val: 30
int_val: 40
int_val: 7
, name: "NET"
int_val: 26
int_val: 24
int_val: 16
int_val: 31
int_val: 14
int_val: 22
int_val: 9
]
The paramters are {u'CPU-QUOTA': array([24, 74, 57, 96, 58, 47, 52]), u'NET': array([26, 24, 16, 31, 14, 22,  9]), u'DISK': array([33,  9, 11, 30, 39, 18, 37]), u'MEMORY': array([19, 31, 39, 21, 30, 40,  7])}
{'13.56.14.158': ['haproxy', 'node-app', 'mongo'], '18.144.43.31': ['node-app', 'mongo']}
Setting cpu quota to 185000 out of 250000
STRESSING VM_IP 13.56.14.158 AND CONTAINER d824175f3227, NET 122880.0
STRESSING VM_IP 13.56.14.158 AND CONTAINER d824175f3227, DISK 7549747.2
STRESSING VM_IP 13.56.14.158 AND CONTAINER d824175f3227, MEMORY 1162500000.0
Recovering the memory utilization
Setting cpu quota to 60000 out of 250000
STRESSING VM_IP 13.56.14.158 AND CONTAINER cd40be619604, NET 133120.0
STRESSING VM_IP 13.56.14.158 AND CONTAINER cd40be619604, DISK 27682406.4
STRESSING VM_IP 13.56.14.158 AND CONTAINER cd40be619604, MEMORY 712500000.0
Recovering the memory utilization
Setting cpu quota to 142500 out of 250000
STRESSING VM_IP 13.56.14.158 AND CONTAINER c21ccad5695a, NET 81920.0
STRESSING VM_IP 13.56.14.158 AND CONTAINER c21ccad5695a, DISK 9227468.8
STRESSING VM_IP 13.56.14.158 AND CONTAINER c21ccad5695a, MEMORY 1462500000.0
Recovering the memory utilization
Setting cpu quota to 60000 out of 250000
STRESSING VM_IP 18.144.43.31 AND CONTAINER 01a0240fb06e, NET 133120.0
STRESSING VM_IP 18.144.43.31 AND CONTAINER 01a0240fb06e, DISK 27682406.4
STRESSING VM_IP 18.144.43.31 AND CONTAINER 01a0240fb06e, MEMORY 712500000.0
Recovering the memory utilization
Setting cpu quota to 142500 out of 250000
STRESSING VM_IP 18.144.43.31 AND CONTAINER d4df0b3c1712, NET 81920.0
STRESSING VM_IP 18.144.43.31 AND CONTAINER d4df0b3c1712, DISK 9227468.8
STRESSING VM_IP 18.144.43.31 AND CONTAINER d4df0b3c1712, MEMORY 1462500000.0
Recovering the memory utilization
Using 5 trials
INVALID EXPERIMENT TYPE: todo-app

----------------------------------------
Problem running the job:
(<type 'exceptions.SystemExit'>, SystemExit(None,), <traceback object at 0x7f40384cfdd0>)
Traceback (most recent call last):
  File "/home/ubuntu/throttlebot/src/spearmint/spearmint/runner.py", line 42, in job_runner
    elif job.language == PYTHON: run_python_job(job)
  File "/home/ubuntu/throttlebot/src/spearmint/spearmint/runner.py", line 142, in run_python_job
    result = module.main(job.id, params)
  File "/home/ubuntu/throttlebot/src/spearmint/bayOptSearch/bayOpt.py", line 104, in main
    return explore_spearmint(workload_config, params)
  File "/home/ubuntu/throttlebot/src/spearmint/bayOptSearch/bayOpt.py", line 204, in explore_spearmint
    experiment_results = run_experiment.measure_runtime(workload_config, experiment_trials)
  File "/home/ubuntu/throttlebot/src/run_experiment.py", line 37, in measure_runtime
    exit()
  File "/usr/lib/python2.7/site.py", line 375, in __call__
    raise SystemExit(code)
SystemExit: None
None
----------------------------------------
Job file reloaded.
Could not find value in output file.
Job failed in 15.43 seconds.
