Running in wrapper mode for '91'

Running python job.

[name: "CPU-QUOTA"
int_val: 8
int_val: 80
int_val: 24
int_val: 16
int_val: 63
int_val: 26
int_val: 34
, name: "DISK"
int_val: 10
int_val: 23
int_val: 21
int_val: 25
int_val: 25
int_val: 6
int_val: 9
, name: "MEMORY"
int_val: 33
int_val: 8
int_val: 28
int_val: 27
int_val: 40
int_val: 31
int_val: 28
, name: "NET"
int_val: 37
int_val: 10
int_val: 23
int_val: 7
int_val: 16
int_val: 6
int_val: 14
]
The paramters are {u'CPU-QUOTA': array([ 8, 80, 24, 16, 63, 26, 34]), u'NET': array([37, 10, 23,  7, 16,  6, 14]), u'DISK': array([10, 23, 21, 25, 25,  6,  9]), u'MEMORY': array([33,  8, 28, 27, 40, 31, 28])}
{'13.56.14.158': ['haproxy', 'node-app', 'mongo'], '18.144.43.31': ['node-app', 'mongo']}
----------------------------------------
Problem running the job:
(<class 'paramiko.ssh_exception.BadAuthenticationType'>, BadAuthenticationType('Bad authentication type', [u'publickey']), <traceback object at 0x7fd41b754c68>)
Traceback (most recent call last):
  File "/home/ubuntu/throttlebot/src/spearmint/spearmint/runner.py", line 42, in job_runner
    elif job.language == PYTHON: run_python_job(job)
  File "/home/ubuntu/throttlebot/src/spearmint/spearmint/runner.py", line 142, in run_python_job
    result = module.main(job.id, params)
  File "/home/ubuntu/throttlebot/src/spearmint/bayOptSearch/bayOpt.py", line 104, in main
    return explore_spearmint(workload_config, params)
  File "/home/ubuntu/throttlebot/src/spearmint/bayOptSearch/bayOpt.py", line 147, in explore_spearmint
    client = re.get_client(machine)
  File "/home/ubuntu/throttlebot/src/remote_execution.py", line 6, in get_client
    client.connect(ip, username="quilt", password="")
  File "/home/ubuntu/.local/lib/python2.7/site-packages/paramiko/client.py", line 424, in connect
    passphrase,
  File "/home/ubuntu/.local/lib/python2.7/site-packages/paramiko/client.py", line 714, in _auth
    raise saved_exception
BadAuthenticationType: ('Bad authentication type', [u'publickey']) (allowed_types=[u'publickey'])
None
----------------------------------------
Job file reloaded.
Could not find value in output file.
Job failed in 0.44 seconds.
