Running in wrapper mode for '221'

Running python job.

[name: "CPU-QUOTA"
int_val: 58
int_val: 83
int_val: 56
int_val: 78
int_val: 67
int_val: 28
int_val: 6
, name: "DISK"
int_val: 13
int_val: 12
int_val: 30
int_val: 34
int_val: 37
int_val: 5
int_val: 26
, name: "MEMORY"
int_val: 7
int_val: 28
int_val: 19
int_val: 36
int_val: 8
int_val: 27
int_val: 14
, name: "NET"
int_val: 21
int_val: 27
int_val: 35
int_val: 38
int_val: 15
int_val: 17
int_val: 39
]
The paramters are {u'CPU-QUOTA': array([58, 83, 56, 78, 67, 28,  6]), u'NET': array([21, 27, 35, 38, 15, 17, 39]), u'DISK': array([13, 12, 30, 34, 37,  5, 26]), u'MEMORY': array([ 7, 28, 19, 36,  8, 27, 14])}
{'13.56.14.158': ['haproxy', 'node-app', 'mongo'], '18.144.43.31': ['node-app', 'mongo']}
Setting cpu quota to 207500 out of 250000
STRESSING VM_IP 13.56.14.158 AND CONTAINER d824175f3227, NET 138240.0
STRESSING VM_IP 13.56.14.158 AND CONTAINER d824175f3227, DISK 10066329.6
STRESSING VM_IP 13.56.14.158 AND CONTAINER d824175f3227, MEMORY 1050000000.0
Recovering the memory utilization
Setting cpu quota to 145000 out of 250000
STRESSING VM_IP 13.56.14.158 AND CONTAINER cd40be619604, NET 107520.0
STRESSING VM_IP 13.56.14.158 AND CONTAINER cd40be619604, DISK 10905190.4
STRESSING VM_IP 13.56.14.158 AND CONTAINER cd40be619604, MEMORY 262500000.0
Recovering the memory utilization
Setting cpu quota to 140000 out of 250000
STRESSING VM_IP 13.56.14.158 AND CONTAINER c21ccad5695a, NET 179200.0
STRESSING VM_IP 13.56.14.158 AND CONTAINER c21ccad5695a, DISK 25165824.0
STRESSING VM_IP 13.56.14.158 AND CONTAINER c21ccad5695a, MEMORY 712500000.0
Recovering the memory utilization
Setting cpu quota to 145000 out of 250000
STRESSING VM_IP 18.144.43.31 AND CONTAINER 01a0240fb06e, NET 107520.0
STRESSING VM_IP 18.144.43.31 AND CONTAINER 01a0240fb06e, DISK 10905190.4
STRESSING VM_IP 18.144.43.31 AND CONTAINER 01a0240fb06e, MEMORY 262500000.0
Recovering the memory utilization
Setting cpu quota to 140000 out of 250000
STRESSING VM_IP 18.144.43.31 AND CONTAINER d4df0b3c1712, NET 179200.0
STRESSING VM_IP 18.144.43.31 AND CONTAINER d4df0b3c1712, DISK 25165824.0
STRESSING VM_IP 18.144.43.31 AND CONTAINER d4df0b3c1712, MEMORY 712500000.0
Recovering the memory utilization
Using 5 trials
INVALID EXPERIMENT TYPE: todo-app

----------------------------------------
Problem running the job:
(<type 'exceptions.SystemExit'>, SystemExit(None,), <traceback object at 0x7f40384f2e60>)
Traceback (most recent call last):
  File "/home/ubuntu/throttlebot/src/spearmint/spearmint/runner.py", line 42, in job_runner
    elif job.language == PYTHON: run_python_job(job)
  File "/home/ubuntu/throttlebot/src/spearmint/spearmint/runner.py", line 142, in run_python_job
    result = module.main(job.id, params)
  File "/home/ubuntu/throttlebot/src/spearmint/bayOptSearch/bayOpt.py", line 104, in main
    return explore_spearmint(workload_config, params)
  File "/home/ubuntu/throttlebot/src/spearmint/bayOptSearch/bayOpt.py", line 204, in explore_spearmint
    experiment_results = run_experiment.measure_runtime(workload_config, experiment_trials)
  File "/home/ubuntu/throttlebot/src/run_experiment.py", line 37, in measure_runtime
    exit()
  File "/usr/lib/python2.7/site.py", line 375, in __call__
    raise SystemExit(code)
SystemExit: None
None
----------------------------------------
Job file reloaded.
Could not find value in output file.
Job failed in 15.27 seconds.
