Running in wrapper mode for '2'

Running python job.

[name: "CPU-QUOTA"
int_val: 66
int_val: 45
int_val: 51
int_val: 13
int_val: 72
int_val: 93
int_val: 7
, name: "DISK"
int_val: 21
int_val: 26
int_val: 33
int_val: 27
int_val: 35
int_val: 24
int_val: 23
, name: "MEMORY"
int_val: 32
int_val: 8
int_val: 30
int_val: 13
int_val: 34
int_val: 31
int_val: 16
, name: "NET"
int_val: 29
int_val: 9
int_val: 21
int_val: 29
int_val: 37
int_val: 10
int_val: 21
]
The paramters are {u'CPU-QUOTA': array([66, 45, 51, 13, 72, 93,  7]), u'NET': array([29,  9, 21, 29, 37, 10, 21]), u'DISK': array([21, 26, 33, 27, 35, 24, 23]), u'MEMORY': array([32,  8, 30, 13, 34, 31, 16])}
{'13.56.14.158': ['haproxy', 'node-app', 'mongo'], '18.144.43.31': ['node-app', 'mongo']}
----------------------------------------
Problem running the job:
(<class 'paramiko.ssh_exception.BadAuthenticationType'>, BadAuthenticationType('Bad authentication type', [u'publickey']), <traceback object at 0x7fd41b79e680>)
Traceback (most recent call last):
  File "/home/ubuntu/throttlebot/src/spearmint/spearmint/runner.py", line 42, in job_runner
    elif job.language == PYTHON: run_python_job(job)
  File "/home/ubuntu/throttlebot/src/spearmint/spearmint/runner.py", line 142, in run_python_job
    result = module.main(job.id, params)
  File "/home/ubuntu/throttlebot/src/spearmint/bayOptSearch/bayOpt.py", line 104, in main
    return explore_spearmint(workload_config, params)
  File "/home/ubuntu/throttlebot/src/spearmint/bayOptSearch/bayOpt.py", line 147, in explore_spearmint
    client = re.get_client(machine)
  File "/home/ubuntu/throttlebot/src/remote_execution.py", line 6, in get_client
    client.connect(ip, username="quilt", password="")
  File "/home/ubuntu/.local/lib/python2.7/site-packages/paramiko/client.py", line 424, in connect
    passphrase,
  File "/home/ubuntu/.local/lib/python2.7/site-packages/paramiko/client.py", line 714, in _auth
    raise saved_exception
BadAuthenticationType: ('Bad authentication type', [u'publickey']) (allowed_types=[u'publickey'])
None
----------------------------------------
Job file reloaded.
Could not find value in output file.
Job failed in 0.48 seconds.
