Running in wrapper mode for '235'

Running python job.

[name: "CPU-QUOTA"
int_val: 16
int_val: 65
int_val: 74
int_val: 12
int_val: 13
int_val: 70
int_val: 96
, name: "DISK"
int_val: 11
int_val: 18
int_val: 23
int_val: 18
int_val: 17
int_val: 39
int_val: 23
, name: "MEMORY"
int_val: 36
int_val: 39
int_val: 12
int_val: 34
int_val: 29
int_val: 38
int_val: 25
, name: "NET"
int_val: 32
int_val: 34
int_val: 10
int_val: 40
int_val: 9
int_val: 15
int_val: 19
]
The paramters are {u'CPU-QUOTA': array([16, 65, 74, 12, 13, 70, 96]), u'NET': array([32, 34, 10, 40,  9, 15, 19]), u'DISK': array([11, 18, 23, 18, 17, 39, 23]), u'MEMORY': array([36, 39, 12, 34, 29, 38, 25])}
{'13.56.14.158': ['haproxy', 'node-app', 'mongo'], '18.144.43.31': ['node-app', 'mongo']}
Setting cpu quota to 162500 out of 250000
STRESSING VM_IP 13.56.14.158 AND CONTAINER d824175f3227, NET 174080.0
STRESSING VM_IP 13.56.14.158 AND CONTAINER d824175f3227, DISK 15099494.4
STRESSING VM_IP 13.56.14.158 AND CONTAINER d824175f3227, MEMORY 1462500000.0
Recovering the memory utilization
Setting cpu quota to 40000 out of 250000
STRESSING VM_IP 13.56.14.158 AND CONTAINER cd40be619604, NET 163840.0
STRESSING VM_IP 13.56.14.158 AND CONTAINER cd40be619604, DISK 9227468.8
STRESSING VM_IP 13.56.14.158 AND CONTAINER cd40be619604, MEMORY 1350000000.0
Recovering the memory utilization
Setting cpu quota to 185000 out of 250000
STRESSING VM_IP 13.56.14.158 AND CONTAINER c21ccad5695a, NET 51200.0
STRESSING VM_IP 13.56.14.158 AND CONTAINER c21ccad5695a, DISK 19293798.4
STRESSING VM_IP 13.56.14.158 AND CONTAINER c21ccad5695a, MEMORY 450000000.0
Recovering the memory utilization
Setting cpu quota to 40000 out of 250000
STRESSING VM_IP 18.144.43.31 AND CONTAINER 01a0240fb06e, NET 163840.0
STRESSING VM_IP 18.144.43.31 AND CONTAINER 01a0240fb06e, DISK 9227468.8
STRESSING VM_IP 18.144.43.31 AND CONTAINER 01a0240fb06e, MEMORY 1350000000.0
Recovering the memory utilization
Setting cpu quota to 185000 out of 250000
STRESSING VM_IP 18.144.43.31 AND CONTAINER d4df0b3c1712, NET 51200.0
STRESSING VM_IP 18.144.43.31 AND CONTAINER d4df0b3c1712, DISK 19293798.4
STRESSING VM_IP 18.144.43.31 AND CONTAINER d4df0b3c1712, MEMORY 450000000.0
Recovering the memory utilization
Using 5 trials
INVALID EXPERIMENT TYPE: todo-app

----------------------------------------
Problem running the job:
(<type 'exceptions.SystemExit'>, SystemExit(None,), <traceback object at 0x7f403847d710>)
Traceback (most recent call last):
  File "/home/ubuntu/throttlebot/src/spearmint/spearmint/runner.py", line 42, in job_runner
    elif job.language == PYTHON: run_python_job(job)
  File "/home/ubuntu/throttlebot/src/spearmint/spearmint/runner.py", line 142, in run_python_job
    result = module.main(job.id, params)
  File "/home/ubuntu/throttlebot/src/spearmint/bayOptSearch/bayOpt.py", line 104, in main
    return explore_spearmint(workload_config, params)
  File "/home/ubuntu/throttlebot/src/spearmint/bayOptSearch/bayOpt.py", line 204, in explore_spearmint
    experiment_results = run_experiment.measure_runtime(workload_config, experiment_trials)
  File "/home/ubuntu/throttlebot/src/run_experiment.py", line 37, in measure_runtime
    exit()
  File "/usr/lib/python2.7/site.py", line 375, in __call__
    raise SystemExit(code)
SystemExit: None
None
----------------------------------------
Job file reloaded.
Could not find value in output file.
Job failed in 15.33 seconds.
