Running in wrapper mode for '175'

Running python job.

[name: "CPU-QUOTA"
int_val: 36
int_val: 86
int_val: 21
int_val: 84
int_val: 46
int_val: 59
int_val: 40
, name: "DISK"
int_val: 20
int_val: 13
int_val: 34
int_val: 35
int_val: 16
int_val: 22
int_val: 24
, name: "MEMORY"
int_val: 33
int_val: 26
int_val: 17
int_val: 8
int_val: 35
int_val: 8
int_val: 39
, name: "NET"
int_val: 13
int_val: 11
int_val: 30
int_val: 27
int_val: 27
int_val: 8
int_val: 13
]
The paramters are {u'CPU-QUOTA': array([36, 86, 21, 84, 46, 59, 40]), u'NET': array([13, 11, 30, 27, 27,  8, 13]), u'DISK': array([20, 13, 34, 35, 16, 22, 24]), u'MEMORY': array([33, 26, 17,  8, 35,  8, 39])}
{'13.56.14.158': ['haproxy', 'node-app', 'mongo'], '18.144.43.31': ['node-app', 'mongo']}
Setting cpu quota to 215000 out of 250000
STRESSING VM_IP 13.56.14.158 AND CONTAINER d824175f3227, NET 56320.0
STRESSING VM_IP 13.56.14.158 AND CONTAINER d824175f3227, DISK 10905190.4
STRESSING VM_IP 13.56.14.158 AND CONTAINER d824175f3227, MEMORY 975000000.0
Recovering the memory utilization
Setting cpu quota to 90000 out of 250000
STRESSING VM_IP 13.56.14.158 AND CONTAINER cd40be619604, NET 66560.0
STRESSING VM_IP 13.56.14.158 AND CONTAINER cd40be619604, DISK 16777216.0
STRESSING VM_IP 13.56.14.158 AND CONTAINER cd40be619604, MEMORY 1237500000.0
Recovering the memory utilization
Setting cpu quota to 52500 out of 250000
STRESSING VM_IP 13.56.14.158 AND CONTAINER c21ccad5695a, NET 153600.0
STRESSING VM_IP 13.56.14.158 AND CONTAINER c21ccad5695a, DISK 28521267.2
STRESSING VM_IP 13.56.14.158 AND CONTAINER c21ccad5695a, MEMORY 637500000.0
Recovering the memory utilization
Setting cpu quota to 90000 out of 250000
STRESSING VM_IP 18.144.43.31 AND CONTAINER 01a0240fb06e, NET 66560.0
STRESSING VM_IP 18.144.43.31 AND CONTAINER 01a0240fb06e, DISK 16777216.0
STRESSING VM_IP 18.144.43.31 AND CONTAINER 01a0240fb06e, MEMORY 1237500000.0
Recovering the memory utilization
Setting cpu quota to 52500 out of 250000
STRESSING VM_IP 18.144.43.31 AND CONTAINER d4df0b3c1712, NET 153600.0
STRESSING VM_IP 18.144.43.31 AND CONTAINER d4df0b3c1712, DISK 28521267.2
STRESSING VM_IP 18.144.43.31 AND CONTAINER d4df0b3c1712, MEMORY 637500000.0
Recovering the memory utilization
Using 5 trials
INVALID EXPERIMENT TYPE: todo-app

----------------------------------------
Problem running the job:
(<type 'exceptions.SystemExit'>, SystemExit(None,), <traceback object at 0x7f40384dae60>)
Traceback (most recent call last):
  File "/home/ubuntu/throttlebot/src/spearmint/spearmint/runner.py", line 42, in job_runner
    elif job.language == PYTHON: run_python_job(job)
  File "/home/ubuntu/throttlebot/src/spearmint/spearmint/runner.py", line 142, in run_python_job
    result = module.main(job.id, params)
  File "/home/ubuntu/throttlebot/src/spearmint/bayOptSearch/bayOpt.py", line 104, in main
    return explore_spearmint(workload_config, params)
  File "/home/ubuntu/throttlebot/src/spearmint/bayOptSearch/bayOpt.py", line 204, in explore_spearmint
    experiment_results = run_experiment.measure_runtime(workload_config, experiment_trials)
  File "/home/ubuntu/throttlebot/src/run_experiment.py", line 37, in measure_runtime
    exit()
  File "/usr/lib/python2.7/site.py", line 375, in __call__
    raise SystemExit(code)
SystemExit: None
None
----------------------------------------
Job file reloaded.
Could not find value in output file.
Job failed in 15.33 seconds.
