Running in wrapper mode for '186'

Running python job.

[name: "CPU-QUOTA"
int_val: 54
int_val: 44
int_val: 39
int_val: 78
int_val: 64
int_val: 77
int_val: 94
, name: "DISK"
int_val: 31
int_val: 29
int_val: 27
int_val: 24
int_val: 27
int_val: 15
int_val: 35
, name: "MEMORY"
int_val: 35
int_val: 24
int_val: 15
int_val: 37
int_val: 10
int_val: 29
int_val: 18
, name: "NET"
int_val: 15
int_val: 9
int_val: 23
int_val: 16
int_val: 29
int_val: 15
int_val: 38
]
The paramters are {u'CPU-QUOTA': array([54, 44, 39, 78, 64, 77, 94]), u'NET': array([15,  9, 23, 16, 29, 15, 38]), u'DISK': array([31, 29, 27, 24, 27, 15, 35]), u'MEMORY': array([35, 24, 15, 37, 10, 29, 18])}
{'13.56.14.158': ['haproxy', 'node-app', 'mongo'], '18.144.43.31': ['node-app', 'mongo']}
Setting cpu quota to 110000 out of 250000
STRESSING VM_IP 13.56.14.158 AND CONTAINER d824175f3227, NET 46080.0
STRESSING VM_IP 13.56.14.158 AND CONTAINER d824175f3227, DISK 24326963.2
STRESSING VM_IP 13.56.14.158 AND CONTAINER d824175f3227, MEMORY 900000000.0
Recovering the memory utilization
Setting cpu quota to 135000 out of 250000
STRESSING VM_IP 13.56.14.158 AND CONTAINER cd40be619604, NET 76800.0
STRESSING VM_IP 13.56.14.158 AND CONTAINER cd40be619604, DISK 26004684.8
STRESSING VM_IP 13.56.14.158 AND CONTAINER cd40be619604, MEMORY 1312500000.0
Recovering the memory utilization
Setting cpu quota to 97500 out of 250000
STRESSING VM_IP 13.56.14.158 AND CONTAINER c21ccad5695a, NET 117760.0
STRESSING VM_IP 13.56.14.158 AND CONTAINER c21ccad5695a, DISK 22649241.6
STRESSING VM_IP 13.56.14.158 AND CONTAINER c21ccad5695a, MEMORY 562500000.0
Recovering the memory utilization
Setting cpu quota to 135000 out of 250000
STRESSING VM_IP 18.144.43.31 AND CONTAINER 01a0240fb06e, NET 76800.0
STRESSING VM_IP 18.144.43.31 AND CONTAINER 01a0240fb06e, DISK 26004684.8
STRESSING VM_IP 18.144.43.31 AND CONTAINER 01a0240fb06e, MEMORY 1312500000.0
Recovering the memory utilization
Setting cpu quota to 97500 out of 250000
STRESSING VM_IP 18.144.43.31 AND CONTAINER d4df0b3c1712, NET 117760.0
STRESSING VM_IP 18.144.43.31 AND CONTAINER d4df0b3c1712, DISK 22649241.6
STRESSING VM_IP 18.144.43.31 AND CONTAINER d4df0b3c1712, MEMORY 562500000.0
Recovering the memory utilization
Using 5 trials
INVALID EXPERIMENT TYPE: todo-app

----------------------------------------
Problem running the job:
(<type 'exceptions.SystemExit'>, SystemExit(None,), <traceback object at 0x7f40384f05f0>)
Traceback (most recent call last):
  File "/home/ubuntu/throttlebot/src/spearmint/spearmint/runner.py", line 42, in job_runner
    elif job.language == PYTHON: run_python_job(job)
  File "/home/ubuntu/throttlebot/src/spearmint/spearmint/runner.py", line 142, in run_python_job
    result = module.main(job.id, params)
  File "/home/ubuntu/throttlebot/src/spearmint/bayOptSearch/bayOpt.py", line 104, in main
    return explore_spearmint(workload_config, params)
  File "/home/ubuntu/throttlebot/src/spearmint/bayOptSearch/bayOpt.py", line 204, in explore_spearmint
    experiment_results = run_experiment.measure_runtime(workload_config, experiment_trials)
  File "/home/ubuntu/throttlebot/src/run_experiment.py", line 37, in measure_runtime
    exit()
  File "/usr/lib/python2.7/site.py", line 375, in __call__
    raise SystemExit(code)
SystemExit: None
None
----------------------------------------
Job file reloaded.
Could not find value in output file.
Job failed in 15.39 seconds.
