Running in wrapper mode for '237'

Running python job.

[name: "CPU-QUOTA"
int_val: 61
int_val: 68
int_val: 35
int_val: 69
int_val: 94
int_val: 43
int_val: 57
, name: "DISK"
int_val: 37
int_val: 40
int_val: 36
int_val: 28
int_val: 13
int_val: 35
int_val: 31
, name: "MEMORY"
int_val: 32
int_val: 9
int_val: 22
int_val: 19
int_val: 14
int_val: 37
int_val: 8
, name: "NET"
int_val: 25
int_val: 30
int_val: 31
int_val: 23
int_val: 32
int_val: 36
int_val: 17
]
The paramters are {u'CPU-QUOTA': array([61, 68, 35, 69, 94, 43, 57]), u'NET': array([25, 30, 31, 23, 32, 36, 17]), u'DISK': array([37, 40, 36, 28, 13, 35, 31]), u'MEMORY': array([32,  9, 22, 19, 14, 37,  8])}
{'13.56.14.158': ['haproxy', 'node-app', 'mongo'], '18.144.43.31': ['node-app', 'mongo']}
Setting cpu quota to 170000 out of 250000
STRESSING VM_IP 13.56.14.158 AND CONTAINER d824175f3227, NET 153600.0
STRESSING VM_IP 13.56.14.158 AND CONTAINER d824175f3227, DISK 33554432.0
STRESSING VM_IP 13.56.14.158 AND CONTAINER d824175f3227, MEMORY 337500000.0
Recovering the memory utilization
Setting cpu quota to 152500 out of 250000
STRESSING VM_IP 13.56.14.158 AND CONTAINER cd40be619604, NET 128000.0
STRESSING VM_IP 13.56.14.158 AND CONTAINER cd40be619604, DISK 31037849.6
STRESSING VM_IP 13.56.14.158 AND CONTAINER cd40be619604, MEMORY 1200000000.0
Recovering the memory utilization
Setting cpu quota to 87500 out of 250000
STRESSING VM_IP 13.56.14.158 AND CONTAINER c21ccad5695a, NET 158720.0
STRESSING VM_IP 13.56.14.158 AND CONTAINER c21ccad5695a, DISK 30198988.8
STRESSING VM_IP 13.56.14.158 AND CONTAINER c21ccad5695a, MEMORY 825000000.0
Recovering the memory utilization
Setting cpu quota to 152500 out of 250000
STRESSING VM_IP 18.144.43.31 AND CONTAINER 01a0240fb06e, NET 128000.0
STRESSING VM_IP 18.144.43.31 AND CONTAINER 01a0240fb06e, DISK 31037849.6
STRESSING VM_IP 18.144.43.31 AND CONTAINER 01a0240fb06e, MEMORY 1200000000.0
Recovering the memory utilization
Setting cpu quota to 87500 out of 250000
STRESSING VM_IP 18.144.43.31 AND CONTAINER d4df0b3c1712, NET 158720.0
STRESSING VM_IP 18.144.43.31 AND CONTAINER d4df0b3c1712, DISK 30198988.8
STRESSING VM_IP 18.144.43.31 AND CONTAINER d4df0b3c1712, MEMORY 825000000.0
Recovering the memory utilization
Using 5 trials
INVALID EXPERIMENT TYPE: todo-app

----------------------------------------
Problem running the job:
(<type 'exceptions.SystemExit'>, SystemExit(None,), <traceback object at 0x7f4038488560>)
Traceback (most recent call last):
  File "/home/ubuntu/throttlebot/src/spearmint/spearmint/runner.py", line 42, in job_runner
    elif job.language == PYTHON: run_python_job(job)
  File "/home/ubuntu/throttlebot/src/spearmint/spearmint/runner.py", line 142, in run_python_job
    result = module.main(job.id, params)
  File "/home/ubuntu/throttlebot/src/spearmint/bayOptSearch/bayOpt.py", line 104, in main
    return explore_spearmint(workload_config, params)
  File "/home/ubuntu/throttlebot/src/spearmint/bayOptSearch/bayOpt.py", line 204, in explore_spearmint
    experiment_results = run_experiment.measure_runtime(workload_config, experiment_trials)
  File "/home/ubuntu/throttlebot/src/run_experiment.py", line 37, in measure_runtime
    exit()
  File "/usr/lib/python2.7/site.py", line 375, in __call__
    raise SystemExit(code)
SystemExit: None
None
----------------------------------------
Job file reloaded.
Could not find value in output file.
Job failed in 15.39 seconds.
