Running in wrapper mode for '345'

Running python job.

[name: "CPU-QUOTA"
int_val: 80
int_val: 97
int_val: 36
int_val: 13
int_val: 56
int_val: 53
int_val: 50
, name: "DISK"
int_val: 13
int_val: 31
int_val: 26
int_val: 20
int_val: 14
int_val: 14
int_val: 12
, name: "MEMORY"
int_val: 37
int_val: 17
int_val: 17
int_val: 39
int_val: 9
int_val: 17
int_val: 10
, name: "NET"
int_val: 9
int_val: 39
int_val: 18
int_val: 32
int_val: 40
int_val: 21
int_val: 29
]
The paramters are {u'CPU-QUOTA': array([80, 97, 36, 13, 56, 53, 50]), u'NET': array([ 9, 39, 18, 32, 40, 21, 29]), u'DISK': array([13, 31, 26, 20, 14, 14, 12]), u'MEMORY': array([37, 17, 17, 39,  9, 17, 10])}
{'13.56.14.158': ['haproxy', 'node-app', 'mongo'], '18.144.43.31': ['node-app', 'mongo']}
Sum for CPU-QUOTA is 213, which exceeds 200
----------------------------------------
Problem running the job:
(<type 'exceptions.ZeroDivisionError'>, ZeroDivisionError('integer division or modulo by zero',), <traceback object at 0x7f5a0cf13170>)
Traceback (most recent call last):
  File "/home/ubuntu/throttlebot/src/spearmint/spearmint/runner.py", line 42, in job_runner
    elif job.language == PYTHON: run_python_job(job)
  File "/home/ubuntu/throttlebot/src/spearmint/spearmint/runner.py", line 142, in run_python_job
    result = module.main(job.id, params)
  File "/home/ubuntu/throttlebot/src/spearmint/bayOptSearch/bayOpt.py", line 104, in main
    return explore_spearmint(workload_config, params)
  File "/home/ubuntu/throttlebot/src/spearmint/bayOptSearch/bayOpt.py", line 160, in explore_spearmint
    return 1/0
ZeroDivisionError: integer division or modulo by zero
None
----------------------------------------
Job file reloaded.
Could not find value in output file.
Job failed in 1.02 seconds.
