Running in wrapper mode for '78'

Running python job.

[name: "CPU-QUOTA"
int_val: 86
int_val: 50
int_val: 30
int_val: 10
int_val: 45
int_val: 44
int_val: 100
, name: "DISK"
int_val: 39
int_val: 8
int_val: 5
int_val: 32
int_val: 19
int_val: 13
int_val: 21
, name: "MEMORY"
int_val: 35
int_val: 6
int_val: 31
int_val: 20
int_val: 6
int_val: 6
int_val: 13
, name: "NET"
int_val: 25
int_val: 8
int_val: 30
int_val: 32
int_val: 14
int_val: 18
int_val: 25
]
The paramters are {u'CPU-QUOTA': array([ 86,  50,  30,  10,  45,  44, 100]), u'NET': array([25,  8, 30, 32, 14, 18, 25]), u'DISK': array([39,  8,  5, 32, 19, 13, 21]), u'MEMORY': array([35,  6, 31, 20,  6,  6, 13])}
{'13.56.14.158': ['haproxy', 'node-app', 'mongo'], '18.144.43.31': ['node-app', 'mongo']}
----------------------------------------
Problem running the job:
(<class 'paramiko.ssh_exception.BadAuthenticationType'>, BadAuthenticationType('Bad authentication type', [u'publickey']), <traceback object at 0x7fd41b769200>)
Traceback (most recent call last):
  File "/home/ubuntu/throttlebot/src/spearmint/spearmint/runner.py", line 42, in job_runner
    elif job.language == PYTHON: run_python_job(job)
  File "/home/ubuntu/throttlebot/src/spearmint/spearmint/runner.py", line 142, in run_python_job
    result = module.main(job.id, params)
  File "/home/ubuntu/throttlebot/src/spearmint/bayOptSearch/bayOpt.py", line 104, in main
    return explore_spearmint(workload_config, params)
  File "/home/ubuntu/throttlebot/src/spearmint/bayOptSearch/bayOpt.py", line 147, in explore_spearmint
    client = re.get_client(machine)
  File "/home/ubuntu/throttlebot/src/remote_execution.py", line 6, in get_client
    client.connect(ip, username="quilt", password="")
  File "/home/ubuntu/.local/lib/python2.7/site-packages/paramiko/client.py", line 424, in connect
    passphrase,
  File "/home/ubuntu/.local/lib/python2.7/site-packages/paramiko/client.py", line 714, in _auth
    raise saved_exception
BadAuthenticationType: ('Bad authentication type', [u'publickey']) (allowed_types=[u'publickey'])
None
----------------------------------------
Job file reloaded.
Could not find value in output file.
Job failed in 0.46 seconds.
