Running in wrapper mode for '22'

Running python job.

[name: "CPU-QUOTA"
int_val: 93
int_val: 18
int_val: 36
int_val: 94
int_val: 57
int_val: 42
int_val: 76
, name: "DISK"
int_val: 40
int_val: 14
int_val: 18
int_val: 8
int_val: 20
int_val: 36
int_val: 22
, name: "MEMORY"
int_val: 26
int_val: 5
int_val: 13
int_val: 32
int_val: 40
int_val: 39
int_val: 6
, name: "NET"
int_val: 28
int_val: 24
int_val: 29
int_val: 25
int_val: 38
int_val: 16
int_val: 24
]
The paramters are {u'CPU-QUOTA': array([93, 18, 36, 94, 57, 42, 76]), u'NET': array([28, 24, 29, 25, 38, 16, 24]), u'DISK': array([40, 14, 18,  8, 20, 36, 22]), u'MEMORY': array([26,  5, 13, 32, 40, 39,  6])}
{'13.56.14.158': ['haproxy', 'node-app', 'mongo'], '18.144.43.31': ['node-app', 'mongo']}
----------------------------------------
Problem running the job:
(<class 'paramiko.ssh_exception.BadAuthenticationType'>, BadAuthenticationType('Bad authentication type', [u'publickey']), <traceback object at 0x7fd41b7a5f80>)
Traceback (most recent call last):
  File "/home/ubuntu/throttlebot/src/spearmint/spearmint/runner.py", line 42, in job_runner
    elif job.language == PYTHON: run_python_job(job)
  File "/home/ubuntu/throttlebot/src/spearmint/spearmint/runner.py", line 142, in run_python_job
    result = module.main(job.id, params)
  File "/home/ubuntu/throttlebot/src/spearmint/bayOptSearch/bayOpt.py", line 104, in main
    return explore_spearmint(workload_config, params)
  File "/home/ubuntu/throttlebot/src/spearmint/bayOptSearch/bayOpt.py", line 147, in explore_spearmint
    client = re.get_client(machine)
  File "/home/ubuntu/throttlebot/src/remote_execution.py", line 6, in get_client
    client.connect(ip, username="quilt", password="")
  File "/home/ubuntu/.local/lib/python2.7/site-packages/paramiko/client.py", line 424, in connect
    passphrase,
  File "/home/ubuntu/.local/lib/python2.7/site-packages/paramiko/client.py", line 714, in _auth
    raise saved_exception
BadAuthenticationType: ('Bad authentication type', [u'publickey']) (allowed_types=[u'publickey'])
None
----------------------------------------
Job file reloaded.
Could not find value in output file.
Job failed in 0.44 seconds.
