Running in wrapper mode for '236'

Running python job.

[name: "CPU-QUOTA"
int_val: 13
int_val: 20
int_val: 83
int_val: 21
int_val: 46
int_val: 91
int_val: 9
, name: "DISK"
int_val: 19
int_val: 22
int_val: 18
int_val: 10
int_val: 31
int_val: 17
int_val: 13
, name: "MEMORY"
int_val: 14
int_val: 27
int_val: 40
int_val: 37
int_val: 32
int_val: 19
int_val: 26
, name: "NET"
int_val: 7
int_val: 12
int_val: 13
int_val: 5
int_val: 14
int_val: 18
int_val: 35
]
The paramters are {u'CPU-QUOTA': array([13, 20, 83, 21, 46, 91,  9]), u'NET': array([ 7, 12, 13,  5, 14, 18, 35]), u'DISK': array([19, 22, 18, 10, 31, 17, 13]), u'MEMORY': array([14, 27, 40, 37, 32, 19, 26])}
{'13.56.14.158': ['haproxy', 'node-app', 'mongo'], '18.144.43.31': ['node-app', 'mongo']}
Setting cpu quota to 50000 out of 250000
STRESSING VM_IP 13.56.14.158 AND CONTAINER d824175f3227, NET 61440.0
STRESSING VM_IP 13.56.14.158 AND CONTAINER d824175f3227, DISK 18454937.6
STRESSING VM_IP 13.56.14.158 AND CONTAINER d824175f3227, MEMORY 1012500000.0
Recovering the memory utilization
Setting cpu quota to 32500 out of 250000
STRESSING VM_IP 13.56.14.158 AND CONTAINER cd40be619604, NET 35840.0
STRESSING VM_IP 13.56.14.158 AND CONTAINER cd40be619604, DISK 15938355.2
STRESSING VM_IP 13.56.14.158 AND CONTAINER cd40be619604, MEMORY 525000000.0
Recovering the memory utilization
Setting cpu quota to 207500 out of 250000
STRESSING VM_IP 13.56.14.158 AND CONTAINER c21ccad5695a, NET 66560.0
STRESSING VM_IP 13.56.14.158 AND CONTAINER c21ccad5695a, DISK 15099494.4
STRESSING VM_IP 13.56.14.158 AND CONTAINER c21ccad5695a, MEMORY 1500000000.0
Recovering the memory utilization
Setting cpu quota to 32500 out of 250000
STRESSING VM_IP 18.144.43.31 AND CONTAINER 01a0240fb06e, NET 35840.0
STRESSING VM_IP 18.144.43.31 AND CONTAINER 01a0240fb06e, DISK 15938355.2
STRESSING VM_IP 18.144.43.31 AND CONTAINER 01a0240fb06e, MEMORY 525000000.0
Recovering the memory utilization
Setting cpu quota to 207500 out of 250000
STRESSING VM_IP 18.144.43.31 AND CONTAINER d4df0b3c1712, NET 66560.0
STRESSING VM_IP 18.144.43.31 AND CONTAINER d4df0b3c1712, DISK 15099494.4
STRESSING VM_IP 18.144.43.31 AND CONTAINER d4df0b3c1712, MEMORY 1500000000.0
Recovering the memory utilization
Using 5 trials
INVALID EXPERIMENT TYPE: todo-app

----------------------------------------
Problem running the job:
(<type 'exceptions.SystemExit'>, SystemExit(None,), <traceback object at 0x7f4038481998>)
Traceback (most recent call last):
  File "/home/ubuntu/throttlebot/src/spearmint/spearmint/runner.py", line 42, in job_runner
    elif job.language == PYTHON: run_python_job(job)
  File "/home/ubuntu/throttlebot/src/spearmint/spearmint/runner.py", line 142, in run_python_job
    result = module.main(job.id, params)
  File "/home/ubuntu/throttlebot/src/spearmint/bayOptSearch/bayOpt.py", line 104, in main
    return explore_spearmint(workload_config, params)
  File "/home/ubuntu/throttlebot/src/spearmint/bayOptSearch/bayOpt.py", line 204, in explore_spearmint
    experiment_results = run_experiment.measure_runtime(workload_config, experiment_trials)
  File "/home/ubuntu/throttlebot/src/run_experiment.py", line 37, in measure_runtime
    exit()
  File "/usr/lib/python2.7/site.py", line 375, in __call__
    raise SystemExit(code)
SystemExit: None
None
----------------------------------------
Job file reloaded.
Could not find value in output file.
Job failed in 15.35 seconds.
