Running in wrapper mode for '340'

Running python job.

[name: "CPU-QUOTA"
int_val: 20
int_val: 13
int_val: 48
int_val: 73
int_val: 92
int_val: 89
int_val: 86
, name: "DISK"
int_val: 9
int_val: 8
int_val: 39
int_val: 24
int_val: 18
int_val: 37
int_val: 34
, name: "MEMORY"
int_val: 33
int_val: 40
int_val: 21
int_val: 7
int_val: 40
int_val: 13
int_val: 15
, name: "NET"
int_val: 13
int_val: 34
int_val: 13
int_val: 18
int_val: 27
int_val: 25
int_val: 7
]
The paramters are {u'CPU-QUOTA': array([20, 13, 48, 73, 92, 89, 86]), u'NET': array([13, 34, 13, 18, 27, 25,  7]), u'DISK': array([ 9,  8, 39, 24, 18, 37, 34]), u'MEMORY': array([33, 40, 21,  7, 40, 13, 15])}
{'13.56.14.158': ['haproxy', 'node-app', 'mongo'], '18.144.43.31': ['node-app', 'mongo']}
Setting cpu quota to 32500 out of 250000
STRESSING VM_IP 13.56.14.158 AND CONTAINER d824175f3227, NET 174080.0
STRESSING VM_IP 13.56.14.158 AND CONTAINER d824175f3227, DISK 6710886.4
STRESSING VM_IP 13.56.14.158 AND CONTAINER d824175f3227, MEMORY 1500000000.0
Recovering the memory utilization
Setting cpu quota to 50000 out of 250000
STRESSING VM_IP 13.56.14.158 AND CONTAINER cd40be619604, NET 66560.0
STRESSING VM_IP 13.56.14.158 AND CONTAINER cd40be619604, DISK 7549747.2
STRESSING VM_IP 13.56.14.158 AND CONTAINER cd40be619604, MEMORY 1237500000.0
Recovering the memory utilization
Setting cpu quota to 120000 out of 250000
STRESSING VM_IP 13.56.14.158 AND CONTAINER c21ccad5695a, NET 66560.0
STRESSING VM_IP 13.56.14.158 AND CONTAINER c21ccad5695a, DISK 32715571.2
STRESSING VM_IP 13.56.14.158 AND CONTAINER c21ccad5695a, MEMORY 787500000.0
Recovering the memory utilization
Setting cpu quota to 50000 out of 250000
STRESSING VM_IP 18.144.43.31 AND CONTAINER 01a0240fb06e, NET 66560.0
STRESSING VM_IP 18.144.43.31 AND CONTAINER 01a0240fb06e, DISK 7549747.2
STRESSING VM_IP 18.144.43.31 AND CONTAINER 01a0240fb06e, MEMORY 1237500000.0
Recovering the memory utilization
Setting cpu quota to 120000 out of 250000
STRESSING VM_IP 18.144.43.31 AND CONTAINER d4df0b3c1712, NET 66560.0
STRESSING VM_IP 18.144.43.31 AND CONTAINER d4df0b3c1712, DISK 32715571.2
STRESSING VM_IP 18.144.43.31 AND CONTAINER d4df0b3c1712, MEMORY 787500000.0
Recovering the memory utilization
Using 5 trials
52.53.243.115
ab -p post.json -T application/json -n 350 -c 150 -q -e results_file http://13.56.14.158/api/todos > output.txt && echo Done
0,186.354

186.354
25,1546.102

1546.102
50,3842.089

3842.089
75,5881.867

5881.867
90,7735.744

7735.744
99,9379.698

9379.698
100,9486.289

9486.289
Successfully cleared? Cleared entries! 1

ab -p post.json -T application/json -n 350 -c 150 -q -e results_file http://13.56.14.158/api/todos > output.txt && echo Done
0,38.022

38.022
25,1497.102

1497.102
50,3900.774

3900.774
75,5843.047

5843.047
90,6764.423

6764.423
99,7495.150

7495.15
100,7872.280

7872.28
Successfully cleared? Cleared entries! 1

ab -p post.json -T application/json -n 350 -c 150 -q -e results_file http://13.56.14.158/api/todos > output.txt && echo Done
0,20.111

20.111
25,1390.280

1390.28
50,3999.325

3999.325
75,6014.455

6014.455
90,6983.574

6983.574
99,8758.935

8758.935
100,8985.414

8985.414
Successfully cleared? Cleared entries! 1

ab -p post.json -T application/json -n 350 -c 150 -q -e results_file http://13.56.14.158/api/todos > output.txt && echo Done
----------------------------------------
Problem running the job:
(<type 'exceptions.SystemExit'>, SystemExit(0,), <traceback object at 0x7fbedc4dc6c8>)
Traceback (most recent call last):
  File "/home/ubuntu/throttlebot/src/spearmint/spearmint/runner.py", line 42, in job_runner
    elif job.language == PYTHON: run_python_job(job)
  File "/home/ubuntu/throttlebot/src/spearmint/spearmint/runner.py", line 142, in run_python_job
    result = module.main(job.id, params)
  File "/home/ubuntu/throttlebot/src/spearmint/bayOptSearch/bayOpt.py", line 104, in main
    return explore_spearmint(workload_config, params)
  File "/home/ubuntu/throttlebot/src/spearmint/bayOptSearch/bayOpt.py", line 205, in explore_spearmint
    experiment_results = run_experiment.measure_runtime(workload_config, experiment_trials)
  File "/home/ubuntu/throttlebot/src/run_experiment.py", line 22, in measure_runtime
    return measure_TODO_response_time(workload_config, experiment_iterations)
  File "/home/ubuntu/throttlebot/src/run_experiment.py", line 327, in measure_TODO_response_time
    results.read()
  File "/home/ubuntu/.local/lib/python2.7/site-packages/paramiko/file.py", line 193, in read
    new_data = self._read(self._DEFAULT_BUFSIZE)
  File "/home/ubuntu/.local/lib/python2.7/site-packages/paramiko/channel.py", line 1332, in _read
    return self.channel.recv(size)
  File "/home/ubuntu/.local/lib/python2.7/site-packages/paramiko/channel.py", line 683, in recv
    out = self.in_buffer.read(nbytes, self.timeout)
  File "/home/ubuntu/.local/lib/python2.7/site-packages/paramiko/buffered_pipe.py", line 156, in read
    self._cv.wait(timeout)
  File "/usr/lib/python2.7/threading.py", line 340, in wait
    waiter.acquire()
  File "./spearmint/spearmint/main.py", line 407, in sigint_handler
    sys.exit(0)
SystemExit: 0
None
----------------------------------------
Job file reloaded.
Could not find value in output file.
Job failed in 97.21 seconds.
