Running in wrapper mode for '329'

Running python job.

[name: "CPU-QUOTA"
int_val: 83
int_val: 58
int_val: 57
int_val: 52
int_val: 77
int_val: 86
int_val: 95
, name: "DISK"
int_val: 37
int_val: 20
int_val: 38
int_val: 5
int_val: 26
int_val: 27
int_val: 8
, name: "MEMORY"
int_val: 9
int_val: 34
int_val: 16
int_val: 22
int_val: 14
int_val: 9
int_val: 20
, name: "NET"
int_val: 37
int_val: 38
int_val: 12
int_val: 29
int_val: 21
int_val: 33
int_val: 8
]
The paramters are {u'CPU-QUOTA': array([83, 58, 57, 52, 77, 86, 95]), u'NET': array([37, 38, 12, 29, 21, 33,  8]), u'DISK': array([37, 20, 38,  5, 26, 27,  8]), u'MEMORY': array([ 9, 34, 16, 22, 14,  9, 20])}
----------------------------------------
Problem running the job:
(<type 'exceptions.NameError'>, NameError("global name 'worklaod_config' is not defined",), <traceback object at 0x7f89acad7cf8>)
Traceback (most recent call last):
  File "/home/ubuntu/throttlebot/src/spearmint/spearmint/runner.py", line 42, in job_runner
    elif job.language == PYTHON: run_python_job(job)
  File "/home/ubuntu/throttlebot/src/spearmint/spearmint/runner.py", line 142, in run_python_job
    result = module.main(job.id, params)
  File "/home/ubuntu/throttlebot/src/spearmint/bayOptSearch/bayOpt.py", line 104, in main
    return explore_spearmint(workload_config, params)
  File "/home/ubuntu/throttlebot/src/spearmint/bayOptSearch/bayOpt.py", line 121, in explore_spearmint
    worklaod_config["type"] = 'todo-app'
NameError: global name 'worklaod_config' is not defined
None
----------------------------------------
Job file reloaded.
Could not find value in output file.
Job failed in 0.23 seconds.
