Running in wrapper mode for '87'

Running python job.

[name: "CPU-QUOTA"
int_val: 44
int_val: 68
int_val: 60
int_val: 28
int_val: 51
int_val: 86
int_val: 46
, name: "DISK"
int_val: 23
int_val: 28
int_val: 25
int_val: 39
int_val: 12
int_val: 11
int_val: 14
, name: "MEMORY"
int_val: 19
int_val: 13
int_val: 6
int_val: 40
int_val: 26
int_val: 17
int_val: 15
, name: "NET"
int_val: 14
int_val: 24
int_val: 19
int_val: 12
int_val: 30
int_val: 20
int_val: 18
]
The paramters are {u'CPU-QUOTA': array([44, 68, 60, 28, 51, 86, 46]), u'NET': array([14, 24, 19, 12, 30, 20, 18]), u'DISK': array([23, 28, 25, 39, 12, 11, 14]), u'MEMORY': array([19, 13,  6, 40, 26, 17, 15])}
{'13.56.14.158': ['haproxy', 'node-app', 'mongo'], '18.144.43.31': ['node-app', 'mongo']}
----------------------------------------
Problem running the job:
(<class 'paramiko.ssh_exception.BadAuthenticationType'>, BadAuthenticationType('Bad authentication type', [u'publickey']), <traceback object at 0x7fd41b752b48>)
Traceback (most recent call last):
  File "/home/ubuntu/throttlebot/src/spearmint/spearmint/runner.py", line 42, in job_runner
    elif job.language == PYTHON: run_python_job(job)
  File "/home/ubuntu/throttlebot/src/spearmint/spearmint/runner.py", line 142, in run_python_job
    result = module.main(job.id, params)
  File "/home/ubuntu/throttlebot/src/spearmint/bayOptSearch/bayOpt.py", line 104, in main
    return explore_spearmint(workload_config, params)
  File "/home/ubuntu/throttlebot/src/spearmint/bayOptSearch/bayOpt.py", line 147, in explore_spearmint
    client = re.get_client(machine)
  File "/home/ubuntu/throttlebot/src/remote_execution.py", line 6, in get_client
    client.connect(ip, username="quilt", password="")
  File "/home/ubuntu/.local/lib/python2.7/site-packages/paramiko/client.py", line 424, in connect
    passphrase,
  File "/home/ubuntu/.local/lib/python2.7/site-packages/paramiko/client.py", line 714, in _auth
    raise saved_exception
BadAuthenticationType: ('Bad authentication type', [u'publickey']) (allowed_types=[u'publickey'])
None
----------------------------------------
Job file reloaded.
Could not find value in output file.
Job failed in 0.45 seconds.
