Running in wrapper mode for '298'

Running python job.

[name: "CPU-QUOTA"
int_val: 62
int_val: 31
int_val: 33
int_val: 40
int_val: 65
int_val: 95
int_val: 12
, name: "DISK"
int_val: 9
int_val: 36
int_val: 17
int_val: 20
int_val: 14
int_val: 37
int_val: 16
, name: "MEMORY"
int_val: 35
int_val: 11
int_val: 5
int_val: 30
int_val: 23
int_val: 24
int_val: 31
, name: "NET"
int_val: 37
int_val: 13
int_val: 19
int_val: 11
int_val: 29
int_val: 20
int_val: 14
]
The paramters are {u'CPU-QUOTA': array([62, 31, 33, 40, 65, 95, 12]), u'NET': array([37, 13, 19, 11, 29, 20, 14]), u'DISK': array([ 9, 36, 17, 20, 14, 37, 16]), u'MEMORY': array([35, 11,  5, 30, 23, 24, 31])}
{'13.56.14.158': ['haproxy', 'node-app', 'mongo'], '18.144.43.31': ['node-app', 'mongo']}
Setting cpu quota to 77500 out of 250000
STRESSING VM_IP 13.56.14.158 AND CONTAINER d824175f3227, NET 66560.0
STRESSING VM_IP 13.56.14.158 AND CONTAINER d824175f3227, DISK 30198988.8
STRESSING VM_IP 13.56.14.158 AND CONTAINER d824175f3227, MEMORY 412500000.0
Recovering the memory utilization
Setting cpu quota to 155000 out of 250000
STRESSING VM_IP 13.56.14.158 AND CONTAINER cd40be619604, NET 189440.0
STRESSING VM_IP 13.56.14.158 AND CONTAINER cd40be619604, DISK 7549747.2
STRESSING VM_IP 13.56.14.158 AND CONTAINER cd40be619604, MEMORY 1312500000.0
Recovering the memory utilization
Setting cpu quota to 82500 out of 250000
STRESSING VM_IP 13.56.14.158 AND CONTAINER c21ccad5695a, NET 97280.0
STRESSING VM_IP 13.56.14.158 AND CONTAINER c21ccad5695a, DISK 14260633.6
STRESSING VM_IP 13.56.14.158 AND CONTAINER c21ccad5695a, MEMORY 187500000.0
Recovering the memory utilization
Setting cpu quota to 155000 out of 250000
STRESSING VM_IP 18.144.43.31 AND CONTAINER 01a0240fb06e, NET 189440.0
STRESSING VM_IP 18.144.43.31 AND CONTAINER 01a0240fb06e, DISK 7549747.2
STRESSING VM_IP 18.144.43.31 AND CONTAINER 01a0240fb06e, MEMORY 1312500000.0
Recovering the memory utilization
Setting cpu quota to 82500 out of 250000
STRESSING VM_IP 18.144.43.31 AND CONTAINER d4df0b3c1712, NET 97280.0
STRESSING VM_IP 18.144.43.31 AND CONTAINER d4df0b3c1712, DISK 14260633.6
STRESSING VM_IP 18.144.43.31 AND CONTAINER d4df0b3c1712, MEMORY 187500000.0
Recovering the memory utilization
Using 5 trials
INVALID EXPERIMENT TYPE: todo-app

----------------------------------------
Problem running the job:
(<type 'exceptions.SystemExit'>, SystemExit(None,), <traceback object at 0x7f40384843f8>)
Traceback (most recent call last):
  File "/home/ubuntu/throttlebot/src/spearmint/spearmint/runner.py", line 42, in job_runner
    elif job.language == PYTHON: run_python_job(job)
  File "/home/ubuntu/throttlebot/src/spearmint/spearmint/runner.py", line 142, in run_python_job
    result = module.main(job.id, params)
  File "/home/ubuntu/throttlebot/src/spearmint/bayOptSearch/bayOpt.py", line 104, in main
    return explore_spearmint(workload_config, params)
  File "/home/ubuntu/throttlebot/src/spearmint/bayOptSearch/bayOpt.py", line 204, in explore_spearmint
    experiment_results = run_experiment.measure_runtime(workload_config, experiment_trials)
  File "/home/ubuntu/throttlebot/src/run_experiment.py", line 37, in measure_runtime
    exit()
  File "/usr/lib/python2.7/site.py", line 375, in __call__
    raise SystemExit(code)
SystemExit: None
None
----------------------------------------
Job file reloaded.
Could not find value in output file.
Job failed in 15.47 seconds.
