Running in wrapper mode for '151'

Running python job.

[name: "CPU-QUOTA"
int_val: 46
int_val: 82
int_val: 91
int_val: 95
int_val: 33
int_val: 7
int_val: 8
, name: "DISK"
int_val: 12
int_val: 26
int_val: 33
int_val: 18
int_val: 28
int_val: 29
int_val: 7
, name: "MEMORY"
int_val: 38
int_val: 20
int_val: 31
int_val: 9
int_val: 11
int_val: 31
int_val: 37
, name: "NET"
int_val: 37
int_val: 37
int_val: 28
int_val: 18
int_val: 23
int_val: 35
int_val: 32
]
The paramters are {u'CPU-QUOTA': array([46, 82, 91, 95, 33,  7,  8]), u'NET': array([37, 37, 28, 18, 23, 35, 32]), u'DISK': array([12, 26, 33, 18, 28, 29,  7]), u'MEMORY': array([38, 20, 31,  9, 11, 31, 37])}
{'13.56.14.158': ['haproxy', 'node-app', 'mongo'], '18.144.43.31': ['node-app', 'mongo']}
Sum for CPU-QUOTA is 219, which exceeds 200
----------------------------------------
Problem running the job:
(<type 'exceptions.ZeroDivisionError'>, ZeroDivisionError('integer division or modulo by zero',), <traceback object at 0x7f848c278c20>)
Traceback (most recent call last):
  File "/home/ubuntu/throttlebot/src/spearmint/spearmint/runner.py", line 42, in job_runner
    elif job.language == PYTHON: run_python_job(job)
  File "/home/ubuntu/throttlebot/src/spearmint/spearmint/runner.py", line 142, in run_python_job
    result = module.main(job.id, params)
  File "/home/ubuntu/throttlebot/src/spearmint/bayOptSearch/bayOpt.py", line 104, in main
    return explore_spearmint(workload_config, params)
  File "/home/ubuntu/throttlebot/src/spearmint/bayOptSearch/bayOpt.py", line 159, in explore_spearmint
    return 1/0
ZeroDivisionError: integer division or modulo by zero
None
----------------------------------------
Job file reloaded.
Could not find value in output file.
Job failed in 1.44 seconds.
