Running in wrapper mode for '230'

Running python job.

[name: "CPU-QUOTA"
int_val: 100
int_val: 29
int_val: 62
int_val: 72
int_val: 49
int_val: 82
int_val: 36
, name: "DISK"
int_val: 6
int_val: 32
int_val: 37
int_val: 31
int_val: 21
int_val: 16
int_val: 19
, name: "MEMORY"
int_val: 40
int_val: 17
int_val: 7
int_val: 11
int_val: 15
int_val: 25
int_val: 39
, name: "NET"
int_val: 37
int_val: 38
int_val: 14
int_val: 18
int_val: 22
int_val: 29
int_val: 32
]
The paramters are {u'CPU-QUOTA': array([100,  29,  62,  72,  49,  82,  36]), u'NET': array([37, 38, 14, 18, 22, 29, 32]), u'DISK': array([ 6, 32, 37, 31, 21, 16, 19]), u'MEMORY': array([40, 17,  7, 11, 15, 25, 39])}
{'13.56.14.158': ['haproxy', 'node-app', 'mongo'], '18.144.43.31': ['node-app', 'mongo']}
Setting cpu quota to 72500 out of 250000
STRESSING VM_IP 13.56.14.158 AND CONTAINER d824175f3227, NET 194560.0
STRESSING VM_IP 13.56.14.158 AND CONTAINER d824175f3227, DISK 26843545.6
STRESSING VM_IP 13.56.14.158 AND CONTAINER d824175f3227, MEMORY 637500000.0
Recovering the memory utilization
Setting cpu quota to 250000 out of 250000
STRESSING VM_IP 13.56.14.158 AND CONTAINER cd40be619604, NET 189440.0
STRESSING VM_IP 13.56.14.158 AND CONTAINER cd40be619604, DISK 5033164.8
STRESSING VM_IP 13.56.14.158 AND CONTAINER cd40be619604, MEMORY 1500000000.0
Recovering the memory utilization
Setting cpu quota to 155000 out of 250000
STRESSING VM_IP 13.56.14.158 AND CONTAINER c21ccad5695a, NET 71680.0
STRESSING VM_IP 13.56.14.158 AND CONTAINER c21ccad5695a, DISK 31037849.6
STRESSING VM_IP 13.56.14.158 AND CONTAINER c21ccad5695a, MEMORY 262500000.0
Recovering the memory utilization
Setting cpu quota to 250000 out of 250000
STRESSING VM_IP 18.144.43.31 AND CONTAINER 01a0240fb06e, NET 189440.0
STRESSING VM_IP 18.144.43.31 AND CONTAINER 01a0240fb06e, DISK 5033164.8
STRESSING VM_IP 18.144.43.31 AND CONTAINER 01a0240fb06e, MEMORY 1500000000.0
Recovering the memory utilization
Setting cpu quota to 155000 out of 250000
STRESSING VM_IP 18.144.43.31 AND CONTAINER d4df0b3c1712, NET 71680.0
STRESSING VM_IP 18.144.43.31 AND CONTAINER d4df0b3c1712, DISK 31037849.6
STRESSING VM_IP 18.144.43.31 AND CONTAINER d4df0b3c1712, MEMORY 262500000.0
Recovering the memory utilization
Using 5 trials
INVALID EXPERIMENT TYPE: todo-app

----------------------------------------
Problem running the job:
(<type 'exceptions.SystemExit'>, SystemExit(None,), <traceback object at 0x7f4038479e18>)
Traceback (most recent call last):
  File "/home/ubuntu/throttlebot/src/spearmint/spearmint/runner.py", line 42, in job_runner
    elif job.language == PYTHON: run_python_job(job)
  File "/home/ubuntu/throttlebot/src/spearmint/spearmint/runner.py", line 142, in run_python_job
    result = module.main(job.id, params)
  File "/home/ubuntu/throttlebot/src/spearmint/bayOptSearch/bayOpt.py", line 104, in main
    return explore_spearmint(workload_config, params)
  File "/home/ubuntu/throttlebot/src/spearmint/bayOptSearch/bayOpt.py", line 204, in explore_spearmint
    experiment_results = run_experiment.measure_runtime(workload_config, experiment_trials)
  File "/home/ubuntu/throttlebot/src/run_experiment.py", line 37, in measure_runtime
    exit()
  File "/usr/lib/python2.7/site.py", line 375, in __call__
    raise SystemExit(code)
SystemExit: None
None
----------------------------------------
Job file reloaded.
Could not find value in output file.
Job failed in 15.56 seconds.
