Running in wrapper mode for '25'

Running python job.

[name: "CPU-QUOTA"
int_val: 81
int_val: 54
int_val: 72
int_val: 10
int_val: 21
int_val: 30
int_val: 88
, name: "DISK"
int_val: 27
int_val: 27
int_val: 40
int_val: 31
int_val: 25
int_val: 5
int_val: 18
, name: "MEMORY"
int_val: 39
int_val: 18
int_val: 36
int_val: 18
int_val: 35
int_val: 35
int_val: 28
, name: "NET"
int_val: 32
int_val: 19
int_val: 24
int_val: 21
int_val: 16
int_val: 20
int_val: 37
]
The paramters are {u'CPU-QUOTA': array([81, 54, 72, 10, 21, 30, 88]), u'NET': array([32, 19, 24, 21, 16, 20, 37]), u'DISK': array([27, 27, 40, 31, 25,  5, 18]), u'MEMORY': array([39, 18, 36, 18, 35, 35, 28])}
{'13.56.14.158': ['haproxy', 'node-app', 'mongo'], '18.144.43.31': ['node-app', 'mongo']}
----------------------------------------
Problem running the job:
(<class 'paramiko.ssh_exception.BadAuthenticationType'>, BadAuthenticationType('Bad authentication type', [u'publickey']), <traceback object at 0x7fd41b7b4320>)
Traceback (most recent call last):
  File "/home/ubuntu/throttlebot/src/spearmint/spearmint/runner.py", line 42, in job_runner
    elif job.language == PYTHON: run_python_job(job)
  File "/home/ubuntu/throttlebot/src/spearmint/spearmint/runner.py", line 142, in run_python_job
    result = module.main(job.id, params)
  File "/home/ubuntu/throttlebot/src/spearmint/bayOptSearch/bayOpt.py", line 104, in main
    return explore_spearmint(workload_config, params)
  File "/home/ubuntu/throttlebot/src/spearmint/bayOptSearch/bayOpt.py", line 147, in explore_spearmint
    client = re.get_client(machine)
  File "/home/ubuntu/throttlebot/src/remote_execution.py", line 6, in get_client
    client.connect(ip, username="quilt", password="")
  File "/home/ubuntu/.local/lib/python2.7/site-packages/paramiko/client.py", line 424, in connect
    passphrase,
  File "/home/ubuntu/.local/lib/python2.7/site-packages/paramiko/client.py", line 714, in _auth
    raise saved_exception
BadAuthenticationType: ('Bad authentication type', [u'publickey']) (allowed_types=[u'publickey'])
None
----------------------------------------
Job file reloaded.
Could not find value in output file.
Job failed in 0.45 seconds.
