Running in wrapper mode for '38'

Running python job.

[name: "CPU-QUOTA"
int_val: 98
int_val: 14
int_val: 11
int_val: 12
int_val: 47
int_val: 62
int_val: 47
, name: "DISK"
int_val: 24
int_val: 9
int_val: 13
int_val: 14
int_val: 24
int_val: 19
int_val: 21
, name: "MEMORY"
int_val: 15
int_val: 34
int_val: 39
int_val: 18
int_val: 17
int_val: 40
int_val: 31
, name: "NET"
int_val: 34
int_val: 14
int_val: 23
int_val: 20
int_val: 11
int_val: 24
int_val: 29
]
The paramters are {u'CPU-QUOTA': array([98, 14, 11, 12, 47, 62, 47]), u'NET': array([34, 14, 23, 20, 11, 24, 29]), u'DISK': array([24,  9, 13, 14, 24, 19, 21]), u'MEMORY': array([15, 34, 39, 18, 17, 40, 31])}
{'13.56.14.158': ['haproxy', 'node-app', 'mongo'], '18.144.43.31': ['node-app', 'mongo']}
----------------------------------------
Problem running the job:
(<class 'paramiko.ssh_exception.BadAuthenticationType'>, BadAuthenticationType('Bad authentication type', [u'publickey']), <traceback object at 0x7fd41b74a128>)
Traceback (most recent call last):
  File "/home/ubuntu/throttlebot/src/spearmint/spearmint/runner.py", line 42, in job_runner
    elif job.language == PYTHON: run_python_job(job)
  File "/home/ubuntu/throttlebot/src/spearmint/spearmint/runner.py", line 142, in run_python_job
    result = module.main(job.id, params)
  File "/home/ubuntu/throttlebot/src/spearmint/bayOptSearch/bayOpt.py", line 104, in main
    return explore_spearmint(workload_config, params)
  File "/home/ubuntu/throttlebot/src/spearmint/bayOptSearch/bayOpt.py", line 147, in explore_spearmint
    client = re.get_client(machine)
  File "/home/ubuntu/throttlebot/src/remote_execution.py", line 6, in get_client
    client.connect(ip, username="quilt", password="")
  File "/home/ubuntu/.local/lib/python2.7/site-packages/paramiko/client.py", line 424, in connect
    passphrase,
  File "/home/ubuntu/.local/lib/python2.7/site-packages/paramiko/client.py", line 714, in _auth
    raise saved_exception
BadAuthenticationType: ('Bad authentication type', [u'publickey']) (allowed_types=[u'publickey'])
None
----------------------------------------
Job file reloaded.
Could not find value in output file.
Job failed in 0.46 seconds.
