Running in wrapper mode for '209'

Running python job.

[name: "CPU-QUOTA"
int_val: 99
int_val: 57
int_val: 46
int_val: 16
int_val: 74
int_val: 18
int_val: 92
, name: "DISK"
int_val: 37
int_val: 16
int_val: 11
int_val: 39
int_val: 31
int_val: 28
int_val: 38
, name: "MEMORY"
int_val: 22
int_val: 14
int_val: 5
int_val: 9
int_val: 35
int_val: 21
int_val: 8
, name: "NET"
int_val: 27
int_val: 33
int_val: 8
int_val: 10
int_val: 20
int_val: 40
int_val: 38
]
The paramters are {u'CPU-QUOTA': array([99, 57, 46, 16, 74, 18, 92]), u'NET': array([27, 33,  8, 10, 20, 40, 38]), u'DISK': array([37, 16, 11, 39, 31, 28, 38]), u'MEMORY': array([22, 14,  5,  9, 35, 21,  8])}
{'13.56.14.158': ['haproxy', 'node-app', 'mongo'], '18.144.43.31': ['node-app', 'mongo']}
Sum for CPU-QUOTA is 202, which exceeds 200
----------------------------------------
Problem running the job:
(<type 'exceptions.ZeroDivisionError'>, ZeroDivisionError('integer division or modulo by zero',), <traceback object at 0x7f4039d5d950>)
Traceback (most recent call last):
  File "/home/ubuntu/throttlebot/src/spearmint/spearmint/runner.py", line 42, in job_runner
    elif job.language == PYTHON: run_python_job(job)
  File "/home/ubuntu/throttlebot/src/spearmint/spearmint/runner.py", line 142, in run_python_job
    result = module.main(job.id, params)
  File "/home/ubuntu/throttlebot/src/spearmint/bayOptSearch/bayOpt.py", line 104, in main
    return explore_spearmint(workload_config, params)
  File "/home/ubuntu/throttlebot/src/spearmint/bayOptSearch/bayOpt.py", line 159, in explore_spearmint
    return 1/0
ZeroDivisionError: integer division or modulo by zero
None
----------------------------------------
Job file reloaded.
Could not find value in output file.
Job failed in 1.03 seconds.
