Running in wrapper mode for '183'

Running python job.

[name: "CPU-QUOTA"
int_val: 42
int_val: 56
int_val: 51
int_val: 42
int_val: 100
int_val: 65
int_val: 34
, name: "DISK"
int_val: 26
int_val: 7
int_val: 32
int_val: 19
int_val: 23
int_val: 38
int_val: 12
, name: "MEMORY"
int_val: 39
int_val: 10
int_val: 19
int_val: 6
int_val: 32
int_val: 33
int_val: 5
, name: "NET"
int_val: 20
int_val: 13
int_val: 37
int_val: 38
int_val: 34
int_val: 29
int_val: 15
]
The paramters are {u'CPU-QUOTA': array([ 42,  56,  51,  42, 100,  65,  34]), u'NET': array([20, 13, 37, 38, 34, 29, 15]), u'DISK': array([26,  7, 32, 19, 23, 38, 12]), u'MEMORY': array([39, 10, 19,  6, 32, 33,  5])}
{'13.56.14.158': ['haproxy', 'node-app', 'mongo'], '18.144.43.31': ['node-app', 'mongo']}
Setting cpu quota to 140000 out of 250000
STRESSING VM_IP 13.56.14.158 AND CONTAINER d824175f3227, NET 66560.0
STRESSING VM_IP 13.56.14.158 AND CONTAINER d824175f3227, DISK 5872025.6
STRESSING VM_IP 13.56.14.158 AND CONTAINER d824175f3227, MEMORY 375000000.0
Recovering the memory utilization
Setting cpu quota to 105000 out of 250000
STRESSING VM_IP 13.56.14.158 AND CONTAINER cd40be619604, NET 102400.0
STRESSING VM_IP 13.56.14.158 AND CONTAINER cd40be619604, DISK 21810380.8
STRESSING VM_IP 13.56.14.158 AND CONTAINER cd40be619604, MEMORY 1462500000.0
Recovering the memory utilization
Setting cpu quota to 127500 out of 250000
STRESSING VM_IP 13.56.14.158 AND CONTAINER c21ccad5695a, NET 189440.0
STRESSING VM_IP 13.56.14.158 AND CONTAINER c21ccad5695a, DISK 26843545.6
STRESSING VM_IP 13.56.14.158 AND CONTAINER c21ccad5695a, MEMORY 712500000.0
Recovering the memory utilization
Setting cpu quota to 105000 out of 250000
STRESSING VM_IP 18.144.43.31 AND CONTAINER 01a0240fb06e, NET 102400.0
STRESSING VM_IP 18.144.43.31 AND CONTAINER 01a0240fb06e, DISK 21810380.8
STRESSING VM_IP 18.144.43.31 AND CONTAINER 01a0240fb06e, MEMORY 1462500000.0
Recovering the memory utilization
Setting cpu quota to 127500 out of 250000
STRESSING VM_IP 18.144.43.31 AND CONTAINER d4df0b3c1712, NET 189440.0
STRESSING VM_IP 18.144.43.31 AND CONTAINER d4df0b3c1712, DISK 26843545.6
STRESSING VM_IP 18.144.43.31 AND CONTAINER d4df0b3c1712, MEMORY 712500000.0
Recovering the memory utilization
Using 5 trials
INVALID EXPERIMENT TYPE: todo-app

----------------------------------------
Problem running the job:
(<type 'exceptions.SystemExit'>, SystemExit(None,), <traceback object at 0x7f4038528bd8>)
Traceback (most recent call last):
  File "/home/ubuntu/throttlebot/src/spearmint/spearmint/runner.py", line 42, in job_runner
    elif job.language == PYTHON: run_python_job(job)
  File "/home/ubuntu/throttlebot/src/spearmint/spearmint/runner.py", line 142, in run_python_job
    result = module.main(job.id, params)
  File "/home/ubuntu/throttlebot/src/spearmint/bayOptSearch/bayOpt.py", line 104, in main
    return explore_spearmint(workload_config, params)
  File "/home/ubuntu/throttlebot/src/spearmint/bayOptSearch/bayOpt.py", line 204, in explore_spearmint
    experiment_results = run_experiment.measure_runtime(workload_config, experiment_trials)
  File "/home/ubuntu/throttlebot/src/run_experiment.py", line 37, in measure_runtime
    exit()
  File "/usr/lib/python2.7/site.py", line 375, in __call__
    raise SystemExit(code)
SystemExit: None
None
----------------------------------------
Job file reloaded.
Could not find value in output file.
Job failed in 15.19 seconds.
