Running in wrapper mode for '250'

Running python job.

[name: "CPU-QUOTA"
int_val: 55
int_val: 38
int_val: 89
int_val: 99
int_val: 88
int_val: 49
int_val: 99
, name: "DISK"
int_val: 21
int_val: 11
int_val: 20
int_val: 30
int_val: 7
int_val: 29
int_val: 11
, name: "MEMORY"
int_val: 26
int_val: 38
int_val: 29
int_val: 35
int_val: 21
int_val: 8
int_val: 15
, name: "NET"
int_val: 31
int_val: 15
int_val: 34
int_val: 8
int_val: 7
int_val: 21
int_val: 15
]
The paramters are {u'CPU-QUOTA': array([55, 38, 89, 99, 88, 49, 99]), u'NET': array([31, 15, 34,  8,  7, 21, 15]), u'DISK': array([21, 11, 20, 30,  7, 29, 11]), u'MEMORY': array([26, 38, 29, 35, 21,  8, 15])}
{'13.56.14.158': ['haproxy', 'node-app', 'mongo'], '18.144.43.31': ['node-app', 'mongo']}
Setting cpu quota to 95000 out of 250000
STRESSING VM_IP 13.56.14.158 AND CONTAINER d824175f3227, NET 76800.0
STRESSING VM_IP 13.56.14.158 AND CONTAINER d824175f3227, DISK 9227468.8
STRESSING VM_IP 13.56.14.158 AND CONTAINER d824175f3227, MEMORY 1425000000.0
Recovering the memory utilization
Setting cpu quota to 137500 out of 250000
STRESSING VM_IP 13.56.14.158 AND CONTAINER cd40be619604, NET 158720.0
STRESSING VM_IP 13.56.14.158 AND CONTAINER cd40be619604, DISK 17616076.8
STRESSING VM_IP 13.56.14.158 AND CONTAINER cd40be619604, MEMORY 975000000.0
Recovering the memory utilization
Setting cpu quota to 222500 out of 250000
STRESSING VM_IP 13.56.14.158 AND CONTAINER c21ccad5695a, NET 174080.0
STRESSING VM_IP 13.56.14.158 AND CONTAINER c21ccad5695a, DISK 16777216.0
STRESSING VM_IP 13.56.14.158 AND CONTAINER c21ccad5695a, MEMORY 1087500000.0
Recovering the memory utilization
Setting cpu quota to 137500 out of 250000
STRESSING VM_IP 18.144.43.31 AND CONTAINER 01a0240fb06e, NET 158720.0
STRESSING VM_IP 18.144.43.31 AND CONTAINER 01a0240fb06e, DISK 17616076.8
STRESSING VM_IP 18.144.43.31 AND CONTAINER 01a0240fb06e, MEMORY 975000000.0
Recovering the memory utilization
Setting cpu quota to 222500 out of 250000
STRESSING VM_IP 18.144.43.31 AND CONTAINER d4df0b3c1712, NET 174080.0
STRESSING VM_IP 18.144.43.31 AND CONTAINER d4df0b3c1712, DISK 16777216.0
STRESSING VM_IP 18.144.43.31 AND CONTAINER d4df0b3c1712, MEMORY 1087500000.0
Recovering the memory utilization
Using 5 trials
INVALID EXPERIMENT TYPE: todo-app

----------------------------------------
Problem running the job:
(<type 'exceptions.SystemExit'>, SystemExit(None,), <traceback object at 0x7f4038486320>)
Traceback (most recent call last):
  File "/home/ubuntu/throttlebot/src/spearmint/spearmint/runner.py", line 42, in job_runner
    elif job.language == PYTHON: run_python_job(job)
  File "/home/ubuntu/throttlebot/src/spearmint/spearmint/runner.py", line 142, in run_python_job
    result = module.main(job.id, params)
  File "/home/ubuntu/throttlebot/src/spearmint/bayOptSearch/bayOpt.py", line 104, in main
    return explore_spearmint(workload_config, params)
  File "/home/ubuntu/throttlebot/src/spearmint/bayOptSearch/bayOpt.py", line 204, in explore_spearmint
    experiment_results = run_experiment.measure_runtime(workload_config, experiment_trials)
  File "/home/ubuntu/throttlebot/src/run_experiment.py", line 37, in measure_runtime
    exit()
  File "/usr/lib/python2.7/site.py", line 375, in __call__
    raise SystemExit(code)
SystemExit: None
None
----------------------------------------
Job file reloaded.
Could not find value in output file.
Job failed in 15.30 seconds.
