Running in wrapper mode for '269'

Running python job.

[name: "CPU-QUOTA"
int_val: 64
int_val: 57
int_val: 76
int_val: 95
int_val: 45
int_val: 15
int_val: 70
, name: "DISK"
int_val: 40
int_val: 16
int_val: 25
int_val: 13
int_val: 24
int_val: 9
int_val: 33
, name: "MEMORY"
int_val: 17
int_val: 12
int_val: 7
int_val: 27
int_val: 9
int_val: 21
int_val: 17
, name: "NET"
int_val: 27
int_val: 5
int_val: 12
int_val: 18
int_val: 28
int_val: 10
int_val: 21
]
The paramters are {u'CPU-QUOTA': array([64, 57, 76, 95, 45, 15, 70]), u'NET': array([27,  5, 12, 18, 28, 10, 21]), u'DISK': array([40, 16, 25, 13, 24,  9, 33]), u'MEMORY': array([17, 12,  7, 27,  9, 21, 17])}
{'13.56.14.158': ['haproxy', 'node-app', 'mongo'], '18.144.43.31': ['node-app', 'mongo']}
Setting cpu quota to 142500 out of 250000
STRESSING VM_IP 13.56.14.158 AND CONTAINER d824175f3227, NET 25600.0
STRESSING VM_IP 13.56.14.158 AND CONTAINER d824175f3227, DISK 13421772.8
STRESSING VM_IP 13.56.14.158 AND CONTAINER d824175f3227, MEMORY 450000000.0
Recovering the memory utilization
Setting cpu quota to 160000 out of 250000
STRESSING VM_IP 13.56.14.158 AND CONTAINER cd40be619604, NET 138240.0
STRESSING VM_IP 13.56.14.158 AND CONTAINER cd40be619604, DISK 33554432.0
STRESSING VM_IP 13.56.14.158 AND CONTAINER cd40be619604, MEMORY 637500000.0
Recovering the memory utilization
Setting cpu quota to 190000 out of 250000
STRESSING VM_IP 13.56.14.158 AND CONTAINER c21ccad5695a, NET 61440.0
STRESSING VM_IP 13.56.14.158 AND CONTAINER c21ccad5695a, DISK 20971520.0
STRESSING VM_IP 13.56.14.158 AND CONTAINER c21ccad5695a, MEMORY 262500000.0
Recovering the memory utilization
Setting cpu quota to 160000 out of 250000
STRESSING VM_IP 18.144.43.31 AND CONTAINER 01a0240fb06e, NET 138240.0
STRESSING VM_IP 18.144.43.31 AND CONTAINER 01a0240fb06e, DISK 33554432.0
STRESSING VM_IP 18.144.43.31 AND CONTAINER 01a0240fb06e, MEMORY 637500000.0
Recovering the memory utilization
Setting cpu quota to 190000 out of 250000
STRESSING VM_IP 18.144.43.31 AND CONTAINER d4df0b3c1712, NET 61440.0
STRESSING VM_IP 18.144.43.31 AND CONTAINER d4df0b3c1712, DISK 20971520.0
STRESSING VM_IP 18.144.43.31 AND CONTAINER d4df0b3c1712, MEMORY 262500000.0
Recovering the memory utilization
Using 5 trials
INVALID EXPERIMENT TYPE: todo-app

----------------------------------------
Problem running the job:
(<type 'exceptions.SystemExit'>, SystemExit(None,), <traceback object at 0x7f403848b200>)
Traceback (most recent call last):
  File "/home/ubuntu/throttlebot/src/spearmint/spearmint/runner.py", line 42, in job_runner
    elif job.language == PYTHON: run_python_job(job)
  File "/home/ubuntu/throttlebot/src/spearmint/spearmint/runner.py", line 142, in run_python_job
    result = module.main(job.id, params)
  File "/home/ubuntu/throttlebot/src/spearmint/bayOptSearch/bayOpt.py", line 104, in main
    return explore_spearmint(workload_config, params)
  File "/home/ubuntu/throttlebot/src/spearmint/bayOptSearch/bayOpt.py", line 204, in explore_spearmint
    experiment_results = run_experiment.measure_runtime(workload_config, experiment_trials)
  File "/home/ubuntu/throttlebot/src/run_experiment.py", line 37, in measure_runtime
    exit()
  File "/usr/lib/python2.7/site.py", line 375, in __call__
    raise SystemExit(code)
SystemExit: None
None
----------------------------------------
Job file reloaded.
Could not find value in output file.
Job failed in 15.41 seconds.
