Running in wrapper mode for '106'

Running python job.

[name: "CPU-QUOTA"
int_val: 63
int_val: 48
int_val: 95
int_val: 42
int_val: 89
int_val: 30
int_val: 6
, name: "DISK"
int_val: 34
int_val: 17
int_val: 26
int_val: 16
int_val: 37
int_val: 7
int_val: 28
, name: "MEMORY"
int_val: 27
int_val: 17
int_val: 38
int_val: 23
int_val: 35
int_val: 12
int_val: 25
, name: "NET"
int_val: 7
int_val: 20
int_val: 10
int_val: 20
int_val: 7
int_val: 15
int_val: 37
]
The paramters are {u'CPU-QUOTA': array([63, 48, 95, 42, 89, 30,  6]), u'NET': array([ 7, 20, 10, 20,  7, 15, 37]), u'DISK': array([34, 17, 26, 16, 37,  7, 28]), u'MEMORY': array([27, 17, 38, 23, 35, 12, 25])}
{'13.56.14.158': ['haproxy', 'node-app', 'mongo'], '18.144.43.31': ['node-app', 'mongo']}
----------------------------------------
Problem running the job:
(<class 'paramiko.ssh_exception.BadAuthenticationType'>, BadAuthenticationType('Bad authentication type', [u'publickey']), <traceback object at 0x7fd41b75ccb0>)
Traceback (most recent call last):
  File "/home/ubuntu/throttlebot/src/spearmint/spearmint/runner.py", line 42, in job_runner
    elif job.language == PYTHON: run_python_job(job)
  File "/home/ubuntu/throttlebot/src/spearmint/spearmint/runner.py", line 142, in run_python_job
    result = module.main(job.id, params)
  File "/home/ubuntu/throttlebot/src/spearmint/bayOptSearch/bayOpt.py", line 104, in main
    return explore_spearmint(workload_config, params)
  File "/home/ubuntu/throttlebot/src/spearmint/bayOptSearch/bayOpt.py", line 147, in explore_spearmint
    client = re.get_client(machine)
  File "/home/ubuntu/throttlebot/src/remote_execution.py", line 6, in get_client
    client.connect(ip, username="quilt", password="")
  File "/home/ubuntu/.local/lib/python2.7/site-packages/paramiko/client.py", line 424, in connect
    passphrase,
  File "/home/ubuntu/.local/lib/python2.7/site-packages/paramiko/client.py", line 714, in _auth
    raise saved_exception
BadAuthenticationType: ('Bad authentication type', [u'publickey']) (allowed_types=[u'publickey'])
None
----------------------------------------
Job file reloaded.
Could not find value in output file.
Job failed in 0.47 seconds.
