Running in wrapper mode for '173'

Running python job.

[name: "CPU-QUOTA"
int_val: 60
int_val: 62
int_val: 93
int_val: 60
int_val: 70
int_val: 83
int_val: 64
, name: "DISK"
int_val: 11
int_val: 22
int_val: 7
int_val: 26
int_val: 25
int_val: 13
int_val: 15
, name: "MEMORY"
int_val: 24
int_val: 17
int_val: 26
int_val: 17
int_val: 8
int_val: 17
int_val: 12
, name: "NET"
int_val: 22
int_val: 38
int_val: 39
int_val: 36
int_val: 18
int_val: 35
int_val: 40
]
The paramters are {u'CPU-QUOTA': array([60, 62, 93, 60, 70, 83, 64]), u'NET': array([22, 38, 39, 36, 18, 35, 40]), u'DISK': array([11, 22,  7, 26, 25, 13, 15]), u'MEMORY': array([24, 17, 26, 17,  8, 17, 12])}
{'13.56.14.158': ['haproxy', 'node-app', 'mongo'], '18.144.43.31': ['node-app', 'mongo']}
Sum for CPU-QUOTA is 215, which exceeds 200
----------------------------------------
Problem running the job:
(<type 'exceptions.ZeroDivisionError'>, ZeroDivisionError('integer division or modulo by zero',), <traceback object at 0x7f4039d41fc8>)
Traceback (most recent call last):
  File "/home/ubuntu/throttlebot/src/spearmint/spearmint/runner.py", line 42, in job_runner
    elif job.language == PYTHON: run_python_job(job)
  File "/home/ubuntu/throttlebot/src/spearmint/spearmint/runner.py", line 142, in run_python_job
    result = module.main(job.id, params)
  File "/home/ubuntu/throttlebot/src/spearmint/bayOptSearch/bayOpt.py", line 104, in main
    return explore_spearmint(workload_config, params)
  File "/home/ubuntu/throttlebot/src/spearmint/bayOptSearch/bayOpt.py", line 159, in explore_spearmint
    return 1/0
ZeroDivisionError: integer division or modulo by zero
None
----------------------------------------
Job file reloaded.
Could not find value in output file.
Job failed in 1.04 seconds.
