Running in wrapper mode for '142'

Running python job.

[name: "CPU-QUOTA"
int_val: 88
int_val: 16
int_val: 25
int_val: 77
int_val: 39
int_val: 73
int_val: 62
, name: "DISK"
int_val: 14
int_val: 11
int_val: 17
int_val: 20
int_val: 39
int_val: 27
int_val: 10
, name: "MEMORY"
int_val: 17
int_val: 18
int_val: 6
int_val: 24
int_val: 27
int_val: 38
int_val: 26
, name: "NET"
int_val: 12
int_val: 22
int_val: 21
int_val: 25
int_val: 21
int_val: 37
int_val: 11
]
The paramters are {u'CPU-QUOTA': array([88, 16, 25, 77, 39, 73, 62]), u'NET': array([12, 22, 21, 25, 21, 37, 11]), u'DISK': array([14, 11, 17, 20, 39, 27, 10]), u'MEMORY': array([17, 18,  6, 24, 27, 38, 26])}
{'13.56.14.158': ['haproxy', 'node-app', 'mongo'], '18.144.43.31': ['node-app', 'mongo']}
----------------------------------------
Problem running the job:
(<class 'paramiko.ssh_exception.BadAuthenticationType'>, BadAuthenticationType('Bad authentication type', [u'publickey']), <traceback object at 0x7f244e2435f0>)
Traceback (most recent call last):
  File "/home/ubuntu/throttlebot/src/spearmint/spearmint/runner.py", line 42, in job_runner
    elif job.language == PYTHON: run_python_job(job)
  File "/home/ubuntu/throttlebot/src/spearmint/spearmint/runner.py", line 142, in run_python_job
    result = module.main(job.id, params)
  File "/home/ubuntu/throttlebot/src/spearmint/bayOptSearch/bayOpt.py", line 104, in main
    return explore_spearmint(workload_config, params)
  File "/home/ubuntu/throttlebot/src/spearmint/bayOptSearch/bayOpt.py", line 147, in explore_spearmint
    client = re.get_client(machine)
  File "/home/ubuntu/throttlebot/src/remote_execution.py", line 6, in get_client
    client.connect(ip, username="quilt", password="")
  File "/home/ubuntu/.local/lib/python2.7/site-packages/paramiko/client.py", line 424, in connect
    passphrase,
  File "/home/ubuntu/.local/lib/python2.7/site-packages/paramiko/client.py", line 714, in _auth
    raise saved_exception
BadAuthenticationType: ('Bad authentication type', [u'publickey']) (allowed_types=[u'publickey'])
None
----------------------------------------
Job file reloaded.
Could not find value in output file.
Job failed in 0.45 seconds.
