Running in wrapper mode for '17'

Running python job.

[name: "CPU-QUOTA"
int_val: 99
int_val: 84
int_val: 90
int_val: 76
int_val: 75
int_val: 48
int_val: 82
, name: "DISK"
int_val: 20
int_val: 25
int_val: 38
int_val: 6
int_val: 14
int_val: 25
int_val: 38
, name: "MEMORY"
int_val: 33
int_val: 34
int_val: 38
int_val: 21
int_val: 33
int_val: 5
int_val: 17
, name: "NET"
int_val: 26
int_val: 21
int_val: 36
int_val: 5
int_val: 9
int_val: 36
int_val: 26
]
The paramters are {u'CPU-QUOTA': array([99, 84, 90, 76, 75, 48, 82]), u'NET': array([26, 21, 36,  5,  9, 36, 26]), u'DISK': array([20, 25, 38,  6, 14, 25, 38]), u'MEMORY': array([33, 34, 38, 21, 33,  5, 17])}
{'13.56.14.158': ['haproxy', 'node-app', 'mongo'], '18.144.43.31': ['node-app', 'mongo']}
----------------------------------------
Problem running the job:
(<class 'paramiko.ssh_exception.BadAuthenticationType'>, BadAuthenticationType('Bad authentication type', [u'publickey']), <traceback object at 0x7fd41b7a5a70>)
Traceback (most recent call last):
  File "/home/ubuntu/throttlebot/src/spearmint/spearmint/runner.py", line 42, in job_runner
    elif job.language == PYTHON: run_python_job(job)
  File "/home/ubuntu/throttlebot/src/spearmint/spearmint/runner.py", line 142, in run_python_job
    result = module.main(job.id, params)
  File "/home/ubuntu/throttlebot/src/spearmint/bayOptSearch/bayOpt.py", line 104, in main
    return explore_spearmint(workload_config, params)
  File "/home/ubuntu/throttlebot/src/spearmint/bayOptSearch/bayOpt.py", line 147, in explore_spearmint
    client = re.get_client(machine)
  File "/home/ubuntu/throttlebot/src/remote_execution.py", line 6, in get_client
    client.connect(ip, username="quilt", password="")
  File "/home/ubuntu/.local/lib/python2.7/site-packages/paramiko/client.py", line 424, in connect
    passphrase,
  File "/home/ubuntu/.local/lib/python2.7/site-packages/paramiko/client.py", line 714, in _auth
    raise saved_exception
BadAuthenticationType: ('Bad authentication type', [u'publickey']) (allowed_types=[u'publickey'])
None
----------------------------------------
Job file reloaded.
Could not find value in output file.
Job failed in 0.45 seconds.
