Running in wrapper mode for '196'

Running python job.

[name: "CPU-QUOTA"
int_val: 24
int_val: 30
int_val: 79
int_val: 43
int_val: 5
int_val: 21
int_val: 83
, name: "DISK"
int_val: 36
int_val: 8
int_val: 10
int_val: 33
int_val: 25
int_val: 16
int_val: 24
, name: "MEMORY"
int_val: 27
int_val: 36
int_val: 6
int_val: 19
int_val: 22
int_val: 31
int_val: 34
, name: "NET"
int_val: 10
int_val: 37
int_val: 14
int_val: 25
int_val: 37
int_val: 8
int_val: 24
]
The paramters are {u'CPU-QUOTA': array([24, 30, 79, 43,  5, 21, 83]), u'NET': array([10, 37, 14, 25, 37,  8, 24]), u'DISK': array([36,  8, 10, 33, 25, 16, 24]), u'MEMORY': array([27, 36,  6, 19, 22, 31, 34])}
{'13.56.14.158': ['haproxy', 'node-app', 'mongo'], '18.144.43.31': ['node-app', 'mongo']}
Setting cpu quota to 75000 out of 250000
STRESSING VM_IP 13.56.14.158 AND CONTAINER d824175f3227, NET 189440.0
STRESSING VM_IP 13.56.14.158 AND CONTAINER d824175f3227, DISK 6710886.4
STRESSING VM_IP 13.56.14.158 AND CONTAINER d824175f3227, MEMORY 1350000000.0
Recovering the memory utilization
Setting cpu quota to 60000 out of 250000
STRESSING VM_IP 13.56.14.158 AND CONTAINER cd40be619604, NET 51200.0
STRESSING VM_IP 13.56.14.158 AND CONTAINER cd40be619604, DISK 30198988.8
STRESSING VM_IP 13.56.14.158 AND CONTAINER cd40be619604, MEMORY 1012500000.0
Recovering the memory utilization
Setting cpu quota to 197500 out of 250000
STRESSING VM_IP 13.56.14.158 AND CONTAINER c21ccad5695a, NET 71680.0
STRESSING VM_IP 13.56.14.158 AND CONTAINER c21ccad5695a, DISK 8388608.0
STRESSING VM_IP 13.56.14.158 AND CONTAINER c21ccad5695a, MEMORY 225000000.0
Recovering the memory utilization
Setting cpu quota to 60000 out of 250000
STRESSING VM_IP 18.144.43.31 AND CONTAINER 01a0240fb06e, NET 51200.0
STRESSING VM_IP 18.144.43.31 AND CONTAINER 01a0240fb06e, DISK 30198988.8
STRESSING VM_IP 18.144.43.31 AND CONTAINER 01a0240fb06e, MEMORY 1012500000.0
Recovering the memory utilization
Setting cpu quota to 197500 out of 250000
STRESSING VM_IP 18.144.43.31 AND CONTAINER d4df0b3c1712, NET 71680.0
STRESSING VM_IP 18.144.43.31 AND CONTAINER d4df0b3c1712, DISK 8388608.0
STRESSING VM_IP 18.144.43.31 AND CONTAINER d4df0b3c1712, MEMORY 225000000.0
Recovering the memory utilization
Using 5 trials
INVALID EXPERIMENT TYPE: todo-app

----------------------------------------
Problem running the job:
(<type 'exceptions.SystemExit'>, SystemExit(None,), <traceback object at 0x7f40384eefc8>)
Traceback (most recent call last):
  File "/home/ubuntu/throttlebot/src/spearmint/spearmint/runner.py", line 42, in job_runner
    elif job.language == PYTHON: run_python_job(job)
  File "/home/ubuntu/throttlebot/src/spearmint/spearmint/runner.py", line 142, in run_python_job
    result = module.main(job.id, params)
  File "/home/ubuntu/throttlebot/src/spearmint/bayOptSearch/bayOpt.py", line 104, in main
    return explore_spearmint(workload_config, params)
  File "/home/ubuntu/throttlebot/src/spearmint/bayOptSearch/bayOpt.py", line 204, in explore_spearmint
    experiment_results = run_experiment.measure_runtime(workload_config, experiment_trials)
  File "/home/ubuntu/throttlebot/src/run_experiment.py", line 37, in measure_runtime
    exit()
  File "/usr/lib/python2.7/site.py", line 375, in __call__
    raise SystemExit(code)
SystemExit: None
None
----------------------------------------
Job file reloaded.
Could not find value in output file.
Job failed in 15.34 seconds.
