Running in wrapper mode for '33'

Running python job.

[name: "CPU-QUOTA"
int_val: 92
int_val: 92
int_val: 65
int_val: 30
int_val: 29
int_val: 56
int_val: 5
, name: "DISK"
int_val: 8
int_val: 33
int_val: 24
int_val: 17
int_val: 31
int_val: 8
int_val: 37
, name: "MEMORY"
int_val: 9
int_val: 9
int_val: 10
int_val: 38
int_val: 19
int_val: 6
int_val: 38
, name: "NET"
int_val: 36
int_val: 30
int_val: 38
int_val: 36
int_val: 40
int_val: 8
int_val: 31
]
The paramters are {u'CPU-QUOTA': array([92, 92, 65, 30, 29, 56,  5]), u'NET': array([36, 30, 38, 36, 40,  8, 31]), u'DISK': array([ 8, 33, 24, 17, 31,  8, 37]), u'MEMORY': array([ 9,  9, 10, 38, 19,  6, 38])}
{'13.56.14.158': ['haproxy', 'node-app', 'mongo'], '18.144.43.31': ['node-app', 'mongo']}
----------------------------------------
Problem running the job:
(<class 'paramiko.ssh_exception.BadAuthenticationType'>, BadAuthenticationType('Bad authentication type', [u'publickey']), <traceback object at 0x7fd41b7aeb48>)
Traceback (most recent call last):
  File "/home/ubuntu/throttlebot/src/spearmint/spearmint/runner.py", line 42, in job_runner
    elif job.language == PYTHON: run_python_job(job)
  File "/home/ubuntu/throttlebot/src/spearmint/spearmint/runner.py", line 142, in run_python_job
    result = module.main(job.id, params)
  File "/home/ubuntu/throttlebot/src/spearmint/bayOptSearch/bayOpt.py", line 104, in main
    return explore_spearmint(workload_config, params)
  File "/home/ubuntu/throttlebot/src/spearmint/bayOptSearch/bayOpt.py", line 147, in explore_spearmint
    client = re.get_client(machine)
  File "/home/ubuntu/throttlebot/src/remote_execution.py", line 6, in get_client
    client.connect(ip, username="quilt", password="")
  File "/home/ubuntu/.local/lib/python2.7/site-packages/paramiko/client.py", line 424, in connect
    passphrase,
  File "/home/ubuntu/.local/lib/python2.7/site-packages/paramiko/client.py", line 714, in _auth
    raise saved_exception
BadAuthenticationType: ('Bad authentication type', [u'publickey']) (allowed_types=[u'publickey'])
None
----------------------------------------
Job file reloaded.
Could not find value in output file.
Job failed in 0.46 seconds.
