Running in wrapper mode for '158'

Running python job.

[name: "CPU-QUOTA"
int_val: 81
int_val: 17
int_val: 48
int_val: 27
int_val: 67
int_val: 32
int_val: 37
, name: "DISK"
int_val: 12
int_val: 21
int_val: 12
int_val: 11
int_val: 6
int_val: 10
int_val: 9
, name: "MEMORY"
int_val: 25
int_val: 25
int_val: 34
int_val: 7
int_val: 6
int_val: 37
int_val: 11
, name: "NET"
int_val: 14
int_val: 30
int_val: 17
int_val: 21
int_val: 28
int_val: 10
int_val: 7
]
The paramters are {u'CPU-QUOTA': array([81, 17, 48, 27, 67, 32, 37]), u'NET': array([14, 30, 17, 21, 28, 10,  7]), u'DISK': array([12, 21, 12, 11,  6, 10,  9]), u'MEMORY': array([25, 25, 34,  7,  6, 37, 11])}
{'13.56.14.158': ['haproxy', 'node-app', 'mongo'], '18.144.43.31': ['node-app', 'mongo']}
Setting cpu quota to 42500 out of 250000
STRESSING VM_IP 13.56.14.158 AND CONTAINER d824175f3227, NET 153600.0
STRESSING VM_IP 13.56.14.158 AND CONTAINER d824175f3227, DISK 17616076.8
STRESSING VM_IP 13.56.14.158 AND CONTAINER d824175f3227, MEMORY 937500000.0
Recovering the memory utilization
Setting cpu quota to 202500 out of 250000
STRESSING VM_IP 13.56.14.158 AND CONTAINER cd40be619604, NET 71680.0
STRESSING VM_IP 13.56.14.158 AND CONTAINER cd40be619604, DISK 10066329.6
STRESSING VM_IP 13.56.14.158 AND CONTAINER cd40be619604, MEMORY 937500000.0
Recovering the memory utilization
Setting cpu quota to 120000 out of 250000
STRESSING VM_IP 13.56.14.158 AND CONTAINER c21ccad5695a, NET 87040.0
STRESSING VM_IP 13.56.14.158 AND CONTAINER c21ccad5695a, DISK 10066329.6
STRESSING VM_IP 13.56.14.158 AND CONTAINER c21ccad5695a, MEMORY 1275000000.0
Recovering the memory utilization
Setting cpu quota to 202500 out of 250000
STRESSING VM_IP 18.144.43.31 AND CONTAINER 01a0240fb06e, NET 71680.0
STRESSING VM_IP 18.144.43.31 AND CONTAINER 01a0240fb06e, DISK 10066329.6
STRESSING VM_IP 18.144.43.31 AND CONTAINER 01a0240fb06e, MEMORY 937500000.0
Recovering the memory utilization
Setting cpu quota to 120000 out of 250000
STRESSING VM_IP 18.144.43.31 AND CONTAINER d4df0b3c1712, NET 87040.0
STRESSING VM_IP 18.144.43.31 AND CONTAINER d4df0b3c1712, DISK 10066329.6
STRESSING VM_IP 18.144.43.31 AND CONTAINER d4df0b3c1712, MEMORY 1275000000.0
Recovering the memory utilization
Using 5 trials
INVALID EXPERIMENT TYPE: todo-app

----------------------------------------
Problem running the job:
(<type 'exceptions.SystemExit'>, SystemExit(None,), <traceback object at 0x7f40384c8560>)
Traceback (most recent call last):
  File "/home/ubuntu/throttlebot/src/spearmint/spearmint/runner.py", line 42, in job_runner
    elif job.language == PYTHON: run_python_job(job)
  File "/home/ubuntu/throttlebot/src/spearmint/spearmint/runner.py", line 142, in run_python_job
    result = module.main(job.id, params)
  File "/home/ubuntu/throttlebot/src/spearmint/bayOptSearch/bayOpt.py", line 104, in main
    return explore_spearmint(workload_config, params)
  File "/home/ubuntu/throttlebot/src/spearmint/bayOptSearch/bayOpt.py", line 204, in explore_spearmint
    experiment_results = run_experiment.measure_runtime(workload_config, experiment_trials)
  File "/home/ubuntu/throttlebot/src/run_experiment.py", line 37, in measure_runtime
    exit()
  File "/usr/lib/python2.7/site.py", line 375, in __call__
    raise SystemExit(code)
SystemExit: None
None
----------------------------------------
Job file reloaded.
Could not find value in output file.
Job failed in 15.39 seconds.
