Running in wrapper mode for '200'

Running python job.

[name: "CPU-QUOTA"
int_val: 36
int_val: 18
int_val: 43
int_val: 31
int_val: 89
int_val: 81
int_val: 95
, name: "DISK"
int_val: 14
int_val: 12
int_val: 33
int_val: 29
int_val: 12
int_val: 20
int_val: 37
, name: "MEMORY"
int_val: 5
int_val: 40
int_val: 28
int_val: 5
int_val: 9
int_val: 17
int_val: 11
, name: "NET"
int_val: 24
int_val: 14
int_val: 27
int_val: 29
int_val: 6
int_val: 21
int_val: 28
]
The paramters are {u'CPU-QUOTA': array([36, 18, 43, 31, 89, 81, 95]), u'NET': array([24, 14, 27, 29,  6, 21, 28]), u'DISK': array([14, 12, 33, 29, 12, 20, 37]), u'MEMORY': array([ 5, 40, 28,  5,  9, 17, 11])}
{'13.56.14.158': ['haproxy', 'node-app', 'mongo'], '18.144.43.31': ['node-app', 'mongo']}
Setting cpu quota to 45000 out of 250000
STRESSING VM_IP 13.56.14.158 AND CONTAINER d824175f3227, NET 71680.0
STRESSING VM_IP 13.56.14.158 AND CONTAINER d824175f3227, DISK 10066329.6
STRESSING VM_IP 13.56.14.158 AND CONTAINER d824175f3227, MEMORY 1500000000.0
Recovering the memory utilization
Setting cpu quota to 90000 out of 250000
STRESSING VM_IP 13.56.14.158 AND CONTAINER cd40be619604, NET 122880.0
STRESSING VM_IP 13.56.14.158 AND CONTAINER cd40be619604, DISK 11744051.2
STRESSING VM_IP 13.56.14.158 AND CONTAINER cd40be619604, MEMORY 187500000.0
Recovering the memory utilization
Setting cpu quota to 107500 out of 250000
STRESSING VM_IP 13.56.14.158 AND CONTAINER c21ccad5695a, NET 138240.0
STRESSING VM_IP 13.56.14.158 AND CONTAINER c21ccad5695a, DISK 27682406.4
STRESSING VM_IP 13.56.14.158 AND CONTAINER c21ccad5695a, MEMORY 1050000000.0
Recovering the memory utilization
Setting cpu quota to 90000 out of 250000
STRESSING VM_IP 18.144.43.31 AND CONTAINER 01a0240fb06e, NET 122880.0
STRESSING VM_IP 18.144.43.31 AND CONTAINER 01a0240fb06e, DISK 11744051.2
STRESSING VM_IP 18.144.43.31 AND CONTAINER 01a0240fb06e, MEMORY 187500000.0
Recovering the memory utilization
Setting cpu quota to 107500 out of 250000
STRESSING VM_IP 18.144.43.31 AND CONTAINER d4df0b3c1712, NET 138240.0
STRESSING VM_IP 18.144.43.31 AND CONTAINER d4df0b3c1712, DISK 27682406.4
STRESSING VM_IP 18.144.43.31 AND CONTAINER d4df0b3c1712, MEMORY 1050000000.0
Recovering the memory utilization
Using 5 trials
INVALID EXPERIMENT TYPE: todo-app

----------------------------------------
Problem running the job:
(<type 'exceptions.SystemExit'>, SystemExit(None,), <traceback object at 0x7f4038479950>)
Traceback (most recent call last):
  File "/home/ubuntu/throttlebot/src/spearmint/spearmint/runner.py", line 42, in job_runner
    elif job.language == PYTHON: run_python_job(job)
  File "/home/ubuntu/throttlebot/src/spearmint/spearmint/runner.py", line 142, in run_python_job
    result = module.main(job.id, params)
  File "/home/ubuntu/throttlebot/src/spearmint/bayOptSearch/bayOpt.py", line 104, in main
    return explore_spearmint(workload_config, params)
  File "/home/ubuntu/throttlebot/src/spearmint/bayOptSearch/bayOpt.py", line 204, in explore_spearmint
    experiment_results = run_experiment.measure_runtime(workload_config, experiment_trials)
  File "/home/ubuntu/throttlebot/src/run_experiment.py", line 37, in measure_runtime
    exit()
  File "/usr/lib/python2.7/site.py", line 375, in __call__
    raise SystemExit(code)
SystemExit: None
None
----------------------------------------
Job file reloaded.
Could not find value in output file.
Job failed in 15.19 seconds.
