Running in wrapper mode for '160'

Running python job.

[name: "CPU-QUOTA"
int_val: 45
int_val: 5
int_val: 12
int_val: 39
int_val: 55
int_val: 92
int_val: 73
, name: "DISK"
int_val: 34
int_val: 8
int_val: 8
int_val: 7
int_val: 20
int_val: 14
int_val: 23
, name: "MEMORY"
int_val: 20
int_val: 20
int_val: 29
int_val: 11
int_val: 29
int_val: 14
int_val: 6
, name: "NET"
int_val: 27
int_val: 34
int_val: 40
int_val: 8
int_val: 24
int_val: 23
int_val: 39
]
The paramters are {u'CPU-QUOTA': array([45,  5, 12, 39, 55, 92, 73]), u'NET': array([27, 34, 40,  8, 24, 23, 39]), u'DISK': array([34,  8,  8,  7, 20, 14, 23]), u'MEMORY': array([20, 20, 29, 11, 29, 14,  6])}
{'13.56.14.158': ['haproxy', 'node-app', 'mongo'], '18.144.43.31': ['node-app', 'mongo']}
Setting cpu quota to 12500 out of 250000
STRESSING VM_IP 13.56.14.158 AND CONTAINER d824175f3227, NET 174080.0
STRESSING VM_IP 13.56.14.158 AND CONTAINER d824175f3227, DISK 6710886.4
STRESSING VM_IP 13.56.14.158 AND CONTAINER d824175f3227, MEMORY 750000000.0
Recovering the memory utilization
Setting cpu quota to 112500 out of 250000
STRESSING VM_IP 13.56.14.158 AND CONTAINER cd40be619604, NET 138240.0
STRESSING VM_IP 13.56.14.158 AND CONTAINER cd40be619604, DISK 28521267.2
STRESSING VM_IP 13.56.14.158 AND CONTAINER cd40be619604, MEMORY 750000000.0
Recovering the memory utilization
Setting cpu quota to 30000 out of 250000
STRESSING VM_IP 13.56.14.158 AND CONTAINER c21ccad5695a, NET 204800.0
STRESSING VM_IP 13.56.14.158 AND CONTAINER c21ccad5695a, DISK 6710886.4
STRESSING VM_IP 13.56.14.158 AND CONTAINER c21ccad5695a, MEMORY 1087500000.0
Recovering the memory utilization
Setting cpu quota to 112500 out of 250000
STRESSING VM_IP 18.144.43.31 AND CONTAINER 01a0240fb06e, NET 138240.0
STRESSING VM_IP 18.144.43.31 AND CONTAINER 01a0240fb06e, DISK 28521267.2
STRESSING VM_IP 18.144.43.31 AND CONTAINER 01a0240fb06e, MEMORY 750000000.0
Recovering the memory utilization
Setting cpu quota to 30000 out of 250000
STRESSING VM_IP 18.144.43.31 AND CONTAINER d4df0b3c1712, NET 204800.0
STRESSING VM_IP 18.144.43.31 AND CONTAINER d4df0b3c1712, DISK 6710886.4
STRESSING VM_IP 18.144.43.31 AND CONTAINER d4df0b3c1712, MEMORY 1087500000.0
Recovering the memory utilization
Using 5 trials
INVALID EXPERIMENT TYPE: todo-app

----------------------------------------
Problem running the job:
(<type 'exceptions.SystemExit'>, SystemExit(None,), <traceback object at 0x7f40384b3cb0>)
Traceback (most recent call last):
  File "/home/ubuntu/throttlebot/src/spearmint/spearmint/runner.py", line 42, in job_runner
    elif job.language == PYTHON: run_python_job(job)
  File "/home/ubuntu/throttlebot/src/spearmint/spearmint/runner.py", line 142, in run_python_job
    result = module.main(job.id, params)
  File "/home/ubuntu/throttlebot/src/spearmint/bayOptSearch/bayOpt.py", line 104, in main
    return explore_spearmint(workload_config, params)
  File "/home/ubuntu/throttlebot/src/spearmint/bayOptSearch/bayOpt.py", line 204, in explore_spearmint
    experiment_results = run_experiment.measure_runtime(workload_config, experiment_trials)
  File "/home/ubuntu/throttlebot/src/run_experiment.py", line 37, in measure_runtime
    exit()
  File "/usr/lib/python2.7/site.py", line 375, in __call__
    raise SystemExit(code)
SystemExit: None
None
----------------------------------------
Job file reloaded.
Could not find value in output file.
Job failed in 15.76 seconds.
