Running in wrapper mode for '141'

Running python job.

[name: "CPU-QUOTA"
int_val: 64
int_val: 88
int_val: 49
int_val: 5
int_val: 15
int_val: 49
int_val: 86
, name: "DISK"
int_val: 23
int_val: 38
int_val: 8
int_val: 29
int_val: 30
int_val: 18
int_val: 19
, name: "MEMORY"
int_val: 26
int_val: 9
int_val: 15
int_val: 15
int_val: 36
int_val: 11
int_val: 35
, name: "NET"
int_val: 39
int_val: 13
int_val: 30
int_val: 16
int_val: 12
int_val: 28
int_val: 20
]
The paramters are {u'CPU-QUOTA': array([64, 88, 49,  5, 15, 49, 86]), u'NET': array([39, 13, 30, 16, 12, 28, 20]), u'DISK': array([23, 38,  8, 29, 30, 18, 19]), u'MEMORY': array([26,  9, 15, 15, 36, 11, 35])}
{'13.56.14.158': ['haproxy', 'node-app', 'mongo'], '18.144.43.31': ['node-app', 'mongo']}
----------------------------------------
Problem running the job:
(<class 'paramiko.ssh_exception.BadAuthenticationType'>, BadAuthenticationType('Bad authentication type', [u'publickey']), <traceback object at 0x7f244e2474d0>)
Traceback (most recent call last):
  File "/home/ubuntu/throttlebot/src/spearmint/spearmint/runner.py", line 42, in job_runner
    elif job.language == PYTHON: run_python_job(job)
  File "/home/ubuntu/throttlebot/src/spearmint/spearmint/runner.py", line 142, in run_python_job
    result = module.main(job.id, params)
  File "/home/ubuntu/throttlebot/src/spearmint/bayOptSearch/bayOpt.py", line 104, in main
    return explore_spearmint(workload_config, params)
  File "/home/ubuntu/throttlebot/src/spearmint/bayOptSearch/bayOpt.py", line 147, in explore_spearmint
    client = re.get_client(machine)
  File "/home/ubuntu/throttlebot/src/remote_execution.py", line 6, in get_client
    client.connect(ip, username="quilt", password="")
  File "/home/ubuntu/.local/lib/python2.7/site-packages/paramiko/client.py", line 424, in connect
    passphrase,
  File "/home/ubuntu/.local/lib/python2.7/site-packages/paramiko/client.py", line 714, in _auth
    raise saved_exception
BadAuthenticationType: ('Bad authentication type', [u'publickey']) (allowed_types=[u'publickey'])
None
----------------------------------------
Job file reloaded.
Could not find value in output file.
Job failed in 0.45 seconds.
