Running in wrapper mode for '258'

Running python job.

[name: "CPU-QUOTA"
int_val: 67
int_val: 36
int_val: 55
int_val: 50
int_val: 54
int_val: 42
int_val: 31
, name: "DISK"
int_val: 14
int_val: 21
int_val: 15
int_val: 39
int_val: 29
int_val: 10
int_val: 34
, name: "MEMORY"
int_val: 38
int_val: 35
int_val: 37
int_val: 30
int_val: 19
int_val: 11
int_val: 29
, name: "NET"
int_val: 12
int_val: 40
int_val: 20
int_val: 35
int_val: 25
int_val: 31
int_val: 31
]
The paramters are {u'CPU-QUOTA': array([67, 36, 55, 50, 54, 42, 31]), u'NET': array([12, 40, 20, 35, 25, 31, 31]), u'DISK': array([14, 21, 15, 39, 29, 10, 34]), u'MEMORY': array([38, 35, 37, 30, 19, 11, 29])}
{'13.56.14.158': ['haproxy', 'node-app', 'mongo'], '18.144.43.31': ['node-app', 'mongo']}
Setting cpu quota to 90000 out of 250000
STRESSING VM_IP 13.56.14.158 AND CONTAINER d824175f3227, NET 204800.0
STRESSING VM_IP 13.56.14.158 AND CONTAINER d824175f3227, DISK 17616076.8
STRESSING VM_IP 13.56.14.158 AND CONTAINER d824175f3227, MEMORY 1312500000.0
Recovering the memory utilization
Setting cpu quota to 167500 out of 250000
STRESSING VM_IP 13.56.14.158 AND CONTAINER cd40be619604, NET 61440.0
STRESSING VM_IP 13.56.14.158 AND CONTAINER cd40be619604, DISK 11744051.2
STRESSING VM_IP 13.56.14.158 AND CONTAINER cd40be619604, MEMORY 1425000000.0
Recovering the memory utilization
Setting cpu quota to 137500 out of 250000
STRESSING VM_IP 13.56.14.158 AND CONTAINER c21ccad5695a, NET 102400.0
STRESSING VM_IP 13.56.14.158 AND CONTAINER c21ccad5695a, DISK 12582912.0
STRESSING VM_IP 13.56.14.158 AND CONTAINER c21ccad5695a, MEMORY 1387500000.0
Recovering the memory utilization
Setting cpu quota to 167500 out of 250000
STRESSING VM_IP 18.144.43.31 AND CONTAINER 01a0240fb06e, NET 61440.0
STRESSING VM_IP 18.144.43.31 AND CONTAINER 01a0240fb06e, DISK 11744051.2
STRESSING VM_IP 18.144.43.31 AND CONTAINER 01a0240fb06e, MEMORY 1425000000.0
Recovering the memory utilization
Setting cpu quota to 137500 out of 250000
STRESSING VM_IP 18.144.43.31 AND CONTAINER d4df0b3c1712, NET 102400.0
STRESSING VM_IP 18.144.43.31 AND CONTAINER d4df0b3c1712, DISK 12582912.0
STRESSING VM_IP 18.144.43.31 AND CONTAINER d4df0b3c1712, MEMORY 1387500000.0
Recovering the memory utilization
Using 5 trials
INVALID EXPERIMENT TYPE: todo-app

----------------------------------------
Problem running the job:
(<type 'exceptions.SystemExit'>, SystemExit(None,), <traceback object at 0x7f40384a0cb0>)
Traceback (most recent call last):
  File "/home/ubuntu/throttlebot/src/spearmint/spearmint/runner.py", line 42, in job_runner
    elif job.language == PYTHON: run_python_job(job)
  File "/home/ubuntu/throttlebot/src/spearmint/spearmint/runner.py", line 142, in run_python_job
    result = module.main(job.id, params)
  File "/home/ubuntu/throttlebot/src/spearmint/bayOptSearch/bayOpt.py", line 104, in main
    return explore_spearmint(workload_config, params)
  File "/home/ubuntu/throttlebot/src/spearmint/bayOptSearch/bayOpt.py", line 204, in explore_spearmint
    experiment_results = run_experiment.measure_runtime(workload_config, experiment_trials)
  File "/home/ubuntu/throttlebot/src/run_experiment.py", line 37, in measure_runtime
    exit()
  File "/usr/lib/python2.7/site.py", line 375, in __call__
    raise SystemExit(code)
SystemExit: None
None
----------------------------------------
Job file reloaded.
Could not find value in output file.
Job failed in 15.31 seconds.
