Running in wrapper mode for '190'

Running python job.

[name: "CPU-QUOTA"
int_val: 78
int_val: 36
int_val: 37
int_val: 61
int_val: 35
int_val: 39
int_val: 5
, name: "DISK"
int_val: 16
int_val: 19
int_val: 40
int_val: 13
int_val: 23
int_val: 27
int_val: 40
, name: "MEMORY"
int_val: 34
int_val: 29
int_val: 39
int_val: 12
int_val: 29
int_val: 11
int_val: 36
, name: "NET"
int_val: 13
int_val: 12
int_val: 16
int_val: 27
int_val: 17
int_val: 19
int_val: 12
]
The paramters are {u'CPU-QUOTA': array([78, 36, 37, 61, 35, 39,  5]), u'NET': array([13, 12, 16, 27, 17, 19, 12]), u'DISK': array([16, 19, 40, 13, 23, 27, 40]), u'MEMORY': array([34, 29, 39, 12, 29, 11, 36])}
{'13.56.14.158': ['haproxy', 'node-app', 'mongo'], '18.144.43.31': ['node-app', 'mongo']}
Setting cpu quota to 90000 out of 250000
STRESSING VM_IP 13.56.14.158 AND CONTAINER d824175f3227, NET 61440.0
STRESSING VM_IP 13.56.14.158 AND CONTAINER d824175f3227, DISK 15938355.2
STRESSING VM_IP 13.56.14.158 AND CONTAINER d824175f3227, MEMORY 1087500000.0
Recovering the memory utilization
Setting cpu quota to 195000 out of 250000
STRESSING VM_IP 13.56.14.158 AND CONTAINER cd40be619604, NET 66560.0
STRESSING VM_IP 13.56.14.158 AND CONTAINER cd40be619604, DISK 13421772.8
STRESSING VM_IP 13.56.14.158 AND CONTAINER cd40be619604, MEMORY 1275000000.0
Recovering the memory utilization
Setting cpu quota to 92500 out of 250000
STRESSING VM_IP 13.56.14.158 AND CONTAINER c21ccad5695a, NET 81920.0
STRESSING VM_IP 13.56.14.158 AND CONTAINER c21ccad5695a, DISK 33554432.0
STRESSING VM_IP 13.56.14.158 AND CONTAINER c21ccad5695a, MEMORY 1462500000.0
Recovering the memory utilization
Setting cpu quota to 195000 out of 250000
STRESSING VM_IP 18.144.43.31 AND CONTAINER 01a0240fb06e, NET 66560.0
STRESSING VM_IP 18.144.43.31 AND CONTAINER 01a0240fb06e, DISK 13421772.8
STRESSING VM_IP 18.144.43.31 AND CONTAINER 01a0240fb06e, MEMORY 1275000000.0
Recovering the memory utilization
Setting cpu quota to 92500 out of 250000
STRESSING VM_IP 18.144.43.31 AND CONTAINER d4df0b3c1712, NET 81920.0
STRESSING VM_IP 18.144.43.31 AND CONTAINER d4df0b3c1712, DISK 33554432.0
STRESSING VM_IP 18.144.43.31 AND CONTAINER d4df0b3c1712, MEMORY 1462500000.0
Recovering the memory utilization
Using 5 trials
INVALID EXPERIMENT TYPE: todo-app

----------------------------------------
Problem running the job:
(<type 'exceptions.SystemExit'>, SystemExit(None,), <traceback object at 0x7f4038475680>)
Traceback (most recent call last):
  File "/home/ubuntu/throttlebot/src/spearmint/spearmint/runner.py", line 42, in job_runner
    elif job.language == PYTHON: run_python_job(job)
  File "/home/ubuntu/throttlebot/src/spearmint/spearmint/runner.py", line 142, in run_python_job
    result = module.main(job.id, params)
  File "/home/ubuntu/throttlebot/src/spearmint/bayOptSearch/bayOpt.py", line 104, in main
    return explore_spearmint(workload_config, params)
  File "/home/ubuntu/throttlebot/src/spearmint/bayOptSearch/bayOpt.py", line 204, in explore_spearmint
    experiment_results = run_experiment.measure_runtime(workload_config, experiment_trials)
  File "/home/ubuntu/throttlebot/src/run_experiment.py", line 37, in measure_runtime
    exit()
  File "/usr/lib/python2.7/site.py", line 375, in __call__
    raise SystemExit(code)
SystemExit: None
None
----------------------------------------
Job file reloaded.
Could not find value in output file.
Job failed in 15.15 seconds.
