Running in wrapper mode for '166'

Running python job.

[name: "CPU-QUOTA"
int_val: 99
int_val: 47
int_val: 18
int_val: 57
int_val: 25
int_val: 50
int_val: 31
, name: "DISK"
int_val: 32
int_val: 15
int_val: 10
int_val: 23
int_val: 35
int_val: 30
int_val: 25
, name: "MEMORY"
int_val: 31
int_val: 9
int_val: 40
int_val: 5
int_val: 9
int_val: 12
int_val: 35
, name: "NET"
int_val: 7
int_val: 28
int_val: 6
int_val: 5
int_val: 35
int_val: 25
int_val: 19
]
The paramters are {u'CPU-QUOTA': array([99, 47, 18, 57, 25, 50, 31]), u'NET': array([ 7, 28,  6,  5, 35, 25, 19]), u'DISK': array([32, 15, 10, 23, 35, 30, 25]), u'MEMORY': array([31,  9, 40,  5,  9, 12, 35])}
{'13.56.14.158': ['haproxy', 'node-app', 'mongo'], '18.144.43.31': ['node-app', 'mongo']}
Setting cpu quota to 117500 out of 250000
STRESSING VM_IP 13.56.14.158 AND CONTAINER d824175f3227, NET 143360.0
STRESSING VM_IP 13.56.14.158 AND CONTAINER d824175f3227, DISK 12582912.0
STRESSING VM_IP 13.56.14.158 AND CONTAINER d824175f3227, MEMORY 337500000.0
Recovering the memory utilization
Setting cpu quota to 247500 out of 250000
STRESSING VM_IP 13.56.14.158 AND CONTAINER cd40be619604, NET 35840.0
STRESSING VM_IP 13.56.14.158 AND CONTAINER cd40be619604, DISK 26843545.6
STRESSING VM_IP 13.56.14.158 AND CONTAINER cd40be619604, MEMORY 1162500000.0
Recovering the memory utilization
Setting cpu quota to 45000 out of 250000
STRESSING VM_IP 13.56.14.158 AND CONTAINER c21ccad5695a, NET 30720.0
STRESSING VM_IP 13.56.14.158 AND CONTAINER c21ccad5695a, DISK 8388608.0
STRESSING VM_IP 13.56.14.158 AND CONTAINER c21ccad5695a, MEMORY 1500000000.0
Recovering the memory utilization
Setting cpu quota to 247500 out of 250000
STRESSING VM_IP 18.144.43.31 AND CONTAINER 01a0240fb06e, NET 35840.0
STRESSING VM_IP 18.144.43.31 AND CONTAINER 01a0240fb06e, DISK 26843545.6
STRESSING VM_IP 18.144.43.31 AND CONTAINER 01a0240fb06e, MEMORY 1162500000.0
Recovering the memory utilization
Setting cpu quota to 45000 out of 250000
STRESSING VM_IP 18.144.43.31 AND CONTAINER d4df0b3c1712, NET 30720.0
STRESSING VM_IP 18.144.43.31 AND CONTAINER d4df0b3c1712, DISK 8388608.0
STRESSING VM_IP 18.144.43.31 AND CONTAINER d4df0b3c1712, MEMORY 1500000000.0
Recovering the memory utilization
Using 5 trials
INVALID EXPERIMENT TYPE: todo-app

----------------------------------------
Problem running the job:
(<type 'exceptions.SystemExit'>, SystemExit(None,), <traceback object at 0x7f40384c8320>)
Traceback (most recent call last):
  File "/home/ubuntu/throttlebot/src/spearmint/spearmint/runner.py", line 42, in job_runner
    elif job.language == PYTHON: run_python_job(job)
  File "/home/ubuntu/throttlebot/src/spearmint/spearmint/runner.py", line 142, in run_python_job
    result = module.main(job.id, params)
  File "/home/ubuntu/throttlebot/src/spearmint/bayOptSearch/bayOpt.py", line 104, in main
    return explore_spearmint(workload_config, params)
  File "/home/ubuntu/throttlebot/src/spearmint/bayOptSearch/bayOpt.py", line 204, in explore_spearmint
    experiment_results = run_experiment.measure_runtime(workload_config, experiment_trials)
  File "/home/ubuntu/throttlebot/src/run_experiment.py", line 37, in measure_runtime
    exit()
  File "/usr/lib/python2.7/site.py", line 375, in __call__
    raise SystemExit(code)
SystemExit: None
None
----------------------------------------
Job file reloaded.
Could not find value in output file.
Job failed in 15.64 seconds.
