Running in wrapper mode for '273'

Running python job.

[name: "CPU-QUOTA"
int_val: 100
int_val: 93
int_val: 16
int_val: 83
int_val: 57
int_val: 99
int_val: 58
, name: "DISK"
int_val: 17
int_val: 20
int_val: 20
int_val: 18
int_val: 10
int_val: 13
int_val: 28
, name: "MEMORY"
int_val: 39
int_val: 7
int_val: 30
int_val: 40
int_val: 22
int_val: 25
int_val: 30
, name: "NET"
int_val: 5
int_val: 27
int_val: 35
int_val: 22
int_val: 14
int_val: 14
int_val: 16
]
The paramters are {u'CPU-QUOTA': array([100,  93,  16,  83,  57,  99,  58]), u'NET': array([ 5, 27, 35, 22, 14, 14, 16]), u'DISK': array([17, 20, 20, 18, 10, 13, 28]), u'MEMORY': array([39,  7, 30, 40, 22, 25, 30])}
{'13.56.14.158': ['haproxy', 'node-app', 'mongo'], '18.144.43.31': ['node-app', 'mongo']}
Sum for CPU-QUOTA is 209, which exceeds 200
----------------------------------------
Problem running the job:
(<type 'exceptions.ZeroDivisionError'>, ZeroDivisionError('integer division or modulo by zero',), <traceback object at 0x7f4039d0b200>)
Traceback (most recent call last):
  File "/home/ubuntu/throttlebot/src/spearmint/spearmint/runner.py", line 42, in job_runner
    elif job.language == PYTHON: run_python_job(job)
  File "/home/ubuntu/throttlebot/src/spearmint/spearmint/runner.py", line 142, in run_python_job
    result = module.main(job.id, params)
  File "/home/ubuntu/throttlebot/src/spearmint/bayOptSearch/bayOpt.py", line 104, in main
    return explore_spearmint(workload_config, params)
  File "/home/ubuntu/throttlebot/src/spearmint/bayOptSearch/bayOpt.py", line 159, in explore_spearmint
    return 1/0
ZeroDivisionError: integer division or modulo by zero
None
----------------------------------------
Job file reloaded.
Could not find value in output file.
Job failed in 1.04 seconds.
