Running in wrapper mode for '311'

Running python job.

[name: "CPU-QUOTA"
int_val: 41
int_val: 88
int_val: 72
int_val: 61
int_val: 56
int_val: 80
int_val: 27
, name: "DISK"
int_val: 37
int_val: 30
int_val: 16
int_val: 40
int_val: 31
int_val: 25
int_val: 26
, name: "MEMORY"
int_val: 12
int_val: 5
int_val: 13
int_val: 35
int_val: 12
int_val: 25
int_val: 23
, name: "NET"
int_val: 13
int_val: 5
int_val: 20
int_val: 37
int_val: 14
int_val: 10
int_val: 16
]
The paramters are {u'CPU-QUOTA': array([41, 88, 72, 61, 56, 80, 27]), u'NET': array([13,  5, 20, 37, 14, 10, 16]), u'DISK': array([37, 30, 16, 40, 31, 25, 26]), u'MEMORY': array([12,  5, 13, 35, 12, 25, 23])}
{'13.56.14.158': ['haproxy', 'node-app', 'mongo'], '18.144.43.31': ['node-app', 'mongo']}
Sum for CPU-QUOTA is 201, which exceeds 200
----------------------------------------
Problem running the job:
(<type 'exceptions.ZeroDivisionError'>, ZeroDivisionError('integer division or modulo by zero',), <traceback object at 0x7effc4f5bc20>)
Traceback (most recent call last):
  File "/home/ubuntu/throttlebot/src/spearmint/spearmint/runner.py", line 42, in job_runner
    elif job.language == PYTHON: run_python_job(job)
  File "/home/ubuntu/throttlebot/src/spearmint/spearmint/runner.py", line 142, in run_python_job
    result = module.main(job.id, params)
  File "/home/ubuntu/throttlebot/src/spearmint/bayOptSearch/bayOpt.py", line 104, in main
    return explore_spearmint(workload_config, params)
  File "/home/ubuntu/throttlebot/src/spearmint/bayOptSearch/bayOpt.py", line 159, in explore_spearmint
    return 1/0
ZeroDivisionError: integer division or modulo by zero
None
----------------------------------------
Job file reloaded.
Could not find value in output file.
Job failed in 1.02 seconds.
