Running in wrapper mode for '178'

Running python job.

[name: "CPU-QUOTA"
int_val: 72
int_val: 26
int_val: 9
int_val: 48
int_val: 10
int_val: 95
int_val: 100
, name: "DISK"
int_val: 15
int_val: 27
int_val: 29
int_val: 12
int_val: 21
int_val: 36
int_val: 19
, name: "MEMORY"
int_val: 37
int_val: 13
int_val: 21
int_val: 39
int_val: 12
int_val: 22
int_val: 25
, name: "NET"
int_val: 8
int_val: 6
int_val: 34
int_val: 13
int_val: 32
int_val: 40
int_val: 27
]
The paramters are {u'CPU-QUOTA': array([ 72,  26,   9,  48,  10,  95, 100]), u'NET': array([ 8,  6, 34, 13, 32, 40, 27]), u'DISK': array([15, 27, 29, 12, 21, 36, 19]), u'MEMORY': array([37, 13, 21, 39, 12, 22, 25])}
{'13.56.14.158': ['haproxy', 'node-app', 'mongo'], '18.144.43.31': ['node-app', 'mongo']}
Setting cpu quota to 65000 out of 250000
STRESSING VM_IP 13.56.14.158 AND CONTAINER d824175f3227, NET 30720.0
STRESSING VM_IP 13.56.14.158 AND CONTAINER d824175f3227, DISK 22649241.6
STRESSING VM_IP 13.56.14.158 AND CONTAINER d824175f3227, MEMORY 487500000.0
Recovering the memory utilization
Setting cpu quota to 180000 out of 250000
STRESSING VM_IP 13.56.14.158 AND CONTAINER cd40be619604, NET 40960.0
STRESSING VM_IP 13.56.14.158 AND CONTAINER cd40be619604, DISK 12582912.0
STRESSING VM_IP 13.56.14.158 AND CONTAINER cd40be619604, MEMORY 1387500000.0
Recovering the memory utilization
Setting cpu quota to 22500 out of 250000
STRESSING VM_IP 13.56.14.158 AND CONTAINER c21ccad5695a, NET 174080.0
STRESSING VM_IP 13.56.14.158 AND CONTAINER c21ccad5695a, DISK 24326963.2
STRESSING VM_IP 13.56.14.158 AND CONTAINER c21ccad5695a, MEMORY 787500000.0
Recovering the memory utilization
Setting cpu quota to 180000 out of 250000
STRESSING VM_IP 18.144.43.31 AND CONTAINER 01a0240fb06e, NET 40960.0
STRESSING VM_IP 18.144.43.31 AND CONTAINER 01a0240fb06e, DISK 12582912.0
STRESSING VM_IP 18.144.43.31 AND CONTAINER 01a0240fb06e, MEMORY 1387500000.0
Recovering the memory utilization
Setting cpu quota to 22500 out of 250000
STRESSING VM_IP 18.144.43.31 AND CONTAINER d4df0b3c1712, NET 174080.0
STRESSING VM_IP 18.144.43.31 AND CONTAINER d4df0b3c1712, DISK 24326963.2
STRESSING VM_IP 18.144.43.31 AND CONTAINER d4df0b3c1712, MEMORY 787500000.0
Recovering the memory utilization
Using 5 trials
INVALID EXPERIMENT TYPE: todo-app

----------------------------------------
Problem running the job:
(<type 'exceptions.SystemExit'>, SystemExit(None,), <traceback object at 0x7f40384d62d8>)
Traceback (most recent call last):
  File "/home/ubuntu/throttlebot/src/spearmint/spearmint/runner.py", line 42, in job_runner
    elif job.language == PYTHON: run_python_job(job)
  File "/home/ubuntu/throttlebot/src/spearmint/spearmint/runner.py", line 142, in run_python_job
    result = module.main(job.id, params)
  File "/home/ubuntu/throttlebot/src/spearmint/bayOptSearch/bayOpt.py", line 104, in main
    return explore_spearmint(workload_config, params)
  File "/home/ubuntu/throttlebot/src/spearmint/bayOptSearch/bayOpt.py", line 204, in explore_spearmint
    experiment_results = run_experiment.measure_runtime(workload_config, experiment_trials)
  File "/home/ubuntu/throttlebot/src/run_experiment.py", line 37, in measure_runtime
    exit()
  File "/usr/lib/python2.7/site.py", line 375, in __call__
    raise SystemExit(code)
SystemExit: None
None
----------------------------------------
Job file reloaded.
Could not find value in output file.
Job failed in 15.41 seconds.
