Running in wrapper mode for '272'

Running python job.

[name: "CPU-QUOTA"
int_val: 52
int_val: 45
int_val: 64
int_val: 35
int_val: 9
int_val: 51
int_val: 10
, name: "DISK"
int_val: 35
int_val: 38
int_val: 38
int_val: 36
int_val: 28
int_val: 31
int_val: 10
, name: "MEMORY"
int_val: 21
int_val: 25
int_val: 12
int_val: 22
int_val: 40
int_val: 7
int_val: 12
, name: "NET"
int_val: 23
int_val: 9
int_val: 17
int_val: 40
int_val: 32
int_val: 32
int_val: 34
]
The paramters are {u'CPU-QUOTA': array([52, 45, 64, 35,  9, 51, 10]), u'NET': array([23,  9, 17, 40, 32, 32, 34]), u'DISK': array([35, 38, 38, 36, 28, 31, 10]), u'MEMORY': array([21, 25, 12, 22, 40,  7, 12])}
{'13.56.14.158': ['haproxy', 'node-app', 'mongo'], '18.144.43.31': ['node-app', 'mongo']}
Setting cpu quota to 112500 out of 250000
STRESSING VM_IP 13.56.14.158 AND CONTAINER d824175f3227, NET 46080.0
STRESSING VM_IP 13.56.14.158 AND CONTAINER d824175f3227, DISK 31876710.4
STRESSING VM_IP 13.56.14.158 AND CONTAINER d824175f3227, MEMORY 937500000.0
Recovering the memory utilization
Setting cpu quota to 130000 out of 250000
STRESSING VM_IP 13.56.14.158 AND CONTAINER cd40be619604, NET 117760.0
STRESSING VM_IP 13.56.14.158 AND CONTAINER cd40be619604, DISK 29360128.0
STRESSING VM_IP 13.56.14.158 AND CONTAINER cd40be619604, MEMORY 787500000.0
Recovering the memory utilization
Setting cpu quota to 160000 out of 250000
STRESSING VM_IP 13.56.14.158 AND CONTAINER c21ccad5695a, NET 87040.0
STRESSING VM_IP 13.56.14.158 AND CONTAINER c21ccad5695a, DISK 31876710.4
STRESSING VM_IP 13.56.14.158 AND CONTAINER c21ccad5695a, MEMORY 450000000.0
Recovering the memory utilization
Setting cpu quota to 130000 out of 250000
STRESSING VM_IP 18.144.43.31 AND CONTAINER 01a0240fb06e, NET 117760.0
STRESSING VM_IP 18.144.43.31 AND CONTAINER 01a0240fb06e, DISK 29360128.0
STRESSING VM_IP 18.144.43.31 AND CONTAINER 01a0240fb06e, MEMORY 787500000.0
Recovering the memory utilization
Setting cpu quota to 160000 out of 250000
STRESSING VM_IP 18.144.43.31 AND CONTAINER d4df0b3c1712, NET 87040.0
STRESSING VM_IP 18.144.43.31 AND CONTAINER d4df0b3c1712, DISK 31876710.4
STRESSING VM_IP 18.144.43.31 AND CONTAINER d4df0b3c1712, MEMORY 450000000.0
Recovering the memory utilization
Using 5 trials
INVALID EXPERIMENT TYPE: todo-app

----------------------------------------
Problem running the job:
(<type 'exceptions.SystemExit'>, SystemExit(None,), <traceback object at 0x7f40384a3ea8>)
Traceback (most recent call last):
  File "/home/ubuntu/throttlebot/src/spearmint/spearmint/runner.py", line 42, in job_runner
    elif job.language == PYTHON: run_python_job(job)
  File "/home/ubuntu/throttlebot/src/spearmint/spearmint/runner.py", line 142, in run_python_job
    result = module.main(job.id, params)
  File "/home/ubuntu/throttlebot/src/spearmint/bayOptSearch/bayOpt.py", line 104, in main
    return explore_spearmint(workload_config, params)
  File "/home/ubuntu/throttlebot/src/spearmint/bayOptSearch/bayOpt.py", line 204, in explore_spearmint
    experiment_results = run_experiment.measure_runtime(workload_config, experiment_trials)
  File "/home/ubuntu/throttlebot/src/run_experiment.py", line 37, in measure_runtime
    exit()
  File "/usr/lib/python2.7/site.py", line 375, in __call__
    raise SystemExit(code)
SystemExit: None
None
----------------------------------------
Job file reloaded.
Could not find value in output file.
Job failed in 15.30 seconds.
