Running in wrapper mode for '310'

Running python job.

[name: "CPU-QUOTA"
int_val: 89
int_val: 40
int_val: 24
int_val: 13
int_val: 8
int_val: 32
int_val: 75
, name: "DISK"
int_val: 19
int_val: 12
int_val: 34
int_val: 22
int_val: 13
int_val: 7
int_val: 8
, name: "MEMORY"
int_val: 30
int_val: 23
int_val: 31
int_val: 17
int_val: 30
int_val: 7
int_val: 5
, name: "NET"
int_val: 31
int_val: 23
int_val: 38
int_val: 19
int_val: 32
int_val: 28
int_val: 34
]
The paramters are {u'CPU-QUOTA': array([89, 40, 24, 13,  8, 32, 75]), u'NET': array([31, 23, 38, 19, 32, 28, 34]), u'DISK': array([19, 12, 34, 22, 13,  7,  8]), u'MEMORY': array([30, 23, 31, 17, 30,  7,  5])}
{'13.56.14.158': ['haproxy', 'node-app', 'mongo'], '18.144.43.31': ['node-app', 'mongo']}
Setting cpu quota to 100000 out of 250000
STRESSING VM_IP 13.56.14.158 AND CONTAINER d824175f3227, NET 117760.0
STRESSING VM_IP 13.56.14.158 AND CONTAINER d824175f3227, DISK 10066329.6
STRESSING VM_IP 13.56.14.158 AND CONTAINER d824175f3227, MEMORY 862500000.0
Recovering the memory utilization
Setting cpu quota to 222500 out of 250000
STRESSING VM_IP 13.56.14.158 AND CONTAINER cd40be619604, NET 158720.0
STRESSING VM_IP 13.56.14.158 AND CONTAINER cd40be619604, DISK 15938355.2
STRESSING VM_IP 13.56.14.158 AND CONTAINER cd40be619604, MEMORY 1125000000.0
Recovering the memory utilization
Setting cpu quota to 60000 out of 250000
STRESSING VM_IP 13.56.14.158 AND CONTAINER c21ccad5695a, NET 194560.0
STRESSING VM_IP 13.56.14.158 AND CONTAINER c21ccad5695a, DISK 28521267.2
STRESSING VM_IP 13.56.14.158 AND CONTAINER c21ccad5695a, MEMORY 1162500000.0
Recovering the memory utilization
Setting cpu quota to 222500 out of 250000
STRESSING VM_IP 18.144.43.31 AND CONTAINER 01a0240fb06e, NET 158720.0
STRESSING VM_IP 18.144.43.31 AND CONTAINER 01a0240fb06e, DISK 15938355.2
STRESSING VM_IP 18.144.43.31 AND CONTAINER 01a0240fb06e, MEMORY 1125000000.0
Recovering the memory utilization
Setting cpu quota to 60000 out of 250000
STRESSING VM_IP 18.144.43.31 AND CONTAINER d4df0b3c1712, NET 194560.0
STRESSING VM_IP 18.144.43.31 AND CONTAINER d4df0b3c1712, DISK 28521267.2
STRESSING VM_IP 18.144.43.31 AND CONTAINER d4df0b3c1712, MEMORY 1162500000.0
Recovering the memory utilization
Using 5 trials
INVALID EXPERIMENT TYPE: todo-app

----------------------------------------
Problem running the job:
(<type 'exceptions.SystemExit'>, SystemExit(None,), <traceback object at 0x7effc42c93f8>)
Traceback (most recent call last):
  File "/home/ubuntu/throttlebot/src/spearmint/spearmint/runner.py", line 42, in job_runner
    elif job.language == PYTHON: run_python_job(job)
  File "/home/ubuntu/throttlebot/src/spearmint/spearmint/runner.py", line 142, in run_python_job
    result = module.main(job.id, params)
  File "/home/ubuntu/throttlebot/src/spearmint/bayOptSearch/bayOpt.py", line 104, in main
    return explore_spearmint(workload_config, params)
  File "/home/ubuntu/throttlebot/src/spearmint/bayOptSearch/bayOpt.py", line 204, in explore_spearmint
    experiment_results = run_experiment.measure_runtime(workload_config, experiment_trials)
  File "/home/ubuntu/throttlebot/src/run_experiment.py", line 37, in measure_runtime
    exit()
  File "/usr/lib/python2.7/site.py", line 375, in __call__
    raise SystemExit(code)
SystemExit: None
None
----------------------------------------
Job file reloaded.
Could not find value in output file.
Job failed in 15.44 seconds.
