Running in wrapper mode for '319'

Running python job.

[name: "CPU-QUOTA"
int_val: 29
int_val: 100
int_val: 75
int_val: 70
int_val: 47
int_val: 32
int_val: 5
, name: "DISK"
int_val: 39
int_val: 9
int_val: 32
int_val: 25
int_val: 10
int_val: 20
int_val: 6
, name: "MEMORY"
int_val: 38
int_val: 23
int_val: 9
int_val: 15
int_val: 39
int_val: 16
int_val: 27
, name: "NET"
int_val: 17
int_val: 26
int_val: 32
int_val: 31
int_val: 10
int_val: 35
int_val: 24
]
The paramters are {u'CPU-QUOTA': array([ 29, 100,  75,  70,  47,  32,   5]), u'NET': array([17, 26, 32, 31, 10, 35, 24]), u'DISK': array([39,  9, 32, 25, 10, 20,  6]), u'MEMORY': array([38, 23,  9, 15, 39, 16, 27])}
{'13.56.14.158': ['haproxy', 'node-app', 'mongo'], '18.144.43.31': ['node-app', 'mongo']}
Sum for CPU-QUOTA is 204, which exceeds 200
----------------------------------------
Problem running the job:
(<type 'exceptions.ZeroDivisionError'>, ZeroDivisionError('integer division or modulo by zero',), <traceback object at 0x7ff9e8335b48>)
Traceback (most recent call last):
  File "/home/ubuntu/throttlebot/src/spearmint/spearmint/runner.py", line 42, in job_runner
    elif job.language == PYTHON: run_python_job(job)
  File "/home/ubuntu/throttlebot/src/spearmint/spearmint/runner.py", line 142, in run_python_job
    result = module.main(job.id, params)
  File "/home/ubuntu/throttlebot/src/spearmint/bayOptSearch/bayOpt.py", line 104, in main
    return explore_spearmint(workload_config, params)
  File "/home/ubuntu/throttlebot/src/spearmint/bayOptSearch/bayOpt.py", line 159, in explore_spearmint
    return 1/0
ZeroDivisionError: integer division or modulo by zero
None
----------------------------------------
Job file reloaded.
Could not find value in output file.
Job failed in 1.02 seconds.
