Running in wrapper mode for '327'

Running python job.

[name: "CPU-QUOTA"
int_val: 47
int_val: 70
int_val: 93
int_val: 16
int_val: 89
int_val: 50
int_val: 11
, name: "DISK"
int_val: 6
int_val: 7
int_val: 34
int_val: 10
int_val: 39
int_val: 40
int_val: 31
, name: "MEMORY"
int_val: 32
int_val: 11
int_val: 11
int_val: 17
int_val: 37
int_val: 23
int_val: 16
, name: "NET"
int_val: 5
int_val: 24
int_val: 25
int_val: 33
int_val: 17
int_val: 19
int_val: 39
]
The paramters are {u'CPU-QUOTA': array([47, 70, 93, 16, 89, 50, 11]), u'NET': array([ 5, 24, 25, 33, 17, 19, 39]), u'DISK': array([ 6,  7, 34, 10, 39, 40, 31]), u'MEMORY': array([32, 11, 11, 17, 37, 23, 16])}
----------------------------------------
Problem running the job:
(<type 'exceptions.NameError'>, NameError("global name 'worklaod_config' is not defined",), <traceback object at 0x7f89acad7998>)
Traceback (most recent call last):
  File "/home/ubuntu/throttlebot/src/spearmint/spearmint/runner.py", line 42, in job_runner
    elif job.language == PYTHON: run_python_job(job)
  File "/home/ubuntu/throttlebot/src/spearmint/spearmint/runner.py", line 142, in run_python_job
    result = module.main(job.id, params)
  File "/home/ubuntu/throttlebot/src/spearmint/bayOptSearch/bayOpt.py", line 104, in main
    return explore_spearmint(workload_config, params)
  File "/home/ubuntu/throttlebot/src/spearmint/bayOptSearch/bayOpt.py", line 121, in explore_spearmint
    worklaod_config["type"] = 'todo-app'
NameError: global name 'worklaod_config' is not defined
None
----------------------------------------
Job file reloaded.
Could not find value in output file.
Job failed in 0.23 seconds.
