Running in wrapper mode for '257'

Running python job.

[name: "CPU-QUOTA"
int_val: 91
int_val: 60
int_val: 79
int_val: 74
int_val: 78
int_val: 66
int_val: 7
, name: "DISK"
int_val: 23
int_val: 30
int_val: 6
int_val: 12
int_val: 38
int_val: 37
int_val: 25
, name: "MEMORY"
int_val: 11
int_val: 26
int_val: 28
int_val: 21
int_val: 10
int_val: 38
int_val: 38
, name: "NET"
int_val: 39
int_val: 31
int_val: 29
int_val: 8
int_val: 34
int_val: 40
int_val: 40
]
The paramters are {u'CPU-QUOTA': array([91, 60, 79, 74, 78, 66,  7]), u'NET': array([39, 31, 29,  8, 34, 40, 40]), u'DISK': array([23, 30,  6, 12, 38, 37, 25]), u'MEMORY': array([11, 26, 28, 21, 10, 38, 38])}
{'13.56.14.158': ['haproxy', 'node-app', 'mongo'], '18.144.43.31': ['node-app', 'mongo']}
Sum for CPU-QUOTA is 230, which exceeds 200
----------------------------------------
Problem running the job:
(<type 'exceptions.ZeroDivisionError'>, ZeroDivisionError('integer division or modulo by zero',), <traceback object at 0x7f40394f8f80>)
Traceback (most recent call last):
  File "/home/ubuntu/throttlebot/src/spearmint/spearmint/runner.py", line 42, in job_runner
    elif job.language == PYTHON: run_python_job(job)
  File "/home/ubuntu/throttlebot/src/spearmint/spearmint/runner.py", line 142, in run_python_job
    result = module.main(job.id, params)
  File "/home/ubuntu/throttlebot/src/spearmint/bayOptSearch/bayOpt.py", line 104, in main
    return explore_spearmint(workload_config, params)
  File "/home/ubuntu/throttlebot/src/spearmint/bayOptSearch/bayOpt.py", line 159, in explore_spearmint
    return 1/0
ZeroDivisionError: integer division or modulo by zero
None
----------------------------------------
Job file reloaded.
Could not find value in output file.
Job failed in 1.05 seconds.
