Running in wrapper mode for '224'

Running python job.

[name: "CPU-QUOTA"
int_val: 46
int_val: 23
int_val: 68
int_val: 42
int_val: 79
int_val: 40
int_val: 66
, name: "DISK"
int_val: 9
int_val: 25
int_val: 34
int_val: 11
int_val: 32
int_val: 27
int_val: 21
, name: "MEMORY"
int_val: 11
int_val: 6
int_val: 14
int_val: 5
int_val: 40
int_val: 40
int_val: 10
, name: "NET"
int_val: 17
int_val: 23
int_val: 30
int_val: 15
int_val: 11
int_val: 31
int_val: 16
]
The paramters are {u'CPU-QUOTA': array([46, 23, 68, 42, 79, 40, 66]), u'NET': array([17, 23, 30, 15, 11, 31, 16]), u'DISK': array([ 9, 25, 34, 11, 32, 27, 21]), u'MEMORY': array([11,  6, 14,  5, 40, 40, 10])}
{'13.56.14.158': ['haproxy', 'node-app', 'mongo'], '18.144.43.31': ['node-app', 'mongo']}
Setting cpu quota to 57500 out of 250000
STRESSING VM_IP 13.56.14.158 AND CONTAINER d824175f3227, NET 117760.0
STRESSING VM_IP 13.56.14.158 AND CONTAINER d824175f3227, DISK 20971520.0
STRESSING VM_IP 13.56.14.158 AND CONTAINER d824175f3227, MEMORY 225000000.0
Recovering the memory utilization
Setting cpu quota to 115000 out of 250000
STRESSING VM_IP 13.56.14.158 AND CONTAINER cd40be619604, NET 87040.0
STRESSING VM_IP 13.56.14.158 AND CONTAINER cd40be619604, DISK 7549747.2
STRESSING VM_IP 13.56.14.158 AND CONTAINER cd40be619604, MEMORY 412500000.0
Recovering the memory utilization
Setting cpu quota to 170000 out of 250000
STRESSING VM_IP 13.56.14.158 AND CONTAINER c21ccad5695a, NET 153600.0
STRESSING VM_IP 13.56.14.158 AND CONTAINER c21ccad5695a, DISK 28521267.2
STRESSING VM_IP 13.56.14.158 AND CONTAINER c21ccad5695a, MEMORY 525000000.0
Recovering the memory utilization
Setting cpu quota to 115000 out of 250000
STRESSING VM_IP 18.144.43.31 AND CONTAINER 01a0240fb06e, NET 87040.0
STRESSING VM_IP 18.144.43.31 AND CONTAINER 01a0240fb06e, DISK 7549747.2
STRESSING VM_IP 18.144.43.31 AND CONTAINER 01a0240fb06e, MEMORY 412500000.0
Recovering the memory utilization
Setting cpu quota to 170000 out of 250000
STRESSING VM_IP 18.144.43.31 AND CONTAINER d4df0b3c1712, NET 153600.0
STRESSING VM_IP 18.144.43.31 AND CONTAINER d4df0b3c1712, DISK 28521267.2
STRESSING VM_IP 18.144.43.31 AND CONTAINER d4df0b3c1712, MEMORY 525000000.0
Recovering the memory utilization
Using 5 trials
INVALID EXPERIMENT TYPE: todo-app

----------------------------------------
Problem running the job:
(<type 'exceptions.SystemExit'>, SystemExit(None,), <traceback object at 0x7f4038475b00>)
Traceback (most recent call last):
  File "/home/ubuntu/throttlebot/src/spearmint/spearmint/runner.py", line 42, in job_runner
    elif job.language == PYTHON: run_python_job(job)
  File "/home/ubuntu/throttlebot/src/spearmint/spearmint/runner.py", line 142, in run_python_job
    result = module.main(job.id, params)
  File "/home/ubuntu/throttlebot/src/spearmint/bayOptSearch/bayOpt.py", line 104, in main
    return explore_spearmint(workload_config, params)
  File "/home/ubuntu/throttlebot/src/spearmint/bayOptSearch/bayOpt.py", line 204, in explore_spearmint
    experiment_results = run_experiment.measure_runtime(workload_config, experiment_trials)
  File "/home/ubuntu/throttlebot/src/run_experiment.py", line 37, in measure_runtime
    exit()
  File "/usr/lib/python2.7/site.py", line 375, in __call__
    raise SystemExit(code)
SystemExit: None
None
----------------------------------------
Job file reloaded.
Could not find value in output file.
Job failed in 15.37 seconds.
