Running in wrapper mode for '293'

Running python job.

[name: "CPU-QUOTA"
int_val: 74
int_val: 91
int_val: 69
int_val: 76
int_val: 5
int_val: 83
int_val: 48
, name: "DISK"
int_val: 22
int_val: 13
int_val: 40
int_val: 34
int_val: 28
int_val: 6
int_val: 21
, name: "MEMORY"
int_val: 31
int_val: 16
int_val: 37
int_val: 7
int_val: 27
int_val: 28
int_val: 8
, name: "NET"
int_val: 23
int_val: 36
int_val: 14
int_val: 33
int_val: 6
int_val: 16
int_val: 10
]
The paramters are {u'CPU-QUOTA': array([74, 91, 69, 76,  5, 83, 48]), u'NET': array([23, 36, 14, 33,  6, 16, 10]), u'DISK': array([22, 13, 40, 34, 28,  6, 21]), u'MEMORY': array([31, 16, 37,  7, 27, 28,  8])}
{'13.56.14.158': ['haproxy', 'node-app', 'mongo'], '18.144.43.31': ['node-app', 'mongo']}
Sum for CPU-QUOTA is 234, which exceeds 200
----------------------------------------
Problem running the job:
(<type 'exceptions.ZeroDivisionError'>, ZeroDivisionError('integer division or modulo by zero',), <traceback object at 0x7f4039d16908>)
Traceback (most recent call last):
  File "/home/ubuntu/throttlebot/src/spearmint/spearmint/runner.py", line 42, in job_runner
    elif job.language == PYTHON: run_python_job(job)
  File "/home/ubuntu/throttlebot/src/spearmint/spearmint/runner.py", line 142, in run_python_job
    result = module.main(job.id, params)
  File "/home/ubuntu/throttlebot/src/spearmint/bayOptSearch/bayOpt.py", line 104, in main
    return explore_spearmint(workload_config, params)
  File "/home/ubuntu/throttlebot/src/spearmint/bayOptSearch/bayOpt.py", line 159, in explore_spearmint
    return 1/0
ZeroDivisionError: integer division or modulo by zero
None
----------------------------------------
Job file reloaded.
Could not find value in output file.
Job failed in 1.03 seconds.
