Running in wrapper mode for '357'

Running python job.

[name: "CPU-QUOTA"
int_val: 75
int_val: 69
int_val: 73
int_val: 80
int_val: 60
int_val: 64
int_val: 60
, name: "DISK"
int_val: 38
int_val: 32
int_val: 9
int_val: 16
int_val: 9
int_val: 36
int_val: 17
, name: "MEMORY"
int_val: 27
int_val: 30
int_val: 12
int_val: 6
int_val: 34
int_val: 30
int_val: 21
, name: "NET"
int_val: 33
int_val: 27
int_val: 25
int_val: 6
int_val: 32
int_val: 35
int_val: 30
]
The paramters are {u'CPU-QUOTA': array([75, 69, 73, 80, 60, 64, 60]), u'NET': array([33, 27, 25,  6, 32, 35, 30]), u'DISK': array([38, 32,  9, 16,  9, 36, 17]), u'MEMORY': array([27, 30, 12,  6, 34, 30, 21])}
{'13.56.14.158': ['haproxy', 'node-app', 'mongo'], '18.144.43.31': ['node-app', 'mongo']}
Sum for CPU-QUOTA is 217, which exceeds 200
----------------------------------------
Problem running the job:
(<type 'exceptions.ZeroDivisionError'>, ZeroDivisionError('integer division or modulo by zero',), <traceback object at 0x7f5a0cf13f38>)
Traceback (most recent call last):
  File "/home/ubuntu/throttlebot/src/spearmint/spearmint/runner.py", line 42, in job_runner
    elif job.language == PYTHON: run_python_job(job)
  File "/home/ubuntu/throttlebot/src/spearmint/spearmint/runner.py", line 142, in run_python_job
    result = module.main(job.id, params)
  File "/home/ubuntu/throttlebot/src/spearmint/bayOptSearch/bayOpt.py", line 104, in main
    return explore_spearmint(workload_config, params)
  File "/home/ubuntu/throttlebot/src/spearmint/bayOptSearch/bayOpt.py", line 160, in explore_spearmint
    return 1/0
ZeroDivisionError: integer division or modulo by zero
None
----------------------------------------
Job file reloaded.
Could not find value in output file.
Job failed in 1.01 seconds.
