Running in wrapper mode for '261'

Running python job.

[name: "CPU-QUOTA"
int_val: 73
int_val: 66
int_val: 25
int_val: 20
int_val: 72
int_val: 48
int_val: 25
, name: "DISK"
int_val: 34
int_val: 28
int_val: 39
int_val: 37
int_val: 23
int_val: 16
int_val: 18
, name: "MEMORY"
int_val: 27
int_val: 6
int_val: 13
int_val: 6
int_val: 16
int_val: 36
int_val: 40
, name: "NET"
int_val: 6
int_val: 6
int_val: 5
int_val: 15
int_val: 18
int_val: 11
int_val: 28
]
The paramters are {u'CPU-QUOTA': array([73, 66, 25, 20, 72, 48, 25]), u'NET': array([ 6,  6,  5, 15, 18, 11, 28]), u'DISK': array([34, 28, 39, 37, 23, 16, 18]), u'MEMORY': array([27,  6, 13,  6, 16, 36, 40])}
{'13.56.14.158': ['haproxy', 'node-app', 'mongo'], '18.144.43.31': ['node-app', 'mongo']}
Setting cpu quota to 165000 out of 250000
STRESSING VM_IP 13.56.14.158 AND CONTAINER d824175f3227, NET 30720.0
STRESSING VM_IP 13.56.14.158 AND CONTAINER d824175f3227, DISK 23488102.4
STRESSING VM_IP 13.56.14.158 AND CONTAINER d824175f3227, MEMORY 225000000.0
Recovering the memory utilization
Setting cpu quota to 182500 out of 250000
STRESSING VM_IP 13.56.14.158 AND CONTAINER cd40be619604, NET 30720.0
STRESSING VM_IP 13.56.14.158 AND CONTAINER cd40be619604, DISK 28521267.2
STRESSING VM_IP 13.56.14.158 AND CONTAINER cd40be619604, MEMORY 1012500000.0
Recovering the memory utilization
Setting cpu quota to 62500 out of 250000
STRESSING VM_IP 13.56.14.158 AND CONTAINER c21ccad5695a, NET 25600.0
STRESSING VM_IP 13.56.14.158 AND CONTAINER c21ccad5695a, DISK 32715571.2
STRESSING VM_IP 13.56.14.158 AND CONTAINER c21ccad5695a, MEMORY 487500000.0
Recovering the memory utilization
Setting cpu quota to 182500 out of 250000
STRESSING VM_IP 18.144.43.31 AND CONTAINER 01a0240fb06e, NET 30720.0
STRESSING VM_IP 18.144.43.31 AND CONTAINER 01a0240fb06e, DISK 28521267.2
STRESSING VM_IP 18.144.43.31 AND CONTAINER 01a0240fb06e, MEMORY 1012500000.0
Recovering the memory utilization
Setting cpu quota to 62500 out of 250000
STRESSING VM_IP 18.144.43.31 AND CONTAINER d4df0b3c1712, NET 25600.0
STRESSING VM_IP 18.144.43.31 AND CONTAINER d4df0b3c1712, DISK 32715571.2
STRESSING VM_IP 18.144.43.31 AND CONTAINER d4df0b3c1712, MEMORY 487500000.0
Recovering the memory utilization
Using 5 trials
INVALID EXPERIMENT TYPE: todo-app

----------------------------------------
Problem running the job:
(<type 'exceptions.SystemExit'>, SystemExit(None,), <traceback object at 0x7f40384a0b00>)
Traceback (most recent call last):
  File "/home/ubuntu/throttlebot/src/spearmint/spearmint/runner.py", line 42, in job_runner
    elif job.language == PYTHON: run_python_job(job)
  File "/home/ubuntu/throttlebot/src/spearmint/spearmint/runner.py", line 142, in run_python_job
    result = module.main(job.id, params)
  File "/home/ubuntu/throttlebot/src/spearmint/bayOptSearch/bayOpt.py", line 104, in main
    return explore_spearmint(workload_config, params)
  File "/home/ubuntu/throttlebot/src/spearmint/bayOptSearch/bayOpt.py", line 204, in explore_spearmint
    experiment_results = run_experiment.measure_runtime(workload_config, experiment_trials)
  File "/home/ubuntu/throttlebot/src/run_experiment.py", line 37, in measure_runtime
    exit()
  File "/usr/lib/python2.7/site.py", line 375, in __call__
    raise SystemExit(code)
SystemExit: None
None
----------------------------------------
Job file reloaded.
Could not find value in output file.
Job failed in 15.28 seconds.
