Running in wrapper mode for '56'

Running python job.

[name: "CPU-QUOTA"
int_val: 29
int_val: 29
int_val: 68
int_val: 15
int_val: 14
int_val: 41
int_val: 14
, name: "DISK"
int_val: 29
int_val: 30
int_val: 21
int_val: 6
int_val: 12
int_val: 36
int_val: 38
, name: "MEMORY"
int_val: 19
int_val: 28
int_val: 23
int_val: 39
int_val: 29
int_val: 9
int_val: 32
, name: "NET"
int_val: 33
int_val: 13
int_val: 15
int_val: 21
int_val: 23
int_val: 25
int_val: 37
]
The paramters are {u'CPU-QUOTA': array([29, 29, 68, 15, 14, 41, 14]), u'NET': array([33, 13, 15, 21, 23, 25, 37]), u'DISK': array([29, 30, 21,  6, 12, 36, 38]), u'MEMORY': array([19, 28, 23, 39, 29,  9, 32])}
{'13.56.14.158': ['haproxy', 'node-app', 'mongo'], '18.144.43.31': ['node-app', 'mongo']}
----------------------------------------
Problem running the job:
(<class 'paramiko.ssh_exception.BadAuthenticationType'>, BadAuthenticationType('Bad authentication type', [u'publickey']), <traceback object at 0x7fd41b7c2440>)
Traceback (most recent call last):
  File "/home/ubuntu/throttlebot/src/spearmint/spearmint/runner.py", line 42, in job_runner
    elif job.language == PYTHON: run_python_job(job)
  File "/home/ubuntu/throttlebot/src/spearmint/spearmint/runner.py", line 142, in run_python_job
    result = module.main(job.id, params)
  File "/home/ubuntu/throttlebot/src/spearmint/bayOptSearch/bayOpt.py", line 104, in main
    return explore_spearmint(workload_config, params)
  File "/home/ubuntu/throttlebot/src/spearmint/bayOptSearch/bayOpt.py", line 147, in explore_spearmint
    client = re.get_client(machine)
  File "/home/ubuntu/throttlebot/src/remote_execution.py", line 6, in get_client
    client.connect(ip, username="quilt", password="")
  File "/home/ubuntu/.local/lib/python2.7/site-packages/paramiko/client.py", line 424, in connect
    passphrase,
  File "/home/ubuntu/.local/lib/python2.7/site-packages/paramiko/client.py", line 714, in _auth
    raise saved_exception
BadAuthenticationType: ('Bad authentication type', [u'publickey']) (allowed_types=[u'publickey'])
None
----------------------------------------
Job file reloaded.
Could not find value in output file.
Job failed in 0.45 seconds.
