Running in wrapper mode for '172'

Running python job.

[name: "CPU-QUOTA"
int_val: 12
int_val: 14
int_val: 45
int_val: 12
int_val: 22
int_val: 35
int_val: 16
, name: "DISK"
int_val: 29
int_val: 40
int_val: 25
int_val: 8
int_val: 7
int_val: 31
int_val: 33
, name: "MEMORY"
int_val: 6
int_val: 35
int_val: 8
int_val: 35
int_val: 26
int_val: 35
int_val: 30
, name: "NET"
int_val: 40
int_val: 20
int_val: 21
int_val: 18
int_val: 36
int_val: 17
int_val: 22
]
The paramters are {u'CPU-QUOTA': array([12, 14, 45, 12, 22, 35, 16]), u'NET': array([40, 20, 21, 18, 36, 17, 22]), u'DISK': array([29, 40, 25,  8,  7, 31, 33]), u'MEMORY': array([ 6, 35,  8, 35, 26, 35, 30])}
{'13.56.14.158': ['haproxy', 'node-app', 'mongo'], '18.144.43.31': ['node-app', 'mongo']}
Setting cpu quota to 35000 out of 250000
STRESSING VM_IP 13.56.14.158 AND CONTAINER d824175f3227, NET 102400.0
STRESSING VM_IP 13.56.14.158 AND CONTAINER d824175f3227, DISK 33554432.0
STRESSING VM_IP 13.56.14.158 AND CONTAINER d824175f3227, MEMORY 1312500000.0
Recovering the memory utilization
Setting cpu quota to 30000 out of 250000
STRESSING VM_IP 13.56.14.158 AND CONTAINER cd40be619604, NET 204800.0
STRESSING VM_IP 13.56.14.158 AND CONTAINER cd40be619604, DISK 24326963.2
STRESSING VM_IP 13.56.14.158 AND CONTAINER cd40be619604, MEMORY 225000000.0
Recovering the memory utilization
Setting cpu quota to 112500 out of 250000
STRESSING VM_IP 13.56.14.158 AND CONTAINER c21ccad5695a, NET 107520.0
STRESSING VM_IP 13.56.14.158 AND CONTAINER c21ccad5695a, DISK 20971520.0
STRESSING VM_IP 13.56.14.158 AND CONTAINER c21ccad5695a, MEMORY 300000000.0
Recovering the memory utilization
Setting cpu quota to 30000 out of 250000
STRESSING VM_IP 18.144.43.31 AND CONTAINER 01a0240fb06e, NET 204800.0
STRESSING VM_IP 18.144.43.31 AND CONTAINER 01a0240fb06e, DISK 24326963.2
STRESSING VM_IP 18.144.43.31 AND CONTAINER 01a0240fb06e, MEMORY 225000000.0
Recovering the memory utilization
Setting cpu quota to 112500 out of 250000
STRESSING VM_IP 18.144.43.31 AND CONTAINER d4df0b3c1712, NET 107520.0
STRESSING VM_IP 18.144.43.31 AND CONTAINER d4df0b3c1712, DISK 20971520.0
STRESSING VM_IP 18.144.43.31 AND CONTAINER d4df0b3c1712, MEMORY 300000000.0
Recovering the memory utilization
Using 5 trials
INVALID EXPERIMENT TYPE: todo-app

----------------------------------------
Problem running the job:
(<type 'exceptions.SystemExit'>, SystemExit(None,), <traceback object at 0x7f40384dccb0>)
Traceback (most recent call last):
  File "/home/ubuntu/throttlebot/src/spearmint/spearmint/runner.py", line 42, in job_runner
    elif job.language == PYTHON: run_python_job(job)
  File "/home/ubuntu/throttlebot/src/spearmint/spearmint/runner.py", line 142, in run_python_job
    result = module.main(job.id, params)
  File "/home/ubuntu/throttlebot/src/spearmint/bayOptSearch/bayOpt.py", line 104, in main
    return explore_spearmint(workload_config, params)
  File "/home/ubuntu/throttlebot/src/spearmint/bayOptSearch/bayOpt.py", line 204, in explore_spearmint
    experiment_results = run_experiment.measure_runtime(workload_config, experiment_trials)
  File "/home/ubuntu/throttlebot/src/run_experiment.py", line 37, in measure_runtime
    exit()
  File "/usr/lib/python2.7/site.py", line 375, in __call__
    raise SystemExit(code)
SystemExit: None
None
----------------------------------------
Job file reloaded.
Could not find value in output file.
Job failed in 15.44 seconds.
