Running in wrapper mode for '317'

Running python job.

[name: "CPU-QUOTA"
int_val: 53
int_val: 76
int_val: 51
int_val: 94
int_val: 71
int_val: 8
int_val: 77
, name: "DISK"
int_val: 30
int_val: 18
int_val: 5
int_val: 34
int_val: 37
int_val: 11
int_val: 33
, name: "MEMORY"
int_val: 29
int_val: 14
int_val: 36
int_val: 6
int_val: 12
int_val: 7
int_val: 18
, name: "NET"
int_val: 8
int_val: 17
int_val: 23
int_val: 40
int_val: 37
int_val: 8
int_val: 15
]
The paramters are {u'CPU-QUOTA': array([53, 76, 51, 94, 71,  8, 77]), u'NET': array([ 8, 17, 23, 40, 37,  8, 15]), u'DISK': array([30, 18,  5, 34, 37, 11, 33]), u'MEMORY': array([29, 14, 36,  6, 12,  7, 18])}
{'13.56.14.158': ['haproxy', 'node-app', 'mongo'], '18.144.43.31': ['node-app', 'mongo']}
Setting cpu quota to 190000 out of 250000
STRESSING VM_IP 13.56.14.158 AND CONTAINER d824175f3227, NET 87040.0
STRESSING VM_IP 13.56.14.158 AND CONTAINER d824175f3227, DISK 15099494.4
STRESSING VM_IP 13.56.14.158 AND CONTAINER d824175f3227, MEMORY 525000000.0
Recovering the memory utilization
Setting cpu quota to 132500 out of 250000
STRESSING VM_IP 13.56.14.158 AND CONTAINER cd40be619604, NET 40960.0
STRESSING VM_IP 13.56.14.158 AND CONTAINER cd40be619604, DISK 25165824.0
STRESSING VM_IP 13.56.14.158 AND CONTAINER cd40be619604, MEMORY 1087500000.0
Recovering the memory utilization
Setting cpu quota to 127500 out of 250000
STRESSING VM_IP 13.56.14.158 AND CONTAINER c21ccad5695a, NET 117760.0
STRESSING VM_IP 13.56.14.158 AND CONTAINER c21ccad5695a, DISK 4194304.0
STRESSING VM_IP 13.56.14.158 AND CONTAINER c21ccad5695a, MEMORY 1350000000.0
Recovering the memory utilization
Setting cpu quota to 132500 out of 250000
STRESSING VM_IP 18.144.43.31 AND CONTAINER 01a0240fb06e, NET 40960.0
STRESSING VM_IP 18.144.43.31 AND CONTAINER 01a0240fb06e, DISK 25165824.0
STRESSING VM_IP 18.144.43.31 AND CONTAINER 01a0240fb06e, MEMORY 1087500000.0
Recovering the memory utilization
Setting cpu quota to 127500 out of 250000
STRESSING VM_IP 18.144.43.31 AND CONTAINER d4df0b3c1712, NET 117760.0
STRESSING VM_IP 18.144.43.31 AND CONTAINER d4df0b3c1712, DISK 4194304.0
STRESSING VM_IP 18.144.43.31 AND CONTAINER d4df0b3c1712, MEMORY 1350000000.0
Recovering the memory utilization
Using 5 trials
INVALID EXPERIMENT TYPE: todo-app

----------------------------------------
Problem running the job:
(<type 'exceptions.SystemExit'>, SystemExit(None,), <traceback object at 0x7effc46edd88>)
Traceback (most recent call last):
  File "/home/ubuntu/throttlebot/src/spearmint/spearmint/runner.py", line 42, in job_runner
    elif job.language == PYTHON: run_python_job(job)
  File "/home/ubuntu/throttlebot/src/spearmint/spearmint/runner.py", line 142, in run_python_job
    result = module.main(job.id, params)
  File "/home/ubuntu/throttlebot/src/spearmint/bayOptSearch/bayOpt.py", line 104, in main
    return explore_spearmint(workload_config, params)
  File "/home/ubuntu/throttlebot/src/spearmint/bayOptSearch/bayOpt.py", line 204, in explore_spearmint
    experiment_results = run_experiment.measure_runtime(workload_config, experiment_trials)
  File "/home/ubuntu/throttlebot/src/run_experiment.py", line 37, in measure_runtime
    exit()
  File "/usr/lib/python2.7/site.py", line 375, in __call__
    raise SystemExit(code)
SystemExit: None
None
----------------------------------------
Job file reloaded.
Could not find value in output file.
Job failed in 15.33 seconds.
