Running in wrapper mode for '107'

Running python job.

[name: "CPU-QUOTA"
int_val: 15
int_val: 96
int_val: 47
int_val: 90
int_val: 41
int_val: 78
int_val: 54
, name: "DISK"
int_val: 16
int_val: 35
int_val: 8
int_val: 34
int_val: 19
int_val: 25
int_val: 10
, name: "MEMORY"
int_val: 9
int_val: 35
int_val: 20
int_val: 5
int_val: 17
int_val: 30
int_val: 7
, name: "NET"
int_val: 25
int_val: 38
int_val: 28
int_val: 38
int_val: 25
int_val: 33
int_val: 19
]
The paramters are {u'CPU-QUOTA': array([15, 96, 47, 90, 41, 78, 54]), u'NET': array([25, 38, 28, 38, 25, 33, 19]), u'DISK': array([16, 35,  8, 34, 19, 25, 10]), u'MEMORY': array([ 9, 35, 20,  5, 17, 30,  7])}
{'13.56.14.158': ['haproxy', 'node-app', 'mongo'], '18.144.43.31': ['node-app', 'mongo']}
----------------------------------------
Problem running the job:
(<class 'paramiko.ssh_exception.BadAuthenticationType'>, BadAuthenticationType('Bad authentication type', [u'publickey']), <traceback object at 0x7fd41b75cfc8>)
Traceback (most recent call last):
  File "/home/ubuntu/throttlebot/src/spearmint/spearmint/runner.py", line 42, in job_runner
    elif job.language == PYTHON: run_python_job(job)
  File "/home/ubuntu/throttlebot/src/spearmint/spearmint/runner.py", line 142, in run_python_job
    result = module.main(job.id, params)
  File "/home/ubuntu/throttlebot/src/spearmint/bayOptSearch/bayOpt.py", line 104, in main
    return explore_spearmint(workload_config, params)
  File "/home/ubuntu/throttlebot/src/spearmint/bayOptSearch/bayOpt.py", line 147, in explore_spearmint
    client = re.get_client(machine)
  File "/home/ubuntu/throttlebot/src/remote_execution.py", line 6, in get_client
    client.connect(ip, username="quilt", password="")
  File "/home/ubuntu/.local/lib/python2.7/site-packages/paramiko/client.py", line 424, in connect
    passphrase,
  File "/home/ubuntu/.local/lib/python2.7/site-packages/paramiko/client.py", line 714, in _auth
    raise saved_exception
BadAuthenticationType: ('Bad authentication type', [u'publickey']) (allowed_types=[u'publickey'])
None
----------------------------------------
Job file reloaded.
Could not find value in output file.
Job failed in 0.46 seconds.
