Running in wrapper mode for '62'

Running python job.

[name: "CPU-QUOTA"
int_val: 77
int_val: 5
int_val: 63
int_val: 43
int_val: 18
int_val: 23
int_val: 49
, name: "DISK"
int_val: 11
int_val: 36
int_val: 19
int_val: 29
int_val: 31
int_val: 37
int_val: 17
, name: "MEMORY"
int_val: 7
int_val: 23
int_val: 27
int_val: 37
int_val: 16
int_val: 20
int_val: 18
, name: "NET"
int_val: 20
int_val: 7
int_val: 36
int_val: 29
int_val: 33
int_val: 37
int_val: 13
]
The paramters are {u'CPU-QUOTA': array([77,  5, 63, 43, 18, 23, 49]), u'NET': array([20,  7, 36, 29, 33, 37, 13]), u'DISK': array([11, 36, 19, 29, 31, 37, 17]), u'MEMORY': array([ 7, 23, 27, 37, 16, 20, 18])}
{'13.56.14.158': ['haproxy', 'node-app', 'mongo'], '18.144.43.31': ['node-app', 'mongo']}
----------------------------------------
Problem running the job:
(<class 'paramiko.ssh_exception.BadAuthenticationType'>, BadAuthenticationType('Bad authentication type', [u'publickey']), <traceback object at 0x7fd41b7c1a28>)
Traceback (most recent call last):
  File "/home/ubuntu/throttlebot/src/spearmint/spearmint/runner.py", line 42, in job_runner
    elif job.language == PYTHON: run_python_job(job)
  File "/home/ubuntu/throttlebot/src/spearmint/spearmint/runner.py", line 142, in run_python_job
    result = module.main(job.id, params)
  File "/home/ubuntu/throttlebot/src/spearmint/bayOptSearch/bayOpt.py", line 104, in main
    return explore_spearmint(workload_config, params)
  File "/home/ubuntu/throttlebot/src/spearmint/bayOptSearch/bayOpt.py", line 147, in explore_spearmint
    client = re.get_client(machine)
  File "/home/ubuntu/throttlebot/src/remote_execution.py", line 6, in get_client
    client.connect(ip, username="quilt", password="")
  File "/home/ubuntu/.local/lib/python2.7/site-packages/paramiko/client.py", line 424, in connect
    passphrase,
  File "/home/ubuntu/.local/lib/python2.7/site-packages/paramiko/client.py", line 714, in _auth
    raise saved_exception
BadAuthenticationType: ('Bad authentication type', [u'publickey']) (allowed_types=[u'publickey'])
None
----------------------------------------
Job file reloaded.
Could not find value in output file.
Job failed in 0.44 seconds.
