Running in wrapper mode for '170'

Running python job.

[name: "CPU-QUOTA"
int_val: 63
int_val: 11
int_val: 54
int_val: 69
int_val: 85
int_val: 62
int_val: 43
, name: "DISK"
int_val: 18
int_val: 19
int_val: 33
int_val: 36
int_val: 22
int_val: 26
int_val: 38
, name: "MEMORY"
int_val: 9
int_val: 5
int_val: 18
int_val: 18
int_val: 22
int_val: 34
int_val: 13
, name: "NET"
int_val: 30
int_val: 5
int_val: 38
int_val: 10
int_val: 13
int_val: 39
int_val: 14
]
The paramters are {u'CPU-QUOTA': array([63, 11, 54, 69, 85, 62, 43]), u'NET': array([30,  5, 38, 10, 13, 39, 14]), u'DISK': array([18, 19, 33, 36, 22, 26, 38]), u'MEMORY': array([ 9,  5, 18, 18, 22, 34, 13])}
{'13.56.14.158': ['haproxy', 'node-app', 'mongo'], '18.144.43.31': ['node-app', 'mongo']}
Setting cpu quota to 27500 out of 250000
STRESSING VM_IP 13.56.14.158 AND CONTAINER d824175f3227, NET 25600.0
STRESSING VM_IP 13.56.14.158 AND CONTAINER d824175f3227, DISK 15938355.2
STRESSING VM_IP 13.56.14.158 AND CONTAINER d824175f3227, MEMORY 187500000.0
Recovering the memory utilization
Setting cpu quota to 157500 out of 250000
STRESSING VM_IP 13.56.14.158 AND CONTAINER cd40be619604, NET 153600.0
STRESSING VM_IP 13.56.14.158 AND CONTAINER cd40be619604, DISK 15099494.4
STRESSING VM_IP 13.56.14.158 AND CONTAINER cd40be619604, MEMORY 337500000.0
Recovering the memory utilization
Setting cpu quota to 135000 out of 250000
STRESSING VM_IP 13.56.14.158 AND CONTAINER c21ccad5695a, NET 194560.0
STRESSING VM_IP 13.56.14.158 AND CONTAINER c21ccad5695a, DISK 27682406.4
STRESSING VM_IP 13.56.14.158 AND CONTAINER c21ccad5695a, MEMORY 675000000.0
Recovering the memory utilization
Setting cpu quota to 157500 out of 250000
STRESSING VM_IP 18.144.43.31 AND CONTAINER 01a0240fb06e, NET 153600.0
STRESSING VM_IP 18.144.43.31 AND CONTAINER 01a0240fb06e, DISK 15099494.4
STRESSING VM_IP 18.144.43.31 AND CONTAINER 01a0240fb06e, MEMORY 337500000.0
Recovering the memory utilization
Setting cpu quota to 135000 out of 250000
STRESSING VM_IP 18.144.43.31 AND CONTAINER d4df0b3c1712, NET 194560.0
STRESSING VM_IP 18.144.43.31 AND CONTAINER d4df0b3c1712, DISK 27682406.4
STRESSING VM_IP 18.144.43.31 AND CONTAINER d4df0b3c1712, MEMORY 675000000.0
Recovering the memory utilization
Using 5 trials
INVALID EXPERIMENT TYPE: todo-app

----------------------------------------
Problem running the job:
(<type 'exceptions.SystemExit'>, SystemExit(None,), <traceback object at 0x7f40384db3b0>)
Traceback (most recent call last):
  File "/home/ubuntu/throttlebot/src/spearmint/spearmint/runner.py", line 42, in job_runner
    elif job.language == PYTHON: run_python_job(job)
  File "/home/ubuntu/throttlebot/src/spearmint/spearmint/runner.py", line 142, in run_python_job
    result = module.main(job.id, params)
  File "/home/ubuntu/throttlebot/src/spearmint/bayOptSearch/bayOpt.py", line 104, in main
    return explore_spearmint(workload_config, params)
  File "/home/ubuntu/throttlebot/src/spearmint/bayOptSearch/bayOpt.py", line 204, in explore_spearmint
    experiment_results = run_experiment.measure_runtime(workload_config, experiment_trials)
  File "/home/ubuntu/throttlebot/src/run_experiment.py", line 37, in measure_runtime
    exit()
  File "/usr/lib/python2.7/site.py", line 375, in __call__
    raise SystemExit(code)
SystemExit: None
None
----------------------------------------
Job file reloaded.
Could not find value in output file.
Job failed in 15.36 seconds.
