Running in wrapper mode for '159'

Running python job.

[name: "CPU-QUOTA"
int_val: 33
int_val: 65
int_val: 96
int_val: 75
int_val: 19
int_val: 80
int_val: 85
, name: "DISK"
int_val: 30
int_val: 39
int_val: 30
int_val: 29
int_val: 24
int_val: 28
int_val: 27
, name: "MEMORY"
int_val: 7
int_val: 7
int_val: 16
int_val: 25
int_val: 24
int_val: 19
int_val: 29
, name: "NET"
int_val: 32
int_val: 12
int_val: 35
int_val: 39
int_val: 10
int_val: 28
int_val: 25
]
The paramters are {u'CPU-QUOTA': array([33, 65, 96, 75, 19, 80, 85]), u'NET': array([32, 12, 35, 39, 10, 28, 25]), u'DISK': array([30, 39, 30, 29, 24, 28, 27]), u'MEMORY': array([ 7,  7, 16, 25, 24, 19, 29])}
{'13.56.14.158': ['haproxy', 'node-app', 'mongo'], '18.144.43.31': ['node-app', 'mongo']}
Setting cpu quota to 162500 out of 250000
STRESSING VM_IP 13.56.14.158 AND CONTAINER d824175f3227, NET 61440.0
STRESSING VM_IP 13.56.14.158 AND CONTAINER d824175f3227, DISK 32715571.2
STRESSING VM_IP 13.56.14.158 AND CONTAINER d824175f3227, MEMORY 262500000.0
Recovering the memory utilization
Setting cpu quota to 82500 out of 250000
STRESSING VM_IP 13.56.14.158 AND CONTAINER cd40be619604, NET 163840.0
STRESSING VM_IP 13.56.14.158 AND CONTAINER cd40be619604, DISK 25165824.0
STRESSING VM_IP 13.56.14.158 AND CONTAINER cd40be619604, MEMORY 262500000.0
Recovering the memory utilization
Setting cpu quota to 240000 out of 250000
STRESSING VM_IP 13.56.14.158 AND CONTAINER c21ccad5695a, NET 179200.0
STRESSING VM_IP 13.56.14.158 AND CONTAINER c21ccad5695a, DISK 25165824.0
STRESSING VM_IP 13.56.14.158 AND CONTAINER c21ccad5695a, MEMORY 600000000.0
Recovering the memory utilization
Setting cpu quota to 82500 out of 250000
STRESSING VM_IP 18.144.43.31 AND CONTAINER 01a0240fb06e, NET 163840.0
STRESSING VM_IP 18.144.43.31 AND CONTAINER 01a0240fb06e, DISK 25165824.0
STRESSING VM_IP 18.144.43.31 AND CONTAINER 01a0240fb06e, MEMORY 262500000.0
Recovering the memory utilization
Setting cpu quota to 240000 out of 250000
STRESSING VM_IP 18.144.43.31 AND CONTAINER d4df0b3c1712, NET 179200.0
STRESSING VM_IP 18.144.43.31 AND CONTAINER d4df0b3c1712, DISK 25165824.0
STRESSING VM_IP 18.144.43.31 AND CONTAINER d4df0b3c1712, MEMORY 600000000.0
Recovering the memory utilization
Using 5 trials
INVALID EXPERIMENT TYPE: todo-app

----------------------------------------
Problem running the job:
(<type 'exceptions.SystemExit'>, SystemExit(None,), <traceback object at 0x7f40384cc320>)
Traceback (most recent call last):
  File "/home/ubuntu/throttlebot/src/spearmint/spearmint/runner.py", line 42, in job_runner
    elif job.language == PYTHON: run_python_job(job)
  File "/home/ubuntu/throttlebot/src/spearmint/spearmint/runner.py", line 142, in run_python_job
    result = module.main(job.id, params)
  File "/home/ubuntu/throttlebot/src/spearmint/bayOptSearch/bayOpt.py", line 104, in main
    return explore_spearmint(workload_config, params)
  File "/home/ubuntu/throttlebot/src/spearmint/bayOptSearch/bayOpt.py", line 204, in explore_spearmint
    experiment_results = run_experiment.measure_runtime(workload_config, experiment_trials)
  File "/home/ubuntu/throttlebot/src/run_experiment.py", line 37, in measure_runtime
    exit()
  File "/usr/lib/python2.7/site.py", line 375, in __call__
    raise SystemExit(code)
SystemExit: None
None
----------------------------------------
Job file reloaded.
Could not find value in output file.
Job failed in 15.47 seconds.
