Running in wrapper mode for '177'

Running python job.

[name: "CPU-QUOTA"
int_val: 96
int_val: 98
int_val: 33
int_val: 72
int_val: 34
int_val: 23
int_val: 76
, name: "DISK"
int_val: 24
int_val: 18
int_val: 38
int_val: 39
int_val: 12
int_val: 9
int_val: 10
, name: "MEMORY"
int_val: 10
int_val: 22
int_val: 12
int_val: 12
int_val: 21
int_val: 31
int_val: 34
, name: "NET"
int_val: 35
int_val: 15
int_val: 7
int_val: 40
int_val: 23
int_val: 31
int_val: 36
]
The paramters are {u'CPU-QUOTA': array([96, 98, 33, 72, 34, 23, 76]), u'NET': array([35, 15,  7, 40, 23, 31, 36]), u'DISK': array([24, 18, 38, 39, 12,  9, 10]), u'MEMORY': array([10, 22, 12, 12, 21, 31, 34])}
{'13.56.14.158': ['haproxy', 'node-app', 'mongo'], '18.144.43.31': ['node-app', 'mongo']}
Sum for CPU-QUOTA is 227, which exceeds 200
----------------------------------------
Problem running the job:
(<type 'exceptions.ZeroDivisionError'>, ZeroDivisionError('integer division or modulo by zero',), <traceback object at 0x7f4039d4e488>)
Traceback (most recent call last):
  File "/home/ubuntu/throttlebot/src/spearmint/spearmint/runner.py", line 42, in job_runner
    elif job.language == PYTHON: run_python_job(job)
  File "/home/ubuntu/throttlebot/src/spearmint/spearmint/runner.py", line 142, in run_python_job
    result = module.main(job.id, params)
  File "/home/ubuntu/throttlebot/src/spearmint/bayOptSearch/bayOpt.py", line 104, in main
    return explore_spearmint(workload_config, params)
  File "/home/ubuntu/throttlebot/src/spearmint/bayOptSearch/bayOpt.py", line 159, in explore_spearmint
    return 1/0
ZeroDivisionError: integer division or modulo by zero
None
----------------------------------------
Job file reloaded.
Could not find value in output file.
Job failed in 0.99 seconds.
