Running in wrapper mode for '210'

Running python job.

[name: "CPU-QUOTA"
int_val: 75
int_val: 33
int_val: 22
int_val: 88
int_val: 98
int_val: 90
int_val: 68
, name: "DISK"
int_val: 10
int_val: 25
int_val: 20
int_val: 12
int_val: 40
int_val: 19
int_val: 29
, name: "MEMORY"
int_val: 31
int_val: 5
int_val: 14
int_val: 36
int_val: 26
int_val: 30
int_val: 17
, name: "NET"
int_val: 18
int_val: 24
int_val: 35
int_val: 37
int_val: 11
int_val: 31
int_val: 29
]
The paramters are {u'CPU-QUOTA': array([75, 33, 22, 88, 98, 90, 68]), u'NET': array([18, 24, 35, 37, 11, 31, 29]), u'DISK': array([10, 25, 20, 12, 40, 19, 29]), u'MEMORY': array([31,  5, 14, 36, 26, 30, 17])}
{'13.56.14.158': ['haproxy', 'node-app', 'mongo'], '18.144.43.31': ['node-app', 'mongo']}
Setting cpu quota to 82500 out of 250000
STRESSING VM_IP 13.56.14.158 AND CONTAINER d824175f3227, NET 122880.0
STRESSING VM_IP 13.56.14.158 AND CONTAINER d824175f3227, DISK 20971520.0
STRESSING VM_IP 13.56.14.158 AND CONTAINER d824175f3227, MEMORY 187500000.0
Recovering the memory utilization
Setting cpu quota to 187500 out of 250000
STRESSING VM_IP 13.56.14.158 AND CONTAINER cd40be619604, NET 92160.0
STRESSING VM_IP 13.56.14.158 AND CONTAINER cd40be619604, DISK 8388608.0
STRESSING VM_IP 13.56.14.158 AND CONTAINER cd40be619604, MEMORY 1162500000.0
Recovering the memory utilization
Setting cpu quota to 55000 out of 250000
STRESSING VM_IP 13.56.14.158 AND CONTAINER c21ccad5695a, NET 179200.0
STRESSING VM_IP 13.56.14.158 AND CONTAINER c21ccad5695a, DISK 16777216.0
STRESSING VM_IP 13.56.14.158 AND CONTAINER c21ccad5695a, MEMORY 525000000.0
Recovering the memory utilization
Setting cpu quota to 187500 out of 250000
STRESSING VM_IP 18.144.43.31 AND CONTAINER 01a0240fb06e, NET 92160.0
STRESSING VM_IP 18.144.43.31 AND CONTAINER 01a0240fb06e, DISK 8388608.0
STRESSING VM_IP 18.144.43.31 AND CONTAINER 01a0240fb06e, MEMORY 1162500000.0
Recovering the memory utilization
Setting cpu quota to 55000 out of 250000
STRESSING VM_IP 18.144.43.31 AND CONTAINER d4df0b3c1712, NET 179200.0
STRESSING VM_IP 18.144.43.31 AND CONTAINER d4df0b3c1712, DISK 16777216.0
STRESSING VM_IP 18.144.43.31 AND CONTAINER d4df0b3c1712, MEMORY 525000000.0
Recovering the memory utilization
Using 5 trials
INVALID EXPERIMENT TYPE: todo-app

----------------------------------------
Problem running the job:
(<type 'exceptions.SystemExit'>, SystemExit(None,), <traceback object at 0x7f40384e03f8>)
Traceback (most recent call last):
  File "/home/ubuntu/throttlebot/src/spearmint/spearmint/runner.py", line 42, in job_runner
    elif job.language == PYTHON: run_python_job(job)
  File "/home/ubuntu/throttlebot/src/spearmint/spearmint/runner.py", line 142, in run_python_job
    result = module.main(job.id, params)
  File "/home/ubuntu/throttlebot/src/spearmint/bayOptSearch/bayOpt.py", line 104, in main
    return explore_spearmint(workload_config, params)
  File "/home/ubuntu/throttlebot/src/spearmint/bayOptSearch/bayOpt.py", line 204, in explore_spearmint
    experiment_results = run_experiment.measure_runtime(workload_config, experiment_trials)
  File "/home/ubuntu/throttlebot/src/run_experiment.py", line 37, in measure_runtime
    exit()
  File "/usr/lib/python2.7/site.py", line 375, in __call__
    raise SystemExit(code)
SystemExit: None
None
----------------------------------------
Job file reloaded.
Could not find value in output file.
Job failed in 15.50 seconds.
