Running in wrapper mode for '334'

Running python job.

[name: "CPU-QUOTA"
int_val: 86
int_val: 7
int_val: 90
int_val: 31
int_val: 74
int_val: 59
int_val: 8
, name: "DISK"
int_val: 29
int_val: 19
int_val: 10
int_val: 22
int_val: 20
int_val: 12
int_val: 27
, name: "MEMORY"
int_val: 30
int_val: 24
int_val: 23
int_val: 14
int_val: 11
int_val: 28
int_val: 22
, name: "NET"
int_val: 11
int_val: 5
int_val: 11
int_val: 16
int_val: 11
int_val: 36
int_val: 27
]
The paramters are {u'CPU-QUOTA': array([86,  7, 90, 31, 74, 59,  8]), u'NET': array([11,  5, 11, 16, 11, 36, 27]), u'DISK': array([29, 19, 10, 22, 20, 12, 27]), u'MEMORY': array([30, 24, 23, 14, 11, 28, 22])}
----------------------------------------
Problem running the job:
(<type 'exceptions.NameError'>, NameError("global name 'worklaod_config' is not defined",), <traceback object at 0x7f89acade098>)
Traceback (most recent call last):
  File "/home/ubuntu/throttlebot/src/spearmint/spearmint/runner.py", line 42, in job_runner
    elif job.language == PYTHON: run_python_job(job)
  File "/home/ubuntu/throttlebot/src/spearmint/spearmint/runner.py", line 142, in run_python_job
    result = module.main(job.id, params)
  File "/home/ubuntu/throttlebot/src/spearmint/bayOptSearch/bayOpt.py", line 104, in main
    return explore_spearmint(workload_config, params)
  File "/home/ubuntu/throttlebot/src/spearmint/bayOptSearch/bayOpt.py", line 121, in explore_spearmint
    worklaod_config["type"] = 'todo-app'
NameError: global name 'worklaod_config' is not defined
None
----------------------------------------
Job file reloaded.
Could not find value in output file.
Job failed in 0.23 seconds.
