Running in wrapper mode for '181'

Running python job.

[name: "CPU-QUOTA"
int_val: 66
int_val: 80
int_val: 75
int_val: 18
int_val: 28
int_val: 89
int_val: 58
, name: "DISK"
int_val: 35
int_val: 16
int_val: 5
int_val: 10
int_val: 14
int_val: 29
int_val: 39
, name: "MEMORY"
int_val: 30
int_val: 37
int_val: 28
int_val: 15
int_val: 5
int_val: 24
int_val: 32
, name: "NET"
int_val: 11
int_val: 40
int_val: 28
int_val: 29
int_val: 7
int_val: 20
int_val: 24
]
The paramters are {u'CPU-QUOTA': array([66, 80, 75, 18, 28, 89, 58]), u'NET': array([11, 40, 28, 29,  7, 20, 24]), u'DISK': array([35, 16,  5, 10, 14, 29, 39]), u'MEMORY': array([30, 37, 28, 15,  5, 24, 32])}
{'13.56.14.158': ['haproxy', 'node-app', 'mongo'], '18.144.43.31': ['node-app', 'mongo']}
Sum for CPU-QUOTA is 221, which exceeds 200
----------------------------------------
Problem running the job:
(<type 'exceptions.ZeroDivisionError'>, ZeroDivisionError('integer division or modulo by zero',), <traceback object at 0x7f4039d50b48>)
Traceback (most recent call last):
  File "/home/ubuntu/throttlebot/src/spearmint/spearmint/runner.py", line 42, in job_runner
    elif job.language == PYTHON: run_python_job(job)
  File "/home/ubuntu/throttlebot/src/spearmint/spearmint/runner.py", line 142, in run_python_job
    result = module.main(job.id, params)
  File "/home/ubuntu/throttlebot/src/spearmint/bayOptSearch/bayOpt.py", line 104, in main
    return explore_spearmint(workload_config, params)
  File "/home/ubuntu/throttlebot/src/spearmint/bayOptSearch/bayOpt.py", line 159, in explore_spearmint
    return 1/0
ZeroDivisionError: integer division or modulo by zero
None
----------------------------------------
Job file reloaded.
Could not find value in output file.
Job failed in 1.02 seconds.
