Running in wrapper mode for '252'

Running python job.

[name: "CPU-QUOTA"
int_val: 7
int_val: 48
int_val: 91
int_val: 14
int_val: 66
int_val: 78
int_val: 67
, name: "DISK"
int_val: 28
int_val: 8
int_val: 19
int_val: 35
int_val: 34
int_val: 14
int_val: 20
, name: "MEMORY"
int_val: 7
int_val: 13
int_val: 24
int_val: 26
int_val: 32
int_val: 24
int_val: 25
, name: "NET"
int_val: 35
int_val: 26
int_val: 34
int_val: 30
int_val: 29
int_val: 9
int_val: 17
]
The paramters are {u'CPU-QUOTA': array([ 7, 48, 91, 14, 66, 78, 67]), u'NET': array([35, 26, 34, 30, 29,  9, 17]), u'DISK': array([28,  8, 19, 35, 34, 14, 20]), u'MEMORY': array([ 7, 13, 24, 26, 32, 24, 25])}
{'13.56.14.158': ['haproxy', 'node-app', 'mongo'], '18.144.43.31': ['node-app', 'mongo']}
Setting cpu quota to 120000 out of 250000
STRESSING VM_IP 13.56.14.158 AND CONTAINER d824175f3227, NET 133120.0
STRESSING VM_IP 13.56.14.158 AND CONTAINER d824175f3227, DISK 6710886.4
STRESSING VM_IP 13.56.14.158 AND CONTAINER d824175f3227, MEMORY 487500000.0
Recovering the memory utilization
Setting cpu quota to 17500 out of 250000
STRESSING VM_IP 13.56.14.158 AND CONTAINER cd40be619604, NET 179200.0
STRESSING VM_IP 13.56.14.158 AND CONTAINER cd40be619604, DISK 23488102.4
STRESSING VM_IP 13.56.14.158 AND CONTAINER cd40be619604, MEMORY 262500000.0
Recovering the memory utilization
Setting cpu quota to 227500 out of 250000
STRESSING VM_IP 13.56.14.158 AND CONTAINER c21ccad5695a, NET 174080.0
STRESSING VM_IP 13.56.14.158 AND CONTAINER c21ccad5695a, DISK 15938355.2
STRESSING VM_IP 13.56.14.158 AND CONTAINER c21ccad5695a, MEMORY 900000000.0
Recovering the memory utilization
Setting cpu quota to 17500 out of 250000
STRESSING VM_IP 18.144.43.31 AND CONTAINER 01a0240fb06e, NET 179200.0
STRESSING VM_IP 18.144.43.31 AND CONTAINER 01a0240fb06e, DISK 23488102.4
STRESSING VM_IP 18.144.43.31 AND CONTAINER 01a0240fb06e, MEMORY 262500000.0
Recovering the memory utilization
Setting cpu quota to 227500 out of 250000
STRESSING VM_IP 18.144.43.31 AND CONTAINER d4df0b3c1712, NET 174080.0
STRESSING VM_IP 18.144.43.31 AND CONTAINER d4df0b3c1712, DISK 15938355.2
STRESSING VM_IP 18.144.43.31 AND CONTAINER d4df0b3c1712, MEMORY 900000000.0
Recovering the memory utilization
Using 5 trials
INVALID EXPERIMENT TYPE: todo-app

----------------------------------------
Problem running the job:
(<type 'exceptions.SystemExit'>, SystemExit(None,), <traceback object at 0x7f4038490b00>)
Traceback (most recent call last):
  File "/home/ubuntu/throttlebot/src/spearmint/spearmint/runner.py", line 42, in job_runner
    elif job.language == PYTHON: run_python_job(job)
  File "/home/ubuntu/throttlebot/src/spearmint/spearmint/runner.py", line 142, in run_python_job
    result = module.main(job.id, params)
  File "/home/ubuntu/throttlebot/src/spearmint/bayOptSearch/bayOpt.py", line 104, in main
    return explore_spearmint(workload_config, params)
  File "/home/ubuntu/throttlebot/src/spearmint/bayOptSearch/bayOpt.py", line 204, in explore_spearmint
    experiment_results = run_experiment.measure_runtime(workload_config, experiment_trials)
  File "/home/ubuntu/throttlebot/src/run_experiment.py", line 37, in measure_runtime
    exit()
  File "/usr/lib/python2.7/site.py", line 375, in __call__
    raise SystemExit(code)
SystemExit: None
None
----------------------------------------
Job file reloaded.
Could not find value in output file.
Job failed in 15.21 seconds.
