Running in wrapper mode for '218'

Running python job.

[name: "CPU-QUOTA"
int_val: 57
int_val: 15
int_val: 52
int_val: 46
int_val: 44
int_val: 84
int_val: 74
, name: "DISK"
int_val: 35
int_val: 31
int_val: 18
int_val: 23
int_val: 10
int_val: 39
int_val: 5
, name: "MEMORY"
int_val: 24
int_val: 30
int_val: 20
int_val: 33
int_val: 23
int_val: 18
int_val: 28
, name: "NET"
int_val: 12
int_val: 26
int_val: 24
int_val: 26
int_val: 14
int_val: 7
int_val: 32
]
The paramters are {u'CPU-QUOTA': array([57, 15, 52, 46, 44, 84, 74]), u'NET': array([12, 26, 24, 26, 14,  7, 32]), u'DISK': array([35, 31, 18, 23, 10, 39,  5]), u'MEMORY': array([24, 30, 20, 33, 23, 18, 28])}
{'13.56.14.158': ['haproxy', 'node-app', 'mongo'], '18.144.43.31': ['node-app', 'mongo']}
Setting cpu quota to 37500 out of 250000
STRESSING VM_IP 13.56.14.158 AND CONTAINER d824175f3227, NET 133120.0
STRESSING VM_IP 13.56.14.158 AND CONTAINER d824175f3227, DISK 26004684.8
STRESSING VM_IP 13.56.14.158 AND CONTAINER d824175f3227, MEMORY 1125000000.0
Recovering the memory utilization
Setting cpu quota to 142500 out of 250000
STRESSING VM_IP 13.56.14.158 AND CONTAINER cd40be619604, NET 61440.0
STRESSING VM_IP 13.56.14.158 AND CONTAINER cd40be619604, DISK 29360128.0
STRESSING VM_IP 13.56.14.158 AND CONTAINER cd40be619604, MEMORY 900000000.0
Recovering the memory utilization
Setting cpu quota to 130000 out of 250000
STRESSING VM_IP 13.56.14.158 AND CONTAINER c21ccad5695a, NET 122880.0
STRESSING VM_IP 13.56.14.158 AND CONTAINER c21ccad5695a, DISK 15099494.4
STRESSING VM_IP 13.56.14.158 AND CONTAINER c21ccad5695a, MEMORY 750000000.0
Recovering the memory utilization
Setting cpu quota to 142500 out of 250000
STRESSING VM_IP 18.144.43.31 AND CONTAINER 01a0240fb06e, NET 61440.0
STRESSING VM_IP 18.144.43.31 AND CONTAINER 01a0240fb06e, DISK 29360128.0
STRESSING VM_IP 18.144.43.31 AND CONTAINER 01a0240fb06e, MEMORY 900000000.0
Recovering the memory utilization
Setting cpu quota to 130000 out of 250000
STRESSING VM_IP 18.144.43.31 AND CONTAINER d4df0b3c1712, NET 122880.0
STRESSING VM_IP 18.144.43.31 AND CONTAINER d4df0b3c1712, DISK 15099494.4
STRESSING VM_IP 18.144.43.31 AND CONTAINER d4df0b3c1712, MEMORY 750000000.0
Recovering the memory utilization
Using 5 trials
INVALID EXPERIMENT TYPE: todo-app

----------------------------------------
Problem running the job:
(<type 'exceptions.SystemExit'>, SystemExit(None,), <traceback object at 0x7f4038480cb0>)
Traceback (most recent call last):
  File "/home/ubuntu/throttlebot/src/spearmint/spearmint/runner.py", line 42, in job_runner
    elif job.language == PYTHON: run_python_job(job)
  File "/home/ubuntu/throttlebot/src/spearmint/spearmint/runner.py", line 142, in run_python_job
    result = module.main(job.id, params)
  File "/home/ubuntu/throttlebot/src/spearmint/bayOptSearch/bayOpt.py", line 104, in main
    return explore_spearmint(workload_config, params)
  File "/home/ubuntu/throttlebot/src/spearmint/bayOptSearch/bayOpt.py", line 204, in explore_spearmint
    experiment_results = run_experiment.measure_runtime(workload_config, experiment_trials)
  File "/home/ubuntu/throttlebot/src/run_experiment.py", line 37, in measure_runtime
    exit()
  File "/usr/lib/python2.7/site.py", line 375, in __call__
    raise SystemExit(code)
SystemExit: None
None
----------------------------------------
Job file reloaded.
Could not find value in output file.
Job failed in 15.26 seconds.
