Running in wrapper mode for '189'

Running python job.

[name: "CPU-QUOTA"
int_val: 54
int_val: 60
int_val: 13
int_val: 37
int_val: 11
int_val: 63
int_val: 29
, name: "DISK"
int_val: 25
int_val: 28
int_val: 31
int_val: 40
int_val: 32
int_val: 18
int_val: 31
, name: "MEMORY"
int_val: 7
int_val: 38
int_val: 30
int_val: 39
int_val: 38
int_val: 38
int_val: 27
, name: "NET"
int_val: 40
int_val: 21
int_val: 25
int_val: 18
int_val: 8
int_val: 10
int_val: 21
]
The paramters are {u'CPU-QUOTA': array([54, 60, 13, 37, 11, 63, 29]), u'NET': array([40, 21, 25, 18,  8, 10, 21]), u'DISK': array([25, 28, 31, 40, 32, 18, 31]), u'MEMORY': array([ 7, 38, 30, 39, 38, 38, 27])}
{'13.56.14.158': ['haproxy', 'node-app', 'mongo'], '18.144.43.31': ['node-app', 'mongo']}
Setting cpu quota to 150000 out of 250000
STRESSING VM_IP 13.56.14.158 AND CONTAINER d824175f3227, NET 107520.0
STRESSING VM_IP 13.56.14.158 AND CONTAINER d824175f3227, DISK 23488102.4
STRESSING VM_IP 13.56.14.158 AND CONTAINER d824175f3227, MEMORY 1425000000.0
Recovering the memory utilization
Setting cpu quota to 135000 out of 250000
STRESSING VM_IP 13.56.14.158 AND CONTAINER cd40be619604, NET 204800.0
STRESSING VM_IP 13.56.14.158 AND CONTAINER cd40be619604, DISK 20971520.0
STRESSING VM_IP 13.56.14.158 AND CONTAINER cd40be619604, MEMORY 262500000.0
Recovering the memory utilization
Setting cpu quota to 32500 out of 250000
STRESSING VM_IP 13.56.14.158 AND CONTAINER c21ccad5695a, NET 128000.0
STRESSING VM_IP 13.56.14.158 AND CONTAINER c21ccad5695a, DISK 26004684.8
STRESSING VM_IP 13.56.14.158 AND CONTAINER c21ccad5695a, MEMORY 1125000000.0
Recovering the memory utilization
Setting cpu quota to 135000 out of 250000
STRESSING VM_IP 18.144.43.31 AND CONTAINER 01a0240fb06e, NET 204800.0
STRESSING VM_IP 18.144.43.31 AND CONTAINER 01a0240fb06e, DISK 20971520.0
STRESSING VM_IP 18.144.43.31 AND CONTAINER 01a0240fb06e, MEMORY 262500000.0
Recovering the memory utilization
Setting cpu quota to 32500 out of 250000
STRESSING VM_IP 18.144.43.31 AND CONTAINER d4df0b3c1712, NET 128000.0
STRESSING VM_IP 18.144.43.31 AND CONTAINER d4df0b3c1712, DISK 26004684.8
STRESSING VM_IP 18.144.43.31 AND CONTAINER d4df0b3c1712, MEMORY 1125000000.0
Recovering the memory utilization
Using 5 trials
INVALID EXPERIMENT TYPE: todo-app

----------------------------------------
Problem running the job:
(<type 'exceptions.SystemExit'>, SystemExit(None,), <traceback object at 0x7f4038473bd8>)
Traceback (most recent call last):
  File "/home/ubuntu/throttlebot/src/spearmint/spearmint/runner.py", line 42, in job_runner
    elif job.language == PYTHON: run_python_job(job)
  File "/home/ubuntu/throttlebot/src/spearmint/spearmint/runner.py", line 142, in run_python_job
    result = module.main(job.id, params)
  File "/home/ubuntu/throttlebot/src/spearmint/bayOptSearch/bayOpt.py", line 104, in main
    return explore_spearmint(workload_config, params)
  File "/home/ubuntu/throttlebot/src/spearmint/bayOptSearch/bayOpt.py", line 204, in explore_spearmint
    experiment_results = run_experiment.measure_runtime(workload_config, experiment_trials)
  File "/home/ubuntu/throttlebot/src/run_experiment.py", line 37, in measure_runtime
    exit()
  File "/usr/lib/python2.7/site.py", line 375, in __call__
    raise SystemExit(code)
SystemExit: None
None
----------------------------------------
Job file reloaded.
Could not find value in output file.
Job failed in 15.52 seconds.
