Running in wrapper mode for '164'

Running python job.

[name: "CPU-QUOTA"
int_val: 27
int_val: 23
int_val: 90
int_val: 81
int_val: 97
int_val: 26
int_val: 55
, name: "DISK"
int_val: 23
int_val: 6
int_val: 37
int_val: 32
int_val: 8
int_val: 39
int_val: 16
, name: "MEMORY"
int_val: 40
int_val: 36
int_val: 13
int_val: 14
int_val: 36
int_val: 21
int_val: 8
, name: "NET"
int_val: 16
int_val: 19
int_val: 15
int_val: 14
int_val: 8
int_val: 16
int_val: 28
]
The paramters are {u'CPU-QUOTA': array([27, 23, 90, 81, 97, 26, 55]), u'NET': array([16, 19, 15, 14,  8, 16, 28]), u'DISK': array([23,  6, 37, 32,  8, 39, 16]), u'MEMORY': array([40, 36, 13, 14, 36, 21,  8])}
{'13.56.14.158': ['haproxy', 'node-app', 'mongo'], '18.144.43.31': ['node-app', 'mongo']}
Setting cpu quota to 57500 out of 250000
STRESSING VM_IP 13.56.14.158 AND CONTAINER d824175f3227, NET 97280.0
STRESSING VM_IP 13.56.14.158 AND CONTAINER d824175f3227, DISK 5033164.8
STRESSING VM_IP 13.56.14.158 AND CONTAINER d824175f3227, MEMORY 1350000000.0
Recovering the memory utilization
Setting cpu quota to 67500 out of 250000
STRESSING VM_IP 13.56.14.158 AND CONTAINER cd40be619604, NET 81920.0
STRESSING VM_IP 13.56.14.158 AND CONTAINER cd40be619604, DISK 19293798.4
STRESSING VM_IP 13.56.14.158 AND CONTAINER cd40be619604, MEMORY 1500000000.0
Recovering the memory utilization
Setting cpu quota to 225000 out of 250000
STRESSING VM_IP 13.56.14.158 AND CONTAINER c21ccad5695a, NET 76800.0
STRESSING VM_IP 13.56.14.158 AND CONTAINER c21ccad5695a, DISK 31037849.6
STRESSING VM_IP 13.56.14.158 AND CONTAINER c21ccad5695a, MEMORY 487500000.0
Recovering the memory utilization
Setting cpu quota to 67500 out of 250000
STRESSING VM_IP 18.144.43.31 AND CONTAINER 01a0240fb06e, NET 81920.0
STRESSING VM_IP 18.144.43.31 AND CONTAINER 01a0240fb06e, DISK 19293798.4
STRESSING VM_IP 18.144.43.31 AND CONTAINER 01a0240fb06e, MEMORY 1500000000.0
Recovering the memory utilization
Setting cpu quota to 225000 out of 250000
STRESSING VM_IP 18.144.43.31 AND CONTAINER d4df0b3c1712, NET 76800.0
STRESSING VM_IP 18.144.43.31 AND CONTAINER d4df0b3c1712, DISK 31037849.6
STRESSING VM_IP 18.144.43.31 AND CONTAINER d4df0b3c1712, MEMORY 487500000.0
Recovering the memory utilization
Using 5 trials
INVALID EXPERIMENT TYPE: todo-app

----------------------------------------
Problem running the job:
(<type 'exceptions.SystemExit'>, SystemExit(None,), <traceback object at 0x7f40384dcf38>)
Traceback (most recent call last):
  File "/home/ubuntu/throttlebot/src/spearmint/spearmint/runner.py", line 42, in job_runner
    elif job.language == PYTHON: run_python_job(job)
  File "/home/ubuntu/throttlebot/src/spearmint/spearmint/runner.py", line 142, in run_python_job
    result = module.main(job.id, params)
  File "/home/ubuntu/throttlebot/src/spearmint/bayOptSearch/bayOpt.py", line 104, in main
    return explore_spearmint(workload_config, params)
  File "/home/ubuntu/throttlebot/src/spearmint/bayOptSearch/bayOpt.py", line 204, in explore_spearmint
    experiment_results = run_experiment.measure_runtime(workload_config, experiment_trials)
  File "/home/ubuntu/throttlebot/src/run_experiment.py", line 37, in measure_runtime
    exit()
  File "/usr/lib/python2.7/site.py", line 375, in __call__
    raise SystemExit(code)
SystemExit: None
None
----------------------------------------
Job file reloaded.
Could not find value in output file.
Job failed in 15.52 seconds.
