Running in wrapper mode for '100'

Running python job.

[name: "CPU-QUOTA"
int_val: 27
int_val: 36
int_val: 59
int_val: 6
int_val: 77
int_val: 90
int_val: 90
, name: "DISK"
int_val: 11
int_val: 13
int_val: 30
int_val: 20
int_val: 24
int_val: 20
int_val: 5
, name: "MEMORY"
int_val: 22
int_val: 30
int_val: 24
int_val: 27
int_val: 21
int_val: 26
int_val: 30
, name: "NET"
int_val: 38
int_val: 6
int_val: 24
int_val: 7
int_val: 11
int_val: 37
int_val: 6
]
The paramters are {u'CPU-QUOTA': array([27, 36, 59,  6, 77, 90, 90]), u'NET': array([38,  6, 24,  7, 11, 37,  6]), u'DISK': array([11, 13, 30, 20, 24, 20,  5]), u'MEMORY': array([22, 30, 24, 27, 21, 26, 30])}
{'13.56.14.158': ['haproxy', 'node-app', 'mongo'], '18.144.43.31': ['node-app', 'mongo']}
----------------------------------------
Problem running the job:
(<class 'paramiko.ssh_exception.BadAuthenticationType'>, BadAuthenticationType('Bad authentication type', [u'publickey']), <traceback object at 0x7fd41b75e7a0>)
Traceback (most recent call last):
  File "/home/ubuntu/throttlebot/src/spearmint/spearmint/runner.py", line 42, in job_runner
    elif job.language == PYTHON: run_python_job(job)
  File "/home/ubuntu/throttlebot/src/spearmint/spearmint/runner.py", line 142, in run_python_job
    result = module.main(job.id, params)
  File "/home/ubuntu/throttlebot/src/spearmint/bayOptSearch/bayOpt.py", line 104, in main
    return explore_spearmint(workload_config, params)
  File "/home/ubuntu/throttlebot/src/spearmint/bayOptSearch/bayOpt.py", line 147, in explore_spearmint
    client = re.get_client(machine)
  File "/home/ubuntu/throttlebot/src/remote_execution.py", line 6, in get_client
    client.connect(ip, username="quilt", password="")
  File "/home/ubuntu/.local/lib/python2.7/site-packages/paramiko/client.py", line 424, in connect
    passphrase,
  File "/home/ubuntu/.local/lib/python2.7/site-packages/paramiko/client.py", line 714, in _auth
    raise saved_exception
BadAuthenticationType: ('Bad authentication type', [u'publickey']) (allowed_types=[u'publickey'])
None
----------------------------------------
Job file reloaded.
Could not find value in output file.
Job failed in 0.45 seconds.
