Running in wrapper mode for '306'

Running python job.

[name: "CPU-QUOTA"
int_val: 71
int_val: 46
int_val: 78
int_val: 55
int_val: 50
int_val: 62
int_val: 57
, name: "DISK"
int_val: 12
int_val: 10
int_val: 9
int_val: 28
int_val: 15
int_val: 27
int_val: 33
, name: "MEMORY"
int_val: 10
int_val: 8
int_val: 11
int_val: 11
int_val: 33
int_val: 9
int_val: 7
, name: "NET"
int_val: 15
int_val: 12
int_val: 18
int_val: 12
int_val: 16
int_val: 21
int_val: 27
]
The paramters are {u'CPU-QUOTA': array([71, 46, 78, 55, 50, 62, 57]), u'NET': array([15, 12, 18, 12, 16, 21, 27]), u'DISK': array([12, 10,  9, 28, 15, 27, 33]), u'MEMORY': array([10,  8, 11, 11, 33,  9,  7])}
{'13.56.14.158': ['haproxy', 'node-app', 'mongo'], '18.144.43.31': ['node-app', 'mongo']}
Setting cpu quota to 115000 out of 250000
STRESSING VM_IP 13.56.14.158 AND CONTAINER d824175f3227, NET 61440.0
STRESSING VM_IP 13.56.14.158 AND CONTAINER d824175f3227, DISK 8388608.0
STRESSING VM_IP 13.56.14.158 AND CONTAINER d824175f3227, MEMORY 300000000.0
Recovering the memory utilization
Setting cpu quota to 177500 out of 250000
STRESSING VM_IP 13.56.14.158 AND CONTAINER cd40be619604, NET 76800.0
STRESSING VM_IP 13.56.14.158 AND CONTAINER cd40be619604, DISK 10066329.6
STRESSING VM_IP 13.56.14.158 AND CONTAINER cd40be619604, MEMORY 375000000.0
Recovering the memory utilization
Setting cpu quota to 195000 out of 250000
STRESSING VM_IP 13.56.14.158 AND CONTAINER c21ccad5695a, NET 92160.0
STRESSING VM_IP 13.56.14.158 AND CONTAINER c21ccad5695a, DISK 7549747.2
STRESSING VM_IP 13.56.14.158 AND CONTAINER c21ccad5695a, MEMORY 412500000.0
Recovering the memory utilization
Setting cpu quota to 177500 out of 250000
STRESSING VM_IP 18.144.43.31 AND CONTAINER 01a0240fb06e, NET 76800.0
STRESSING VM_IP 18.144.43.31 AND CONTAINER 01a0240fb06e, DISK 10066329.6
STRESSING VM_IP 18.144.43.31 AND CONTAINER 01a0240fb06e, MEMORY 375000000.0
Recovering the memory utilization
Setting cpu quota to 195000 out of 250000
STRESSING VM_IP 18.144.43.31 AND CONTAINER d4df0b3c1712, NET 92160.0
STRESSING VM_IP 18.144.43.31 AND CONTAINER d4df0b3c1712, DISK 7549747.2
STRESSING VM_IP 18.144.43.31 AND CONTAINER d4df0b3c1712, MEMORY 412500000.0
Recovering the memory utilization
Using 5 trials
INVALID EXPERIMENT TYPE: todo-app

----------------------------------------
Problem running the job:
(<type 'exceptions.SystemExit'>, SystemExit(None,), <traceback object at 0x7f4038490830>)
Traceback (most recent call last):
  File "/home/ubuntu/throttlebot/src/spearmint/spearmint/runner.py", line 42, in job_runner
    elif job.language == PYTHON: run_python_job(job)
  File "/home/ubuntu/throttlebot/src/spearmint/spearmint/runner.py", line 142, in run_python_job
    result = module.main(job.id, params)
  File "/home/ubuntu/throttlebot/src/spearmint/bayOptSearch/bayOpt.py", line 104, in main
    return explore_spearmint(workload_config, params)
  File "/home/ubuntu/throttlebot/src/spearmint/bayOptSearch/bayOpt.py", line 204, in explore_spearmint
    experiment_results = run_experiment.measure_runtime(workload_config, experiment_trials)
  File "/home/ubuntu/throttlebot/src/run_experiment.py", line 37, in measure_runtime
    exit()
  File "/usr/lib/python2.7/site.py", line 375, in __call__
    raise SystemExit(code)
SystemExit: None
None
----------------------------------------
Job file reloaded.
Could not find value in output file.
Job failed in 15.42 seconds.
