Running in wrapper mode for '199'

Running python job.

[name: "CPU-QUOTA"
int_val: 48
int_val: 54
int_val: 55
int_val: 67
int_val: 29
int_val: 93
int_val: 59
, name: "DISK"
int_val: 9
int_val: 35
int_val: 19
int_val: 6
int_val: 34
int_val: 25
int_val: 33
, name: "MEMORY"
int_val: 18
int_val: 27
int_val: 15
int_val: 28
int_val: 13
int_val: 22
int_val: 25
, name: "NET"
int_val: 37
int_val: 28
int_val: 23
int_val: 16
int_val: 28
int_val: 17
int_val: 33
]
The paramters are {u'CPU-QUOTA': array([48, 54, 55, 67, 29, 93, 59]), u'NET': array([37, 28, 23, 16, 28, 17, 33]), u'DISK': array([ 9, 35, 19,  6, 34, 25, 33]), u'MEMORY': array([18, 27, 15, 28, 13, 22, 25])}
{'13.56.14.158': ['haproxy', 'node-app', 'mongo'], '18.144.43.31': ['node-app', 'mongo']}
Setting cpu quota to 135000 out of 250000
STRESSING VM_IP 13.56.14.158 AND CONTAINER d824175f3227, NET 143360.0
STRESSING VM_IP 13.56.14.158 AND CONTAINER d824175f3227, DISK 29360128.0
STRESSING VM_IP 13.56.14.158 AND CONTAINER d824175f3227, MEMORY 1012500000.0
Recovering the memory utilization
Setting cpu quota to 120000 out of 250000
STRESSING VM_IP 13.56.14.158 AND CONTAINER cd40be619604, NET 189440.0
STRESSING VM_IP 13.56.14.158 AND CONTAINER cd40be619604, DISK 7549747.2
STRESSING VM_IP 13.56.14.158 AND CONTAINER cd40be619604, MEMORY 675000000.0
Recovering the memory utilization
Setting cpu quota to 137500 out of 250000
STRESSING VM_IP 13.56.14.158 AND CONTAINER c21ccad5695a, NET 117760.0
STRESSING VM_IP 13.56.14.158 AND CONTAINER c21ccad5695a, DISK 15938355.2
STRESSING VM_IP 13.56.14.158 AND CONTAINER c21ccad5695a, MEMORY 562500000.0
Recovering the memory utilization
Setting cpu quota to 120000 out of 250000
STRESSING VM_IP 18.144.43.31 AND CONTAINER 01a0240fb06e, NET 189440.0
STRESSING VM_IP 18.144.43.31 AND CONTAINER 01a0240fb06e, DISK 7549747.2
STRESSING VM_IP 18.144.43.31 AND CONTAINER 01a0240fb06e, MEMORY 675000000.0
Recovering the memory utilization
Setting cpu quota to 137500 out of 250000
STRESSING VM_IP 18.144.43.31 AND CONTAINER d4df0b3c1712, NET 117760.0
STRESSING VM_IP 18.144.43.31 AND CONTAINER d4df0b3c1712, DISK 15938355.2
STRESSING VM_IP 18.144.43.31 AND CONTAINER d4df0b3c1712, MEMORY 562500000.0
Recovering the memory utilization
Using 5 trials
INVALID EXPERIMENT TYPE: todo-app

----------------------------------------
Problem running the job:
(<type 'exceptions.SystemExit'>, SystemExit(None,), <traceback object at 0x7f403847a5f0>)
Traceback (most recent call last):
  File "/home/ubuntu/throttlebot/src/spearmint/spearmint/runner.py", line 42, in job_runner
    elif job.language == PYTHON: run_python_job(job)
  File "/home/ubuntu/throttlebot/src/spearmint/spearmint/runner.py", line 142, in run_python_job
    result = module.main(job.id, params)
  File "/home/ubuntu/throttlebot/src/spearmint/bayOptSearch/bayOpt.py", line 104, in main
    return explore_spearmint(workload_config, params)
  File "/home/ubuntu/throttlebot/src/spearmint/bayOptSearch/bayOpt.py", line 204, in explore_spearmint
    experiment_results = run_experiment.measure_runtime(workload_config, experiment_trials)
  File "/home/ubuntu/throttlebot/src/run_experiment.py", line 37, in measure_runtime
    exit()
  File "/usr/lib/python2.7/site.py", line 375, in __call__
    raise SystemExit(code)
SystemExit: None
None
----------------------------------------
Job file reloaded.
Could not find value in output file.
Job failed in 15.28 seconds.
