Running in wrapper mode for '155'

Running python job.

[name: "CPU-QUOTA"
int_val: 10
int_val: 70
int_val: 31
int_val: 83
int_val: 69
int_val: 91
int_val: 20
, name: "DISK"
int_val: 26
int_val: 31
int_val: 11
int_val: 13
int_val: 6
int_val: 25
int_val: 21
, name: "MEMORY"
int_val: 15
int_val: 15
int_val: 8
int_val: 22
int_val: 16
int_val: 18
int_val: 6
, name: "NET"
int_val: 15
int_val: 15
int_val: 15
int_val: 14
int_val: 19
int_val: 30
int_val: 36
]
The paramters are {u'CPU-QUOTA': array([10, 70, 31, 83, 69, 91, 20]), u'NET': array([15, 15, 15, 14, 19, 30, 36]), u'DISK': array([26, 31, 11, 13,  6, 25, 21]), u'MEMORY': array([15, 15,  8, 22, 16, 18,  6])}
{'13.56.14.158': ['haproxy', 'node-app', 'mongo'], '18.144.43.31': ['node-app', 'mongo']}
Setting cpu quota to 175000 out of 250000
STRESSING VM_IP 13.56.14.158 AND CONTAINER d824175f3227, NET 76800.0
STRESSING VM_IP 13.56.14.158 AND CONTAINER d824175f3227, DISK 26004684.8
STRESSING VM_IP 13.56.14.158 AND CONTAINER d824175f3227, MEMORY 562500000.0
Recovering the memory utilization
Setting cpu quota to 25000 out of 250000
STRESSING VM_IP 13.56.14.158 AND CONTAINER cd40be619604, NET 76800.0
STRESSING VM_IP 13.56.14.158 AND CONTAINER cd40be619604, DISK 21810380.8
STRESSING VM_IP 13.56.14.158 AND CONTAINER cd40be619604, MEMORY 562500000.0
Recovering the memory utilization
Setting cpu quota to 77500 out of 250000
STRESSING VM_IP 13.56.14.158 AND CONTAINER c21ccad5695a, NET 76800.0
STRESSING VM_IP 13.56.14.158 AND CONTAINER c21ccad5695a, DISK 9227468.8
STRESSING VM_IP 13.56.14.158 AND CONTAINER c21ccad5695a, MEMORY 300000000.0
Recovering the memory utilization
Setting cpu quota to 25000 out of 250000
STRESSING VM_IP 18.144.43.31 AND CONTAINER 01a0240fb06e, NET 76800.0
STRESSING VM_IP 18.144.43.31 AND CONTAINER 01a0240fb06e, DISK 21810380.8
STRESSING VM_IP 18.144.43.31 AND CONTAINER 01a0240fb06e, MEMORY 562500000.0
Recovering the memory utilization
Setting cpu quota to 77500 out of 250000
STRESSING VM_IP 18.144.43.31 AND CONTAINER d4df0b3c1712, NET 76800.0
STRESSING VM_IP 18.144.43.31 AND CONTAINER d4df0b3c1712, DISK 9227468.8
STRESSING VM_IP 18.144.43.31 AND CONTAINER d4df0b3c1712, MEMORY 300000000.0
Recovering the memory utilization
Using 5 trials
INVALID EXPERIMENT TYPE: todo-app

----------------------------------------
Problem running the job:
(<type 'exceptions.SystemExit'>, SystemExit(None,), <traceback object at 0x7f403803ad40>)
Traceback (most recent call last):
  File "/home/ubuntu/throttlebot/src/spearmint/spearmint/runner.py", line 42, in job_runner
    elif job.language == PYTHON: run_python_job(job)
  File "/home/ubuntu/throttlebot/src/spearmint/spearmint/runner.py", line 142, in run_python_job
    result = module.main(job.id, params)
  File "/home/ubuntu/throttlebot/src/spearmint/bayOptSearch/bayOpt.py", line 104, in main
    return explore_spearmint(workload_config, params)
  File "/home/ubuntu/throttlebot/src/spearmint/bayOptSearch/bayOpt.py", line 204, in explore_spearmint
    experiment_results = run_experiment.measure_runtime(workload_config, experiment_trials)
  File "/home/ubuntu/throttlebot/src/run_experiment.py", line 37, in measure_runtime
    exit()
  File "/usr/lib/python2.7/site.py", line 375, in __call__
    raise SystemExit(code)
SystemExit: None
None
----------------------------------------
Job file reloaded.
Could not find value in output file.
Job failed in 15.28 seconds.
