Running in wrapper mode for '321'

Running python job.

[name: "CPU-QUOTA"
int_val: 89
int_val: 88
int_val: 87
int_val: 82
int_val: 35
int_val: 92
int_val: 89
, name: "DISK"
int_val: 8
int_val: 14
int_val: 36
int_val: 30
int_val: 15
int_val: 6
int_val: 29
, name: "MEMORY"
int_val: 7
int_val: 18
int_val: 22
int_val: 20
int_val: 16
int_val: 38
int_val: 23
, name: "NET"
int_val: 30
int_val: 40
int_val: 19
int_val: 35
int_val: 5
int_val: 22
int_val: 19
]
The paramters are {u'CPU-QUOTA': array([89, 88, 87, 82, 35, 92, 89]), u'NET': array([30, 40, 19, 35,  5, 22, 19]), u'DISK': array([ 8, 14, 36, 30, 15,  6, 29]), u'MEMORY': array([ 7, 18, 22, 20, 16, 38, 23])}
{'13.56.14.158': ['haproxy', 'node-app', 'mongo'], '18.144.43.31': ['node-app', 'mongo']}
Sum for CPU-QUOTA is 264, which exceeds 200
----------------------------------------
Problem running the job:
(<type 'exceptions.ZeroDivisionError'>, ZeroDivisionError('integer division or modulo by zero',), <traceback object at 0x7ff9e8244d40>)
Traceback (most recent call last):
  File "/home/ubuntu/throttlebot/src/spearmint/spearmint/runner.py", line 42, in job_runner
    elif job.language == PYTHON: run_python_job(job)
  File "/home/ubuntu/throttlebot/src/spearmint/spearmint/runner.py", line 142, in run_python_job
    result = module.main(job.id, params)
  File "/home/ubuntu/throttlebot/src/spearmint/bayOptSearch/bayOpt.py", line 104, in main
    return explore_spearmint(workload_config, params)
  File "/home/ubuntu/throttlebot/src/spearmint/bayOptSearch/bayOpt.py", line 159, in explore_spearmint
    return 1/0
ZeroDivisionError: integer division or modulo by zero
None
----------------------------------------
Job file reloaded.
Could not find value in output file.
Job failed in 1.02 seconds.
