Running in wrapper mode for '305'

Running python job.

[name: "CPU-QUOTA"
int_val: 95
int_val: 70
int_val: 54
int_val: 31
int_val: 26
int_val: 38
int_val: 81
, name: "DISK"
int_val: 39
int_val: 37
int_val: 18
int_val: 19
int_val: 6
int_val: 18
int_val: 24
, name: "MEMORY"
int_val: 37
int_val: 17
int_val: 20
int_val: 38
int_val: 24
int_val: 36
int_val: 16
, name: "NET"
int_val: 24
int_val: 21
int_val: 27
int_val: 39
int_val: 7
int_val: 12
int_val: 36
]
The paramters are {u'CPU-QUOTA': array([95, 70, 54, 31, 26, 38, 81]), u'NET': array([24, 21, 27, 39,  7, 12, 36]), u'DISK': array([39, 37, 18, 19,  6, 18, 24]), u'MEMORY': array([37, 17, 20, 38, 24, 36, 16])}
{'13.56.14.158': ['haproxy', 'node-app', 'mongo'], '18.144.43.31': ['node-app', 'mongo']}
Sum for CPU-QUOTA is 219, which exceeds 200
----------------------------------------
Problem running the job:
(<type 'exceptions.ZeroDivisionError'>, ZeroDivisionError('integer division or modulo by zero',), <traceback object at 0x7f4039d206c8>)
Traceback (most recent call last):
  File "/home/ubuntu/throttlebot/src/spearmint/spearmint/runner.py", line 42, in job_runner
    elif job.language == PYTHON: run_python_job(job)
  File "/home/ubuntu/throttlebot/src/spearmint/spearmint/runner.py", line 142, in run_python_job
    result = module.main(job.id, params)
  File "/home/ubuntu/throttlebot/src/spearmint/bayOptSearch/bayOpt.py", line 104, in main
    return explore_spearmint(workload_config, params)
  File "/home/ubuntu/throttlebot/src/spearmint/bayOptSearch/bayOpt.py", line 159, in explore_spearmint
    return 1/0
ZeroDivisionError: integer division or modulo by zero
None
----------------------------------------
Job file reloaded.
Could not find value in output file.
Job failed in 1.01 seconds.
