Running in wrapper mode for '20'

Running python job.

[name: "CPU-QUOTA"
int_val: 21
int_val: 42
int_val: 60
int_val: 70
int_val: 33
int_val: 18
int_val: 52
, name: "DISK"
int_val: 31
int_val: 5
int_val: 27
int_val: 17
int_val: 29
int_val: 27
int_val: 31
, name: "MEMORY"
int_val: 35
int_val: 32
int_val: 40
int_val: 23
int_val: 13
int_val: 30
int_val: 33
, name: "NET"
int_val: 37
int_val: 15
int_val: 38
int_val: 34
int_val: 11
int_val: 25
int_val: 15
]
The paramters are {u'CPU-QUOTA': array([21, 42, 60, 70, 33, 18, 52]), u'NET': array([37, 15, 38, 34, 11, 25, 15]), u'DISK': array([31,  5, 27, 17, 29, 27, 31]), u'MEMORY': array([35, 32, 40, 23, 13, 30, 33])}
{'13.56.14.158': ['haproxy', 'node-app', 'mongo'], '18.144.43.31': ['node-app', 'mongo']}
----------------------------------------
Problem running the job:
(<class 'paramiko.ssh_exception.BadAuthenticationType'>, BadAuthenticationType('Bad authentication type', [u'publickey']), <traceback object at 0x7fd41b7a5b00>)
Traceback (most recent call last):
  File "/home/ubuntu/throttlebot/src/spearmint/spearmint/runner.py", line 42, in job_runner
    elif job.language == PYTHON: run_python_job(job)
  File "/home/ubuntu/throttlebot/src/spearmint/spearmint/runner.py", line 142, in run_python_job
    result = module.main(job.id, params)
  File "/home/ubuntu/throttlebot/src/spearmint/bayOptSearch/bayOpt.py", line 104, in main
    return explore_spearmint(workload_config, params)
  File "/home/ubuntu/throttlebot/src/spearmint/bayOptSearch/bayOpt.py", line 147, in explore_spearmint
    client = re.get_client(machine)
  File "/home/ubuntu/throttlebot/src/remote_execution.py", line 6, in get_client
    client.connect(ip, username="quilt", password="")
  File "/home/ubuntu/.local/lib/python2.7/site-packages/paramiko/client.py", line 424, in connect
    passphrase,
  File "/home/ubuntu/.local/lib/python2.7/site-packages/paramiko/client.py", line 714, in _auth
    raise saved_exception
BadAuthenticationType: ('Bad authentication type', [u'publickey']) (allowed_types=[u'publickey'])
None
----------------------------------------
Job file reloaded.
Could not find value in output file.
Job failed in 0.45 seconds.
