Running in wrapper mode for '55'

Running python job.

[name: "CPU-QUOTA"
int_val: 41
int_val: 89
int_val: 32
int_val: 99
int_val: 74
int_val: 29
int_val: 50
, name: "DISK"
int_val: 34
int_val: 17
int_val: 34
int_val: 29
int_val: 34
int_val: 13
int_val: 34
, name: "MEMORY"
int_val: 5
int_val: 33
int_val: 18
int_val: 17
int_val: 24
int_val: 5
int_val: 18
, name: "NET"
int_val: 28
int_val: 36
int_val: 19
int_val: 26
int_val: 10
int_val: 30
int_val: 23
]
The paramters are {u'CPU-QUOTA': array([41, 89, 32, 99, 74, 29, 50]), u'NET': array([28, 36, 19, 26, 10, 30, 23]), u'DISK': array([34, 17, 34, 29, 34, 13, 34]), u'MEMORY': array([ 5, 33, 18, 17, 24,  5, 18])}
{'13.56.14.158': ['haproxy', 'node-app', 'mongo'], '18.144.43.31': ['node-app', 'mongo']}
----------------------------------------
Problem running the job:
(<class 'paramiko.ssh_exception.BadAuthenticationType'>, BadAuthenticationType('Bad authentication type', [u'publickey']), <traceback object at 0x7fd41b74f320>)
Traceback (most recent call last):
  File "/home/ubuntu/throttlebot/src/spearmint/spearmint/runner.py", line 42, in job_runner
    elif job.language == PYTHON: run_python_job(job)
  File "/home/ubuntu/throttlebot/src/spearmint/spearmint/runner.py", line 142, in run_python_job
    result = module.main(job.id, params)
  File "/home/ubuntu/throttlebot/src/spearmint/bayOptSearch/bayOpt.py", line 104, in main
    return explore_spearmint(workload_config, params)
  File "/home/ubuntu/throttlebot/src/spearmint/bayOptSearch/bayOpt.py", line 147, in explore_spearmint
    client = re.get_client(machine)
  File "/home/ubuntu/throttlebot/src/remote_execution.py", line 6, in get_client
    client.connect(ip, username="quilt", password="")
  File "/home/ubuntu/.local/lib/python2.7/site-packages/paramiko/client.py", line 424, in connect
    passphrase,
  File "/home/ubuntu/.local/lib/python2.7/site-packages/paramiko/client.py", line 714, in _auth
    raise saved_exception
BadAuthenticationType: ('Bad authentication type', [u'publickey']) (allowed_types=[u'publickey'])
None
----------------------------------------
Job file reloaded.
Could not find value in output file.
Job failed in 0.45 seconds.
