Running in wrapper mode for '202'

Running python job.

[name: "CPU-QUOTA"
int_val: 60
int_val: 42
int_val: 67
int_val: 7
int_val: 17
int_val: 57
int_val: 23
, name: "DISK"
int_val: 5
int_val: 21
int_val: 6
int_val: 38
int_val: 39
int_val: 11
int_val: 10
, name: "MEMORY"
int_val: 14
int_val: 13
int_val: 19
int_val: 14
int_val: 36
int_val: 8
int_val: 38
, name: "NET"
int_val: 33
int_val: 23
int_val: 36
int_val: 38
int_val: 33
int_val: 30
int_val: 19
]
The paramters are {u'CPU-QUOTA': array([60, 42, 67,  7, 17, 57, 23]), u'NET': array([33, 23, 36, 38, 33, 30, 19]), u'DISK': array([ 5, 21,  6, 38, 39, 11, 10]), u'MEMORY': array([14, 13, 19, 14, 36,  8, 38])}
{'13.56.14.158': ['haproxy', 'node-app', 'mongo'], '18.144.43.31': ['node-app', 'mongo']}
Setting cpu quota to 105000 out of 250000
STRESSING VM_IP 13.56.14.158 AND CONTAINER d824175f3227, NET 117760.0
STRESSING VM_IP 13.56.14.158 AND CONTAINER d824175f3227, DISK 17616076.8
STRESSING VM_IP 13.56.14.158 AND CONTAINER d824175f3227, MEMORY 487500000.0
Recovering the memory utilization
Setting cpu quota to 150000 out of 250000
STRESSING VM_IP 13.56.14.158 AND CONTAINER cd40be619604, NET 168960.0
STRESSING VM_IP 13.56.14.158 AND CONTAINER cd40be619604, DISK 4194304.0
STRESSING VM_IP 13.56.14.158 AND CONTAINER cd40be619604, MEMORY 525000000.0
Recovering the memory utilization
Setting cpu quota to 167500 out of 250000
STRESSING VM_IP 13.56.14.158 AND CONTAINER c21ccad5695a, NET 184320.0
STRESSING VM_IP 13.56.14.158 AND CONTAINER c21ccad5695a, DISK 5033164.8
STRESSING VM_IP 13.56.14.158 AND CONTAINER c21ccad5695a, MEMORY 712500000.0
Recovering the memory utilization
Setting cpu quota to 150000 out of 250000
STRESSING VM_IP 18.144.43.31 AND CONTAINER 01a0240fb06e, NET 168960.0
STRESSING VM_IP 18.144.43.31 AND CONTAINER 01a0240fb06e, DISK 4194304.0
STRESSING VM_IP 18.144.43.31 AND CONTAINER 01a0240fb06e, MEMORY 525000000.0
Recovering the memory utilization
Setting cpu quota to 167500 out of 250000
STRESSING VM_IP 18.144.43.31 AND CONTAINER d4df0b3c1712, NET 184320.0
STRESSING VM_IP 18.144.43.31 AND CONTAINER d4df0b3c1712, DISK 5033164.8
STRESSING VM_IP 18.144.43.31 AND CONTAINER d4df0b3c1712, MEMORY 712500000.0
Recovering the memory utilization
Using 5 trials
INVALID EXPERIMENT TYPE: todo-app

----------------------------------------
Problem running the job:
(<type 'exceptions.SystemExit'>, SystemExit(None,), <traceback object at 0x7f40384f04d0>)
Traceback (most recent call last):
  File "/home/ubuntu/throttlebot/src/spearmint/spearmint/runner.py", line 42, in job_runner
    elif job.language == PYTHON: run_python_job(job)
  File "/home/ubuntu/throttlebot/src/spearmint/spearmint/runner.py", line 142, in run_python_job
    result = module.main(job.id, params)
  File "/home/ubuntu/throttlebot/src/spearmint/bayOptSearch/bayOpt.py", line 104, in main
    return explore_spearmint(workload_config, params)
  File "/home/ubuntu/throttlebot/src/spearmint/bayOptSearch/bayOpt.py", line 204, in explore_spearmint
    experiment_results = run_experiment.measure_runtime(workload_config, experiment_trials)
  File "/home/ubuntu/throttlebot/src/run_experiment.py", line 37, in measure_runtime
    exit()
  File "/usr/lib/python2.7/site.py", line 375, in __call__
    raise SystemExit(code)
SystemExit: None
None
----------------------------------------
Job file reloaded.
Could not find value in output file.
Job failed in 15.39 seconds.
