Running in wrapper mode for '157'

Running python job.

[name: "CPU-QUOTA"
int_val: 57
int_val: 89
int_val: 24
int_val: 99
int_val: 91
int_val: 56
int_val: 13
, name: "DISK"
int_val: 39
int_val: 30
int_val: 21
int_val: 38
int_val: 15
int_val: 37
int_val: 18
, name: "MEMORY"
int_val: 16
int_val: 34
int_val: 25
int_val: 34
int_val: 15
int_val: 10
int_val: 20
, name: "NET"
int_val: 23
int_val: 39
int_val: 26
int_val: 30
int_val: 37
int_val: 19
int_val: 16
]
The paramters are {u'CPU-QUOTA': array([57, 89, 24, 99, 91, 56, 13]), u'NET': array([23, 39, 26, 30, 37, 19, 16]), u'DISK': array([39, 30, 21, 38, 15, 37, 18]), u'MEMORY': array([16, 34, 25, 34, 15, 10, 20])}
{'13.56.14.158': ['haproxy', 'node-app', 'mongo'], '18.144.43.31': ['node-app', 'mongo']}
Setting cpu quota to 222500 out of 250000
STRESSING VM_IP 13.56.14.158 AND CONTAINER d824175f3227, NET 199680.0
STRESSING VM_IP 13.56.14.158 AND CONTAINER d824175f3227, DISK 25165824.0
STRESSING VM_IP 13.56.14.158 AND CONTAINER d824175f3227, MEMORY 1275000000.0
Recovering the memory utilization
Setting cpu quota to 142500 out of 250000
STRESSING VM_IP 13.56.14.158 AND CONTAINER cd40be619604, NET 117760.0
STRESSING VM_IP 13.56.14.158 AND CONTAINER cd40be619604, DISK 32715571.2
STRESSING VM_IP 13.56.14.158 AND CONTAINER cd40be619604, MEMORY 600000000.0
Recovering the memory utilization
Setting cpu quota to 60000 out of 250000
STRESSING VM_IP 13.56.14.158 AND CONTAINER c21ccad5695a, NET 133120.0
STRESSING VM_IP 13.56.14.158 AND CONTAINER c21ccad5695a, DISK 17616076.8
STRESSING VM_IP 13.56.14.158 AND CONTAINER c21ccad5695a, MEMORY 937500000.0
Recovering the memory utilization
Setting cpu quota to 142500 out of 250000
STRESSING VM_IP 18.144.43.31 AND CONTAINER 01a0240fb06e, NET 117760.0
STRESSING VM_IP 18.144.43.31 AND CONTAINER 01a0240fb06e, DISK 32715571.2
STRESSING VM_IP 18.144.43.31 AND CONTAINER 01a0240fb06e, MEMORY 600000000.0
Recovering the memory utilization
Setting cpu quota to 60000 out of 250000
STRESSING VM_IP 18.144.43.31 AND CONTAINER d4df0b3c1712, NET 133120.0
STRESSING VM_IP 18.144.43.31 AND CONTAINER d4df0b3c1712, DISK 17616076.8
STRESSING VM_IP 18.144.43.31 AND CONTAINER d4df0b3c1712, MEMORY 937500000.0
Recovering the memory utilization
Using 5 trials
INVALID EXPERIMENT TYPE: todo-app

----------------------------------------
Problem running the job:
(<type 'exceptions.SystemExit'>, SystemExit(None,), <traceback object at 0x7f40384c1ea8>)
Traceback (most recent call last):
  File "/home/ubuntu/throttlebot/src/spearmint/spearmint/runner.py", line 42, in job_runner
    elif job.language == PYTHON: run_python_job(job)
  File "/home/ubuntu/throttlebot/src/spearmint/spearmint/runner.py", line 142, in run_python_job
    result = module.main(job.id, params)
  File "/home/ubuntu/throttlebot/src/spearmint/bayOptSearch/bayOpt.py", line 104, in main
    return explore_spearmint(workload_config, params)
  File "/home/ubuntu/throttlebot/src/spearmint/bayOptSearch/bayOpt.py", line 204, in explore_spearmint
    experiment_results = run_experiment.measure_runtime(workload_config, experiment_trials)
  File "/home/ubuntu/throttlebot/src/run_experiment.py", line 37, in measure_runtime
    exit()
  File "/usr/lib/python2.7/site.py", line 375, in __call__
    raise SystemExit(code)
SystemExit: None
None
----------------------------------------
Job file reloaded.
Could not find value in output file.
Job failed in 15.37 seconds.
