Running in wrapper mode for '201'

Running python job.

[name: "CPU-QUOTA"
int_val: 84
int_val: 66
int_val: 91
int_val: 79
int_val: 41
int_val: 33
int_val: 47
, name: "DISK"
int_val: 32
int_val: 30
int_val: 15
int_val: 11
int_val: 30
int_val: 38
int_val: 19
, name: "MEMORY"
int_val: 23
int_val: 22
int_val: 10
int_val: 23
int_val: 27
int_val: 35
int_val: 29
, name: "NET"
int_val: 6
int_val: 32
int_val: 9
int_val: 11
int_val: 24
int_val: 39
int_val: 10
]
The paramters are {u'CPU-QUOTA': array([84, 66, 91, 79, 41, 33, 47]), u'NET': array([ 6, 32,  9, 11, 24, 39, 10]), u'DISK': array([32, 30, 15, 11, 30, 38, 19]), u'MEMORY': array([23, 22, 10, 23, 27, 35, 29])}
{'13.56.14.158': ['haproxy', 'node-app', 'mongo'], '18.144.43.31': ['node-app', 'mongo']}
Sum for CPU-QUOTA is 241, which exceeds 200
----------------------------------------
Problem running the job:
(<type 'exceptions.ZeroDivisionError'>, ZeroDivisionError('integer division or modulo by zero',), <traceback object at 0x7f4039d55f80>)
Traceback (most recent call last):
  File "/home/ubuntu/throttlebot/src/spearmint/spearmint/runner.py", line 42, in job_runner
    elif job.language == PYTHON: run_python_job(job)
  File "/home/ubuntu/throttlebot/src/spearmint/spearmint/runner.py", line 142, in run_python_job
    result = module.main(job.id, params)
  File "/home/ubuntu/throttlebot/src/spearmint/bayOptSearch/bayOpt.py", line 104, in main
    return explore_spearmint(workload_config, params)
  File "/home/ubuntu/throttlebot/src/spearmint/bayOptSearch/bayOpt.py", line 159, in explore_spearmint
    return 1/0
ZeroDivisionError: integer division or modulo by zero
None
----------------------------------------
Job file reloaded.
Could not find value in output file.
Job failed in 1.06 seconds.
