Running in wrapper mode for '126'

Running python job.

[name: "CPU-QUOTA"
int_val: 79
int_val: 43
int_val: 94
int_val: 68
int_val: 12
int_val: 94
int_val: 11
, name: "DISK"
int_val: 27
int_val: 37
int_val: 12
int_val: 5
int_val: 11
int_val: 22
int_val: 6
, name: "MEMORY"
int_val: 25
int_val: 35
int_val: 7
int_val: 5
int_val: 40
int_val: 26
int_val: 34
, name: "NET"
int_val: 34
int_val: 18
int_val: 9
int_val: 40
int_val: 40
int_val: 18
int_val: 26
]
The paramters are {u'CPU-QUOTA': array([79, 43, 94, 68, 12, 94, 11]), u'NET': array([34, 18,  9, 40, 40, 18, 26]), u'DISK': array([27, 37, 12,  5, 11, 22,  6]), u'MEMORY': array([25, 35,  7,  5, 40, 26, 34])}
{'13.56.14.158': ['haproxy', 'node-app', 'mongo'], '18.144.43.31': ['node-app', 'mongo']}
----------------------------------------
Problem running the job:
(<class 'paramiko.ssh_exception.BadAuthenticationType'>, BadAuthenticationType('Bad authentication type', [u'publickey']), <traceback object at 0x7fd41b76f368>)
Traceback (most recent call last):
  File "/home/ubuntu/throttlebot/src/spearmint/spearmint/runner.py", line 42, in job_runner
    elif job.language == PYTHON: run_python_job(job)
  File "/home/ubuntu/throttlebot/src/spearmint/spearmint/runner.py", line 142, in run_python_job
    result = module.main(job.id, params)
  File "/home/ubuntu/throttlebot/src/spearmint/bayOptSearch/bayOpt.py", line 104, in main
    return explore_spearmint(workload_config, params)
  File "/home/ubuntu/throttlebot/src/spearmint/bayOptSearch/bayOpt.py", line 147, in explore_spearmint
    client = re.get_client(machine)
  File "/home/ubuntu/throttlebot/src/remote_execution.py", line 6, in get_client
    client.connect(ip, username="quilt", password="")
  File "/home/ubuntu/.local/lib/python2.7/site-packages/paramiko/client.py", line 424, in connect
    passphrase,
  File "/home/ubuntu/.local/lib/python2.7/site-packages/paramiko/client.py", line 714, in _auth
    raise saved_exception
BadAuthenticationType: ('Bad authentication type', [u'publickey']) (allowed_types=[u'publickey'])
None
----------------------------------------
Job file reloaded.
Could not find value in output file.
Job failed in 0.46 seconds.
