Running in wrapper mode for '278'

Running python job.

[name: "CPU-QUOTA"
int_val: 94
int_val: 15
int_val: 70
int_val: 53
int_val: 75
int_val: 93
int_val: 100
, name: "DISK"
int_val: 33
int_val: 27
int_val: 36
int_val: 15
int_val: 8
int_val: 15
int_val: 12
, name: "MEMORY"
int_val: 28
int_val: 32
int_val: 18
int_val: 16
int_val: 15
int_val: 19
int_val: 37
, name: "NET"
int_val: 11
int_val: 16
int_val: 28
int_val: 38
int_val: 26
int_val: 34
int_val: 14
]
The paramters are {u'CPU-QUOTA': array([ 94,  15,  70,  53,  75,  93, 100]), u'NET': array([11, 16, 28, 38, 26, 34, 14]), u'DISK': array([33, 27, 36, 15,  8, 15, 12]), u'MEMORY': array([28, 32, 18, 16, 15, 19, 37])}
{'13.56.14.158': ['haproxy', 'node-app', 'mongo'], '18.144.43.31': ['node-app', 'mongo']}
Setting cpu quota to 37500 out of 250000
STRESSING VM_IP 13.56.14.158 AND CONTAINER d824175f3227, NET 81920.0
STRESSING VM_IP 13.56.14.158 AND CONTAINER d824175f3227, DISK 22649241.6
STRESSING VM_IP 13.56.14.158 AND CONTAINER d824175f3227, MEMORY 1200000000.0
Recovering the memory utilization
Setting cpu quota to 235000 out of 250000
STRESSING VM_IP 13.56.14.158 AND CONTAINER cd40be619604, NET 56320.0
STRESSING VM_IP 13.56.14.158 AND CONTAINER cd40be619604, DISK 27682406.4
STRESSING VM_IP 13.56.14.158 AND CONTAINER cd40be619604, MEMORY 1050000000.0
Recovering the memory utilization
Setting cpu quota to 175000 out of 250000
STRESSING VM_IP 13.56.14.158 AND CONTAINER c21ccad5695a, NET 143360.0
STRESSING VM_IP 13.56.14.158 AND CONTAINER c21ccad5695a, DISK 30198988.8
STRESSING VM_IP 13.56.14.158 AND CONTAINER c21ccad5695a, MEMORY 675000000.0
Recovering the memory utilization
Setting cpu quota to 235000 out of 250000
STRESSING VM_IP 18.144.43.31 AND CONTAINER 01a0240fb06e, NET 56320.0
STRESSING VM_IP 18.144.43.31 AND CONTAINER 01a0240fb06e, DISK 27682406.4
STRESSING VM_IP 18.144.43.31 AND CONTAINER 01a0240fb06e, MEMORY 1050000000.0
Recovering the memory utilization
Setting cpu quota to 175000 out of 250000
STRESSING VM_IP 18.144.43.31 AND CONTAINER d4df0b3c1712, NET 143360.0
STRESSING VM_IP 18.144.43.31 AND CONTAINER d4df0b3c1712, DISK 30198988.8
STRESSING VM_IP 18.144.43.31 AND CONTAINER d4df0b3c1712, MEMORY 675000000.0
Recovering the memory utilization
Using 5 trials
INVALID EXPERIMENT TYPE: todo-app

----------------------------------------
Problem running the job:
(<type 'exceptions.SystemExit'>, SystemExit(None,), <traceback object at 0x7f4038494cb0>)
Traceback (most recent call last):
  File "/home/ubuntu/throttlebot/src/spearmint/spearmint/runner.py", line 42, in job_runner
    elif job.language == PYTHON: run_python_job(job)
  File "/home/ubuntu/throttlebot/src/spearmint/spearmint/runner.py", line 142, in run_python_job
    result = module.main(job.id, params)
  File "/home/ubuntu/throttlebot/src/spearmint/bayOptSearch/bayOpt.py", line 104, in main
    return explore_spearmint(workload_config, params)
  File "/home/ubuntu/throttlebot/src/spearmint/bayOptSearch/bayOpt.py", line 204, in explore_spearmint
    experiment_results = run_experiment.measure_runtime(workload_config, experiment_trials)
  File "/home/ubuntu/throttlebot/src/run_experiment.py", line 37, in measure_runtime
    exit()
  File "/usr/lib/python2.7/site.py", line 375, in __call__
    raise SystemExit(code)
SystemExit: None
None
----------------------------------------
Job file reloaded.
Could not find value in output file.
Job failed in 15.52 seconds.
