Running in wrapper mode for '233'

Running python job.

[name: "CPU-QUOTA"
int_val: 88
int_val: 89
int_val: 50
int_val: 36
int_val: 85
int_val: 94
int_val: 24
, name: "DISK"
int_val: 20
int_val: 9
int_val: 14
int_val: 9
int_val: 26
int_val: 30
int_val: 14
, name: "MEMORY"
int_val: 27
int_val: 12
int_val: 39
int_val: 25
int_val: 20
int_val: 29
int_val: 16
, name: "NET"
int_val: 23
int_val: 7
int_val: 19
int_val: 31
int_val: 36
int_val: 24
int_val: 28
]
The paramters are {u'CPU-QUOTA': array([88, 89, 50, 36, 85, 94, 24]), u'NET': array([23,  7, 19, 31, 36, 24, 28]), u'DISK': array([20,  9, 14,  9, 26, 30, 14]), u'MEMORY': array([27, 12, 39, 25, 20, 29, 16])}
{'13.56.14.158': ['haproxy', 'node-app', 'mongo'], '18.144.43.31': ['node-app', 'mongo']}
Sum for CPU-QUOTA is 227, which exceeds 200
----------------------------------------
Problem running the job:
(<type 'exceptions.ZeroDivisionError'>, ZeroDivisionError('integer division or modulo by zero',), <traceback object at 0x7f4039d72488>)
Traceback (most recent call last):
  File "/home/ubuntu/throttlebot/src/spearmint/spearmint/runner.py", line 42, in job_runner
    elif job.language == PYTHON: run_python_job(job)
  File "/home/ubuntu/throttlebot/src/spearmint/spearmint/runner.py", line 142, in run_python_job
    result = module.main(job.id, params)
  File "/home/ubuntu/throttlebot/src/spearmint/bayOptSearch/bayOpt.py", line 104, in main
    return explore_spearmint(workload_config, params)
  File "/home/ubuntu/throttlebot/src/spearmint/bayOptSearch/bayOpt.py", line 159, in explore_spearmint
    return 1/0
ZeroDivisionError: integer division or modulo by zero
None
----------------------------------------
Job file reloaded.
Could not find value in output file.
Job failed in 1.02 seconds.
