Running in wrapper mode for '21'

Running python job.

[name: "CPU-QUOTA"
int_val: 69
int_val: 90
int_val: 12
int_val: 22
int_val: 81
int_val: 66
int_val: 100
, name: "DISK"
int_val: 13
int_val: 23
int_val: 9
int_val: 35
int_val: 11
int_val: 9
int_val: 13
, name: "MEMORY"
int_val: 17
int_val: 14
int_val: 22
int_val: 5
int_val: 31
int_val: 12
int_val: 15
, name: "NET"
int_val: 19
int_val: 33
int_val: 20
int_val: 16
int_val: 29
int_val: 7
int_val: 33
]
The paramters are {u'CPU-QUOTA': array([ 69,  90,  12,  22,  81,  66, 100]), u'NET': array([19, 33, 20, 16, 29,  7, 33]), u'DISK': array([13, 23,  9, 35, 11,  9, 13]), u'MEMORY': array([17, 14, 22,  5, 31, 12, 15])}
{'13.56.14.158': ['haproxy', 'node-app', 'mongo'], '18.144.43.31': ['node-app', 'mongo']}
----------------------------------------
Problem running the job:
(<class 'paramiko.ssh_exception.BadAuthenticationType'>, BadAuthenticationType('Bad authentication type', [u'publickey']), <traceback object at 0x7fd41b7a6c20>)
Traceback (most recent call last):
  File "/home/ubuntu/throttlebot/src/spearmint/spearmint/runner.py", line 42, in job_runner
    elif job.language == PYTHON: run_python_job(job)
  File "/home/ubuntu/throttlebot/src/spearmint/spearmint/runner.py", line 142, in run_python_job
    result = module.main(job.id, params)
  File "/home/ubuntu/throttlebot/src/spearmint/bayOptSearch/bayOpt.py", line 104, in main
    return explore_spearmint(workload_config, params)
  File "/home/ubuntu/throttlebot/src/spearmint/bayOptSearch/bayOpt.py", line 147, in explore_spearmint
    client = re.get_client(machine)
  File "/home/ubuntu/throttlebot/src/remote_execution.py", line 6, in get_client
    client.connect(ip, username="quilt", password="")
  File "/home/ubuntu/.local/lib/python2.7/site-packages/paramiko/client.py", line 424, in connect
    passphrase,
  File "/home/ubuntu/.local/lib/python2.7/site-packages/paramiko/client.py", line 714, in _auth
    raise saved_exception
BadAuthenticationType: ('Bad authentication type', [u'publickey']) (allowed_types=[u'publickey'])
None
----------------------------------------
Job file reloaded.
Could not find value in output file.
Job failed in 0.43 seconds.
