Running in wrapper mode for '249'

Running python job.

[name: "CPU-QUOTA"
int_val: 79
int_val: 62
int_val: 65
int_val: 27
int_val: 64
int_val: 73
int_val: 75
, name: "DISK"
int_val: 30
int_val: 38
int_val: 11
int_val: 21
int_val: 16
int_val: 20
int_val: 20
, name: "MEMORY"
int_val: 17
int_val: 29
int_val: 38
int_val: 8
int_val: 12
int_val: 35
int_val: 6
, name: "NET"
int_val: 22
int_val: 6
int_val: 7
int_val: 35
int_val: 16
int_val: 12
int_val: 6
]
The paramters are {u'CPU-QUOTA': array([79, 62, 65, 27, 64, 73, 75]), u'NET': array([22,  6,  7, 35, 16, 12,  6]), u'DISK': array([30, 38, 11, 21, 16, 20, 20]), u'MEMORY': array([17, 29, 38,  8, 12, 35,  6])}
{'13.56.14.158': ['haproxy', 'node-app', 'mongo'], '18.144.43.31': ['node-app', 'mongo']}
Sum for CPU-QUOTA is 206, which exceeds 200
----------------------------------------
Problem running the job:
(<type 'exceptions.ZeroDivisionError'>, ZeroDivisionError('integer division or modulo by zero',), <traceback object at 0x7f40394fb710>)
Traceback (most recent call last):
  File "/home/ubuntu/throttlebot/src/spearmint/spearmint/runner.py", line 42, in job_runner
    elif job.language == PYTHON: run_python_job(job)
  File "/home/ubuntu/throttlebot/src/spearmint/spearmint/runner.py", line 142, in run_python_job
    result = module.main(job.id, params)
  File "/home/ubuntu/throttlebot/src/spearmint/bayOptSearch/bayOpt.py", line 104, in main
    return explore_spearmint(workload_config, params)
  File "/home/ubuntu/throttlebot/src/spearmint/bayOptSearch/bayOpt.py", line 159, in explore_spearmint
    return 1/0
ZeroDivisionError: integer division or modulo by zero
None
----------------------------------------
Job file reloaded.
Could not find value in output file.
Job failed in 1.02 seconds.
