Running in wrapper mode for '180'

Running python job.

[name: "CPU-QUOTA"
int_val: 18
int_val: 32
int_val: 27
int_val: 66
int_val: 76
int_val: 41
int_val: 10
, name: "DISK"
int_val: 17
int_val: 34
int_val: 23
int_val: 28
int_val: 32
int_val: 11
int_val: 21
, name: "MEMORY"
int_val: 12
int_val: 19
int_val: 10
int_val: 33
int_val: 23
int_val: 6
int_val: 14
, name: "NET"
int_val: 29
int_val: 22
int_val: 10
int_val: 11
int_val: 25
int_val: 38
int_val: 6
]
The paramters are {u'CPU-QUOTA': array([18, 32, 27, 66, 76, 41, 10]), u'NET': array([29, 22, 10, 11, 25, 38,  6]), u'DISK': array([17, 34, 23, 28, 32, 11, 21]), u'MEMORY': array([12, 19, 10, 33, 23,  6, 14])}
{'13.56.14.158': ['haproxy', 'node-app', 'mongo'], '18.144.43.31': ['node-app', 'mongo']}
Setting cpu quota to 80000 out of 250000
STRESSING VM_IP 13.56.14.158 AND CONTAINER d824175f3227, NET 112640.0
STRESSING VM_IP 13.56.14.158 AND CONTAINER d824175f3227, DISK 28521267.2
STRESSING VM_IP 13.56.14.158 AND CONTAINER d824175f3227, MEMORY 712500000.0
Recovering the memory utilization
Setting cpu quota to 45000 out of 250000
STRESSING VM_IP 13.56.14.158 AND CONTAINER cd40be619604, NET 148480.0
STRESSING VM_IP 13.56.14.158 AND CONTAINER cd40be619604, DISK 14260633.6
STRESSING VM_IP 13.56.14.158 AND CONTAINER cd40be619604, MEMORY 450000000.0
Recovering the memory utilization
Setting cpu quota to 67500 out of 250000
STRESSING VM_IP 13.56.14.158 AND CONTAINER c21ccad5695a, NET 51200.0
STRESSING VM_IP 13.56.14.158 AND CONTAINER c21ccad5695a, DISK 19293798.4
STRESSING VM_IP 13.56.14.158 AND CONTAINER c21ccad5695a, MEMORY 375000000.0
Recovering the memory utilization
Setting cpu quota to 45000 out of 250000
STRESSING VM_IP 18.144.43.31 AND CONTAINER 01a0240fb06e, NET 148480.0
STRESSING VM_IP 18.144.43.31 AND CONTAINER 01a0240fb06e, DISK 14260633.6
STRESSING VM_IP 18.144.43.31 AND CONTAINER 01a0240fb06e, MEMORY 450000000.0
Recovering the memory utilization
Setting cpu quota to 67500 out of 250000
STRESSING VM_IP 18.144.43.31 AND CONTAINER d4df0b3c1712, NET 51200.0
STRESSING VM_IP 18.144.43.31 AND CONTAINER d4df0b3c1712, DISK 19293798.4
STRESSING VM_IP 18.144.43.31 AND CONTAINER d4df0b3c1712, MEMORY 375000000.0
Recovering the memory utilization
Using 5 trials
INVALID EXPERIMENT TYPE: todo-app

----------------------------------------
Problem running the job:
(<type 'exceptions.SystemExit'>, SystemExit(None,), <traceback object at 0x7f40384e6248>)
Traceback (most recent call last):
  File "/home/ubuntu/throttlebot/src/spearmint/spearmint/runner.py", line 42, in job_runner
    elif job.language == PYTHON: run_python_job(job)
  File "/home/ubuntu/throttlebot/src/spearmint/spearmint/runner.py", line 142, in run_python_job
    result = module.main(job.id, params)
  File "/home/ubuntu/throttlebot/src/spearmint/bayOptSearch/bayOpt.py", line 104, in main
    return explore_spearmint(workload_config, params)
  File "/home/ubuntu/throttlebot/src/spearmint/bayOptSearch/bayOpt.py", line 204, in explore_spearmint
    experiment_results = run_experiment.measure_runtime(workload_config, experiment_trials)
  File "/home/ubuntu/throttlebot/src/run_experiment.py", line 37, in measure_runtime
    exit()
  File "/usr/lib/python2.7/site.py", line 375, in __call__
    raise SystemExit(code)
SystemExit: None
None
----------------------------------------
Job file reloaded.
Could not find value in output file.
Job failed in 15.30 seconds.
