Running in wrapper mode for '185'

Running python job.

[name: "CPU-QUOTA"
int_val: 78
int_val: 68
int_val: 15
int_val: 6
int_val: 88
int_val: 5
int_val: 70
, name: "DISK"
int_val: 22
int_val: 20
int_val: 36
int_val: 15
int_val: 36
int_val: 24
int_val: 26
, name: "MEMORY"
int_val: 8
int_val: 33
int_val: 6
int_val: 10
int_val: 19
int_val: 20
int_val: 9
, name: "NET"
int_val: 24
int_val: 18
int_val: 14
int_val: 25
int_val: 38
int_val: 6
int_val: 29
]
The paramters are {u'CPU-QUOTA': array([78, 68, 15,  6, 88,  5, 70]), u'NET': array([24, 18, 14, 25, 38,  6, 29]), u'DISK': array([22, 20, 36, 15, 36, 24, 26]), u'MEMORY': array([ 8, 33,  6, 10, 19, 20,  9])}
{'13.56.14.158': ['haproxy', 'node-app', 'mongo'], '18.144.43.31': ['node-app', 'mongo']}
Setting cpu quota to 170000 out of 250000
STRESSING VM_IP 13.56.14.158 AND CONTAINER d824175f3227, NET 92160.0
STRESSING VM_IP 13.56.14.158 AND CONTAINER d824175f3227, DISK 16777216.0
STRESSING VM_IP 13.56.14.158 AND CONTAINER d824175f3227, MEMORY 1237500000.0
Recovering the memory utilization
Setting cpu quota to 195000 out of 250000
STRESSING VM_IP 13.56.14.158 AND CONTAINER cd40be619604, NET 122880.0
STRESSING VM_IP 13.56.14.158 AND CONTAINER cd40be619604, DISK 18454937.6
STRESSING VM_IP 13.56.14.158 AND CONTAINER cd40be619604, MEMORY 300000000.0
Recovering the memory utilization
Setting cpu quota to 37500 out of 250000
STRESSING VM_IP 13.56.14.158 AND CONTAINER c21ccad5695a, NET 71680.0
STRESSING VM_IP 13.56.14.158 AND CONTAINER c21ccad5695a, DISK 30198988.8
STRESSING VM_IP 13.56.14.158 AND CONTAINER c21ccad5695a, MEMORY 225000000.0
Recovering the memory utilization
Setting cpu quota to 195000 out of 250000
STRESSING VM_IP 18.144.43.31 AND CONTAINER 01a0240fb06e, NET 122880.0
STRESSING VM_IP 18.144.43.31 AND CONTAINER 01a0240fb06e, DISK 18454937.6
STRESSING VM_IP 18.144.43.31 AND CONTAINER 01a0240fb06e, MEMORY 300000000.0
Recovering the memory utilization
Setting cpu quota to 37500 out of 250000
STRESSING VM_IP 18.144.43.31 AND CONTAINER d4df0b3c1712, NET 71680.0
STRESSING VM_IP 18.144.43.31 AND CONTAINER d4df0b3c1712, DISK 30198988.8
STRESSING VM_IP 18.144.43.31 AND CONTAINER d4df0b3c1712, MEMORY 225000000.0
Recovering the memory utilization
Using 5 trials
INVALID EXPERIMENT TYPE: todo-app

----------------------------------------
Problem running the job:
(<type 'exceptions.SystemExit'>, SystemExit(None,), <traceback object at 0x7f40384f1bd8>)
Traceback (most recent call last):
  File "/home/ubuntu/throttlebot/src/spearmint/spearmint/runner.py", line 42, in job_runner
    elif job.language == PYTHON: run_python_job(job)
  File "/home/ubuntu/throttlebot/src/spearmint/spearmint/runner.py", line 142, in run_python_job
    result = module.main(job.id, params)
  File "/home/ubuntu/throttlebot/src/spearmint/bayOptSearch/bayOpt.py", line 104, in main
    return explore_spearmint(workload_config, params)
  File "/home/ubuntu/throttlebot/src/spearmint/bayOptSearch/bayOpt.py", line 204, in explore_spearmint
    experiment_results = run_experiment.measure_runtime(workload_config, experiment_trials)
  File "/home/ubuntu/throttlebot/src/run_experiment.py", line 37, in measure_runtime
    exit()
  File "/usr/lib/python2.7/site.py", line 375, in __call__
    raise SystemExit(code)
SystemExit: None
None
----------------------------------------
Job file reloaded.
Could not find value in output file.
Job failed in 15.30 seconds.
