Running in wrapper mode for '54'

Running python job.

[name: "CPU-QUOTA"
int_val: 89
int_val: 41
int_val: 80
int_val: 51
int_val: 26
int_val: 77
int_val: 98
, name: "DISK"
int_val: 16
int_val: 35
int_val: 16
int_val: 11
int_val: 16
int_val: 31
int_val: 16
, name: "MEMORY"
int_val: 23
int_val: 15
int_val: 36
int_val: 35
int_val: 6
int_val: 23
int_val: 36
, name: "NET"
int_val: 10
int_val: 18
int_val: 37
int_val: 8
int_val: 28
int_val: 12
int_val: 5
]
The paramters are {u'CPU-QUOTA': array([89, 41, 80, 51, 26, 77, 98]), u'NET': array([10, 18, 37,  8, 28, 12,  5]), u'DISK': array([16, 35, 16, 11, 16, 31, 16]), u'MEMORY': array([23, 15, 36, 35,  6, 23, 36])}
{'13.56.14.158': ['haproxy', 'node-app', 'mongo'], '18.144.43.31': ['node-app', 'mongo']}
----------------------------------------
Problem running the job:
(<class 'paramiko.ssh_exception.BadAuthenticationType'>, BadAuthenticationType('Bad authentication type', [u'publickey']), <traceback object at 0x7fd41b74e200>)
Traceback (most recent call last):
  File "/home/ubuntu/throttlebot/src/spearmint/spearmint/runner.py", line 42, in job_runner
    elif job.language == PYTHON: run_python_job(job)
  File "/home/ubuntu/throttlebot/src/spearmint/spearmint/runner.py", line 142, in run_python_job
    result = module.main(job.id, params)
  File "/home/ubuntu/throttlebot/src/spearmint/bayOptSearch/bayOpt.py", line 104, in main
    return explore_spearmint(workload_config, params)
  File "/home/ubuntu/throttlebot/src/spearmint/bayOptSearch/bayOpt.py", line 147, in explore_spearmint
    client = re.get_client(machine)
  File "/home/ubuntu/throttlebot/src/remote_execution.py", line 6, in get_client
    client.connect(ip, username="quilt", password="")
  File "/home/ubuntu/.local/lib/python2.7/site-packages/paramiko/client.py", line 424, in connect
    passphrase,
  File "/home/ubuntu/.local/lib/python2.7/site-packages/paramiko/client.py", line 714, in _auth
    raise saved_exception
BadAuthenticationType: ('Bad authentication type', [u'publickey']) (allowed_types=[u'publickey'])
None
----------------------------------------
Job file reloaded.
Could not find value in output file.
Job failed in 0.47 seconds.
