Running in wrapper mode for '31'

Running python job.

[name: "CPU-QUOTA"
int_val: 32
int_val: 80
int_val: 77
int_val: 18
int_val: 41
int_val: 20
int_val: 89
, name: "DISK"
int_val: 39
int_val: 29
int_val: 29
int_val: 21
int_val: 36
int_val: 21
int_val: 15
, name: "MEMORY"
int_val: 40
int_val: 40
int_val: 15
int_val: 34
int_val: 32
int_val: 28
int_val: 33
, name: "NET"
int_val: 5
int_val: 34
int_val: 16
int_val: 23
int_val: 36
int_val: 31
int_val: 18
]
The paramters are {u'CPU-QUOTA': array([32, 80, 77, 18, 41, 20, 89]), u'NET': array([ 5, 34, 16, 23, 36, 31, 18]), u'DISK': array([39, 29, 29, 21, 36, 21, 15]), u'MEMORY': array([40, 40, 15, 34, 32, 28, 33])}
{'13.56.14.158': ['haproxy', 'node-app', 'mongo'], '18.144.43.31': ['node-app', 'mongo']}
----------------------------------------
Problem running the job:
(<class 'paramiko.ssh_exception.BadAuthenticationType'>, BadAuthenticationType('Bad authentication type', [u'publickey']), <traceback object at 0x7fd41b7c26c8>)
Traceback (most recent call last):
  File "/home/ubuntu/throttlebot/src/spearmint/spearmint/runner.py", line 42, in job_runner
    elif job.language == PYTHON: run_python_job(job)
  File "/home/ubuntu/throttlebot/src/spearmint/spearmint/runner.py", line 142, in run_python_job
    result = module.main(job.id, params)
  File "/home/ubuntu/throttlebot/src/spearmint/bayOptSearch/bayOpt.py", line 104, in main
    return explore_spearmint(workload_config, params)
  File "/home/ubuntu/throttlebot/src/spearmint/bayOptSearch/bayOpt.py", line 147, in explore_spearmint
    client = re.get_client(machine)
  File "/home/ubuntu/throttlebot/src/remote_execution.py", line 6, in get_client
    client.connect(ip, username="quilt", password="")
  File "/home/ubuntu/.local/lib/python2.7/site-packages/paramiko/client.py", line 424, in connect
    passphrase,
  File "/home/ubuntu/.local/lib/python2.7/site-packages/paramiko/client.py", line 714, in _auth
    raise saved_exception
BadAuthenticationType: ('Bad authentication type', [u'publickey']) (allowed_types=[u'publickey'])
None
----------------------------------------
Job file reloaded.
Could not find value in output file.
Job failed in 0.44 seconds.
