Running in wrapper mode for '67'

Running python job.

[name: "CPU-QUOTA"
int_val: 17
int_val: 89
int_val: 75
int_val: 79
int_val: 30
int_val: 35
int_val: 85
, name: "DISK"
int_val: 6
int_val: 22
int_val: 6
int_val: 15
int_val: 27
int_val: 14
int_val: 31
, name: "MEMORY"
int_val: 11
int_val: 10
int_val: 23
int_val: 5
int_val: 30
int_val: 7
int_val: 5
, name: "NET"
int_val: 15
int_val: 11
int_val: 31
int_val: 6
int_val: 29
int_val: 5
int_val: 26
]
The paramters are {u'CPU-QUOTA': array([17, 89, 75, 79, 30, 35, 85]), u'NET': array([15, 11, 31,  6, 29,  5, 26]), u'DISK': array([ 6, 22,  6, 15, 27, 14, 31]), u'MEMORY': array([11, 10, 23,  5, 30,  7,  5])}
{'13.56.14.158': ['haproxy', 'node-app', 'mongo'], '18.144.43.31': ['node-app', 'mongo']}
----------------------------------------
Problem running the job:
(<class 'paramiko.ssh_exception.BadAuthenticationType'>, BadAuthenticationType('Bad authentication type', [u'publickey']), <traceback object at 0x7fd41b75c128>)
Traceback (most recent call last):
  File "/home/ubuntu/throttlebot/src/spearmint/spearmint/runner.py", line 42, in job_runner
    elif job.language == PYTHON: run_python_job(job)
  File "/home/ubuntu/throttlebot/src/spearmint/spearmint/runner.py", line 142, in run_python_job
    result = module.main(job.id, params)
  File "/home/ubuntu/throttlebot/src/spearmint/bayOptSearch/bayOpt.py", line 104, in main
    return explore_spearmint(workload_config, params)
  File "/home/ubuntu/throttlebot/src/spearmint/bayOptSearch/bayOpt.py", line 147, in explore_spearmint
    client = re.get_client(machine)
  File "/home/ubuntu/throttlebot/src/remote_execution.py", line 6, in get_client
    client.connect(ip, username="quilt", password="")
  File "/home/ubuntu/.local/lib/python2.7/site-packages/paramiko/client.py", line 424, in connect
    passphrase,
  File "/home/ubuntu/.local/lib/python2.7/site-packages/paramiko/client.py", line 714, in _auth
    raise saved_exception
BadAuthenticationType: ('Bad authentication type', [u'publickey']) (allowed_types=[u'publickey'])
None
----------------------------------------
Job file reloaded.
Could not find value in output file.
Job failed in 0.45 seconds.
