Running in wrapper mode for '73'

Running python job.

[name: "CPU-QUOTA"
int_val: 83
int_val: 95
int_val: 21
int_val: 25
int_val: 12
int_val: 17
int_val: 7
, name: "DISK"
int_val: 31
int_val: 6
int_val: 35
int_val: 31
int_val: 24
int_val: 25
int_val: 33
, name: "MEMORY"
int_val: 14
int_val: 16
int_val: 20
int_val: 17
int_val: 19
int_val: 23
int_val: 11
, name: "NET"
int_val: 18
int_val: 40
int_val: 29
int_val: 13
int_val: 8
int_val: 21
int_val: 11
]
The paramters are {u'CPU-QUOTA': array([83, 95, 21, 25, 12, 17,  7]), u'NET': array([18, 40, 29, 13,  8, 21, 11]), u'DISK': array([31,  6, 35, 31, 24, 25, 33]), u'MEMORY': array([14, 16, 20, 17, 19, 23, 11])}
{'13.56.14.158': ['haproxy', 'node-app', 'mongo'], '18.144.43.31': ['node-app', 'mongo']}
----------------------------------------
Problem running the job:
(<class 'paramiko.ssh_exception.BadAuthenticationType'>, BadAuthenticationType('Bad authentication type', [u'publickey']), <traceback object at 0x7fd41b75d7a0>)
Traceback (most recent call last):
  File "/home/ubuntu/throttlebot/src/spearmint/spearmint/runner.py", line 42, in job_runner
    elif job.language == PYTHON: run_python_job(job)
  File "/home/ubuntu/throttlebot/src/spearmint/spearmint/runner.py", line 142, in run_python_job
    result = module.main(job.id, params)
  File "/home/ubuntu/throttlebot/src/spearmint/bayOptSearch/bayOpt.py", line 104, in main
    return explore_spearmint(workload_config, params)
  File "/home/ubuntu/throttlebot/src/spearmint/bayOptSearch/bayOpt.py", line 147, in explore_spearmint
    client = re.get_client(machine)
  File "/home/ubuntu/throttlebot/src/remote_execution.py", line 6, in get_client
    client.connect(ip, username="quilt", password="")
  File "/home/ubuntu/.local/lib/python2.7/site-packages/paramiko/client.py", line 424, in connect
    passphrase,
  File "/home/ubuntu/.local/lib/python2.7/site-packages/paramiko/client.py", line 714, in _auth
    raise saved_exception
BadAuthenticationType: ('Bad authentication type', [u'publickey']) (allowed_types=[u'publickey'])
None
----------------------------------------
Job file reloaded.
Could not find value in output file.
Job failed in 0.45 seconds.
