Running in wrapper mode for '60'

Running python job.

[name: "CPU-QUOTA"
int_val: 5
int_val: 29
int_val: 39
int_val: 19
int_val: 90
int_val: 47
int_val: 73
, name: "DISK"
int_val: 20
int_val: 27
int_val: 28
int_val: 38
int_val: 22
int_val: 28
int_val: 26
, name: "MEMORY"
int_val: 16
int_val: 14
int_val: 18
int_val: 28
int_val: 25
int_val: 11
int_val: 27
, name: "NET"
int_val: 11
int_val: 34
int_val: 27
int_val: 38
int_val: 6
int_val: 10
int_val: 40
]
The paramters are {u'CPU-QUOTA': array([ 5, 29, 39, 19, 90, 47, 73]), u'NET': array([11, 34, 27, 38,  6, 10, 40]), u'DISK': array([20, 27, 28, 38, 22, 28, 26]), u'MEMORY': array([16, 14, 18, 28, 25, 11, 27])}
{'13.56.14.158': ['haproxy', 'node-app', 'mongo'], '18.144.43.31': ['node-app', 'mongo']}
----------------------------------------
Problem running the job:
(<class 'paramiko.ssh_exception.BadAuthenticationType'>, BadAuthenticationType('Bad authentication type', [u'publickey']), <traceback object at 0x7fd41b7bf7e8>)
Traceback (most recent call last):
  File "/home/ubuntu/throttlebot/src/spearmint/spearmint/runner.py", line 42, in job_runner
    elif job.language == PYTHON: run_python_job(job)
  File "/home/ubuntu/throttlebot/src/spearmint/spearmint/runner.py", line 142, in run_python_job
    result = module.main(job.id, params)
  File "/home/ubuntu/throttlebot/src/spearmint/bayOptSearch/bayOpt.py", line 104, in main
    return explore_spearmint(workload_config, params)
  File "/home/ubuntu/throttlebot/src/spearmint/bayOptSearch/bayOpt.py", line 147, in explore_spearmint
    client = re.get_client(machine)
  File "/home/ubuntu/throttlebot/src/remote_execution.py", line 6, in get_client
    client.connect(ip, username="quilt", password="")
  File "/home/ubuntu/.local/lib/python2.7/site-packages/paramiko/client.py", line 424, in connect
    passphrase,
  File "/home/ubuntu/.local/lib/python2.7/site-packages/paramiko/client.py", line 714, in _auth
    raise saved_exception
BadAuthenticationType: ('Bad authentication type', [u'publickey']) (allowed_types=[u'publickey'])
None
----------------------------------------
Job file reloaded.
Could not find value in output file.
Job failed in 0.46 seconds.
