Running in wrapper mode for '153'

Running python job.

[name: "CPU-QUOTA"
int_val: 82
int_val: 94
int_val: 55
int_val: 59
int_val: 45
int_val: 67
int_val: 92
, name: "DISK"
int_val: 35
int_val: 40
int_val: 38
int_val: 22
int_val: 33
int_val: 34
int_val: 30
, name: "MEMORY"
int_val: 6
int_val: 24
int_val: 35
int_val: 13
int_val: 25
int_val: 9
int_val: 33
, name: "NET"
int_val: 6
int_val: 24
int_val: 6
int_val: 5
int_val: 28
int_val: 21
int_val: 9
]
The paramters are {u'CPU-QUOTA': array([82, 94, 55, 59, 45, 67, 92]), u'NET': array([ 6, 24,  6,  5, 28, 21,  9]), u'DISK': array([35, 40, 38, 22, 33, 34, 30]), u'MEMORY': array([ 6, 24, 35, 13, 25,  9, 33])}
{'13.56.14.158': ['haproxy', 'node-app', 'mongo'], '18.144.43.31': ['node-app', 'mongo']}
Sum for CPU-QUOTA is 231, which exceeds 200
----------------------------------------
Problem running the job:
(<type 'exceptions.ZeroDivisionError'>, ZeroDivisionError('integer division or modulo by zero',), <traceback object at 0x7f848c276e60>)
Traceback (most recent call last):
  File "/home/ubuntu/throttlebot/src/spearmint/spearmint/runner.py", line 42, in job_runner
    elif job.language == PYTHON: run_python_job(job)
  File "/home/ubuntu/throttlebot/src/spearmint/spearmint/runner.py", line 142, in run_python_job
    result = module.main(job.id, params)
  File "/home/ubuntu/throttlebot/src/spearmint/bayOptSearch/bayOpt.py", line 104, in main
    return explore_spearmint(workload_config, params)
  File "/home/ubuntu/throttlebot/src/spearmint/bayOptSearch/bayOpt.py", line 159, in explore_spearmint
    return 1/0
ZeroDivisionError: integer division or modulo by zero
None
----------------------------------------
Job file reloaded.
Could not find value in output file.
Job failed in 1.14 seconds.
