Running in wrapper mode for '270'

Running python job.

[name: "CPU-QUOTA"
int_val: 88
int_val: 33
int_val: 100
int_val: 23
int_val: 21
int_val: 87
int_val: 94
, name: "DISK"
int_val: 13
int_val: 25
int_val: 34
int_val: 40
int_val: 33
int_val: 36
int_val: 24
, name: "MEMORY"
int_val: 26
int_val: 21
int_val: 16
int_val: 18
int_val: 18
int_val: 30
int_val: 8
, name: "NET"
int_val: 18
int_val: 14
int_val: 39
int_val: 27
int_val: 37
int_val: 19
int_val: 12
]
The paramters are {u'CPU-QUOTA': array([ 88,  33, 100,  23,  21,  87,  94]), u'NET': array([18, 14, 39, 27, 37, 19, 12]), u'DISK': array([13, 25, 34, 40, 33, 36, 24]), u'MEMORY': array([26, 21, 16, 18, 18, 30,  8])}
{'13.56.14.158': ['haproxy', 'node-app', 'mongo'], '18.144.43.31': ['node-app', 'mongo']}
Sum for CPU-QUOTA is 221, which exceeds 200
----------------------------------------
Problem running the job:
(<type 'exceptions.ZeroDivisionError'>, ZeroDivisionError('integer division or modulo by zero',), <traceback object at 0x7f4039d03e60>)
Traceback (most recent call last):
  File "/home/ubuntu/throttlebot/src/spearmint/spearmint/runner.py", line 42, in job_runner
    elif job.language == PYTHON: run_python_job(job)
  File "/home/ubuntu/throttlebot/src/spearmint/spearmint/runner.py", line 142, in run_python_job
    result = module.main(job.id, params)
  File "/home/ubuntu/throttlebot/src/spearmint/bayOptSearch/bayOpt.py", line 104, in main
    return explore_spearmint(workload_config, params)
  File "/home/ubuntu/throttlebot/src/spearmint/bayOptSearch/bayOpt.py", line 159, in explore_spearmint
    return 1/0
ZeroDivisionError: integer division or modulo by zero
None
----------------------------------------
Job file reloaded.
Could not find value in output file.
Job failed in 1.05 seconds.
