Running in wrapper mode for '161'

Running python job.

[name: "CPU-QUOTA"
int_val: 93
int_val: 53
int_val: 60
int_val: 87
int_val: 7
int_val: 44
int_val: 25
, name: "DISK"
int_val: 16
int_val: 26
int_val: 26
int_val: 25
int_val: 38
int_val: 32
int_val: 5
, name: "MEMORY"
int_val: 38
int_val: 38
int_val: 11
int_val: 29
int_val: 11
int_val: 32
int_val: 24
, name: "NET"
int_val: 9
int_val: 16
int_val: 22
int_val: 26
int_val: 6
int_val: 5
int_val: 21
]
The paramters are {u'CPU-QUOTA': array([93, 53, 60, 87,  7, 44, 25]), u'NET': array([ 9, 16, 22, 26,  6,  5, 21]), u'DISK': array([16, 26, 26, 25, 38, 32,  5]), u'MEMORY': array([38, 38, 11, 29, 11, 32, 24])}
{'13.56.14.158': ['haproxy', 'node-app', 'mongo'], '18.144.43.31': ['node-app', 'mongo']}
Sum for CPU-QUOTA is 206, which exceeds 200
----------------------------------------
Problem running the job:
(<type 'exceptions.ZeroDivisionError'>, ZeroDivisionError('integer division or modulo by zero',), <traceback object at 0x7f40395412d8>)
Traceback (most recent call last):
  File "/home/ubuntu/throttlebot/src/spearmint/spearmint/runner.py", line 42, in job_runner
    elif job.language == PYTHON: run_python_job(job)
  File "/home/ubuntu/throttlebot/src/spearmint/spearmint/runner.py", line 142, in run_python_job
    result = module.main(job.id, params)
  File "/home/ubuntu/throttlebot/src/spearmint/bayOptSearch/bayOpt.py", line 104, in main
    return explore_spearmint(workload_config, params)
  File "/home/ubuntu/throttlebot/src/spearmint/bayOptSearch/bayOpt.py", line 159, in explore_spearmint
    return 1/0
ZeroDivisionError: integer division or modulo by zero
None
----------------------------------------
Job file reloaded.
Could not find value in output file.
Job failed in 1.02 seconds.
