Running in wrapper mode for '226'

Running python job.

[name: "CPU-QUOTA"
int_val: 70
int_val: 47
int_val: 44
int_val: 18
int_val: 7
int_val: 16
int_val: 42
, name: "DISK"
int_val: 18
int_val: 34
int_val: 7
int_val: 20
int_val: 5
int_val: 36
int_val: 30
, name: "MEMORY"
int_val: 20
int_val: 33
int_val: 23
int_val: 14
int_val: 13
int_val: 31
int_val: 37
, name: "NET"
int_val: 8
int_val: 14
int_val: 39
int_val: 6
int_val: 38
int_val: 22
int_val: 25
]
The paramters are {u'CPU-QUOTA': array([70, 47, 44, 18,  7, 16, 42]), u'NET': array([ 8, 14, 39,  6, 38, 22, 25]), u'DISK': array([18, 34,  7, 20,  5, 36, 30]), u'MEMORY': array([20, 33, 23, 14, 13, 31, 37])}
{'13.56.14.158': ['haproxy', 'node-app', 'mongo'], '18.144.43.31': ['node-app', 'mongo']}
Setting cpu quota to 117500 out of 250000
STRESSING VM_IP 13.56.14.158 AND CONTAINER d824175f3227, NET 71680.0
STRESSING VM_IP 13.56.14.158 AND CONTAINER d824175f3227, DISK 28521267.2
STRESSING VM_IP 13.56.14.158 AND CONTAINER d824175f3227, MEMORY 1237500000.0
Recovering the memory utilization
Setting cpu quota to 175000 out of 250000
STRESSING VM_IP 13.56.14.158 AND CONTAINER cd40be619604, NET 40960.0
STRESSING VM_IP 13.56.14.158 AND CONTAINER cd40be619604, DISK 15099494.4
STRESSING VM_IP 13.56.14.158 AND CONTAINER cd40be619604, MEMORY 750000000.0
Recovering the memory utilization
Setting cpu quota to 110000 out of 250000
STRESSING VM_IP 13.56.14.158 AND CONTAINER c21ccad5695a, NET 199680.0
STRESSING VM_IP 13.56.14.158 AND CONTAINER c21ccad5695a, DISK 5872025.6
STRESSING VM_IP 13.56.14.158 AND CONTAINER c21ccad5695a, MEMORY 862500000.0
Recovering the memory utilization
Setting cpu quota to 175000 out of 250000
STRESSING VM_IP 18.144.43.31 AND CONTAINER 01a0240fb06e, NET 40960.0
STRESSING VM_IP 18.144.43.31 AND CONTAINER 01a0240fb06e, DISK 15099494.4
STRESSING VM_IP 18.144.43.31 AND CONTAINER 01a0240fb06e, MEMORY 750000000.0
Recovering the memory utilization
Setting cpu quota to 110000 out of 250000
STRESSING VM_IP 18.144.43.31 AND CONTAINER d4df0b3c1712, NET 199680.0
STRESSING VM_IP 18.144.43.31 AND CONTAINER d4df0b3c1712, DISK 5872025.6
STRESSING VM_IP 18.144.43.31 AND CONTAINER d4df0b3c1712, MEMORY 862500000.0
Recovering the memory utilization
Using 5 trials
INVALID EXPERIMENT TYPE: todo-app

----------------------------------------
Problem running the job:
(<type 'exceptions.SystemExit'>, SystemExit(None,), <traceback object at 0x7f40384d07a0>)
Traceback (most recent call last):
  File "/home/ubuntu/throttlebot/src/spearmint/spearmint/runner.py", line 42, in job_runner
    elif job.language == PYTHON: run_python_job(job)
  File "/home/ubuntu/throttlebot/src/spearmint/spearmint/runner.py", line 142, in run_python_job
    result = module.main(job.id, params)
  File "/home/ubuntu/throttlebot/src/spearmint/bayOptSearch/bayOpt.py", line 104, in main
    return explore_spearmint(workload_config, params)
  File "/home/ubuntu/throttlebot/src/spearmint/bayOptSearch/bayOpt.py", line 204, in explore_spearmint
    experiment_results = run_experiment.measure_runtime(workload_config, experiment_trials)
  File "/home/ubuntu/throttlebot/src/run_experiment.py", line 37, in measure_runtime
    exit()
  File "/usr/lib/python2.7/site.py", line 375, in __call__
    raise SystemExit(code)
SystemExit: None
None
----------------------------------------
Job file reloaded.
Could not find value in output file.
Job failed in 15.37 seconds.
