Running in wrapper mode for '205'

Running python job.

[name: "CPU-QUOTA"
int_val: 63
int_val: 93
int_val: 82
int_val: 28
int_val: 38
int_val: 78
int_val: 80
, name: "DISK"
int_val: 15
int_val: 20
int_val: 34
int_val: 25
int_val: 8
int_val: 23
int_val: 25
, name: "MEMORY"
int_val: 35
int_val: 19
int_val: 27
int_val: 22
int_val: 30
int_val: 25
int_val: 39
, name: "NET"
int_val: 5
int_val: 20
int_val: 40
int_val: 6
int_val: 25
int_val: 27
int_val: 34
]
The paramters are {u'CPU-QUOTA': array([63, 93, 82, 28, 38, 78, 80]), u'NET': array([ 5, 20, 40,  6, 25, 27, 34]), u'DISK': array([15, 20, 34, 25,  8, 23, 25]), u'MEMORY': array([35, 19, 27, 22, 30, 25, 39])}
{'13.56.14.158': ['haproxy', 'node-app', 'mongo'], '18.144.43.31': ['node-app', 'mongo']}
Sum for CPU-QUOTA is 238, which exceeds 200
----------------------------------------
Problem running the job:
(<type 'exceptions.ZeroDivisionError'>, ZeroDivisionError('integer division or modulo by zero',), <traceback object at 0x7f4039d5e488>)
Traceback (most recent call last):
  File "/home/ubuntu/throttlebot/src/spearmint/spearmint/runner.py", line 42, in job_runner
    elif job.language == PYTHON: run_python_job(job)
  File "/home/ubuntu/throttlebot/src/spearmint/spearmint/runner.py", line 142, in run_python_job
    result = module.main(job.id, params)
  File "/home/ubuntu/throttlebot/src/spearmint/bayOptSearch/bayOpt.py", line 104, in main
    return explore_spearmint(workload_config, params)
  File "/home/ubuntu/throttlebot/src/spearmint/bayOptSearch/bayOpt.py", line 159, in explore_spearmint
    return 1/0
ZeroDivisionError: integer division or modulo by zero
None
----------------------------------------
Job file reloaded.
Could not find value in output file.
Job failed in 1.04 seconds.
